[0.894s] Invoking command in '/home/user/microros_ws/firmware/mcu_ws/uros/tracetools/tracetools_read': PYTHONPATH=/home/user/microros_ws/firmware/mcu_ws/build/tracetools_read/prefix_override:/home/user/microros_ws/firmware/toolchain/espressif/python_env/idf4.1_py3.10_env/lib/python3.10/site-packages/colcon_core/task/python/colcon_distutils_commands:/home/user/microros_ws/firmware/mcu_ws/install/lib/python3.10/site-packages:${PYTHONPATH} _=/usr/bin/env /home/user/microros_ws/firmware/toolchain/espressif/python_env/idf4.1_py3.10_env/bin/python -W ignore:setup.py install is deprecated -W ignore:easy_install command is deprecated setup.py egg_info --egg-base ../../../build/tracetools_read build --build-base /home/user/microros_ws/firmware/mcu_ws/build/tracetools_read/build install --record /home/user/microros_ws/firmware/mcu_ws/build/tracetools_read/install.log --single-version-externally-managed install_data
[1.211s] /home/user/microros_ws/firmware/toolchain/espressif/python_env/idf4.1_py3.10_env/lib/python3.10/site-packages/setuptools/_distutils/dist.py:289: UserWarning: Unknown distribution option: 'tests_require'
[1.211s]   warnings.warn(msg)
[1.276s] running egg_info
[1.285s] creating ../../../build/tracetools_read/tracetools_read.egg-info
[1.286s] writing ../../../build/tracetools_read/tracetools_read.egg-info/PKG-INFO
[1.286s] writing dependency_links to ../../../build/tracetools_read/tracetools_read.egg-info/dependency_links.txt
[1.287s] writing requirements to ../../../build/tracetools_read/tracetools_read.egg-info/requires.txt
[1.288s] writing top-level names to ../../../build/tracetools_read/tracetools_read.egg-info/top_level.txt
[1.288s] writing manifest file '../../../build/tracetools_read/tracetools_read.egg-info/SOURCES.txt'
[1.309s] reading manifest file '../../../build/tracetools_read/tracetools_read.egg-info/SOURCES.txt'
[1.311s] writing manifest file '../../../build/tracetools_read/tracetools_read.egg-info/SOURCES.txt'
[1.311s] running build
[1.311s] running build_py
[1.312s] creating /home/user/microros_ws/firmware/mcu_ws/build/tracetools_read/build/lib/tracetools_read
[1.312s] copying tracetools_read/__init__.py -> /home/user/microros_ws/firmware/mcu_ws/build/tracetools_read/build/lib/tracetools_read
[1.312s] copying tracetools_read/trace.py -> /home/user/microros_ws/firmware/mcu_ws/build/tracetools_read/build/lib/tracetools_read
[1.313s] running install
[1.321s] running install_lib
[1.331s] creating /home/user/microros_ws/firmware/mcu_ws/install/lib/python3.10/site-packages/tracetools_read
[1.331s] copying /home/user/microros_ws/firmware/mcu_ws/build/tracetools_read/build/lib/tracetools_read/__init__.py -> /home/user/microros_ws/firmware/mcu_ws/install/lib/python3.10/site-packages/tracetools_read
[1.331s] copying /home/user/microros_ws/firmware/mcu_ws/build/tracetools_read/build/lib/tracetools_read/trace.py -> /home/user/microros_ws/firmware/mcu_ws/install/lib/python3.10/site-packages/tracetools_read
[1.333s] byte-compiling /home/user/microros_ws/firmware/mcu_ws/install/lib/python3.10/site-packages/tracetools_read/__init__.py to __init__.cpython-310.pyc
[1.334s] byte-compiling /home/user/microros_ws/firmware/mcu_ws/install/lib/python3.10/site-packages/tracetools_read/trace.py to trace.cpython-310.pyc
[1.335s] running install_data
[1.336s] copying package.xml -> /home/user/microros_ws/firmware/mcu_ws/install/share/tracetools_read
[1.336s] copying resource/tracetools_read -> /home/user/microros_ws/firmware/mcu_ws/install/share/ament_index/resource_index/packages
[1.336s] running install_egg_info
[1.350s] Copying ../../../build/tracetools_read/tracetools_read.egg-info to /home/user/microros_ws/firmware/mcu_ws/install/lib/python3.10/site-packages/tracetools_read-4.1.1-py3.10.egg-info
[1.352s] running install_scripts
[1.433s] writing list of installed files to '/home/user/microros_ws/firmware/mcu_ws/build/tracetools_read/install.log'
[1.707s] Invoked command in '/home/user/microros_ws/firmware/mcu_ws/uros/tracetools/tracetools_read' returned '0': PYTHONPATH=/home/user/microros_ws/firmware/mcu_ws/build/tracetools_read/prefix_override:/home/user/microros_ws/firmware/toolchain/espressif/python_env/idf4.1_py3.10_env/lib/python3.10/site-packages/colcon_core/task/python/colcon_distutils_commands:/home/user/microros_ws/firmware/mcu_ws/install/lib/python3.10/site-packages:${PYTHONPATH} _=/usr/bin/env /home/user/microros_ws/firmware/toolchain/espressif/python_env/idf4.1_py3.10_env/bin/python -W ignore:setup.py install is deprecated -W ignore:easy_install command is deprecated setup.py egg_info --egg-base ../../../build/tracetools_read build --build-base /home/user/microros_ws/firmware/mcu_ws/build/tracetools_read/build install --record /home/user/microros_ws/firmware/mcu_ws/build/tracetools_read/install.log --single-version-externally-managed install_data
