[16.011s] Invoking command in '/home/user/ros2_ws/src/pong_reply_node': PYTHONPATH=/home/user/ros2_ws/build/pong_reply_node/prefix_override:/usr/lib/python3/dist-packages/colcon_core/task/python/colcon_distutils_commands:/home/user/ros2_ws/install/pong_reply_node/lib/python3.10/site-packages:${PYTHONPATH} _=/usr/bin/env /usr/bin/python3 -W ignore:setup.py install is deprecated -W ignore:easy_install command is deprecated setup.py egg_info --egg-base ../../build/pong_reply_node build --build-base /home/user/ros2_ws/build/pong_reply_node/build install --record /home/user/ros2_ws/build/pong_reply_node/install.log --single-version-externally-managed install_data
[16.365s] /usr/local/lib/python3.10/dist-packages/setuptools/_distutils/dist.py:289: UserWarning: Unknown distribution option: 'tests_require'
[16.365s]   warnings.warn(msg)
[16.479s] running egg_info
[16.497s] writing ../../build/pong_reply_node/pong_reply_node.egg-info/PKG-INFO
[16.498s] writing dependency_links to ../../build/pong_reply_node/pong_reply_node.egg-info/dependency_links.txt
[16.498s] writing entry points to ../../build/pong_reply_node/pong_reply_node.egg-info/entry_points.txt
[16.499s] writing requirements to ../../build/pong_reply_node/pong_reply_node.egg-info/requires.txt
[16.500s] writing top-level names to ../../build/pong_reply_node/pong_reply_node.egg-info/top_level.txt
[16.540s] reading manifest file '../../build/pong_reply_node/pong_reply_node.egg-info/SOURCES.txt'
[16.541s] writing manifest file '../../build/pong_reply_node/pong_reply_node.egg-info/SOURCES.txt'
[16.541s] running build
[16.541s] running build_py
[16.542s] copying pong_reply_node/pong.py -> /home/user/ros2_ws/build/pong_reply_node/build/lib/pong_reply_node
[16.542s] running install
[16.546s] running install_lib
[16.566s] copying /home/user/ros2_ws/build/pong_reply_node/build/lib/pong_reply_node/pong.py -> /home/user/ros2_ws/install/pong_reply_node/lib/python3.10/site-packages/pong_reply_node
[16.567s] byte-compiling /home/user/ros2_ws/install/pong_reply_node/lib/python3.10/site-packages/pong_reply_node/pong.py to pong.cpython-310.pyc
[16.568s] running install_data
[16.568s] running install_egg_info
[16.588s] removing '/home/user/ros2_ws/install/pong_reply_node/lib/python3.10/site-packages/pong_reply_node-0.0.0-py3.10.egg-info' (and everything under it)
[16.588s] Copying ../../build/pong_reply_node/pong_reply_node.egg-info to /home/user/ros2_ws/install/pong_reply_node/lib/python3.10/site-packages/pong_reply_node-0.0.0-py3.10.egg-info
[16.589s] running install_scripts
[16.755s] Installing pong script to /home/user/ros2_ws/install/pong_reply_node/lib/pong_reply_node
[16.755s] writing list of installed files to '/home/user/ros2_ws/build/pong_reply_node/install.log'
[16.783s] Invoked command in '/home/user/ros2_ws/src/pong_reply_node' returned '0': PYTHONPATH=/home/user/ros2_ws/build/pong_reply_node/prefix_override:/usr/lib/python3/dist-packages/colcon_core/task/python/colcon_distutils_commands:/home/user/ros2_ws/install/pong_reply_node/lib/python3.10/site-packages:${PYTHONPATH} _=/usr/bin/env /usr/bin/python3 -W ignore:setup.py install is deprecated -W ignore:easy_install command is deprecated setup.py egg_info --egg-base ../../build/pong_reply_node build --build-base /home/user/ros2_ws/build/pong_reply_node/build install --record /home/user/ros2_ws/build/pong_reply_node/install.log --single-version-externally-managed install_data
