[16.994s] Invoking command in '/home/user/ros2_ws/src/pong_reply_node': PYTHONPATH=/home/user/ros2_ws/build/pong_reply_node/prefix_override:/usr/lib/python3/dist-packages/colcon_core/task/python/colcon_distutils_commands:/home/user/ros2_ws/install/pong_reply_node/lib/python3.10/site-packages:${PYTHONPATH} _=/usr/bin/env /usr/bin/python3 -W ignore:setup.py install is deprecated -W ignore:easy_install command is deprecated setup.py egg_info --egg-base ../../build/pong_reply_node build --build-base /home/user/ros2_ws/build/pong_reply_node/build install --record /home/user/ros2_ws/build/pong_reply_node/install.log --single-version-externally-managed install_data
[17.202s] /usr/local/lib/python3.10/dist-packages/setuptools/_distutils/dist.py:289: UserWarning: Unknown distribution option: 'tests_require'
[17.202s]   warnings.warn(msg)
[17.335s] running egg_info
[17.355s] writing ../../build/pong_reply_node/pong_reply_node.egg-info/PKG-INFO
[17.355s] writing dependency_links to ../../build/pong_reply_node/pong_reply_node.egg-info/dependency_links.txt
[17.356s] writing entry points to ../../build/pong_reply_node/pong_reply_node.egg-info/entry_points.txt
[17.357s] writing requirements to ../../build/pong_reply_node/pong_reply_node.egg-info/requires.txt
[17.357s] writing top-level names to ../../build/pong_reply_node/pong_reply_node.egg-info/top_level.txt
[17.400s] reading manifest file '../../build/pong_reply_node/pong_reply_node.egg-info/SOURCES.txt'
[17.402s] writing manifest file '../../build/pong_reply_node/pong_reply_node.egg-info/SOURCES.txt'
[17.402s] running build
[17.402s] running build_py
[17.403s] running install
[17.407s] running install_lib
[17.429s] running install_data
[17.429s] running install_egg_info
[17.452s] removing '/home/user/ros2_ws/install/pong_reply_node/lib/python3.10/site-packages/pong_reply_node-0.0.0-py3.10.egg-info' (and everything under it)
[17.452s] Copying ../../build/pong_reply_node/pong_reply_node.egg-info to /home/user/ros2_ws/install/pong_reply_node/lib/python3.10/site-packages/pong_reply_node-0.0.0-py3.10.egg-info
[17.453s] running install_scripts
[17.638s] Installing pong script to /home/user/ros2_ws/install/pong_reply_node/lib/pong_reply_node
[17.639s] writing list of installed files to '/home/user/ros2_ws/build/pong_reply_node/install.log'
[17.668s] Invoked command in '/home/user/ros2_ws/src/pong_reply_node' returned '0': PYTHONPATH=/home/user/ros2_ws/build/pong_reply_node/prefix_override:/usr/lib/python3/dist-packages/colcon_core/task/python/colcon_distutils_commands:/home/user/ros2_ws/install/pong_reply_node/lib/python3.10/site-packages:${PYTHONPATH} _=/usr/bin/env /usr/bin/python3 -W ignore:setup.py install is deprecated -W ignore:easy_install command is deprecated setup.py egg_info --egg-base ../../build/pong_reply_node build --build-base /home/user/ros2_ws/build/pong_reply_node/build install --record /home/user/ros2_ws/build/pong_reply_node/install.log --single-version-externally-managed install_data
