[1.652s] Invoking command in '/home/user/ros2_ws/src/led_control_node': PYTHONPATH=/home/user/ros2_ws/build/led_control_node/prefix_override:/usr/lib/python3/dist-packages/colcon_core/task/python/colcon_distutils_commands:/home/user/ros2_ws/install/led_control_node/lib/python3.10/site-packages:${PYTHONPATH} _=/usr/bin/env /usr/bin/python3 -W ignore:setup.py install is deprecated -W ignore:easy_install command is deprecated setup.py egg_info --egg-base ../../build/led_control_node build --build-base /home/user/ros2_ws/build/led_control_node/build install --record /home/user/ros2_ws/build/led_control_node/install.log --single-version-externally-managed install_data
[1.856s] /usr/local/lib/python3.10/dist-packages/setuptools/_distutils/dist.py:289: UserWarning: Unknown distribution option: 'tests_require'
[1.857s]   warnings.warn(msg)
[1.973s] running egg_info
[1.992s] writing ../../build/led_control_node/led_control_node.egg-info/PKG-INFO
[1.992s] writing dependency_links to ../../build/led_control_node/led_control_node.egg-info/dependency_links.txt
[1.992s] writing entry points to ../../build/led_control_node/led_control_node.egg-info/entry_points.txt
[1.993s] writing requirements to ../../build/led_control_node/led_control_node.egg-info/requires.txt
[1.993s] writing top-level names to ../../build/led_control_node/led_control_node.egg-info/top_level.txt
[2.032s] reading manifest file '../../build/led_control_node/led_control_node.egg-info/SOURCES.txt'
[2.033s] writing manifest file '../../build/led_control_node/led_control_node.egg-info/SOURCES.txt'
[2.033s] running build
[2.034s] running build_py
[2.034s] running install
[2.039s] running install_lib
[2.058s] running install_data
[2.058s] running install_egg_info
[2.078s] removing '/home/user/ros2_ws/install/led_control_node/lib/python3.10/site-packages/led_control_node-0.0.0-py3.10.egg-info' (and everything under it)
[2.078s] Copying ../../build/led_control_node/led_control_node.egg-info to /home/user/ros2_ws/install/led_control_node/lib/python3.10/site-packages/led_control_node-0.0.0-py3.10.egg-info
[2.079s] running install_scripts
[2.249s] Installing led_control script to /home/user/ros2_ws/install/led_control_node/lib/led_control_node
[2.249s] writing list of installed files to '/home/user/ros2_ws/build/led_control_node/install.log'
[2.280s] Invoked command in '/home/user/ros2_ws/src/led_control_node' returned '0': PYTHONPATH=/home/user/ros2_ws/build/led_control_node/prefix_override:/usr/lib/python3/dist-packages/colcon_core/task/python/colcon_distutils_commands:/home/user/ros2_ws/install/led_control_node/lib/python3.10/site-packages:${PYTHONPATH} _=/usr/bin/env /usr/bin/python3 -W ignore:setup.py install is deprecated -W ignore:easy_install command is deprecated setup.py egg_info --egg-base ../../build/led_control_node build --build-base /home/user/ros2_ws/build/led_control_node/build install --record /home/user/ros2_ws/build/led_control_node/install.log --single-version-externally-managed install_data
