[21.013s] Invoking command in '/home/user/ros2_ws/src/teleop_control_node': PYTHONPATH=/home/user/ros2_ws/build/teleop_control_node/prefix_override:/usr/lib/python3/dist-packages/colcon_core/task/python/colcon_distutils_commands:/home/user/ros2_ws/install/teleop_control_node/lib/python3.10/site-packages:${PYTHONPATH} _=/usr/bin/env /usr/bin/python3 -W ignore:setup.py install is deprecated -W ignore:easy_install command is deprecated setup.py egg_info --egg-base ../../build/teleop_control_node build --build-base /home/user/ros2_ws/build/teleop_control_node/build install --record /home/user/ros2_ws/build/teleop_control_node/install.log --single-version-externally-managed install_data
[21.257s] /usr/local/lib/python3.10/dist-packages/setuptools/_distutils/dist.py:289: UserWarning: Unknown distribution option: 'tests_require'
[21.257s]   warnings.warn(msg)
[21.371s] running egg_info
[21.389s] writing ../../build/teleop_control_node/teleop_control_node.egg-info/PKG-INFO
[21.390s] writing dependency_links to ../../build/teleop_control_node/teleop_control_node.egg-info/dependency_links.txt
[21.390s] writing entry points to ../../build/teleop_control_node/teleop_control_node.egg-info/entry_points.txt
[21.391s] writing requirements to ../../build/teleop_control_node/teleop_control_node.egg-info/requires.txt
[21.391s] writing top-level names to ../../build/teleop_control_node/teleop_control_node.egg-info/top_level.txt
[21.430s] reading manifest file '../../build/teleop_control_node/teleop_control_node.egg-info/SOURCES.txt'
[21.431s] writing manifest file '../../build/teleop_control_node/teleop_control_node.egg-info/SOURCES.txt'
[21.432s] running build
[21.432s] running build_py
[21.432s] copying teleop_control_node/teleop_control.py -> /home/user/ros2_ws/build/teleop_control_node/build/lib/teleop_control_node
[21.432s] running install
[21.437s] running install_lib
[21.456s] copying /home/user/ros2_ws/build/teleop_control_node/build/lib/teleop_control_node/teleop_control.py -> /home/user/ros2_ws/install/teleop_control_node/lib/python3.10/site-packages/teleop_control_node
[21.458s] byte-compiling /home/user/ros2_ws/install/teleop_control_node/lib/python3.10/site-packages/teleop_control_node/teleop_control.py to teleop_control.cpython-310.pyc
[21.458s] running install_data
[21.458s] copying package.xml -> /home/user/ros2_ws/install/teleop_control_node/share/teleop_control_node
[21.459s] running install_egg_info
[21.478s] removing '/home/user/ros2_ws/install/teleop_control_node/lib/python3.10/site-packages/teleop_control_node-0.0.0-py3.10.egg-info' (and everything under it)
[21.478s] Copying ../../build/teleop_control_node/teleop_control_node.egg-info to /home/user/ros2_ws/install/teleop_control_node/lib/python3.10/site-packages/teleop_control_node-0.0.0-py3.10.egg-info
[21.479s] running install_scripts
[21.652s] Installing teleop_control script to /home/user/ros2_ws/install/teleop_control_node/lib/teleop_control_node
[21.653s] writing list of installed files to '/home/user/ros2_ws/build/teleop_control_node/install.log'
[21.679s] Invoked command in '/home/user/ros2_ws/src/teleop_control_node' returned '0': PYTHONPATH=/home/user/ros2_ws/build/teleop_control_node/prefix_override:/usr/lib/python3/dist-packages/colcon_core/task/python/colcon_distutils_commands:/home/user/ros2_ws/install/teleop_control_node/lib/python3.10/site-packages:${PYTHONPATH} _=/usr/bin/env /usr/bin/python3 -W ignore:setup.py install is deprecated -W ignore:easy_install command is deprecated setup.py egg_info --egg-base ../../build/teleop_control_node build --build-base /home/user/ros2_ws/build/teleop_control_node/build install --record /home/user/ros2_ws/build/teleop_control_node/install.log --single-version-externally-managed install_data
