[1.678s] Invoking command in '/home/user/ros2_ws/src/teleop_led_control_node': PYTHONPATH=/home/user/ros2_ws/build/teleop_led_control_node/prefix_override:/usr/lib/python3/dist-packages/colcon_core/task/python/colcon_distutils_commands:/home/user/ros2_ws/install/teleop_led_control_node/lib/python3.10/site-packages:${PYTHONPATH} _=/usr/bin/env /usr/bin/python3 -W ignore:setup.py install is deprecated -W ignore:easy_install command is deprecated setup.py egg_info --egg-base ../../build/teleop_led_control_node build --build-base /home/user/ros2_ws/build/teleop_led_control_node/build install --record /home/user/ros2_ws/build/teleop_led_control_node/install.log --single-version-externally-managed install_data
[1.885s] /usr/local/lib/python3.10/dist-packages/setuptools/_distutils/dist.py:289: UserWarning: Unknown distribution option: 'tests_require'
[1.885s]   warnings.warn(msg)
[1.998s] running egg_info
[2.016s] writing ../../build/teleop_led_control_node/teleop_led_control_node.egg-info/PKG-INFO
[2.016s] writing dependency_links to ../../build/teleop_led_control_node/teleop_led_control_node.egg-info/dependency_links.txt
[2.017s] writing entry points to ../../build/teleop_led_control_node/teleop_led_control_node.egg-info/entry_points.txt
[2.017s] writing requirements to ../../build/teleop_led_control_node/teleop_led_control_node.egg-info/requires.txt
[2.017s] writing top-level names to ../../build/teleop_led_control_node/teleop_led_control_node.egg-info/top_level.txt
[2.056s] reading manifest file '../../build/teleop_led_control_node/teleop_led_control_node.egg-info/SOURCES.txt'
[2.058s] writing manifest file '../../build/teleop_led_control_node/teleop_led_control_node.egg-info/SOURCES.txt'
[2.058s] running build
[2.058s] running build_py
[2.058s] copying teleop_led_control_node/__init__.py -> /home/user/ros2_ws/build/teleop_led_control_node/build/lib/teleop_led_control_node
[2.058s] copying teleop_led_control_node/teleop_led_control.py -> /home/user/ros2_ws/build/teleop_led_control_node/build/lib/teleop_led_control_node
[2.059s] running install
[2.063s] running install_lib
[2.083s] running install_data
[2.083s] copying resource/teleop_led_control_node -> /home/user/ros2_ws/install/teleop_led_control_node/share/ament_index/resource_index/packages
[2.083s] copying package.xml -> /home/user/ros2_ws/install/teleop_led_control_node/share/teleop_led_control_node
[2.084s] running install_egg_info
[2.105s] removing '/home/user/ros2_ws/install/teleop_led_control_node/lib/python3.10/site-packages/teleop_led_control_node-0.0.0-py3.10.egg-info' (and everything under it)
[2.105s] Copying ../../build/teleop_led_control_node/teleop_led_control_node.egg-info to /home/user/ros2_ws/install/teleop_led_control_node/lib/python3.10/site-packages/teleop_led_control_node-0.0.0-py3.10.egg-info
[2.105s] running install_scripts
[2.273s] Installing teleop_led_control script to /home/user/ros2_ws/install/teleop_led_control_node/lib/teleop_led_control_node
[2.273s] writing list of installed files to '/home/user/ros2_ws/build/teleop_led_control_node/install.log'
[2.304s] Invoked command in '/home/user/ros2_ws/src/teleop_led_control_node' returned '0': PYTHONPATH=/home/user/ros2_ws/build/teleop_led_control_node/prefix_override:/usr/lib/python3/dist-packages/colcon_core/task/python/colcon_distutils_commands:/home/user/ros2_ws/install/teleop_led_control_node/lib/python3.10/site-packages:${PYTHONPATH} _=/usr/bin/env /usr/bin/python3 -W ignore:setup.py install is deprecated -W ignore:easy_install command is deprecated setup.py egg_info --egg-base ../../build/teleop_led_control_node build --build-base /home/user/ros2_ws/build/teleop_led_control_node/build install --record /home/user/ros2_ws/build/teleop_led_control_node/install.log --single-version-externally-managed install_data
