[1.695s] Invoking command in '/home/user/ros2_ws/src/pong_reply_node': PYTHONPATH=/home/user/ros2_ws/build/pong_reply_node/prefix_override:/usr/lib/python3/dist-packages/colcon_core/task/python/colcon_distutils_commands:/home/user/ros2_ws/install/pong_reply_node/lib/python3.10/site-packages:${PYTHONPATH} _=/usr/bin/env /usr/bin/python3 -W ignore:setup.py install is deprecated -W ignore:easy_install command is deprecated setup.py egg_info --egg-base ../../build/pong_reply_node build --build-base /home/user/ros2_ws/build/pong_reply_node/build install --record /home/user/ros2_ws/build/pong_reply_node/install.log --single-version-externally-managed install_data
[1.912s] /usr/local/lib/python3.10/dist-packages/setuptools/_distutils/dist.py:289: UserWarning: Unknown distribution option: 'tests_require'
[1.912s]   warnings.warn(msg)
[2.024s] running egg_info
[2.043s] writing ../../build/pong_reply_node/pong_reply_node.egg-info/PKG-INFO
[2.044s] writing dependency_links to ../../build/pong_reply_node/pong_reply_node.egg-info/dependency_links.txt
[2.044s] writing entry points to ../../build/pong_reply_node/pong_reply_node.egg-info/entry_points.txt
[2.044s] writing requirements to ../../build/pong_reply_node/pong_reply_node.egg-info/requires.txt
[2.044s] writing top-level names to ../../build/pong_reply_node/pong_reply_node.egg-info/top_level.txt
[2.083s] reading manifest file '../../build/pong_reply_node/pong_reply_node.egg-info/SOURCES.txt'
[2.085s] writing manifest file '../../build/pong_reply_node/pong_reply_node.egg-info/SOURCES.txt'
[2.085s] running build
[2.085s] running build_py
[2.085s] running install
[2.090s] running install_lib
[2.109s] running install_data
[2.110s] running install_egg_info
[2.131s] removing '/home/user/ros2_ws/install/pong_reply_node/lib/python3.10/site-packages/pong_reply_node-0.0.0-py3.10.egg-info' (and everything under it)
[2.131s] Copying ../../build/pong_reply_node/pong_reply_node.egg-info to /home/user/ros2_ws/install/pong_reply_node/lib/python3.10/site-packages/pong_reply_node-0.0.0-py3.10.egg-info
[2.132s] running install_scripts
[2.300s] Installing pong script to /home/user/ros2_ws/install/pong_reply_node/lib/pong_reply_node
[2.300s] writing list of installed files to '/home/user/ros2_ws/build/pong_reply_node/install.log'
[2.348s] Invoked command in '/home/user/ros2_ws/src/pong_reply_node' returned '0': PYTHONPATH=/home/user/ros2_ws/build/pong_reply_node/prefix_override:/usr/lib/python3/dist-packages/colcon_core/task/python/colcon_distutils_commands:/home/user/ros2_ws/install/pong_reply_node/lib/python3.10/site-packages:${PYTHONPATH} _=/usr/bin/env /usr/bin/python3 -W ignore:setup.py install is deprecated -W ignore:easy_install command is deprecated setup.py egg_info --egg-base ../../build/pong_reply_node build --build-base /home/user/ros2_ws/build/pong_reply_node/build install --record /home/user/ros2_ws/build/pong_reply_node/install.log --single-version-externally-managed install_data
