[0.144s] DEBUG:colcon:Command line arguments: ['/usr/bin/colcon', 'build']
[0.144s] DEBUG:colcon:Parsed command line arguments: Namespace(log_base=None, log_level=None, verb_name='build', build_base='build', install_base='install', merge_install=False, symlink_install=False, test_result_base=None, continue_on_error=False, executor='parallel', parallel_workers=8, event_handlers=None, ignore_user_meta=False, metas=['./colcon.meta'], base_paths=['.'], packages_ignore=None, packages_ignore_regex=None, paths=None, packages_up_to=None, packages_up_to_regex=None, packages_above=None, packages_above_and_dependencies=None, packages_above_depth=None, packages_select_by_dep=None, packages_skip_by_dep=None, packages_skip_up_to=None, packages_select_build_failed=False, packages_skip_build_finished=False, packages_select_test_failures=False, packages_skip_test_passed=False, packages_select=None, packages_skip=None, packages_select_regex=None, packages_skip_regex=None, packages_start=None, packages_end=None, lookup_in_workspace=False, cargo_args=None, clean_build=False, cmake_args=None, cmake_target=None, cmake_target_skip_unavailable=False, cmake_clean_cache=False, cmake_clean_first=False, cmake_force_configure=False, ament_cmake_args=None, catkin_cmake_args=None, catkin_skip_building_tests=False, mixin_files=None, mixin=None, verb_parser=<colcon_mixin.mixin.mixin_argument.MixinArgumentDecorator object at 0x7f06e0bb5030>, verb_extension=<colcon_core.verb.build.BuildVerb object at 0x7f06e0bb4ac0>, main=<bound method BuildVerb.main of <colcon_core.verb.build.BuildVerb object at 0x7f06e0bb4ac0>>, mixin_verb=('build',))
[0.193s] Level 1:colcon.colcon_core.package_discovery:discover_packages(colcon_meta) check parameters
[0.193s] Level 1:colcon.colcon_core.package_discovery:discover_packages(recursive) check parameters
[0.193s] Level 1:colcon.colcon_core.package_discovery:discover_packages(ignore) check parameters
[0.193s] Level 1:colcon.colcon_core.package_discovery:discover_packages(path) check parameters
[0.193s] Level 1:colcon.colcon_core.package_discovery:discover_packages(colcon_meta) discover
[0.193s] Level 1:colcon.colcon_core.package_discovery:discover_packages(recursive) discover
[0.193s] INFO:colcon.colcon_core.package_discovery:Crawling recursively for packages in '/home/user/microros_ws'
[0.193s] Level 1:colcon.colcon_core.package_identification:_identify(.) by extensions ['ignore', 'ignore_ament_install']
[0.193s] Level 1:colcon.colcon_core.package_identification:_identify(.) by extension 'ignore'
[0.193s] Level 1:colcon.colcon_core.package_identification:_identify(.) by extension 'ignore_ament_install'
[0.193s] Level 1:colcon.colcon_core.package_identification:_identify(.) by extensions ['colcon_pkg']
[0.193s] Level 1:colcon.colcon_core.package_identification:_identify(.) by extension 'colcon_pkg'
[0.193s] Level 1:colcon.colcon_core.package_identification:_identify(.) by extensions ['colcon_meta']
[0.193s] Level 1:colcon.colcon_core.package_identification:_identify(.) by extension 'colcon_meta'
[0.193s] Level 1:colcon.colcon_core.package_identification:_identify(.) by extensions ['ament_cargo']
[0.193s] Level 1:colcon.colcon_core.package_identification:_identify(.) by extension 'ament_cargo'
[0.193s] Level 1:colcon.colcon_core.package_identification:_identify(.) by extensions ['ros']
[0.193s] Level 1:colcon.colcon_core.package_identification:_identify(.) by extension 'ros'
[0.210s] Level 1:colcon.colcon_core.package_identification:_identify(.) by extensions ['cargo', 'cmake', 'python']
[0.210s] Level 1:colcon.colcon_core.package_identification:_identify(.) by extension 'cargo'
[0.210s] Level 1:colcon.colcon_core.package_identification:_identify(.) by extension 'cmake'
[0.210s] Level 1:colcon.colcon_core.package_identification:_identify(.) by extension 'python'
[0.210s] Level 1:colcon.colcon_core.package_identification:_identify(.) by extensions ['python_setup_py']
[0.210s] Level 1:colcon.colcon_core.package_identification:_identify(.) by extension 'python_setup_py'
[0.210s] Level 1:colcon.colcon_core.package_identification:_identify(build) by extensions ['ignore', 'ignore_ament_install']
[0.210s] Level 1:colcon.colcon_core.package_identification:_identify(build) by extension 'ignore'
[0.210s] Level 1:colcon.colcon_core.package_identification:_identify(build) ignored
[0.210s] Level 1:colcon.colcon_core.package_identification:_identify(install) by extensions ['ignore', 'ignore_ament_install']
[0.210s] Level 1:colcon.colcon_core.package_identification:_identify(install) by extension 'ignore'
[0.211s] Level 1:colcon.colcon_core.package_identification:_identify(install) ignored
[0.211s] Level 1:colcon.colcon_core.package_identification:_identify(log) by extensions ['ignore', 'ignore_ament_install']
[0.211s] Level 1:colcon.colcon_core.package_identification:_identify(log) by extension 'ignore'
[0.211s] Level 1:colcon.colcon_core.package_identification:_identify(log) ignored
[0.211s] Level 1:colcon.colcon_core.package_identification:_identify(src) by extensions ['ignore', 'ignore_ament_install']
[0.211s] Level 1:colcon.colcon_core.package_identification:_identify(src) by extension 'ignore'
[0.211s] Level 1:colcon.colcon_core.package_identification:_identify(src) by extension 'ignore_ament_install'
[0.211s] Level 1:colcon.colcon_core.package_identification:_identify(src) by extensions ['colcon_pkg']
[0.211s] Level 1:colcon.colcon_core.package_identification:_identify(src) by extension 'colcon_pkg'
[0.211s] Level 1:colcon.colcon_core.package_identification:_identify(src) by extensions ['colcon_meta']
[0.211s] Level 1:colcon.colcon_core.package_identification:_identify(src) by extension 'colcon_meta'
[0.211s] Level 1:colcon.colcon_core.package_identification:_identify(src) by extensions ['ament_cargo']
[0.211s] Level 1:colcon.colcon_core.package_identification:_identify(src) by extension 'ament_cargo'
[0.211s] Level 1:colcon.colcon_core.package_identification:_identify(src) by extensions ['ros']
[0.211s] Level 1:colcon.colcon_core.package_identification:_identify(src) by extension 'ros'
[0.211s] Level 1:colcon.colcon_core.package_identification:_identify(src) by extensions ['cargo', 'cmake', 'python']
[0.211s] Level 1:colcon.colcon_core.package_identification:_identify(src) by extension 'cargo'
[0.211s] Level 1:colcon.colcon_core.package_identification:_identify(src) by extension 'cmake'
[0.212s] Level 1:colcon.colcon_core.package_identification:_identify(src) by extension 'python'
[0.212s] Level 1:colcon.colcon_core.package_identification:_identify(src) by extensions ['python_setup_py']
[0.212s] Level 1:colcon.colcon_core.package_identification:_identify(src) by extension 'python_setup_py'
[0.212s] Level 1:colcon.colcon_core.package_identification:_identify(src/micro_ros_setup) by extensions ['ignore', 'ignore_ament_install']
[0.212s] Level 1:colcon.colcon_core.package_identification:_identify(src/micro_ros_setup) by extension 'ignore'
[0.212s] Level 1:colcon.colcon_core.package_identification:_identify(src/micro_ros_setup) by extension 'ignore_ament_install'
[0.212s] Level 1:colcon.colcon_core.package_identification:_identify(src/micro_ros_setup) by extensions ['colcon_pkg']
[0.212s] Level 1:colcon.colcon_core.package_identification:_identify(src/micro_ros_setup) by extension 'colcon_pkg'
[0.212s] Level 1:colcon.colcon_core.package_identification:_identify(src/micro_ros_setup) by extensions ['colcon_meta']
[0.212s] Level 1:colcon.colcon_core.package_identification:_identify(src/micro_ros_setup) by extension 'colcon_meta'
[0.212s] Level 1:colcon.colcon_core.package_identification:_identify(src/micro_ros_setup) by extensions ['ament_cargo']
[0.212s] Level 1:colcon.colcon_core.package_identification:_identify(src/micro_ros_setup) by extension 'ament_cargo'
[0.212s] Level 1:colcon.colcon_core.package_identification:_identify(src/micro_ros_setup) by extensions ['ros']
[0.212s] Level 1:colcon.colcon_core.package_identification:_identify(src/micro_ros_setup) by extension 'ros'
[0.215s] DEBUG:colcon.colcon_core.package_identification:Package 'src/micro_ros_setup' with type 'ros.ament_cmake' and name 'micro_ros_setup'
[0.215s] Level 1:colcon.colcon_core.package_discovery:discover_packages(recursive) using defaults
[0.215s] Level 1:colcon.colcon_core.package_discovery:discover_packages(ignore) discover
[0.215s] Level 1:colcon.colcon_core.package_discovery:discover_packages(ignore) using defaults
[0.215s] Level 1:colcon.colcon_core.package_discovery:discover_packages(path) discover
[0.215s] Level 1:colcon.colcon_core.package_discovery:discover_packages(path) using defaults
[0.239s] Level 5:colcon.colcon_core.verb:set package 'micro_ros_setup' build argument 'lookup_in_workspace' from command line to 'False'
[0.239s] Level 5:colcon.colcon_core.verb:set package 'micro_ros_setup' build argument 'cargo_args' from command line to 'None'
[0.239s] Level 5:colcon.colcon_core.verb:set package 'micro_ros_setup' build argument 'clean_build' from command line to 'False'
[0.239s] Level 5:colcon.colcon_core.verb:set package 'micro_ros_setup' build argument 'cmake_args' from command line to 'None'
[0.239s] Level 5:colcon.colcon_core.verb:set package 'micro_ros_setup' build argument 'cmake_target' from command line to 'None'
[0.239s] Level 5:colcon.colcon_core.verb:set package 'micro_ros_setup' build argument 'cmake_target_skip_unavailable' from command line to 'False'
[0.239s] Level 5:colcon.colcon_core.verb:set package 'micro_ros_setup' build argument 'cmake_clean_cache' from command line to 'False'
[0.239s] Level 5:colcon.colcon_core.verb:set package 'micro_ros_setup' build argument 'cmake_clean_first' from command line to 'False'
[0.239s] Level 5:colcon.colcon_core.verb:set package 'micro_ros_setup' build argument 'cmake_force_configure' from command line to 'False'
[0.239s] Level 5:colcon.colcon_core.verb:set package 'micro_ros_setup' build argument 'ament_cmake_args' from command line to 'None'
[0.239s] Level 5:colcon.colcon_core.verb:set package 'micro_ros_setup' build argument 'catkin_cmake_args' from command line to 'None'
[0.239s] Level 5:colcon.colcon_core.verb:set package 'micro_ros_setup' build argument 'catkin_skip_building_tests' from command line to 'False'
[0.239s] DEBUG:colcon.colcon_core.verb:Building package 'micro_ros_setup' with the following arguments: {'ament_cmake_args': None, 'build_base': '/home/user/microros_ws/build/micro_ros_setup', 'cargo_args': None, 'catkin_cmake_args': None, 'catkin_skip_building_tests': False, 'clean_build': False, 'cmake_args': None, 'cmake_clean_cache': False, 'cmake_clean_first': False, 'cmake_force_configure': False, 'cmake_target': None, 'cmake_target_skip_unavailable': False, 'install_base': '/home/user/microros_ws/install/micro_ros_setup', 'lookup_in_workspace': False, 'merge_install': False, 'path': '/home/user/microros_ws/src/micro_ros_setup', 'symlink_install': False, 'test_result_base': None}
[0.239s] INFO:colcon.colcon_core.executor:Executing jobs using 'parallel' executor
[0.240s] DEBUG:colcon.colcon_parallel_executor.executor.parallel:run_until_complete
[0.240s] INFO:colcon.colcon_ros.task.ament_cmake.build:Building ROS package in '/home/user/microros_ws/src/micro_ros_setup' with build type 'ament_cmake'
[0.241s] INFO:colcon.colcon_cmake.task.cmake.build:Building CMake package in '/home/user/microros_ws/src/micro_ros_setup'
[0.243s] INFO:colcon.colcon_core.plugin_system:Skipping extension 'colcon_core.shell.bat': Not used on non-Windows systems
[0.243s] INFO:colcon.colcon_core.shell:Skip shell extension 'powershell' for command environment: Not usable outside of PowerShell
[0.243s] DEBUG:colcon.colcon_core.shell:Skip shell extension 'dsv' for command environment
[0.258s] DEBUG:colcon.colcon_core.event_handler.log_command:Invoking command in '/home/user/microros_ws/build/micro_ros_setup': CMAKE_PREFIX_PATH=${CMAKE_PREFIX_PATH}:/home/user/ros2_ws/install/led_control_node:/home/simulations/ros2_sims_ws/install/rclrs_tests:/home/simulations/ros2_sims_ws/install/examples_rclrs_minimal_client_service:/home/simulations/ros2_sims_ws/install/sensor_msgs_py:/home/simulations/ros2_sims_ws/install/examples_rclrs_minimal_pub_sub:/home/simulations/ros2_sims_ws/install/examples_rclrs_message_demo:/home/simulations/ros2_sims_ws/install/rclrs:/home/simulations/ros2_sims_ws/install/rosidl_runtime_rs:/home/user/ros2_ws/install/pong_reply_node:/opt/ros/humble _=/usr/bin/env /usr/bin/cmake /home/user/microros_ws/src/micro_ros_setup -DCMAKE_INSTALL_PREFIX=/home/user/microros_ws/install/micro_ros_setup
[15.732s] DEBUG:colcon.colcon_core.event_handler.log_command:Invoked command in '/home/user/microros_ws/build/micro_ros_setup' returned '0': CMAKE_PREFIX_PATH=${CMAKE_PREFIX_PATH}:/home/user/ros2_ws/install/led_control_node:/home/simulations/ros2_sims_ws/install/rclrs_tests:/home/simulations/ros2_sims_ws/install/examples_rclrs_minimal_client_service:/home/simulations/ros2_sims_ws/install/sensor_msgs_py:/home/simulations/ros2_sims_ws/install/examples_rclrs_minimal_pub_sub:/home/simulations/ros2_sims_ws/install/examples_rclrs_message_demo:/home/simulations/ros2_sims_ws/install/rclrs:/home/simulations/ros2_sims_ws/install/rosidl_runtime_rs:/home/user/ros2_ws/install/pong_reply_node:/opt/ros/humble _=/usr/bin/env /usr/bin/cmake /home/user/microros_ws/src/micro_ros_setup -DCMAKE_INSTALL_PREFIX=/home/user/microros_ws/install/micro_ros_setup
[15.734s] DEBUG:colcon.colcon_core.event_handler.log_command:Invoking command in '/home/user/microros_ws/build/micro_ros_setup': CMAKE_PREFIX_PATH=${CMAKE_PREFIX_PATH}:/home/user/ros2_ws/install/led_control_node:/home/simulations/ros2_sims_ws/install/rclrs_tests:/home/simulations/ros2_sims_ws/install/examples_rclrs_minimal_client_service:/home/simulations/ros2_sims_ws/install/sensor_msgs_py:/home/simulations/ros2_sims_ws/install/examples_rclrs_minimal_pub_sub:/home/simulations/ros2_sims_ws/install/examples_rclrs_message_demo:/home/simulations/ros2_sims_ws/install/rclrs:/home/simulations/ros2_sims_ws/install/rosidl_runtime_rs:/home/user/ros2_ws/install/pong_reply_node:/opt/ros/humble _=/usr/bin/env /usr/bin/cmake --build /home/user/microros_ws/build/micro_ros_setup -- -j8 -l8
[15.783s] DEBUG:colcon.colcon_core.event_handler.log_command:Invoked command in '/home/user/microros_ws/build/micro_ros_setup' returned '0': CMAKE_PREFIX_PATH=${CMAKE_PREFIX_PATH}:/home/user/ros2_ws/install/led_control_node:/home/simulations/ros2_sims_ws/install/rclrs_tests:/home/simulations/ros2_sims_ws/install/examples_rclrs_minimal_client_service:/home/simulations/ros2_sims_ws/install/sensor_msgs_py:/home/simulations/ros2_sims_ws/install/examples_rclrs_minimal_pub_sub:/home/simulations/ros2_sims_ws/install/examples_rclrs_message_demo:/home/simulations/ros2_sims_ws/install/rclrs:/home/simulations/ros2_sims_ws/install/rosidl_runtime_rs:/home/user/ros2_ws/install/pong_reply_node:/opt/ros/humble _=/usr/bin/env /usr/bin/cmake --build /home/user/microros_ws/build/micro_ros_setup -- -j8 -l8
[15.796s] DEBUG:colcon.colcon_core.event_handler.log_command:Invoking command in '/home/user/microros_ws/build/micro_ros_setup': CMAKE_PREFIX_PATH=${CMAKE_PREFIX_PATH}:/home/user/ros2_ws/install/led_control_node:/home/simulations/ros2_sims_ws/install/rclrs_tests:/home/simulations/ros2_sims_ws/install/examples_rclrs_minimal_client_service:/home/simulations/ros2_sims_ws/install/sensor_msgs_py:/home/simulations/ros2_sims_ws/install/examples_rclrs_minimal_pub_sub:/home/simulations/ros2_sims_ws/install/examples_rclrs_message_demo:/home/simulations/ros2_sims_ws/install/rclrs:/home/simulations/ros2_sims_ws/install/rosidl_runtime_rs:/home/user/ros2_ws/install/pong_reply_node:/opt/ros/humble _=/usr/bin/env /usr/bin/cmake --install /home/user/microros_ws/build/micro_ros_setup
[15.835s] Level 1:colcon.colcon_core.environment:create_environment_scripts_only(micro_ros_setup)
[15.836s] DEBUG:colcon.colcon_core.event_handler.log_command:Invoked command in '/home/user/microros_ws/build/micro_ros_setup' returned '0': CMAKE_PREFIX_PATH=${CMAKE_PREFIX_PATH}:/home/user/ros2_ws/install/led_control_node:/home/simulations/ros2_sims_ws/install/rclrs_tests:/home/simulations/ros2_sims_ws/install/examples_rclrs_minimal_client_service:/home/simulations/ros2_sims_ws/install/sensor_msgs_py:/home/simulations/ros2_sims_ws/install/examples_rclrs_minimal_pub_sub:/home/simulations/ros2_sims_ws/install/examples_rclrs_message_demo:/home/simulations/ros2_sims_ws/install/rclrs:/home/simulations/ros2_sims_ws/install/rosidl_runtime_rs:/home/user/ros2_ws/install/pong_reply_node:/opt/ros/humble _=/usr/bin/env /usr/bin/cmake --install /home/user/microros_ws/build/micro_ros_setup
[15.839s] Level 1:colcon.colcon_core.environment:checking '/home/user/microros_ws/install/micro_ros_setup' for CMake module files
[15.839s] Level 1:colcon.colcon_core.environment:checking '/home/user/microros_ws/install/micro_ros_setup' for CMake config files
[15.840s] Level 1:colcon.colcon_core.shell:create_environment_hook('micro_ros_setup', 'cmake_prefix_path')
[15.840s] INFO:colcon.colcon_core.shell:Creating environment hook '/home/user/microros_ws/install/micro_ros_setup/share/micro_ros_setup/hook/cmake_prefix_path.ps1'
[15.841s] INFO:colcon.colcon_core.shell:Creating environment descriptor '/home/user/microros_ws/install/micro_ros_setup/share/micro_ros_setup/hook/cmake_prefix_path.dsv'
[15.842s] INFO:colcon.colcon_core.shell:Creating environment hook '/home/user/microros_ws/install/micro_ros_setup/share/micro_ros_setup/hook/cmake_prefix_path.sh'
[15.842s] Level 1:colcon.colcon_core.environment:checking '/home/user/microros_ws/install/micro_ros_setup/lib'
[15.843s] Level 1:colcon.colcon_core.environment:checking '/home/user/microros_ws/install/micro_ros_setup/bin'
[15.843s] Level 1:colcon.colcon_core.environment:checking '/home/user/microros_ws/install/micro_ros_setup/lib/pkgconfig/micro_ros_setup.pc'
[15.844s] Level 1:colcon.colcon_core.environment:checking '/home/user/microros_ws/install/micro_ros_setup/lib/python3.10/site-packages'
[15.844s] Level 1:colcon.colcon_core.environment:checking '/home/user/microros_ws/install/micro_ros_setup/bin'
[15.847s] INFO:colcon.colcon_core.shell:Creating package script '/home/user/microros_ws/install/micro_ros_setup/share/micro_ros_setup/package.ps1'
[15.847s] INFO:colcon.colcon_core.shell:Creating package descriptor '/home/user/microros_ws/install/micro_ros_setup/share/micro_ros_setup/package.dsv'
[15.848s] INFO:colcon.colcon_core.shell:Creating package script '/home/user/microros_ws/install/micro_ros_setup/share/micro_ros_setup/package.sh'
[15.848s] INFO:colcon.colcon_core.shell:Creating package script '/home/user/microros_ws/install/micro_ros_setup/share/micro_ros_setup/package.bash'
[15.849s] INFO:colcon.colcon_core.shell:Creating package script '/home/user/microros_ws/install/micro_ros_setup/share/micro_ros_setup/package.zsh'
[15.850s] Level 1:colcon.colcon_core.environment:create_file_with_runtime_dependencies(/home/user/microros_ws/install/micro_ros_setup/share/colcon-core/packages/micro_ros_setup)
[15.850s] Level 1:colcon.colcon_core.environment:create_environment_scripts_only(micro_ros_setup)
[15.851s] Level 1:colcon.colcon_core.environment:checking '/home/user/microros_ws/install/micro_ros_setup' for CMake module files
[15.851s] Level 1:colcon.colcon_core.environment:checking '/home/user/microros_ws/install/micro_ros_setup' for CMake config files
[15.852s] Level 1:colcon.colcon_core.shell:create_environment_hook('micro_ros_setup', 'cmake_prefix_path')
[15.852s] INFO:colcon.colcon_core.shell:Creating environment hook '/home/user/microros_ws/install/micro_ros_setup/share/micro_ros_setup/hook/cmake_prefix_path.ps1'
[15.852s] INFO:colcon.colcon_core.shell:Creating environment descriptor '/home/user/microros_ws/install/micro_ros_setup/share/micro_ros_setup/hook/cmake_prefix_path.dsv'
[15.853s] INFO:colcon.colcon_core.shell:Creating environment hook '/home/user/microros_ws/install/micro_ros_setup/share/micro_ros_setup/hook/cmake_prefix_path.sh'
[15.853s] Level 1:colcon.colcon_core.environment:checking '/home/user/microros_ws/install/micro_ros_setup/lib'
[15.853s] Level 1:colcon.colcon_core.environment:checking '/home/user/microros_ws/install/micro_ros_setup/bin'
[15.853s] Level 1:colcon.colcon_core.environment:checking '/home/user/microros_ws/install/micro_ros_setup/lib/pkgconfig/micro_ros_setup.pc'
[15.854s] Level 1:colcon.colcon_core.environment:checking '/home/user/microros_ws/install/micro_ros_setup/lib/python3.10/site-packages'
[15.854s] Level 1:colcon.colcon_core.environment:checking '/home/user/microros_ws/install/micro_ros_setup/bin'
[15.854s] INFO:colcon.colcon_core.shell:Creating package script '/home/user/microros_ws/install/micro_ros_setup/share/micro_ros_setup/package.ps1'
[15.855s] INFO:colcon.colcon_core.shell:Creating package descriptor '/home/user/microros_ws/install/micro_ros_setup/share/micro_ros_setup/package.dsv'
[15.855s] INFO:colcon.colcon_core.shell:Creating package script '/home/user/microros_ws/install/micro_ros_setup/share/micro_ros_setup/package.sh'
[15.855s] INFO:colcon.colcon_core.shell:Creating package script '/home/user/microros_ws/install/micro_ros_setup/share/micro_ros_setup/package.bash'
[15.856s] INFO:colcon.colcon_core.shell:Creating package script '/home/user/microros_ws/install/micro_ros_setup/share/micro_ros_setup/package.zsh'
[15.857s] Level 1:colcon.colcon_core.environment:create_file_with_runtime_dependencies(/home/user/microros_ws/install/micro_ros_setup/share/colcon-core/packages/micro_ros_setup)
[15.857s] DEBUG:colcon.colcon_parallel_executor.executor.parallel:closing loop
[15.857s] DEBUG:colcon.colcon_parallel_executor.executor.parallel:loop closed
[15.858s] DEBUG:colcon.colcon_parallel_executor.executor.parallel:run_until_complete finished with '0'
[15.858s] DEBUG:colcon.colcon_core.event_reactor:joining thread
[15.864s] INFO:colcon.colcon_core.plugin_system:Skipping extension 'colcon_notification.desktop_notification.notify_send': Could not find 'notify-send'
[15.865s] INFO:colcon.colcon_core.plugin_system:Skipping extension 'colcon_notification.desktop_notification.terminal_notifier': Not used on non-Darwin systems
[15.865s] INFO:colcon.colcon_core.plugin_system:Skipping extension 'colcon_notification.desktop_notification.win32': Not used on non-Windows systems
[15.865s] INFO:colcon.colcon_notification.desktop_notification:Sending desktop notification using 'notify2'
[15.867s] DEBUG:colcon.colcon_notification.desktop_notification.notify2:Failed to initialize notify2: org.freedesktop.DBus.Error.Spawn.ExecFailed: /usr/bin/dbus-launch terminated abnormally without any error message
[15.867s] DEBUG:colcon.colcon_core.event_reactor:joined thread
[15.868s] INFO:colcon.colcon_core.shell:Creating prefix script '/home/user/microros_ws/install/local_setup.ps1'
[15.869s] INFO:colcon.colcon_core.shell:Creating prefix util module '/home/user/microros_ws/install/_local_setup_util_ps1.py'
[15.870s] INFO:colcon.colcon_core.shell:Creating prefix chain script '/home/user/microros_ws/install/setup.ps1'
[15.873s] INFO:colcon.colcon_core.shell:Creating prefix script '/home/user/microros_ws/install/local_setup.sh'
[15.873s] INFO:colcon.colcon_core.shell:Creating prefix util module '/home/user/microros_ws/install/_local_setup_util_sh.py'
[15.874s] INFO:colcon.colcon_core.shell:Creating prefix chain script '/home/user/microros_ws/install/setup.sh'
[15.876s] INFO:colcon.colcon_core.shell:Creating prefix script '/home/user/microros_ws/install/local_setup.bash'
[15.876s] INFO:colcon.colcon_core.shell:Creating prefix chain script '/home/user/microros_ws/install/setup.bash'
[15.879s] INFO:colcon.colcon_core.shell:Creating prefix script '/home/user/microros_ws/install/local_setup.zsh'
[15.879s] INFO:colcon.colcon_core.shell:Creating prefix chain script '/home/user/microros_ws/install/setup.zsh'
