[0.883s] Invoking command in '/home/user/microros_ws/firmware/mcu_ws/ros2/common_interfaces/sensor_msgs_py': AMENT_PREFIX_PATH=/home/user/microros_ws/firmware/mcu_ws/install:${AMENT_PREFIX_PATH} CMAKE_PREFIX_PATH=/home/user/microros_ws/firmware/mcu_ws/install:${CMAKE_PREFIX_PATH} LD_LIBRARY_PATH=/home/user/microros_ws/firmware/mcu_ws/install/lib:${LD_LIBRARY_PATH} PATH=/home/user/microros_ws/firmware/mcu_ws/install/bin:${PATH} PYTHONPATH=/home/user/microros_ws/firmware/mcu_ws/build/sensor_msgs_py/prefix_override:/home/user/microros_ws/firmware/toolchain/espressif/python_env/idf4.1_py3.10_env/lib/python3.10/site-packages/colcon_core/task/python/colcon_distutils_commands:/home/user/microros_ws/firmware/mcu_ws/install/lib/python3.10/site-packages:/home/user/microros_ws/firmware/mcu_ws/install/lib/python3.10/site-packages:${PYTHONPATH} _=/usr/bin/env /home/user/microros_ws/firmware/toolchain/espressif/python_env/idf4.1_py3.10_env/bin/python -W ignore:setup.py install is deprecated -W ignore:easy_install command is deprecated setup.py egg_info --egg-base ../../../build/sensor_msgs_py build --build-base /home/user/microros_ws/firmware/mcu_ws/build/sensor_msgs_py/build install --record /home/user/microros_ws/firmware/mcu_ws/build/sensor_msgs_py/install.log --single-version-externally-managed install_data
[1.042s] /home/user/microros_ws/firmware/toolchain/espressif/python_env/idf4.1_py3.10_env/lib/python3.10/site-packages/setuptools/_distutils/dist.py:289: UserWarning: Unknown distribution option: 'tests_require'
[1.042s]   warnings.warn(msg)
[1.082s] running egg_info
[1.088s] creating ../../../build/sensor_msgs_py/sensor_msgs_py.egg-info
[1.088s] writing ../../../build/sensor_msgs_py/sensor_msgs_py.egg-info/PKG-INFO
[1.089s] writing dependency_links to ../../../build/sensor_msgs_py/sensor_msgs_py.egg-info/dependency_links.txt
[1.089s] writing requirements to ../../../build/sensor_msgs_py/sensor_msgs_py.egg-info/requires.txt
[1.089s] writing top-level names to ../../../build/sensor_msgs_py/sensor_msgs_py.egg-info/top_level.txt
[1.089s] writing manifest file '../../../build/sensor_msgs_py/sensor_msgs_py.egg-info/SOURCES.txt'
[1.103s] reading manifest file '../../../build/sensor_msgs_py/sensor_msgs_py.egg-info/SOURCES.txt'
[1.103s] adding license file 'LICENSE'
[1.104s] writing manifest file '../../../build/sensor_msgs_py/sensor_msgs_py.egg-info/SOURCES.txt'
[1.105s] running build
[1.105s] running build_py
[1.105s] creating /home/user/microros_ws/firmware/mcu_ws/build/sensor_msgs_py/build/lib/sensor_msgs_py
[1.105s] copying sensor_msgs_py/point_cloud2.py -> /home/user/microros_ws/firmware/mcu_ws/build/sensor_msgs_py/build/lib/sensor_msgs_py
[1.105s] copying sensor_msgs_py/numpy_compat.py -> /home/user/microros_ws/firmware/mcu_ws/build/sensor_msgs_py/build/lib/sensor_msgs_py
[1.105s] copying sensor_msgs_py/__init__.py -> /home/user/microros_ws/firmware/mcu_ws/build/sensor_msgs_py/build/lib/sensor_msgs_py
[1.106s] running install
[1.111s] running install_lib
[1.117s] creating /home/user/microros_ws/firmware/mcu_ws/install/lib/python3.10/site-packages/sensor_msgs_py
[1.117s] copying /home/user/microros_ws/firmware/mcu_ws/build/sensor_msgs_py/build/lib/sensor_msgs_py/point_cloud2.py -> /home/user/microros_ws/firmware/mcu_ws/install/lib/python3.10/site-packages/sensor_msgs_py
[1.117s] copying /home/user/microros_ws/firmware/mcu_ws/build/sensor_msgs_py/build/lib/sensor_msgs_py/numpy_compat.py -> /home/user/microros_ws/firmware/mcu_ws/install/lib/python3.10/site-packages/sensor_msgs_py
[1.117s] copying /home/user/microros_ws/firmware/mcu_ws/build/sensor_msgs_py/build/lib/sensor_msgs_py/__init__.py -> /home/user/microros_ws/firmware/mcu_ws/install/lib/python3.10/site-packages/sensor_msgs_py
[1.118s] byte-compiling /home/user/microros_ws/firmware/mcu_ws/install/lib/python3.10/site-packages/sensor_msgs_py/point_cloud2.py to point_cloud2.cpython-310.pyc
[1.119s] byte-compiling /home/user/microros_ws/firmware/mcu_ws/install/lib/python3.10/site-packages/sensor_msgs_py/numpy_compat.py to numpy_compat.cpython-310.pyc
[1.120s] byte-compiling /home/user/microros_ws/firmware/mcu_ws/install/lib/python3.10/site-packages/sensor_msgs_py/__init__.py to __init__.cpython-310.pyc
[1.120s] running install_data
[1.121s] copying resource/sensor_msgs_py -> /home/user/microros_ws/firmware/mcu_ws/install/share/ament_index/resource_index/packages
[1.121s] copying package.xml -> /home/user/microros_ws/firmware/mcu_ws/install/share/sensor_msgs_py
[1.121s] running install_egg_info
[1.129s] Copying ../../../build/sensor_msgs_py/sensor_msgs_py.egg-info to /home/user/microros_ws/firmware/mcu_ws/install/lib/python3.10/site-packages/sensor_msgs_py-4.8.0-py3.10.egg-info
[1.130s] running install_scripts
[1.172s] writing list of installed files to '/home/user/microros_ws/firmware/mcu_ws/build/sensor_msgs_py/install.log'
[1.196s] Invoked command in '/home/user/microros_ws/firmware/mcu_ws/ros2/common_interfaces/sensor_msgs_py' returned '0': AMENT_PREFIX_PATH=/home/user/microros_ws/firmware/mcu_ws/install:${AMENT_PREFIX_PATH} CMAKE_PREFIX_PATH=/home/user/microros_ws/firmware/mcu_ws/install:${CMAKE_PREFIX_PATH} LD_LIBRARY_PATH=/home/user/microros_ws/firmware/mcu_ws/install/lib:${LD_LIBRARY_PATH} PATH=/home/user/microros_ws/firmware/mcu_ws/install/bin:${PATH} PYTHONPATH=/home/user/microros_ws/firmware/mcu_ws/build/sensor_msgs_py/prefix_override:/home/user/microros_ws/firmware/toolchain/espressif/python_env/idf4.1_py3.10_env/lib/python3.10/site-packages/colcon_core/task/python/colcon_distutils_commands:/home/user/microros_ws/firmware/mcu_ws/install/lib/python3.10/site-packages:/home/user/microros_ws/firmware/mcu_ws/install/lib/python3.10/site-packages:${PYTHONPATH} _=/usr/bin/env /home/user/microros_ws/firmware/toolchain/espressif/python_env/idf4.1_py3.10_env/bin/python -W ignore:setup.py install is deprecated -W ignore:easy_install command is deprecated setup.py egg_info --egg-base ../../../build/sensor_msgs_py build --build-base /home/user/microros_ws/firmware/mcu_ws/build/sensor_msgs_py/build install --record /home/user/microros_ws/firmware/mcu_ws/build/sensor_msgs_py/install.log --single-version-externally-managed install_data
