[0.232s] Invoking command in '/home/user/microros_ws/firmware/mcu_ws/build/tracetools': CMAKE_PREFIX_PATH=${CMAKE_PREFIX_PATH}:/home/user/microros_ws/firmware/dev_ws/install/ament_uncrustify:/home/user/microros_ws/firmware/dev_ws/install/domain_coordinator:/home/user/microros_ws/firmware/dev_ws/install/ament_xmllint:/home/user/microros_ws/firmware/dev_ws/install/ament_pyflakes:/home/user/microros_ws/firmware/dev_ws/install/ament_pycodestyle:/home/user/microros_ws/firmware/dev_ws/install/ament_pep257:/home/user/microros_ws/firmware/dev_ws/install/ament_pclint:/home/user/microros_ws/firmware/dev_ws/install/ament_package:/home/user/microros_ws/firmware/dev_ws/install/ament_mypy:/home/user/microros_ws/firmware/dev_ws/install/ament_lint_cmake:/home/user/microros_ws/firmware/dev_ws/install/ament_flake8:/home/user/microros_ws/firmware/dev_ws/install/ament_copyright:/home/user/microros_ws/firmware/dev_ws/install/ament_lint:/home/user/microros_ws/firmware/dev_ws/install/ament_index_python:/home/user/microros_ws/firmware/dev_ws/install/ament_cpplint:/home/user/microros_ws/firmware/dev_ws/install/ament_cppcheck:/home/user/microros_ws/firmware/dev_ws/install/ament_clang_tidy:/home/user/microros_ws/firmware/dev_ws/install/ament_clang_format _=/usr/bin/env /usr/bin/cmake --build /home/user/microros_ws/firmware/mcu_ws/build/tracetools -- -j8 -l8
[0.289s] gmake[4]: Entering directory '/home/user/microros_ws/firmware/mcu_ws/build/tracetools'
[0.289s] /usr/bin/cmake -S/home/user/microros_ws/firmware/mcu_ws/uros/tracetools/tracetools -B/home/user/microros_ws/firmware/mcu_ws/build/tracetools --check-build-system CMakeFiles/Makefile.cmake 0
[0.289s] Re-run cmake file: Makefile older than: /home/user/microros_ws/firmware/freertos_apps/microros_esp32_extensions/esp32_toolchain.cmake
[0.289s] -- Found ament_cmake_ros: 0.10.0 (/home/user/microros_ws/firmware/dev_ws/install/ament_cmake_ros/share/ament_cmake_ros/cmake)
[0.568s] -- Configuring done
[0.586s] -- Generating done
[0.587s] -- Build files have been written to: /home/user/microros_ws/firmware/mcu_ws/build/tracetools
[0.594s] /usr/bin/cmake -E cmake_progress_start /home/user/microros_ws/firmware/mcu_ws/build/tracetools/CMakeFiles /home/user/microros_ws/firmware/mcu_ws/build/tracetools//CMakeFiles/progress.marks
[0.613s] /usr/bin/gmake  -f CMakeFiles/Makefile2 all
[0.615s] gmake[5]: Entering directory '/home/user/microros_ws/firmware/mcu_ws/build/tracetools'
[0.616s] gmake[5]: Nothing to be done for 'all'.
[0.616s] gmake[5]: Leaving directory '/home/user/microros_ws/firmware/mcu_ws/build/tracetools'
[0.616s] /usr/bin/cmake -E cmake_progress_start /home/user/microros_ws/firmware/mcu_ws/build/tracetools/CMakeFiles 0
[0.624s] gmake[4]: Leaving directory '/home/user/microros_ws/firmware/mcu_ws/build/tracetools'
[0.739s] Invoked command in '/home/user/microros_ws/firmware/mcu_ws/build/tracetools' returned '0': CMAKE_PREFIX_PATH=${CMAKE_PREFIX_PATH}:/home/user/microros_ws/firmware/dev_ws/install/ament_uncrustify:/home/user/microros_ws/firmware/dev_ws/install/domain_coordinator:/home/user/microros_ws/firmware/dev_ws/install/ament_xmllint:/home/user/microros_ws/firmware/dev_ws/install/ament_pyflakes:/home/user/microros_ws/firmware/dev_ws/install/ament_pycodestyle:/home/user/microros_ws/firmware/dev_ws/install/ament_pep257:/home/user/microros_ws/firmware/dev_ws/install/ament_pclint:/home/user/microros_ws/firmware/dev_ws/install/ament_package:/home/user/microros_ws/firmware/dev_ws/install/ament_mypy:/home/user/microros_ws/firmware/dev_ws/install/ament_lint_cmake:/home/user/microros_ws/firmware/dev_ws/install/ament_flake8:/home/user/microros_ws/firmware/dev_ws/install/ament_copyright:/home/user/microros_ws/firmware/dev_ws/install/ament_lint:/home/user/microros_ws/firmware/dev_ws/install/ament_index_python:/home/user/microros_ws/firmware/dev_ws/install/ament_cpplint:/home/user/microros_ws/firmware/dev_ws/install/ament_cppcheck:/home/user/microros_ws/firmware/dev_ws/install/ament_clang_tidy:/home/user/microros_ws/firmware/dev_ws/install/ament_clang_format _=/usr/bin/env /usr/bin/cmake --build /home/user/microros_ws/firmware/mcu_ws/build/tracetools -- -j8 -l8
[0.742s] Invoking command in '/home/user/microros_ws/firmware/mcu_ws/build/tracetools': CMAKE_PREFIX_PATH=${CMAKE_PREFIX_PATH}:/home/user/microros_ws/firmware/dev_ws/install/ament_uncrustify:/home/user/microros_ws/firmware/dev_ws/install/domain_coordinator:/home/user/microros_ws/firmware/dev_ws/install/ament_xmllint:/home/user/microros_ws/firmware/dev_ws/install/ament_pyflakes:/home/user/microros_ws/firmware/dev_ws/install/ament_pycodestyle:/home/user/microros_ws/firmware/dev_ws/install/ament_pep257:/home/user/microros_ws/firmware/dev_ws/install/ament_pclint:/home/user/microros_ws/firmware/dev_ws/install/ament_package:/home/user/microros_ws/firmware/dev_ws/install/ament_mypy:/home/user/microros_ws/firmware/dev_ws/install/ament_lint_cmake:/home/user/microros_ws/firmware/dev_ws/install/ament_flake8:/home/user/microros_ws/firmware/dev_ws/install/ament_copyright:/home/user/microros_ws/firmware/dev_ws/install/ament_lint:/home/user/microros_ws/firmware/dev_ws/install/ament_index_python:/home/user/microros_ws/firmware/dev_ws/install/ament_cpplint:/home/user/microros_ws/firmware/dev_ws/install/ament_cppcheck:/home/user/microros_ws/firmware/dev_ws/install/ament_clang_tidy:/home/user/microros_ws/firmware/dev_ws/install/ament_clang_format _=/usr/bin/env /usr/bin/cmake --install /home/user/microros_ws/firmware/mcu_ws/build/tracetools
[0.766s] -- Install configuration: "Debug"
[0.767s] -- Up-to-date: /home/user/microros_ws/firmware/mcu_ws/install/include/tracetools
[0.767s] -- Up-to-date: /home/user/microros_ws/firmware/mcu_ws/install/include/tracetools/tracetools
[0.767s] -- Up-to-date: /home/user/microros_ws/firmware/mcu_ws/install/include/tracetools/tracetools/tracetools.h
[0.767s] -- Up-to-date: /home/user/microros_ws/firmware/mcu_ws/install/include/tracetools/tracetools/config.h
[0.767s] -- Up-to-date: /home/user/microros_ws/firmware/mcu_ws/install/include/tracetools/tracetools/utils.hpp
[0.767s] -- Up-to-date: /home/user/microros_ws/firmware/mcu_ws/install/include/tracetools/tracetools/visibility_control.hpp
[0.767s] -- Up-to-date: /home/user/microros_ws/firmware/mcu_ws/install/share/ament_index/resource_index/package_run_dependencies/tracetools
[0.768s] -- Up-to-date: /home/user/microros_ws/firmware/mcu_ws/install/share/ament_index/resource_index/parent_prefix_path/tracetools
[0.768s] -- Up-to-date: /home/user/microros_ws/firmware/mcu_ws/install/share/tracetools/environment/ament_prefix_path.sh
[0.768s] -- Installing: /home/user/microros_ws/firmware/mcu_ws/install/share/tracetools/environment/ament_prefix_path.dsv
[0.768s] -- Up-to-date: /home/user/microros_ws/firmware/mcu_ws/install/share/tracetools/environment/path.sh
[0.768s] -- Installing: /home/user/microros_ws/firmware/mcu_ws/install/share/tracetools/environment/path.dsv
[0.768s] -- Up-to-date: /home/user/microros_ws/firmware/mcu_ws/install/share/tracetools/local_setup.bash
[0.768s] -- Up-to-date: /home/user/microros_ws/firmware/mcu_ws/install/share/tracetools/local_setup.sh
[0.768s] -- Up-to-date: /home/user/microros_ws/firmware/mcu_ws/install/share/tracetools/local_setup.zsh
[0.768s] -- Installing: /home/user/microros_ws/firmware/mcu_ws/install/share/tracetools/local_setup.dsv
[0.769s] -- Installing: /home/user/microros_ws/firmware/mcu_ws/install/share/tracetools/package.dsv
[0.794s] -- Up-to-date: /home/user/microros_ws/firmware/mcu_ws/install/share/ament_index/resource_index/packages/tracetools
[0.794s] -- Up-to-date: /home/user/microros_ws/firmware/mcu_ws/install/share/tracetools/cmake/tracetools_exportExport.cmake
[0.794s] -- Up-to-date: /home/user/microros_ws/firmware/mcu_ws/install/share/tracetools/cmake/ament_cmake_export_targets-extras.cmake
[0.794s] -- Up-to-date: /home/user/microros_ws/firmware/mcu_ws/install/share/tracetools/cmake/ament_cmake_export_include_directories-extras.cmake
[0.794s] -- Up-to-date: /home/user/microros_ws/firmware/mcu_ws/install/share/tracetools/cmake/tracetoolsConfig.cmake
[0.794s] -- Up-to-date: /home/user/microros_ws/firmware/mcu_ws/install/share/tracetools/cmake/tracetoolsConfig-version.cmake
[0.794s] -- Up-to-date: /home/user/microros_ws/firmware/mcu_ws/install/share/tracetools/package.xml
[0.952s] Invoked command in '/home/user/microros_ws/firmware/mcu_ws/build/tracetools' returned '0': CMAKE_PREFIX_PATH=${CMAKE_PREFIX_PATH}:/home/user/microros_ws/firmware/dev_ws/install/ament_uncrustify:/home/user/microros_ws/firmware/dev_ws/install/domain_coordinator:/home/user/microros_ws/firmware/dev_ws/install/ament_xmllint:/home/user/microros_ws/firmware/dev_ws/install/ament_pyflakes:/home/user/microros_ws/firmware/dev_ws/install/ament_pycodestyle:/home/user/microros_ws/firmware/dev_ws/install/ament_pep257:/home/user/microros_ws/firmware/dev_ws/install/ament_pclint:/home/user/microros_ws/firmware/dev_ws/install/ament_package:/home/user/microros_ws/firmware/dev_ws/install/ament_mypy:/home/user/microros_ws/firmware/dev_ws/install/ament_lint_cmake:/home/user/microros_ws/firmware/dev_ws/install/ament_flake8:/home/user/microros_ws/firmware/dev_ws/install/ament_copyright:/home/user/microros_ws/firmware/dev_ws/install/ament_lint:/home/user/microros_ws/firmware/dev_ws/install/ament_index_python:/home/user/microros_ws/firmware/dev_ws/install/ament_cpplint:/home/user/microros_ws/firmware/dev_ws/install/ament_cppcheck:/home/user/microros_ws/firmware/dev_ws/install/ament_clang_tidy:/home/user/microros_ws/firmware/dev_ws/install/ament_clang_format _=/usr/bin/env /usr/bin/cmake --install /home/user/microros_ws/firmware/mcu_ws/build/tracetools
