[1.696s] Invoking command in '/home/user/ros2_ws/src/led_control_node': PYTHONPATH=/home/user/ros2_ws/build/led_control_node/prefix_override:/usr/lib/python3/dist-packages/colcon_core/task/python/colcon_distutils_commands:/home/user/ros2_ws/install/led_control_node/lib/python3.10/site-packages:${PYTHONPATH} _=/usr/bin/env /usr/bin/python3 -W ignore:setup.py install is deprecated -W ignore:easy_install command is deprecated setup.py egg_info --egg-base ../../build/led_control_node build --build-base /home/user/ros2_ws/build/led_control_node/build install --record /home/user/ros2_ws/build/led_control_node/install.log --single-version-externally-managed install_data
[1.921s] /usr/local/lib/python3.10/dist-packages/setuptools/_distutils/dist.py:289: UserWarning: Unknown distribution option: 'tests_require'
[1.921s]   warnings.warn(msg)
[2.035s] running egg_info
[2.053s] writing ../../build/led_control_node/led_control_node.egg-info/PKG-INFO
[2.054s] writing dependency_links to ../../build/led_control_node/led_control_node.egg-info/dependency_links.txt
[2.054s] writing entry points to ../../build/led_control_node/led_control_node.egg-info/entry_points.txt
[2.054s] writing requirements to ../../build/led_control_node/led_control_node.egg-info/requires.txt
[2.055s] writing top-level names to ../../build/led_control_node/led_control_node.egg-info/top_level.txt
[2.093s] reading manifest file '../../build/led_control_node/led_control_node.egg-info/SOURCES.txt'
[2.094s] writing manifest file '../../build/led_control_node/led_control_node.egg-info/SOURCES.txt'
[2.094s] running build
[2.094s] running build_py
[2.094s] running install
[2.099s] running install_lib
[2.119s] running install_data
[2.119s] running install_egg_info
[2.139s] removing '/home/user/ros2_ws/install/led_control_node/lib/python3.10/site-packages/led_control_node-0.0.0-py3.10.egg-info' (and everything under it)
[2.139s] Copying ../../build/led_control_node/led_control_node.egg-info to /home/user/ros2_ws/install/led_control_node/lib/python3.10/site-packages/led_control_node-0.0.0-py3.10.egg-info
[2.140s] running install_scripts
[2.305s] Installing led_control script to /home/user/ros2_ws/install/led_control_node/lib/led_control_node
[2.306s] writing list of installed files to '/home/user/ros2_ws/build/led_control_node/install.log'
[2.353s] Invoked command in '/home/user/ros2_ws/src/led_control_node' returned '0': PYTHONPATH=/home/user/ros2_ws/build/led_control_node/prefix_override:/usr/lib/python3/dist-packages/colcon_core/task/python/colcon_distutils_commands:/home/user/ros2_ws/install/led_control_node/lib/python3.10/site-packages:${PYTHONPATH} _=/usr/bin/env /usr/bin/python3 -W ignore:setup.py install is deprecated -W ignore:easy_install command is deprecated setup.py egg_info --egg-base ../../build/led_control_node build --build-base /home/user/ros2_ws/build/led_control_node/build install --record /home/user/ros2_ws/build/led_control_node/install.log --single-version-externally-managed install_data
