[21.002s] Invoking command in '/home/user/ros2_ws/src/teleop_led_control_node': PYTHONPATH=/home/user/ros2_ws/build/teleop_led_control_node/prefix_override:/usr/lib/python3/dist-packages/colcon_core/task/python/colcon_distutils_commands:/home/user/ros2_ws/install/teleop_led_control_node/lib/python3.10/site-packages:${PYTHONPATH} _=/usr/bin/env /usr/bin/python3 -W ignore:setup.py install is deprecated -W ignore:easy_install command is deprecated setup.py egg_info --egg-base ../../build/teleop_led_control_node build --build-base /home/user/ros2_ws/build/teleop_led_control_node/build install --record /home/user/ros2_ws/build/teleop_led_control_node/install.log --single-version-externally-managed install_data
[21.193s] /usr/local/lib/python3.10/dist-packages/setuptools/_distutils/dist.py:289: UserWarning: Unknown distribution option: 'tests_require'
[21.194s]   warnings.warn(msg)
[21.306s] running egg_info
[21.325s] creating ../../build/teleop_led_control_node/teleop_led_control_node.egg-info
[21.325s] writing ../../build/teleop_led_control_node/teleop_led_control_node.egg-info/PKG-INFO
[21.326s] writing dependency_links to ../../build/teleop_led_control_node/teleop_led_control_node.egg-info/dependency_links.txt
[21.326s] writing entry points to ../../build/teleop_led_control_node/teleop_led_control_node.egg-info/entry_points.txt
[21.326s] writing requirements to ../../build/teleop_led_control_node/teleop_led_control_node.egg-info/requires.txt
[21.326s] writing top-level names to ../../build/teleop_led_control_node/teleop_led_control_node.egg-info/top_level.txt
[21.326s] writing manifest file '../../build/teleop_led_control_node/teleop_led_control_node.egg-info/SOURCES.txt'
[21.366s] reading manifest file '../../build/teleop_led_control_node/teleop_led_control_node.egg-info/SOURCES.txt'
[21.367s] writing manifest file '../../build/teleop_led_control_node/teleop_led_control_node.egg-info/SOURCES.txt'
[21.367s] running build
[21.368s] running build_py
[21.368s] creating /home/user/ros2_ws/build/teleop_led_control_node/build/lib/teleop_led_control_node
[21.368s] copying teleop_led_control_node/__init__.py -> /home/user/ros2_ws/build/teleop_led_control_node/build/lib/teleop_led_control_node
[21.368s] copying teleop_led_control_node/teleop_led_control.py -> /home/user/ros2_ws/build/teleop_led_control_node/build/lib/teleop_led_control_node
[21.368s] running install
[21.373s] running install_lib
[21.392s] creating /home/user/ros2_ws/install/teleop_led_control_node/lib/python3.10/site-packages/teleop_led_control_node
[21.392s] copying /home/user/ros2_ws/build/teleop_led_control_node/build/lib/teleop_led_control_node/__init__.py -> /home/user/ros2_ws/install/teleop_led_control_node/lib/python3.10/site-packages/teleop_led_control_node
[21.392s] copying /home/user/ros2_ws/build/teleop_led_control_node/build/lib/teleop_led_control_node/teleop_led_control.py -> /home/user/ros2_ws/install/teleop_led_control_node/lib/python3.10/site-packages/teleop_led_control_node
[21.393s] byte-compiling /home/user/ros2_ws/install/teleop_led_control_node/lib/python3.10/site-packages/teleop_led_control_node/__init__.py to __init__.cpython-310.pyc
[21.394s] byte-compiling /home/user/ros2_ws/install/teleop_led_control_node/lib/python3.10/site-packages/teleop_led_control_node/teleop_led_control.py to teleop_led_control.cpython-310.pyc
[21.394s] running install_data
[21.394s] creating /home/user/ros2_ws/install/teleop_led_control_node/share/ament_index/resource_index/packages
[21.394s] copying resource/teleop_led_control_node -> /home/user/ros2_ws/install/teleop_led_control_node/share/ament_index/resource_index/packages
[21.395s] copying package.xml -> /home/user/ros2_ws/install/teleop_led_control_node/share/teleop_led_control_node
[21.395s] running install_egg_info
[21.414s] Copying ../../build/teleop_led_control_node/teleop_led_control_node.egg-info to /home/user/ros2_ws/install/teleop_led_control_node/lib/python3.10/site-packages/teleop_led_control_node-0.0.0-py3.10.egg-info
[21.415s] running install_scripts
[21.586s] Installing teleop__led_control script to /home/user/ros2_ws/install/teleop_led_control_node/lib/teleop_led_control_node
[21.587s] writing list of installed files to '/home/user/ros2_ws/build/teleop_led_control_node/install.log'
[21.614s] Invoked command in '/home/user/ros2_ws/src/teleop_led_control_node' returned '0': PYTHONPATH=/home/user/ros2_ws/build/teleop_led_control_node/prefix_override:/usr/lib/python3/dist-packages/colcon_core/task/python/colcon_distutils_commands:/home/user/ros2_ws/install/teleop_led_control_node/lib/python3.10/site-packages:${PYTHONPATH} _=/usr/bin/env /usr/bin/python3 -W ignore:setup.py install is deprecated -W ignore:easy_install command is deprecated setup.py egg_info --egg-base ../../build/teleop_led_control_node build --build-base /home/user/ros2_ws/build/teleop_led_control_node/build install --record /home/user/ros2_ws/build/teleop_led_control_node/install.log --single-version-externally-managed install_data
