[17.372s] Invoking command in '/home/user/ros2_ws/src/pong_reply_node': PYTHONPATH=/home/user/ros2_ws/build/pong_reply_node/prefix_override:/usr/lib/python3/dist-packages/colcon_core/task/python/colcon_distutils_commands:/home/user/ros2_ws/install/pong_reply_node/lib/python3.10/site-packages:${PYTHONPATH} _=/usr/bin/env /usr/bin/python3 -W ignore:setup.py install is deprecated -W ignore:easy_install command is deprecated setup.py egg_info --egg-base ../../build/pong_reply_node build --build-base /home/user/ros2_ws/build/pong_reply_node/build install --record /home/user/ros2_ws/build/pong_reply_node/install.log --single-version-externally-managed install_data
[17.536s] /usr/local/lib/python3.10/dist-packages/setuptools/_distutils/dist.py:289: UserWarning: Unknown distribution option: 'tests_require'
[17.536s]   warnings.warn(msg)
[17.646s] running egg_info
[17.664s] creating ../../build/pong_reply_node/pong_reply_node.egg-info
[17.664s] writing ../../build/pong_reply_node/pong_reply_node.egg-info/PKG-INFO
[17.665s] writing dependency_links to ../../build/pong_reply_node/pong_reply_node.egg-info/dependency_links.txt
[17.665s] writing entry points to ../../build/pong_reply_node/pong_reply_node.egg-info/entry_points.txt
[17.665s] writing requirements to ../../build/pong_reply_node/pong_reply_node.egg-info/requires.txt
[17.665s] writing top-level names to ../../build/pong_reply_node/pong_reply_node.egg-info/top_level.txt
[17.665s] writing manifest file '../../build/pong_reply_node/pong_reply_node.egg-info/SOURCES.txt'
[17.703s] reading manifest file '../../build/pong_reply_node/pong_reply_node.egg-info/SOURCES.txt'
[17.704s] writing manifest file '../../build/pong_reply_node/pong_reply_node.egg-info/SOURCES.txt'
[17.704s] running build
[17.704s] running build_py
[17.704s] creating /home/user/ros2_ws/build/pong_reply_node/build/lib/pong_reply_node
[17.704s] copying pong_reply_node/__init__.py -> /home/user/ros2_ws/build/pong_reply_node/build/lib/pong_reply_node
[17.704s] copying pong_reply_node/pong.py -> /home/user/ros2_ws/build/pong_reply_node/build/lib/pong_reply_node
[17.705s] running install
[17.709s] running install_lib
[17.728s] creating /home/user/ros2_ws/install/pong_reply_node/lib/python3.10/site-packages/pong_reply_node
[17.728s] copying /home/user/ros2_ws/build/pong_reply_node/build/lib/pong_reply_node/__init__.py -> /home/user/ros2_ws/install/pong_reply_node/lib/python3.10/site-packages/pong_reply_node
[17.728s] copying /home/user/ros2_ws/build/pong_reply_node/build/lib/pong_reply_node/pong.py -> /home/user/ros2_ws/install/pong_reply_node/lib/python3.10/site-packages/pong_reply_node
[17.728s] byte-compiling /home/user/ros2_ws/install/pong_reply_node/lib/python3.10/site-packages/pong_reply_node/__init__.py to __init__.cpython-310.pyc
[17.729s] byte-compiling /home/user/ros2_ws/install/pong_reply_node/lib/python3.10/site-packages/pong_reply_node/pong.py to pong.cpython-310.pyc
[17.729s] running install_data
[17.729s] creating /home/user/ros2_ws/install/pong_reply_node/share/ament_index/resource_index/packages
[17.729s] copying resource/pong_reply_node -> /home/user/ros2_ws/install/pong_reply_node/share/ament_index/resource_index/packages
[17.730s] copying package.xml -> /home/user/ros2_ws/install/pong_reply_node/share/pong_reply_node
[17.730s] running install_egg_info
[17.750s] Copying ../../build/pong_reply_node/pong_reply_node.egg-info to /home/user/ros2_ws/install/pong_reply_node/lib/python3.10/site-packages/pong_reply_node-0.0.0-py3.10.egg-info
[17.751s] running install_scripts
[17.907s] Installing pong script to /home/user/ros2_ws/install/pong_reply_node/lib/pong_reply_node
[17.907s] writing list of installed files to '/home/user/ros2_ws/build/pong_reply_node/install.log'
[17.933s] Invoked command in '/home/user/ros2_ws/src/pong_reply_node' returned '0': PYTHONPATH=/home/user/ros2_ws/build/pong_reply_node/prefix_override:/usr/lib/python3/dist-packages/colcon_core/task/python/colcon_distutils_commands:/home/user/ros2_ws/install/pong_reply_node/lib/python3.10/site-packages:${PYTHONPATH} _=/usr/bin/env /usr/bin/python3 -W ignore:setup.py install is deprecated -W ignore:easy_install command is deprecated setup.py egg_info --egg-base ../../build/pong_reply_node build --build-base /home/user/ros2_ws/build/pong_reply_node/build install --record /home/user/ros2_ws/build/pong_reply_node/install.log --single-version-externally-managed install_data
