/usr/local/lib/python3.10/dist-packages/setuptools/_distutils/dist.py:289: UserWarning: Unknown distribution option: 'tests_require'
  warnings.warn(msg)
running egg_info
writing ../../build/led_control_node/led_control_node.egg-info/PKG-INFO
writing dependency_links to ../../build/led_control_node/led_control_node.egg-info/dependency_links.txt
writing entry points to ../../build/led_control_node/led_control_node.egg-info/entry_points.txt
writing requirements to ../../build/led_control_node/led_control_node.egg-info/requires.txt
writing top-level names to ../../build/led_control_node/led_control_node.egg-info/top_level.txt
reading manifest file '../../build/led_control_node/led_control_node.egg-info/SOURCES.txt'
writing manifest file '../../build/led_control_node/led_control_node.egg-info/SOURCES.txt'
running build
running build_py
copying led_control_node/led_control.py -> /home/user/ros2_ws/build/led_control_node/build/lib/led_control_node
running install
running install_lib
copying /home/user/ros2_ws/build/led_control_node/build/lib/led_control_node/led_control.py -> /home/user/ros2_ws/install/led_control_node/lib/python3.10/site-packages/led_control_node
byte-compiling /home/user/ros2_ws/install/led_control_node/lib/python3.10/site-packages/led_control_node/led_control.py to led_control.cpython-310.pyc
running install_data
running install_egg_info
removing '/home/user/ros2_ws/install/led_control_node/lib/python3.10/site-packages/led_control_node-0.0.0-py3.10.egg-info' (and everything under it)
Copying ../../build/led_control_node/led_control_node.egg-info to /home/user/ros2_ws/install/led_control_node/lib/python3.10/site-packages/led_control_node-0.0.0-py3.10.egg-info
running install_scripts
Installing led_control script to /home/user/ros2_ws/install/led_control_node/lib/led_control_node
writing list of installed files to '/home/user/ros2_ws/build/led_control_node/install.log'
