[17.889s] Invoking command in '/home/user/ros2_ws/src/led_control_node': PYTHONPATH=/home/user/ros2_ws/build/led_control_node/prefix_override:/usr/lib/python3/dist-packages/colcon_core/task/python/colcon_distutils_commands:/home/user/ros2_ws/install/led_control_node/lib/python3.10/site-packages:${PYTHONPATH} _=/usr/bin/env /usr/bin/python3 -W ignore:setup.py install is deprecated -W ignore:easy_install command is deprecated setup.py egg_info --egg-base ../../build/led_control_node build --build-base /home/user/ros2_ws/build/led_control_node/build install --record /home/user/ros2_ws/build/led_control_node/install.log --single-version-externally-managed install_data
[18.090s] /usr/local/lib/python3.10/dist-packages/setuptools/_distutils/dist.py:289: UserWarning: Unknown distribution option: 'tests_require'
[18.091s]   warnings.warn(msg)
[18.202s] running egg_info
[18.222s] writing ../../build/led_control_node/led_control_node.egg-info/PKG-INFO
[18.222s] writing dependency_links to ../../build/led_control_node/led_control_node.egg-info/dependency_links.txt
[18.222s] writing entry points to ../../build/led_control_node/led_control_node.egg-info/entry_points.txt
[18.223s] writing requirements to ../../build/led_control_node/led_control_node.egg-info/requires.txt
[18.223s] writing top-level names to ../../build/led_control_node/led_control_node.egg-info/top_level.txt
[18.261s] reading manifest file '../../build/led_control_node/led_control_node.egg-info/SOURCES.txt'
[18.262s] writing manifest file '../../build/led_control_node/led_control_node.egg-info/SOURCES.txt'
[18.263s] running build
[18.263s] running build_py
[18.263s] copying led_control_node/led_control.py -> /home/user/ros2_ws/build/led_control_node/build/lib/led_control_node
[18.263s] running install
[18.268s] running install_lib
[18.287s] copying /home/user/ros2_ws/build/led_control_node/build/lib/led_control_node/led_control.py -> /home/user/ros2_ws/install/led_control_node/lib/python3.10/site-packages/led_control_node
[18.287s] byte-compiling /home/user/ros2_ws/install/led_control_node/lib/python3.10/site-packages/led_control_node/led_control.py to led_control.cpython-310.pyc
[18.288s] running install_data
[18.289s] running install_egg_info
[18.308s] removing '/home/user/ros2_ws/install/led_control_node/lib/python3.10/site-packages/led_control_node-0.0.0-py3.10.egg-info' (and everything under it)
[18.308s] Copying ../../build/led_control_node/led_control_node.egg-info to /home/user/ros2_ws/install/led_control_node/lib/python3.10/site-packages/led_control_node-0.0.0-py3.10.egg-info
[18.310s] running install_scripts
[18.493s] Installing led_control script to /home/user/ros2_ws/install/led_control_node/lib/led_control_node
[18.494s] writing list of installed files to '/home/user/ros2_ws/build/led_control_node/install.log'
[18.541s] Invoked command in '/home/user/ros2_ws/src/led_control_node' returned '0': PYTHONPATH=/home/user/ros2_ws/build/led_control_node/prefix_override:/usr/lib/python3/dist-packages/colcon_core/task/python/colcon_distutils_commands:/home/user/ros2_ws/install/led_control_node/lib/python3.10/site-packages:${PYTHONPATH} _=/usr/bin/env /usr/bin/python3 -W ignore:setup.py install is deprecated -W ignore:easy_install command is deprecated setup.py egg_info --egg-base ../../build/led_control_node build --build-base /home/user/ros2_ws/build/led_control_node/build install --record /home/user/ros2_ws/build/led_control_node/install.log --single-version-externally-managed install_data
