[18.308s] DEBUG:colcon:Command line arguments: ['/usr/bin/colcon', 'build']
[18.309s] DEBUG:colcon:Parsed command line arguments: Namespace(log_base=None, log_level=None, verb_name='build', build_base='build', install_base='install', merge_install=False, symlink_install=False, test_result_base=None, continue_on_error=False, executor='parallel', parallel_workers=8, event_handlers=None, ignore_user_meta=False, metas=['./colcon.meta'], base_paths=['.'], packages_ignore=None, packages_ignore_regex=None, paths=None, packages_up_to=None, packages_up_to_regex=None, packages_above=None, packages_above_and_dependencies=None, packages_above_depth=None, packages_select_by_dep=None, packages_skip_by_dep=None, packages_skip_up_to=None, packages_select_build_failed=False, packages_skip_build_finished=False, packages_select_test_failures=False, packages_skip_test_passed=False, packages_select=None, packages_skip=None, packages_select_regex=None, packages_skip_regex=None, packages_start=None, packages_end=None, lookup_in_workspace=False, cargo_args=None, clean_build=False, cmake_args=None, cmake_target=None, cmake_target_skip_unavailable=False, cmake_clean_cache=False, cmake_clean_first=False, cmake_force_configure=False, ament_cmake_args=None, catkin_cmake_args=None, catkin_skip_building_tests=False, mixin_files=None, mixin=None, verb_parser=<colcon_mixin.mixin.mixin_argument.MixinArgumentDecorator object at 0x7f4c25585030>, verb_extension=<colcon_core.verb.build.BuildVerb object at 0x7f4c25584ac0>, main=<bound method BuildVerb.main of <colcon_core.verb.build.BuildVerb object at 0x7f4c25584ac0>>, mixin_verb=('build',))
[19.945s] Level 1:colcon.colcon_core.package_discovery:discover_packages(colcon_meta) check parameters
[19.945s] Level 1:colcon.colcon_core.package_discovery:discover_packages(recursive) check parameters
[19.945s] Level 1:colcon.colcon_core.package_discovery:discover_packages(ignore) check parameters
[19.945s] Level 1:colcon.colcon_core.package_discovery:discover_packages(path) check parameters
[19.946s] Level 1:colcon.colcon_core.package_discovery:discover_packages(colcon_meta) discover
[19.946s] Level 1:colcon.colcon_core.package_discovery:discover_packages(recursive) discover
[19.946s] INFO:colcon.colcon_core.package_discovery:Crawling recursively for packages in '/home/user/ros2_ws'
[19.946s] Level 1:colcon.colcon_core.package_identification:_identify(.) by extensions ['ignore', 'ignore_ament_install']
[19.946s] Level 1:colcon.colcon_core.package_identification:_identify(.) by extension 'ignore'
[19.946s] Level 1:colcon.colcon_core.package_identification:_identify(.) by extension 'ignore_ament_install'
[19.946s] Level 1:colcon.colcon_core.package_identification:_identify(.) by extensions ['colcon_pkg']
[19.946s] Level 1:colcon.colcon_core.package_identification:_identify(.) by extension 'colcon_pkg'
[19.946s] Level 1:colcon.colcon_core.package_identification:_identify(.) by extensions ['colcon_meta']
[19.946s] Level 1:colcon.colcon_core.package_identification:_identify(.) by extension 'colcon_meta'
[19.946s] Level 1:colcon.colcon_core.package_identification:_identify(.) by extensions ['ament_cargo']
[19.946s] Level 1:colcon.colcon_core.package_identification:_identify(.) by extension 'ament_cargo'
[19.946s] Level 1:colcon.colcon_core.package_identification:_identify(.) by extensions ['ros']
[19.946s] Level 1:colcon.colcon_core.package_identification:_identify(.) by extension 'ros'
[20.601s] Level 1:colcon.colcon_core.package_identification:_identify(.) by extensions ['cargo', 'cmake', 'python']
[20.601s] Level 1:colcon.colcon_core.package_identification:_identify(.) by extension 'cargo'
[20.601s] Level 1:colcon.colcon_core.package_identification:_identify(.) by extension 'cmake'
[20.601s] Level 1:colcon.colcon_core.package_identification:_identify(.) by extension 'python'
[20.601s] Level 1:colcon.colcon_core.package_identification:_identify(.) by extensions ['python_setup_py']
[20.601s] Level 1:colcon.colcon_core.package_identification:_identify(.) by extension 'python_setup_py'
[20.601s] Level 1:colcon.colcon_core.package_identification:_identify(build) by extensions ['ignore', 'ignore_ament_install']
[20.601s] Level 1:colcon.colcon_core.package_identification:_identify(build) by extension 'ignore'
[20.601s] Level 1:colcon.colcon_core.package_identification:_identify(build) ignored
[20.602s] Level 1:colcon.colcon_core.package_identification:_identify(install) by extensions ['ignore', 'ignore_ament_install']
[20.602s] Level 1:colcon.colcon_core.package_identification:_identify(install) by extension 'ignore'
[20.602s] Level 1:colcon.colcon_core.package_identification:_identify(install) ignored
[20.602s] Level 1:colcon.colcon_core.package_identification:_identify(log) by extensions ['ignore', 'ignore_ament_install']
[20.602s] Level 1:colcon.colcon_core.package_identification:_identify(log) by extension 'ignore'
[20.602s] Level 1:colcon.colcon_core.package_identification:_identify(log) ignored
[20.602s] Level 1:colcon.colcon_core.package_identification:_identify(src) by extensions ['ignore', 'ignore_ament_install']
[20.602s] Level 1:colcon.colcon_core.package_identification:_identify(src) by extension 'ignore'
[20.602s] Level 1:colcon.colcon_core.package_identification:_identify(src) by extension 'ignore_ament_install'
[20.602s] Level 1:colcon.colcon_core.package_identification:_identify(src) by extensions ['colcon_pkg']
[20.602s] Level 1:colcon.colcon_core.package_identification:_identify(src) by extension 'colcon_pkg'
[20.602s] Level 1:colcon.colcon_core.package_identification:_identify(src) by extensions ['colcon_meta']
[20.602s] Level 1:colcon.colcon_core.package_identification:_identify(src) by extension 'colcon_meta'
[20.602s] Level 1:colcon.colcon_core.package_identification:_identify(src) by extensions ['ament_cargo']
[20.602s] Level 1:colcon.colcon_core.package_identification:_identify(src) by extension 'ament_cargo'
[20.602s] Level 1:colcon.colcon_core.package_identification:_identify(src) by extensions ['ros']
[20.602s] Level 1:colcon.colcon_core.package_identification:_identify(src) by extension 'ros'
[20.602s] Level 1:colcon.colcon_core.package_identification:_identify(src) by extensions ['cargo', 'cmake', 'python']
[20.603s] Level 1:colcon.colcon_core.package_identification:_identify(src) by extension 'cargo'
[20.603s] Level 1:colcon.colcon_core.package_identification:_identify(src) by extension 'cmake'
[20.603s] Level 1:colcon.colcon_core.package_identification:_identify(src) by extension 'python'
[20.603s] Level 1:colcon.colcon_core.package_identification:_identify(src) by extensions ['python_setup_py']
[20.603s] Level 1:colcon.colcon_core.package_identification:_identify(src) by extension 'python_setup_py'
[20.603s] Level 1:colcon.colcon_core.package_identification:_identify(src/led_control_node) by extensions ['ignore', 'ignore_ament_install']
[20.603s] Level 1:colcon.colcon_core.package_identification:_identify(src/led_control_node) by extension 'ignore'
[20.603s] Level 1:colcon.colcon_core.package_identification:_identify(src/led_control_node) by extension 'ignore_ament_install'
[20.603s] Level 1:colcon.colcon_core.package_identification:_identify(src/led_control_node) by extensions ['colcon_pkg']
[20.603s] Level 1:colcon.colcon_core.package_identification:_identify(src/led_control_node) by extension 'colcon_pkg'
[20.603s] Level 1:colcon.colcon_core.package_identification:_identify(src/led_control_node) by extensions ['colcon_meta']
[20.603s] Level 1:colcon.colcon_core.package_identification:_identify(src/led_control_node) by extension 'colcon_meta'
[20.603s] Level 1:colcon.colcon_core.package_identification:_identify(src/led_control_node) by extensions ['ament_cargo']
[20.603s] Level 1:colcon.colcon_core.package_identification:_identify(src/led_control_node) by extension 'ament_cargo'
[20.603s] Level 1:colcon.colcon_core.package_identification:_identify(src/led_control_node) by extensions ['ros']
[20.603s] Level 1:colcon.colcon_core.package_identification:_identify(src/led_control_node) by extension 'ros'
[20.607s] DEBUG:colcon.colcon_core.package_identification:Package 'src/led_control_node' with type 'ros.ament_python' and name 'led_control_node'
[20.608s] Level 1:colcon.colcon_core.package_identification:_identify(src/pong_reply_node) by extensions ['ignore', 'ignore_ament_install']
[20.608s] Level 1:colcon.colcon_core.package_identification:_identify(src/pong_reply_node) by extension 'ignore'
[20.608s] Level 1:colcon.colcon_core.package_identification:_identify(src/pong_reply_node) by extension 'ignore_ament_install'
[20.608s] Level 1:colcon.colcon_core.package_identification:_identify(src/pong_reply_node) by extensions ['colcon_pkg']
[20.608s] Level 1:colcon.colcon_core.package_identification:_identify(src/pong_reply_node) by extension 'colcon_pkg'
[20.608s] Level 1:colcon.colcon_core.package_identification:_identify(src/pong_reply_node) by extensions ['colcon_meta']
[20.608s] Level 1:colcon.colcon_core.package_identification:_identify(src/pong_reply_node) by extension 'colcon_meta'
[20.608s] Level 1:colcon.colcon_core.package_identification:_identify(src/pong_reply_node) by extensions ['ament_cargo']
[20.608s] Level 1:colcon.colcon_core.package_identification:_identify(src/pong_reply_node) by extension 'ament_cargo'
[20.608s] Level 1:colcon.colcon_core.package_identification:_identify(src/pong_reply_node) by extensions ['ros']
[20.608s] Level 1:colcon.colcon_core.package_identification:_identify(src/pong_reply_node) by extension 'ros'
[20.609s] DEBUG:colcon.colcon_core.package_identification:Package 'src/pong_reply_node' with type 'ros.ament_python' and name 'pong_reply_node'
[20.609s] Level 1:colcon.colcon_core.package_discovery:discover_packages(recursive) using defaults
[20.609s] Level 1:colcon.colcon_core.package_discovery:discover_packages(ignore) discover
[20.609s] Level 1:colcon.colcon_core.package_discovery:discover_packages(ignore) using defaults
[20.609s] Level 1:colcon.colcon_core.package_discovery:discover_packages(path) discover
[20.609s] Level 1:colcon.colcon_core.package_discovery:discover_packages(path) using defaults
[21.128s] Level 5:colcon.colcon_core.verb:set package 'led_control_node' build argument 'lookup_in_workspace' from command line to 'False'
[21.128s] Level 5:colcon.colcon_core.verb:set package 'led_control_node' build argument 'cargo_args' from command line to 'None'
[21.128s] Level 5:colcon.colcon_core.verb:set package 'led_control_node' build argument 'clean_build' from command line to 'False'
[21.129s] Level 5:colcon.colcon_core.verb:set package 'led_control_node' build argument 'cmake_args' from command line to 'None'
[21.129s] Level 5:colcon.colcon_core.verb:set package 'led_control_node' build argument 'cmake_target' from command line to 'None'
[21.129s] Level 5:colcon.colcon_core.verb:set package 'led_control_node' build argument 'cmake_target_skip_unavailable' from command line to 'False'
[21.129s] Level 5:colcon.colcon_core.verb:set package 'led_control_node' build argument 'cmake_clean_cache' from command line to 'False'
[21.129s] Level 5:colcon.colcon_core.verb:set package 'led_control_node' build argument 'cmake_clean_first' from command line to 'False'
[21.129s] Level 5:colcon.colcon_core.verb:set package 'led_control_node' build argument 'cmake_force_configure' from command line to 'False'
[21.129s] Level 5:colcon.colcon_core.verb:set package 'led_control_node' build argument 'ament_cmake_args' from command line to 'None'
[21.129s] Level 5:colcon.colcon_core.verb:set package 'led_control_node' build argument 'catkin_cmake_args' from command line to 'None'
[21.129s] Level 5:colcon.colcon_core.verb:set package 'led_control_node' build argument 'catkin_skip_building_tests' from command line to 'False'
[21.129s] DEBUG:colcon.colcon_core.verb:Building package 'led_control_node' with the following arguments: {'ament_cmake_args': None, 'build_base': '/home/user/ros2_ws/build/led_control_node', 'cargo_args': None, 'catkin_cmake_args': None, 'catkin_skip_building_tests': False, 'clean_build': False, 'cmake_args': None, 'cmake_clean_cache': False, 'cmake_clean_first': False, 'cmake_force_configure': False, 'cmake_target': None, 'cmake_target_skip_unavailable': False, 'install_base': '/home/user/ros2_ws/install/led_control_node', 'lookup_in_workspace': False, 'merge_install': False, 'path': '/home/user/ros2_ws/src/led_control_node', 'symlink_install': False, 'test_result_base': None}
[21.129s] Level 5:colcon.colcon_core.verb:set package 'pong_reply_node' build argument 'lookup_in_workspace' from command line to 'False'
[21.129s] Level 5:colcon.colcon_core.verb:set package 'pong_reply_node' build argument 'cargo_args' from command line to 'None'
[21.129s] Level 5:colcon.colcon_core.verb:set package 'pong_reply_node' build argument 'clean_build' from command line to 'False'
[21.129s] Level 5:colcon.colcon_core.verb:set package 'pong_reply_node' build argument 'cmake_args' from command line to 'None'
[21.129s] Level 5:colcon.colcon_core.verb:set package 'pong_reply_node' build argument 'cmake_target' from command line to 'None'
[21.129s] Level 5:colcon.colcon_core.verb:set package 'pong_reply_node' build argument 'cmake_target_skip_unavailable' from command line to 'False'
[21.129s] Level 5:colcon.colcon_core.verb:set package 'pong_reply_node' build argument 'cmake_clean_cache' from command line to 'False'
[21.129s] Level 5:colcon.colcon_core.verb:set package 'pong_reply_node' build argument 'cmake_clean_first' from command line to 'False'
[21.129s] Level 5:colcon.colcon_core.verb:set package 'pong_reply_node' build argument 'cmake_force_configure' from command line to 'False'
[21.130s] Level 5:colcon.colcon_core.verb:set package 'pong_reply_node' build argument 'ament_cmake_args' from command line to 'None'
[21.130s] Level 5:colcon.colcon_core.verb:set package 'pong_reply_node' build argument 'catkin_cmake_args' from command line to 'None'
[21.130s] Level 5:colcon.colcon_core.verb:set package 'pong_reply_node' build argument 'catkin_skip_building_tests' from command line to 'False'
[21.130s] DEBUG:colcon.colcon_core.verb:Building package 'pong_reply_node' with the following arguments: {'ament_cmake_args': None, 'build_base': '/home/user/ros2_ws/build/pong_reply_node', 'cargo_args': None, 'catkin_cmake_args': None, 'catkin_skip_building_tests': False, 'clean_build': False, 'cmake_args': None, 'cmake_clean_cache': False, 'cmake_clean_first': False, 'cmake_force_configure': False, 'cmake_target': None, 'cmake_target_skip_unavailable': False, 'install_base': '/home/user/ros2_ws/install/pong_reply_node', 'lookup_in_workspace': False, 'merge_install': False, 'path': '/home/user/ros2_ws/src/pong_reply_node', 'symlink_install': False, 'test_result_base': None}
[21.130s] INFO:colcon.colcon_core.executor:Executing jobs using 'parallel' executor
[21.131s] DEBUG:colcon.colcon_parallel_executor.executor.parallel:run_until_complete
[21.131s] INFO:colcon.colcon_ros.task.ament_python.build:Building ROS package in '/home/user/ros2_ws/src/led_control_node' with build type 'ament_python'
[21.131s] Level 1:colcon.colcon_core.shell:create_environment_hook('led_control_node', 'ament_prefix_path')
[21.145s] INFO:colcon.colcon_core.plugin_system:Skipping extension 'colcon_core.shell.bat': Not used on non-Windows systems
[21.146s] INFO:colcon.colcon_core.shell:Creating environment hook '/home/user/ros2_ws/install/led_control_node/share/led_control_node/hook/ament_prefix_path.ps1'
[21.148s] INFO:colcon.colcon_core.shell:Creating environment descriptor '/home/user/ros2_ws/install/led_control_node/share/led_control_node/hook/ament_prefix_path.dsv'
[21.148s] INFO:colcon.colcon_core.shell:Creating environment hook '/home/user/ros2_ws/install/led_control_node/share/led_control_node/hook/ament_prefix_path.sh'
[21.150s] INFO:colcon.colcon_core.shell:Skip shell extension 'powershell' for command environment: Not usable outside of PowerShell
[21.150s] DEBUG:colcon.colcon_core.shell:Skip shell extension 'dsv' for command environment
[21.270s] INFO:colcon.colcon_ros.task.ament_python.build:Building ROS package in '/home/user/ros2_ws/src/pong_reply_node' with build type 'ament_python'
[21.271s] Level 1:colcon.colcon_core.shell:create_environment_hook('pong_reply_node', 'ament_prefix_path')
[21.271s] INFO:colcon.colcon_core.shell:Creating environment hook '/home/user/ros2_ws/install/pong_reply_node/share/pong_reply_node/hook/ament_prefix_path.ps1'
[21.271s] INFO:colcon.colcon_core.shell:Creating environment descriptor '/home/user/ros2_ws/install/pong_reply_node/share/pong_reply_node/hook/ament_prefix_path.dsv'
[21.272s] INFO:colcon.colcon_core.shell:Creating environment hook '/home/user/ros2_ws/install/pong_reply_node/share/pong_reply_node/hook/ament_prefix_path.sh'
[21.273s] INFO:colcon.colcon_core.shell:Skip shell extension 'powershell' for command environment: Not usable outside of PowerShell
[21.273s] DEBUG:colcon.colcon_core.shell:Skip shell extension 'dsv' for command environment
[21.643s] INFO:colcon.colcon_core.task.python.build:Building Python package in '/home/user/ros2_ws/src/led_control_node'
[21.644s] INFO:colcon.colcon_core.shell:Skip shell extension 'powershell' for command environment: Not usable outside of PowerShell
[21.644s] DEBUG:colcon.colcon_core.shell:Skip shell extension 'dsv' for command environment
[21.909s] INFO:colcon.colcon_core.task.python.build:Building Python package in '/home/user/ros2_ws/src/pong_reply_node'
[21.910s] INFO:colcon.colcon_core.shell:Skip shell extension 'powershell' for command environment: Not usable outside of PowerShell
[21.910s] DEBUG:colcon.colcon_core.shell:Skip shell extension 'dsv' for command environment
[38.377s] DEBUG:colcon.colcon_core.event_handler.log_command:Invoking command in '/home/user/ros2_ws/src/led_control_node': PYTHONPATH=/home/user/ros2_ws/build/led_control_node/prefix_override:/usr/lib/python3/dist-packages/colcon_core/task/python/colcon_distutils_commands:/home/user/ros2_ws/install/led_control_node/lib/python3.10/site-packages:${PYTHONPATH} _=/usr/bin/env /usr/bin/python3 -W ignore:setup.py install is deprecated -W ignore:easy_install command is deprecated setup.py egg_info --egg-base ../../build/led_control_node build --build-base /home/user/ros2_ws/build/led_control_node/build install --record /home/user/ros2_ws/build/led_control_node/install.log --single-version-externally-managed install_data
[38.505s] DEBUG:colcon.colcon_core.event_handler.log_command:Invoking command in '/home/user/ros2_ws/src/pong_reply_node': PYTHONPATH=/home/user/ros2_ws/build/pong_reply_node/prefix_override:/usr/lib/python3/dist-packages/colcon_core/task/python/colcon_distutils_commands:/home/user/ros2_ws/install/pong_reply_node/lib/python3.10/site-packages:${PYTHONPATH} _=/usr/bin/env /usr/bin/python3 -W ignore:setup.py install is deprecated -W ignore:easy_install command is deprecated setup.py egg_info --egg-base ../../build/pong_reply_node build --build-base /home/user/ros2_ws/build/pong_reply_node/build install --record /home/user/ros2_ws/build/pong_reply_node/install.log --single-version-externally-managed install_data
[39.146s] DEBUG:colcon.colcon_core.event_handler.log_command:Invoked command in '/home/user/ros2_ws/src/led_control_node' returned '0': PYTHONPATH=/home/user/ros2_ws/build/led_control_node/prefix_override:/usr/lib/python3/dist-packages/colcon_core/task/python/colcon_distutils_commands:/home/user/ros2_ws/install/led_control_node/lib/python3.10/site-packages:${PYTHONPATH} _=/usr/bin/env /usr/bin/python3 -W ignore:setup.py install is deprecated -W ignore:easy_install command is deprecated setup.py egg_info --egg-base ../../build/led_control_node build --build-base /home/user/ros2_ws/build/led_control_node/build install --record /home/user/ros2_ws/build/led_control_node/install.log --single-version-externally-managed install_data
[39.162s] Level 1:colcon.colcon_core.environment:checking '/home/user/ros2_ws/install/led_control_node' for CMake module files
[39.162s] Level 1:colcon.colcon_core.environment:checking '/home/user/ros2_ws/install/led_control_node' for CMake config files
[39.163s] Level 1:colcon.colcon_core.environment:checking '/home/user/ros2_ws/install/led_control_node/lib'
[39.163s] Level 1:colcon.colcon_core.environment:checking '/home/user/ros2_ws/install/led_control_node/bin'
[39.163s] Level 1:colcon.colcon_core.environment:checking '/home/user/ros2_ws/install/led_control_node/lib/pkgconfig/led_control_node.pc'
[39.164s] Level 1:colcon.colcon_core.environment:checking '/home/user/ros2_ws/install/led_control_node/lib/python3.10/site-packages'
[39.164s] Level 1:colcon.colcon_core.shell:create_environment_hook('led_control_node', 'pythonpath')
[39.164s] INFO:colcon.colcon_core.shell:Creating environment hook '/home/user/ros2_ws/install/led_control_node/share/led_control_node/hook/pythonpath.ps1'
[39.164s] INFO:colcon.colcon_core.shell:Creating environment descriptor '/home/user/ros2_ws/install/led_control_node/share/led_control_node/hook/pythonpath.dsv'
[39.165s] INFO:colcon.colcon_core.shell:Creating environment hook '/home/user/ros2_ws/install/led_control_node/share/led_control_node/hook/pythonpath.sh'
[39.165s] Level 1:colcon.colcon_core.environment:checking '/home/user/ros2_ws/install/led_control_node/bin'
[39.166s] Level 1:colcon.colcon_core.environment:create_environment_scripts_only(led_control_node)
[39.166s] INFO:colcon.colcon_core.shell:Creating package script '/home/user/ros2_ws/install/led_control_node/share/led_control_node/package.ps1'
[39.167s] INFO:colcon.colcon_core.shell:Creating package descriptor '/home/user/ros2_ws/install/led_control_node/share/led_control_node/package.dsv'
[39.168s] INFO:colcon.colcon_core.shell:Creating package script '/home/user/ros2_ws/install/led_control_node/share/led_control_node/package.sh'
[39.170s] INFO:colcon.colcon_core.shell:Creating package script '/home/user/ros2_ws/install/led_control_node/share/led_control_node/package.bash'
[39.172s] INFO:colcon.colcon_core.shell:Creating package script '/home/user/ros2_ws/install/led_control_node/share/led_control_node/package.zsh'
[39.174s] Level 1:colcon.colcon_core.environment:create_file_with_runtime_dependencies(/home/user/ros2_ws/install/led_control_node/share/colcon-core/packages/led_control_node)
[39.177s] Level 1:colcon.colcon_core.environment:checking '/home/user/ros2_ws/install/pong_reply_node' for CMake module files
[39.177s] DEBUG:colcon.colcon_core.event_handler.log_command:Invoked command in '/home/user/ros2_ws/src/pong_reply_node' returned '0': PYTHONPATH=/home/user/ros2_ws/build/pong_reply_node/prefix_override:/usr/lib/python3/dist-packages/colcon_core/task/python/colcon_distutils_commands:/home/user/ros2_ws/install/pong_reply_node/lib/python3.10/site-packages:${PYTHONPATH} _=/usr/bin/env /usr/bin/python3 -W ignore:setup.py install is deprecated -W ignore:easy_install command is deprecated setup.py egg_info --egg-base ../../build/pong_reply_node build --build-base /home/user/ros2_ws/build/pong_reply_node/build install --record /home/user/ros2_ws/build/pong_reply_node/install.log --single-version-externally-managed install_data
[39.177s] Level 1:colcon.colcon_core.environment:checking '/home/user/ros2_ws/install/pong_reply_node' for CMake config files
[39.178s] Level 1:colcon.colcon_core.environment:checking '/home/user/ros2_ws/install/pong_reply_node/lib'
[39.178s] Level 1:colcon.colcon_core.environment:checking '/home/user/ros2_ws/install/pong_reply_node/bin'
[39.178s] Level 1:colcon.colcon_core.environment:checking '/home/user/ros2_ws/install/pong_reply_node/lib/pkgconfig/pong_reply_node.pc'
[39.178s] Level 1:colcon.colcon_core.environment:checking '/home/user/ros2_ws/install/pong_reply_node/lib/python3.10/site-packages'
[39.178s] Level 1:colcon.colcon_core.shell:create_environment_hook('pong_reply_node', 'pythonpath')
[39.179s] INFO:colcon.colcon_core.shell:Creating environment hook '/home/user/ros2_ws/install/pong_reply_node/share/pong_reply_node/hook/pythonpath.ps1'
[39.179s] INFO:colcon.colcon_core.shell:Creating environment descriptor '/home/user/ros2_ws/install/pong_reply_node/share/pong_reply_node/hook/pythonpath.dsv'
[39.179s] INFO:colcon.colcon_core.shell:Creating environment hook '/home/user/ros2_ws/install/pong_reply_node/share/pong_reply_node/hook/pythonpath.sh'
[39.180s] Level 1:colcon.colcon_core.environment:checking '/home/user/ros2_ws/install/pong_reply_node/bin'
[39.180s] Level 1:colcon.colcon_core.environment:create_environment_scripts_only(pong_reply_node)
[39.180s] INFO:colcon.colcon_core.shell:Creating package script '/home/user/ros2_ws/install/pong_reply_node/share/pong_reply_node/package.ps1'
[39.181s] INFO:colcon.colcon_core.shell:Creating package descriptor '/home/user/ros2_ws/install/pong_reply_node/share/pong_reply_node/package.dsv'
[39.181s] INFO:colcon.colcon_core.shell:Creating package script '/home/user/ros2_ws/install/pong_reply_node/share/pong_reply_node/package.sh'
[39.182s] INFO:colcon.colcon_core.shell:Creating package script '/home/user/ros2_ws/install/pong_reply_node/share/pong_reply_node/package.bash'
[39.182s] INFO:colcon.colcon_core.shell:Creating package script '/home/user/ros2_ws/install/pong_reply_node/share/pong_reply_node/package.zsh'
[39.182s] Level 1:colcon.colcon_core.environment:create_file_with_runtime_dependencies(/home/user/ros2_ws/install/pong_reply_node/share/colcon-core/packages/pong_reply_node)
[39.183s] DEBUG:colcon.colcon_parallel_executor.executor.parallel:closing loop
[39.183s] DEBUG:colcon.colcon_parallel_executor.executor.parallel:loop closed
[39.183s] DEBUG:colcon.colcon_parallel_executor.executor.parallel:run_until_complete finished with '0'
[39.183s] DEBUG:colcon.colcon_core.event_reactor:joining thread
[39.849s] INFO:colcon.colcon_core.plugin_system:Skipping extension 'colcon_notification.desktop_notification.notify_send': Could not find 'notify-send'
[39.849s] INFO:colcon.colcon_core.plugin_system:Skipping extension 'colcon_notification.desktop_notification.terminal_notifier': Not used on non-Darwin systems
[39.849s] INFO:colcon.colcon_core.plugin_system:Skipping extension 'colcon_notification.desktop_notification.win32': Not used on non-Windows systems
[39.849s] INFO:colcon.colcon_notification.desktop_notification:Sending desktop notification using 'notify2'
[39.852s] DEBUG:colcon.colcon_notification.desktop_notification.notify2:Failed to initialize notify2: org.freedesktop.DBus.Error.Spawn.ExecFailed: /usr/bin/dbus-launch terminated abnormally without any error message
[39.852s] DEBUG:colcon.colcon_core.event_reactor:joined thread
[39.853s] INFO:colcon.colcon_core.shell:Creating prefix script '/home/user/ros2_ws/install/local_setup.ps1'
[39.855s] INFO:colcon.colcon_core.shell:Creating prefix util module '/home/user/ros2_ws/install/_local_setup_util_ps1.py'
[39.857s] INFO:colcon.colcon_core.shell:Creating prefix chain script '/home/user/ros2_ws/install/setup.ps1'
[39.860s] INFO:colcon.colcon_core.shell:Creating prefix script '/home/user/ros2_ws/install/local_setup.sh'
[39.861s] INFO:colcon.colcon_core.shell:Creating prefix util module '/home/user/ros2_ws/install/_local_setup_util_sh.py'
[39.862s] INFO:colcon.colcon_core.shell:Creating prefix chain script '/home/user/ros2_ws/install/setup.sh'
[39.865s] INFO:colcon.colcon_core.shell:Creating prefix script '/home/user/ros2_ws/install/local_setup.bash'
[39.866s] INFO:colcon.colcon_core.shell:Creating prefix chain script '/home/user/ros2_ws/install/setup.bash'
[39.869s] INFO:colcon.colcon_core.shell:Creating prefix script '/home/user/ros2_ws/install/local_setup.zsh'
[39.870s] INFO:colcon.colcon_core.shell:Creating prefix chain script '/home/user/ros2_ws/install/setup.zsh'
