[1.189s] Invoking command in '/home/user/microros_ws/firmware/mcu_ws/uros/tracetools/tracetools_launch': AMENT_PREFIX_PATH=/home/user/microros_ws/firmware/mcu_ws/install:${AMENT_PREFIX_PATH} CMAKE_PREFIX_PATH=/home/user/microros_ws/firmware/mcu_ws/install:${CMAKE_PREFIX_PATH} PATH=/home/user/microros_ws/firmware/mcu_ws/install/bin:${PATH} PYTHONPATH=/home/user/microros_ws/firmware/mcu_ws/build/tracetools_launch/prefix_override:/home/user/microros_ws/firmware/toolchain/espressif/python_env/idf4.1_py3.10_env/lib/python3.10/site-packages/colcon_core/task/python/colcon_distutils_commands:/home/user/microros_ws/firmware/mcu_ws/install/lib/python3.10/site-packages:/home/user/microros_ws/firmware/mcu_ws/install/lib/python3.10/site-packages:${PYTHONPATH} _=/usr/bin/env /home/user/microros_ws/firmware/toolchain/espressif/python_env/idf4.1_py3.10_env/bin/python -W ignore:setup.py install is deprecated -W ignore:easy_install command is deprecated setup.py egg_info --egg-base ../../../build/tracetools_launch build --build-base /home/user/microros_ws/firmware/mcu_ws/build/tracetools_launch/build install --record /home/user/microros_ws/firmware/mcu_ws/build/tracetools_launch/install.log --single-version-externally-managed install_data
[1.414s] /home/user/microros_ws/firmware/toolchain/espressif/python_env/idf4.1_py3.10_env/lib/python3.10/site-packages/setuptools/_distutils/dist.py:289: UserWarning: Unknown distribution option: 'tests_require'
[1.414s]   warnings.warn(msg)
[1.476s] running egg_info
[1.486s] creating ../../../build/tracetools_launch/tracetools_launch.egg-info
[1.487s] writing ../../../build/tracetools_launch/tracetools_launch.egg-info/PKG-INFO
[1.487s] writing dependency_links to ../../../build/tracetools_launch/tracetools_launch.egg-info/dependency_links.txt
[1.487s] writing entry points to ../../../build/tracetools_launch/tracetools_launch.egg-info/entry_points.txt
[1.488s] writing requirements to ../../../build/tracetools_launch/tracetools_launch.egg-info/requires.txt
[1.488s] writing top-level names to ../../../build/tracetools_launch/tracetools_launch.egg-info/top_level.txt
[1.488s] writing manifest file '../../../build/tracetools_launch/tracetools_launch.egg-info/SOURCES.txt'
[1.512s] reading manifest file '../../../build/tracetools_launch/tracetools_launch.egg-info/SOURCES.txt'
[1.513s] writing manifest file '../../../build/tracetools_launch/tracetools_launch.egg-info/SOURCES.txt'
[1.514s] running build
[1.514s] running build_py
[1.514s] creating /home/user/microros_ws/firmware/mcu_ws/build/tracetools_launch/build/lib/tracetools_launch
[1.514s] copying tracetools_launch/__init__.py -> /home/user/microros_ws/firmware/mcu_ws/build/tracetools_launch/build/lib/tracetools_launch
[1.514s] copying tracetools_launch/action.py -> /home/user/microros_ws/firmware/mcu_ws/build/tracetools_launch/build/lib/tracetools_launch
[1.515s] creating /home/user/microros_ws/firmware/mcu_ws/build/tracetools_launch/build/lib/tracetools_launch/actions
[1.515s] copying tracetools_launch/actions/__init__.py -> /home/user/microros_ws/firmware/mcu_ws/build/tracetools_launch/build/lib/tracetools_launch/actions
[1.515s] copying tracetools_launch/actions/ld_preload.py -> /home/user/microros_ws/firmware/mcu_ws/build/tracetools_launch/build/lib/tracetools_launch/actions
[1.516s] running install
[1.524s] running install_lib
[1.534s] creating /home/user/microros_ws/firmware/mcu_ws/install/lib/python3.10/site-packages/tracetools_launch
[1.534s] copying /home/user/microros_ws/firmware/mcu_ws/build/tracetools_launch/build/lib/tracetools_launch/__init__.py -> /home/user/microros_ws/firmware/mcu_ws/install/lib/python3.10/site-packages/tracetools_launch
[1.534s] creating /home/user/microros_ws/firmware/mcu_ws/install/lib/python3.10/site-packages/tracetools_launch/actions
[1.534s] copying /home/user/microros_ws/firmware/mcu_ws/build/tracetools_launch/build/lib/tracetools_launch/actions/__init__.py -> /home/user/microros_ws/firmware/mcu_ws/install/lib/python3.10/site-packages/tracetools_launch/actions
[1.535s] copying /home/user/microros_ws/firmware/mcu_ws/build/tracetools_launch/build/lib/tracetools_launch/actions/ld_preload.py -> /home/user/microros_ws/firmware/mcu_ws/install/lib/python3.10/site-packages/tracetools_launch/actions
[1.535s] copying /home/user/microros_ws/firmware/mcu_ws/build/tracetools_launch/build/lib/tracetools_launch/action.py -> /home/user/microros_ws/firmware/mcu_ws/install/lib/python3.10/site-packages/tracetools_launch
[1.536s] byte-compiling /home/user/microros_ws/firmware/mcu_ws/install/lib/python3.10/site-packages/tracetools_launch/__init__.py to __init__.cpython-310.pyc
[1.536s] byte-compiling /home/user/microros_ws/firmware/mcu_ws/install/lib/python3.10/site-packages/tracetools_launch/actions/__init__.py to __init__.cpython-310.pyc
[1.537s] byte-compiling /home/user/microros_ws/firmware/mcu_ws/install/lib/python3.10/site-packages/tracetools_launch/actions/ld_preload.py to ld_preload.cpython-310.pyc
[1.538s] byte-compiling /home/user/microros_ws/firmware/mcu_ws/install/lib/python3.10/site-packages/tracetools_launch/action.py to action.cpython-310.pyc
[1.541s] running install_data
[1.541s] copying package.xml -> /home/user/microros_ws/firmware/mcu_ws/install/share/tracetools_launch
[1.542s] creating /home/user/microros_ws/firmware/mcu_ws/install/share/tracetools_launch/launch
[1.542s] copying launch/example.launch.xml -> /home/user/microros_ws/firmware/mcu_ws/install/share/tracetools_launch/launch
[1.542s] copying launch/example.launch.py -> /home/user/microros_ws/firmware/mcu_ws/install/share/tracetools_launch/launch
[1.542s] copying launch/example.launch.yaml -> /home/user/microros_ws/firmware/mcu_ws/install/share/tracetools_launch/launch
[1.542s] copying resource/tracetools_launch -> /home/user/microros_ws/firmware/mcu_ws/install/share/ament_index/resource_index/packages
[1.542s] running install_egg_info
[1.554s] Copying ../../../build/tracetools_launch/tracetools_launch.egg-info to /home/user/microros_ws/firmware/mcu_ws/install/lib/python3.10/site-packages/tracetools_launch-4.1.1-py3.10.egg-info
[1.555s] running install_scripts
[1.618s] writing list of installed files to '/home/user/microros_ws/firmware/mcu_ws/build/tracetools_launch/install.log'
[1.653s] Invoked command in '/home/user/microros_ws/firmware/mcu_ws/uros/tracetools/tracetools_launch' returned '0': AMENT_PREFIX_PATH=/home/user/microros_ws/firmware/mcu_ws/install:${AMENT_PREFIX_PATH} CMAKE_PREFIX_PATH=/home/user/microros_ws/firmware/mcu_ws/install:${CMAKE_PREFIX_PATH} PATH=/home/user/microros_ws/firmware/mcu_ws/install/bin:${PATH} PYTHONPATH=/home/user/microros_ws/firmware/mcu_ws/build/tracetools_launch/prefix_override:/home/user/microros_ws/firmware/toolchain/espressif/python_env/idf4.1_py3.10_env/lib/python3.10/site-packages/colcon_core/task/python/colcon_distutils_commands:/home/user/microros_ws/firmware/mcu_ws/install/lib/python3.10/site-packages:/home/user/microros_ws/firmware/mcu_ws/install/lib/python3.10/site-packages:${PYTHONPATH} _=/usr/bin/env /home/user/microros_ws/firmware/toolchain/espressif/python_env/idf4.1_py3.10_env/bin/python -W ignore:setup.py install is deprecated -W ignore:easy_install command is deprecated setup.py egg_info --egg-base ../../../build/tracetools_launch build --build-base /home/user/microros_ws/firmware/mcu_ws/build/tracetools_launch/build install --record /home/user/microros_ws/firmware/mcu_ws/build/tracetools_launch/install.log --single-version-externally-managed install_data
