running egg_info
creating ../../build/led_control_node/led_control_node.egg-info
writing ../../build/led_control_node/led_control_node.egg-info/PKG-INFO
writing dependency_links to ../../build/led_control_node/led_control_node.egg-info/dependency_links.txt
writing entry points to ../../build/led_control_node/led_control_node.egg-info/entry_points.txt
writing requirements to ../../build/led_control_node/led_control_node.egg-info/requires.txt
writing top-level names to ../../build/led_control_node/led_control_node.egg-info/top_level.txt
writing manifest file '../../build/led_control_node/led_control_node.egg-info/SOURCES.txt'
reading manifest file '../../build/led_control_node/led_control_node.egg-info/SOURCES.txt'
writing manifest file '../../build/led_control_node/led_control_node.egg-info/SOURCES.txt'
running build
running build_py
creating /home/user/ros2_ws/build/led_control_node/build/lib/led_control_node
copying led_control_node/led_control.py -> /home/user/ros2_ws/build/led_control_node/build/lib/led_control_node
copying led_control_node/__init__.py -> /home/user/ros2_ws/build/led_control_node/build/lib/led_control_node
running install
running install_lib
creating /home/user/ros2_ws/install/led_control_node/lib/python3.10/site-packages/led_control_node
copying /home/user/ros2_ws/build/led_control_node/build/lib/led_control_node/led_control.py -> /home/user/ros2_ws/install/led_control_node/lib/python3.10/site-packages/led_control_node
copying /home/user/ros2_ws/build/led_control_node/build/lib/led_control_node/__init__.py -> /home/user/ros2_ws/install/led_control_node/lib/python3.10/site-packages/led_control_node
byte-compiling /home/user/ros2_ws/install/led_control_node/lib/python3.10/site-packages/led_control_node/led_control.py to led_control.cpython-310.pyc
byte-compiling /home/user/ros2_ws/install/led_control_node/lib/python3.10/site-packages/led_control_node/__init__.py to __init__.cpython-310.pyc
running install_data
creating /home/user/ros2_ws/install/led_control_node/share/ament_index/resource_index/packages
copying resource/led_control_node -> /home/user/ros2_ws/install/led_control_node/share/ament_index/resource_index/packages
copying package.xml -> /home/user/ros2_ws/install/led_control_node/share/led_control_node
running install_egg_info
Copying ../../build/led_control_node/led_control_node.egg-info to /home/user/ros2_ws/install/led_control_node/lib/python3.10/site-packages/led_control_node-0.0.0-py3.10.egg-info
running install_scripts
Installing led_control script to /home/user/ros2_ws/install/led_control_node/lib/led_control_node
writing list of installed files to '/home/user/ros2_ws/build/led_control_node/install.log'
