[17.138s] Invoking command in '/home/user/ros2_ws/src/led_control_node': PYTHONPATH=/home/user/ros2_ws/build/led_control_node/prefix_override:/usr/lib/python3/dist-packages/colcon_core/task/python/colcon_distutils_commands:/home/user/ros2_ws/install/led_control_node/lib/python3.10/site-packages:${PYTHONPATH} _=/usr/bin/env /usr/bin/python3 -W ignore:setup.py install is deprecated -W ignore:easy_install command is deprecated setup.py egg_info --egg-base ../../build/led_control_node build --build-base /home/user/ros2_ws/build/led_control_node/build install --record /home/user/ros2_ws/build/led_control_node/install.log --single-version-externally-managed install_data
[17.355s] /usr/local/lib/python3.10/dist-packages/setuptools/_distutils/dist.py:289: UserWarning: Unknown distribution option: 'tests_require'
[17.355s]   warnings.warn(msg)
[17.482s] running egg_info
[17.503s] creating ../../build/led_control_node/led_control_node.egg-info
[17.503s] writing ../../build/led_control_node/led_control_node.egg-info/PKG-INFO
[17.504s] writing dependency_links to ../../build/led_control_node/led_control_node.egg-info/dependency_links.txt
[17.504s] writing entry points to ../../build/led_control_node/led_control_node.egg-info/entry_points.txt
[17.504s] writing requirements to ../../build/led_control_node/led_control_node.egg-info/requires.txt
[17.504s] writing top-level names to ../../build/led_control_node/led_control_node.egg-info/top_level.txt
[17.504s] writing manifest file '../../build/led_control_node/led_control_node.egg-info/SOURCES.txt'
[17.547s] reading manifest file '../../build/led_control_node/led_control_node.egg-info/SOURCES.txt'
[17.549s] writing manifest file '../../build/led_control_node/led_control_node.egg-info/SOURCES.txt'
[17.549s] running build
[17.549s] running build_py
[17.549s] creating /home/user/ros2_ws/build/led_control_node/build/lib/led_control_node
[17.549s] copying led_control_node/led_control.py -> /home/user/ros2_ws/build/led_control_node/build/lib/led_control_node
[17.550s] copying led_control_node/__init__.py -> /home/user/ros2_ws/build/led_control_node/build/lib/led_control_node
[17.550s] running install
[17.555s] running install_lib
[17.577s] creating /home/user/ros2_ws/install/led_control_node/lib/python3.10/site-packages/led_control_node
[17.577s] copying /home/user/ros2_ws/build/led_control_node/build/lib/led_control_node/led_control.py -> /home/user/ros2_ws/install/led_control_node/lib/python3.10/site-packages/led_control_node
[17.578s] copying /home/user/ros2_ws/build/led_control_node/build/lib/led_control_node/__init__.py -> /home/user/ros2_ws/install/led_control_node/lib/python3.10/site-packages/led_control_node
[17.578s] byte-compiling /home/user/ros2_ws/install/led_control_node/lib/python3.10/site-packages/led_control_node/led_control.py to led_control.cpython-310.pyc
[17.580s] byte-compiling /home/user/ros2_ws/install/led_control_node/lib/python3.10/site-packages/led_control_node/__init__.py to __init__.cpython-310.pyc
[17.580s] running install_data
[17.580s] creating /home/user/ros2_ws/install/led_control_node/share/ament_index/resource_index/packages
[17.580s] copying resource/led_control_node -> /home/user/ros2_ws/install/led_control_node/share/ament_index/resource_index/packages
[17.581s] copying package.xml -> /home/user/ros2_ws/install/led_control_node/share/led_control_node
[17.581s] running install_egg_info
[17.604s] Copying ../../build/led_control_node/led_control_node.egg-info to /home/user/ros2_ws/install/led_control_node/lib/python3.10/site-packages/led_control_node-0.0.0-py3.10.egg-info
[17.606s] running install_scripts
[17.790s] Installing led_control script to /home/user/ros2_ws/install/led_control_node/lib/led_control_node
[17.790s] writing list of installed files to '/home/user/ros2_ws/build/led_control_node/install.log'
[17.848s] Invoked command in '/home/user/ros2_ws/src/led_control_node' returned '0': PYTHONPATH=/home/user/ros2_ws/build/led_control_node/prefix_override:/usr/lib/python3/dist-packages/colcon_core/task/python/colcon_distutils_commands:/home/user/ros2_ws/install/led_control_node/lib/python3.10/site-packages:${PYTHONPATH} _=/usr/bin/env /usr/bin/python3 -W ignore:setup.py install is deprecated -W ignore:easy_install command is deprecated setup.py egg_info --egg-base ../../build/led_control_node build --build-base /home/user/ros2_ws/build/led_control_node/build install --record /home/user/ros2_ws/build/led_control_node/install.log --single-version-externally-managed install_data
