[0.802s] Invoking command in '/home/user/microros_ws/firmware/mcu_ws/uros/tracetools/tracetools_read': PYTHONPATH=/home/user/microros_ws/firmware/mcu_ws/build/tracetools_read/prefix_override:/home/user/microros_ws/firmware/toolchain/espressif/python_env/idf4.1_py3.10_env/lib/python3.10/site-packages/colcon_core/task/python/colcon_distutils_commands:/home/user/microros_ws/firmware/mcu_ws/install/lib/python3.10/site-packages:${PYTHONPATH} _=/usr/bin/env /home/user/microros_ws/firmware/toolchain/espressif/python_env/idf4.1_py3.10_env/bin/python -W ignore:setup.py install is deprecated -W ignore:easy_install command is deprecated setup.py egg_info --egg-base ../../../build/tracetools_read build --build-base /home/user/microros_ws/firmware/mcu_ws/build/tracetools_read/build install --record /home/user/microros_ws/firmware/mcu_ws/build/tracetools_read/install.log --single-version-externally-managed install_data
[0.997s] /home/user/microros_ws/firmware/toolchain/espressif/python_env/idf4.1_py3.10_env/lib/python3.10/site-packages/setuptools/_distutils/dist.py:289: UserWarning: Unknown distribution option: 'tests_require'
[0.997s]   warnings.warn(msg)
[1.043s] running egg_info
[1.050s] writing ../../../build/tracetools_read/tracetools_read.egg-info/PKG-INFO
[1.050s] writing dependency_links to ../../../build/tracetools_read/tracetools_read.egg-info/dependency_links.txt
[1.050s] writing requirements to ../../../build/tracetools_read/tracetools_read.egg-info/requires.txt
[1.051s] writing top-level names to ../../../build/tracetools_read/tracetools_read.egg-info/top_level.txt
[1.065s] reading manifest file '../../../build/tracetools_read/tracetools_read.egg-info/SOURCES.txt'
[1.066s] writing manifest file '../../../build/tracetools_read/tracetools_read.egg-info/SOURCES.txt'
[1.066s] running build
[1.066s] running build_py
[1.067s] copying tracetools_read/__init__.py -> /home/user/microros_ws/firmware/mcu_ws/build/tracetools_read/build/lib/tracetools_read
[1.067s] copying tracetools_read/trace.py -> /home/user/microros_ws/firmware/mcu_ws/build/tracetools_read/build/lib/tracetools_read
[1.067s] running install
[1.071s] running install_lib
[1.079s] running install_data
[1.079s] copying package.xml -> /home/user/microros_ws/firmware/mcu_ws/install/share/tracetools_read
[1.079s] copying resource/tracetools_read -> /home/user/microros_ws/firmware/mcu_ws/install/share/ament_index/resource_index/packages
[1.080s] running install_egg_info
[1.088s] removing '/home/user/microros_ws/firmware/mcu_ws/install/lib/python3.10/site-packages/tracetools_read-4.1.1-py3.10.egg-info' (and everything under it)
[1.088s] Copying ../../../build/tracetools_read/tracetools_read.egg-info to /home/user/microros_ws/firmware/mcu_ws/install/lib/python3.10/site-packages/tracetools_read-4.1.1-py3.10.egg-info
[1.089s] running install_scripts
[1.137s] writing list of installed files to '/home/user/microros_ws/firmware/mcu_ws/build/tracetools_read/install.log'
[1.411s] Invoked command in '/home/user/microros_ws/firmware/mcu_ws/uros/tracetools/tracetools_read' returned '0': PYTHONPATH=/home/user/microros_ws/firmware/mcu_ws/build/tracetools_read/prefix_override:/home/user/microros_ws/firmware/toolchain/espressif/python_env/idf4.1_py3.10_env/lib/python3.10/site-packages/colcon_core/task/python/colcon_distutils_commands:/home/user/microros_ws/firmware/mcu_ws/install/lib/python3.10/site-packages:${PYTHONPATH} _=/usr/bin/env /home/user/microros_ws/firmware/toolchain/espressif/python_env/idf4.1_py3.10_env/bin/python -W ignore:setup.py install is deprecated -W ignore:easy_install command is deprecated setup.py egg_info --egg-base ../../../build/tracetools_read build --build-base /home/user/microros_ws/firmware/mcu_ws/build/tracetools_read/build install --record /home/user/microros_ws/firmware/mcu_ws/build/tracetools_read/install.log --single-version-externally-managed install_data
