[0.019s] Invoking command in '/home/user/microros_ws/build/micro_ros_msgs': CMAKE_PREFIX_PATH=${CMAKE_PREFIX_PATH}:/home/user/ros2_ws/install/led_control_node:/home/simulations/ros2_sims_ws/install/rclrs_tests:/home/simulations/ros2_sims_ws/install/examples_rclrs_minimal_client_service:/home/simulations/ros2_sims_ws/install/sensor_msgs_py:/home/simulations/ros2_sims_ws/install/examples_rclrs_minimal_pub_sub:/home/simulations/ros2_sims_ws/install/examples_rclrs_message_demo:/home/simulations/ros2_sims_ws/install/rclrs:/home/simulations/ros2_sims_ws/install/rosidl_runtime_rs:/home/user/ros2_ws/install/pong_reply_node:/opt/ros/humble _=/usr/bin/env /usr/bin/cmake /home/user/microros_ws/src/uros/micro_ros_msgs -DUAGENT_BUILD_EXECUTABLE=OFF -DUAGENT_P2P_PROFILE=OFF --no-warn-unused-cli -DCMAKE_INSTALL_PREFIX=/home/user/microros_ws/install/micro_ros_msgs
[0.028s] Not searching for unused variables given on the command line.
[0.081s] -- The C compiler identification is GNU 11.4.0
[0.137s] -- The CXX compiler identification is GNU 11.4.0
[0.145s] -- Detecting C compiler ABI info
[0.225s] -- Detecting C compiler ABI info - done
[0.232s] -- Check for working C compiler: /usr/bin/cc - skipped
[0.232s] -- Detecting C compile features
[0.233s] -- Detecting C compile features - done
[0.236s] -- Detecting CXX compiler ABI info
[0.325s] -- Detecting CXX compiler ABI info - done
[0.332s] -- Check for working CXX compiler: /usr/bin/c++ - skipped
[0.333s] -- Detecting CXX compile features
[0.333s] -- Detecting CXX compile features - done
[0.344s] -- Found ament_cmake: 1.3.11 (/opt/ros/humble/share/ament_cmake/cmake)
[0.825s] -- Found Python3: /usr/bin/python3 (found version "3.10.12") found components: Interpreter 
[1.047s] -- Found rosidl_default_generators: 1.2.0 (/home/simulations/ros2_sims_ws/install/rosidl_default_generators/share/rosidl_default_generators/cmake)
[1.074s] -- Using all available rosidl_typesupport_c: rosidl_typesupport_fastrtps_c;rosidl_typesupport_introspection_c
[1.204s] -- Found rosidl_adapter: 3.1.6 (/opt/ros/humble/share/rosidl_adapter/cmake)
[1.575s] -- Using all available rosidl_typesupport_cpp: rosidl_typesupport_fastrtps_cpp;rosidl_typesupport_introspection_cpp
[1.718s] -- Found ament_lint_auto: 0.12.12 (/opt/ros/humble/share/ament_lint_auto/cmake)
[2.158s] -- Found ament_cmake_ros: 0.10.0 (/opt/ros/humble/share/ament_cmake_ros/cmake)
[2.448s] -- Using all available rosidl_typesupport_c: rosidl_typesupport_fastrtps_c;rosidl_typesupport_introspection_c
[2.794s] -- Using all available rosidl_typesupport_cpp: rosidl_typesupport_fastrtps_cpp;rosidl_typesupport_introspection_cpp
[2.808s] -- Found rmw_implementation_cmake: 6.1.2 (/opt/ros/humble/share/rmw_implementation_cmake/cmake)
[4.723s] -- Found OpenSSL: /usr/lib/x86_64-linux-gnu/libcrypto.so (found version "3.0.2")  
[4.780s] -- Found FastRTPS: /opt/ros/humble/include  
[4.903s] -- Found PythonInterp: /usr/bin/python3 (found suitable version "3.10.12", minimum required is "3.6") 
[4.915s] -- Found python_cmake_module: 0.10.0 (/opt/ros/humble/share/python_cmake_module/cmake)
[5.332s] -- Found PythonLibs: /usr/lib/x86_64-linux-gnu/libpython3.10.so (found suitable version "3.10.12", minimum required is "3.5") 
[5.332s] -- Using PYTHON_EXECUTABLE: /usr/bin/python3
[5.332s] -- Using PYTHON_INCLUDE_DIRS: /usr/include/python3.10
[5.332s] -- Using PYTHON_LIBRARIES: /usr/lib/x86_64-linux-gnu/libpython3.10.so
[5.363s] -- Found PythonExtra: .so  
[5.785s] -- Using numpy include directory: /usr/local/lib/python3.10/dist-packages/numpy/_core/include
[5.807s] -- Added test 'copyright' to check source files copyright and LICENSE
[5.817s] -- Added test 'lint_cmake' to check CMake code style
[5.822s] -- Added test 'xmllint' to check XML markup files
[5.836s] -- Configuring done
[5.872s] -- Generating done
[5.885s] -- Build files have been written to: /home/user/microros_ws/build/micro_ros_msgs
[5.899s] Invoked command in '/home/user/microros_ws/build/micro_ros_msgs' returned '0': CMAKE_PREFIX_PATH=${CMAKE_PREFIX_PATH}:/home/user/ros2_ws/install/led_control_node:/home/simulations/ros2_sims_ws/install/rclrs_tests:/home/simulations/ros2_sims_ws/install/examples_rclrs_minimal_client_service:/home/simulations/ros2_sims_ws/install/sensor_msgs_py:/home/simulations/ros2_sims_ws/install/examples_rclrs_minimal_pub_sub:/home/simulations/ros2_sims_ws/install/examples_rclrs_message_demo:/home/simulations/ros2_sims_ws/install/rclrs:/home/simulations/ros2_sims_ws/install/rosidl_runtime_rs:/home/user/ros2_ws/install/pong_reply_node:/opt/ros/humble _=/usr/bin/env /usr/bin/cmake /home/user/microros_ws/src/uros/micro_ros_msgs -DUAGENT_BUILD_EXECUTABLE=OFF -DUAGENT_P2P_PROFILE=OFF --no-warn-unused-cli -DCMAKE_INSTALL_PREFIX=/home/user/microros_ws/install/micro_ros_msgs
[5.901s] Invoking command in '/home/user/microros_ws/build/micro_ros_msgs': CMAKE_PREFIX_PATH=${CMAKE_PREFIX_PATH}:/home/user/ros2_ws/install/led_control_node:/home/simulations/ros2_sims_ws/install/rclrs_tests:/home/simulations/ros2_sims_ws/install/examples_rclrs_minimal_client_service:/home/simulations/ros2_sims_ws/install/sensor_msgs_py:/home/simulations/ros2_sims_ws/install/examples_rclrs_minimal_pub_sub:/home/simulations/ros2_sims_ws/install/examples_rclrs_message_demo:/home/simulations/ros2_sims_ws/install/rclrs:/home/simulations/ros2_sims_ws/install/rosidl_runtime_rs:/home/user/ros2_ws/install/pong_reply_node:/opt/ros/humble _=/usr/bin/env /usr/bin/cmake --build /home/user/microros_ws/build/micro_ros_msgs -- -j8 -l8
[5.970s] [  2%] [34m[1mGenerating C code for ROS interfaces[0m
[5.988s] [  4%] [34m[1mGenerating C++ code for ROS interfaces[0m
[5.995s] [  6%] [34m[1mGenerating Rust code for ROS interfaces[0m
[6.003s] [  6%] Built target ament_cmake_python_copy_micro_ros_msgs
[6.389s] running egg_info
[6.423s] creating micro_ros_msgs.egg-info
[6.423s] writing micro_ros_msgs.egg-info/PKG-INFO
[6.423s] writing dependency_links to micro_ros_msgs.egg-info/dependency_links.txt
[6.424s] writing top-level names to micro_ros_msgs.egg-info/top_level.txt
[6.424s] writing manifest file 'micro_ros_msgs.egg-info/SOURCES.txt'
[6.462s] [  6%] Built target micro_ros_msgs__rs
[6.506s] reading manifest file 'micro_ros_msgs.egg-info/SOURCES.txt'
[6.508s] writing manifest file 'micro_ros_msgs.egg-info/SOURCES.txt'
[6.551s] [  6%] Built target ament_cmake_python_build_micro_ros_msgs_egg
[6.745s] [  6%] Built target micro_ros_msgs__cpp
[6.771s] [  8%] [34m[1mGenerating C++ type support for eProsima Fast-RTPS[0m
[6.771s] [ 10%] [34m[1mGenerating C++ introspection for ROS interfaces[0m
[6.779s] [ 12%] [34m[1mGenerating C++ type support dispatch for ROS interfaces[0m
[6.787s] [ 14%] [32mBuilding C object CMakeFiles/micro_ros_msgs__rosidl_generator_c.dir/rosidl_generator_c/micro_ros_msgs/msg/detail/graph__functions.c.o[0m
[6.791s] [ 16%] [32mBuilding C object CMakeFiles/micro_ros_msgs__rosidl_generator_c.dir/rosidl_generator_c/micro_ros_msgs/msg/detail/node__functions.c.o[0m
[6.798s] [ 18%] [32mBuilding C object CMakeFiles/micro_ros_msgs__rosidl_generator_c.dir/rosidl_generator_c/micro_ros_msgs/msg/detail/entity__functions.c.o[0m
[7.222s] [ 20%] [32mBuilding CXX object CMakeFiles/micro_ros_msgs__rosidl_typesupport_cpp.dir/rosidl_typesupport_cpp/micro_ros_msgs/msg/graph__type_support.cpp.o[0m
[7.224s] [ 22%] [32mBuilding CXX object CMakeFiles/micro_ros_msgs__rosidl_typesupport_cpp.dir/rosidl_typesupport_cpp/micro_ros_msgs/msg/node__type_support.cpp.o[0m
[7.226s] [ 25%] [32mBuilding CXX object CMakeFiles/micro_ros_msgs__rosidl_typesupport_cpp.dir/rosidl_typesupport_cpp/micro_ros_msgs/msg/entity__type_support.cpp.o[0m
[7.343s] [ 27%] [32mBuilding CXX object CMakeFiles/micro_ros_msgs__rosidl_typesupport_fastrtps_cpp.dir/rosidl_typesupport_fastrtps_cpp/micro_ros_msgs/msg/detail/dds_fastrtps/graph__type_support.cpp.o[0m
[7.497s] [ 29%] [32mBuilding CXX object CMakeFiles/micro_ros_msgs__rosidl_typesupport_introspection_cpp.dir/rosidl_typesupport_introspection_cpp/micro_ros_msgs/msg/detail/graph__type_support.cpp.o[0m
[8.591s] [ 35%] [32mBuilding CXX object CMakeFiles/micro_ros_msgs__rosidl_typesupport_introspection_cpp.dir/rosidl_typesupport_introspection_cpp/micro_ros_msgs/msg/detail/node__type_support.cpp.o[0m
[8.591s] [ 35%] [32mBuilding CXX object CMakeFiles/micro_ros_msgs__rosidl_typesupport_introspection_cpp.dir/rosidl_typesupport_introspection_cpp/micro_ros_msgs/msg/detail/entity__type_support.cpp.o[0m
[8.591s] [ 35%] [32m[1mLinking C shared library libmicro_ros_msgs__rosidl_generator_c.so[0m
[8.644s] [ 35%] Built target micro_ros_msgs__rosidl_generator_c
[8.661s] [ 37%] [32mBuilding CXX object CMakeFiles/micro_ros_msgs__rosidl_typesupport_fastrtps_cpp.dir/rosidl_typesupport_fastrtps_cpp/micro_ros_msgs/msg/detail/dds_fastrtps/node__type_support.cpp.o[0m
[10.606s] [ 39%] [32mBuilding CXX object CMakeFiles/micro_ros_msgs__rosidl_typesupport_fastrtps_cpp.dir/rosidl_typesupport_fastrtps_cpp/micro_ros_msgs/msg/detail/dds_fastrtps/entity__type_support.cpp.o[0m
[10.606s] [ 41%] [32m[1mLinking CXX shared library libmicro_ros_msgs__rosidl_typesupport_cpp.so[0m
[10.609s] [ 43%] [34m[1mGenerating C type support for eProsima Fast-RTPS[0m
[10.675s] [ 45%] [34m[1mGenerating C introspection for ROS interfaces[0m
[10.679s] [ 45%] Built target micro_ros_msgs__rosidl_typesupport_cpp
[10.700s] [ 47%] [34m[1mGenerating C type support dispatch for ROS interfaces[0m
[10.812s] [ 50%] [32m[1mLinking CXX shared library libmicro_ros_msgs__rosidl_typesupport_introspection_cpp.so[0m
[10.930s] [ 50%] Built target micro_ros_msgs__rosidl_typesupport_introspection_cpp
[11.065s] [ 52%] [32mBuilding CXX object CMakeFiles/micro_ros_msgs__rosidl_typesupport_fastrtps_c.dir/rosidl_typesupport_fastrtps_c/micro_ros_msgs/msg/detail/node__type_support_c.cpp.o[0m
[11.066s] [ 54%] [32mBuilding CXX object CMakeFiles/micro_ros_msgs__rosidl_typesupport_fastrtps_c.dir/rosidl_typesupport_fastrtps_c/micro_ros_msgs/msg/detail/entity__type_support_c.cpp.o[0m
[11.067s] [ 56%] [32mBuilding CXX object CMakeFiles/micro_ros_msgs__rosidl_typesupport_fastrtps_c.dir/rosidl_typesupport_fastrtps_c/micro_ros_msgs/msg/detail/graph__type_support_c.cpp.o[0m
[11.078s] [ 58%] [32m[1mLinking CXX shared library libmicro_ros_msgs__rosidl_typesupport_fastrtps_cpp.so[0m
[11.095s] [ 60%] [32mBuilding CXX object CMakeFiles/micro_ros_msgs__rosidl_typesupport_c.dir/rosidl_typesupport_c/micro_ros_msgs/msg/entity__type_support.cpp.o[0m
[11.095s] [ 62%] [32mBuilding CXX object CMakeFiles/micro_ros_msgs__rosidl_typesupport_c.dir/rosidl_typesupport_c/micro_ros_msgs/msg/node__type_support.cpp.o[0m
[11.095s] [ 64%] [32mBuilding CXX object CMakeFiles/micro_ros_msgs__rosidl_typesupport_c.dir/rosidl_typesupport_c/micro_ros_msgs/msg/graph__type_support.cpp.o[0m
[11.164s] [ 66%] [32m[1mLinking CXX shared library libmicro_ros_msgs__rosidl_typesupport_c.so[0m
[11.196s] [ 66%] Built target micro_ros_msgs__rosidl_typesupport_fastrtps_cpp
[11.197s] [ 68%] [32mBuilding C object CMakeFiles/micro_ros_msgs__rosidl_typesupport_introspection_c.dir/rosidl_typesupport_introspection_c/micro_ros_msgs/msg/detail/graph__type_support.c.o[0m
[11.199s] [ 70%] [32mBuilding C object CMakeFiles/micro_ros_msgs__rosidl_typesupport_introspection_c.dir/rosidl_typesupport_introspection_c/micro_ros_msgs/msg/detail/node__type_support.c.o[0m
[11.200s] [ 72%] [32mBuilding C object CMakeFiles/micro_ros_msgs__rosidl_typesupport_introspection_c.dir/rosidl_typesupport_introspection_c/micro_ros_msgs/msg/detail/entity__type_support.c.o[0m
[11.244s] [ 72%] Built target micro_ros_msgs__rosidl_typesupport_c
[11.263s] [ 75%] [32m[1mLinking C shared library libmicro_ros_msgs__rosidl_typesupport_introspection_c.so[0m
[11.307s] [ 75%] Built target micro_ros_msgs__rosidl_typesupport_introspection_c
[11.634s] [ 77%] [32m[1mLinking CXX shared library libmicro_ros_msgs__rosidl_typesupport_fastrtps_c.so[0m
[11.712s] [ 77%] Built target micro_ros_msgs__rosidl_typesupport_fastrtps_c
[11.741s] [ 77%] Built target micro_ros_msgs
[11.769s] [ 79%] [34m[1mGenerating Python code for ROS interfaces[0m
[12.348s] [ 79%] Built target micro_ros_msgs__py
[12.378s] [ 81%] [32mBuilding C object CMakeFiles/micro_ros_msgs__rosidl_generator_py.dir/rosidl_generator_py/micro_ros_msgs/msg/_entity_s.c.o[0m
[12.381s] [ 85%] [32mBuilding C object CMakeFiles/micro_ros_msgs__rosidl_generator_py.dir/rosidl_generator_py/micro_ros_msgs/msg/_node_s.c.o[0m
[12.381s] [ 85%] [32mBuilding C object CMakeFiles/micro_ros_msgs__rosidl_generator_py.dir/rosidl_generator_py/micro_ros_msgs/msg/_graph_s.c.o[0m
[13.850s] [ 87%] [32m[1mLinking C shared library rosidl_generator_py/micro_ros_msgs/libmicro_ros_msgs__rosidl_generator_py.so[0m
[13.895s] [ 87%] Built target micro_ros_msgs__rosidl_generator_py
[13.930s] [ 89%] [32mBuilding C object CMakeFiles/micro_ros_msgs__rosidl_typesupport_introspection_c__pyext.dir/rosidl_generator_py/micro_ros_msgs/_micro_ros_msgs_s.ep.rosidl_typesupport_introspection_c.c.o[0m
[13.932s] [ 91%] [32mBuilding C object CMakeFiles/micro_ros_msgs__rosidl_typesupport_c__pyext.dir/rosidl_generator_py/micro_ros_msgs/_micro_ros_msgs_s.ep.rosidl_typesupport_c.c.o[0m
[13.934s] [ 93%] [32mBuilding C object CMakeFiles/micro_ros_msgs__rosidl_typesupport_fastrtps_c__pyext.dir/rosidl_generator_py/micro_ros_msgs/_micro_ros_msgs_s.ep.rosidl_typesupport_fastrtps_c.c.o[0m
[14.043s] [ 95%] [32m[1mLinking C shared library rosidl_generator_py/micro_ros_msgs/micro_ros_msgs_s__rosidl_typesupport_introspection_c.cpython-310-x86_64-linux-gnu.so[0m
[14.045s] [ 97%] [32m[1mLinking C shared library rosidl_generator_py/micro_ros_msgs/micro_ros_msgs_s__rosidl_typesupport_c.cpython-310-x86_64-linux-gnu.so[0m
[14.050s] [100%] [32m[1mLinking C shared library rosidl_generator_py/micro_ros_msgs/micro_ros_msgs_s__rosidl_typesupport_fastrtps_c.cpython-310-x86_64-linux-gnu.so[0m
[14.088s] [100%] Built target micro_ros_msgs__rosidl_typesupport_c__pyext
[14.094s] [100%] Built target micro_ros_msgs__rosidl_typesupport_introspection_c__pyext
[14.098s] [100%] Built target micro_ros_msgs__rosidl_typesupport_fastrtps_c__pyext
[14.111s] Invoked command in '/home/user/microros_ws/build/micro_ros_msgs' returned '0': CMAKE_PREFIX_PATH=${CMAKE_PREFIX_PATH}:/home/user/ros2_ws/install/led_control_node:/home/simulations/ros2_sims_ws/install/rclrs_tests:/home/simulations/ros2_sims_ws/install/examples_rclrs_minimal_client_service:/home/simulations/ros2_sims_ws/install/sensor_msgs_py:/home/simulations/ros2_sims_ws/install/examples_rclrs_minimal_pub_sub:/home/simulations/ros2_sims_ws/install/examples_rclrs_message_demo:/home/simulations/ros2_sims_ws/install/rclrs:/home/simulations/ros2_sims_ws/install/rosidl_runtime_rs:/home/user/ros2_ws/install/pong_reply_node:/opt/ros/humble _=/usr/bin/env /usr/bin/cmake --build /home/user/microros_ws/build/micro_ros_msgs -- -j8 -l8
[14.122s] Invoking command in '/home/user/microros_ws/build/micro_ros_msgs': CMAKE_PREFIX_PATH=${CMAKE_PREFIX_PATH}:/home/user/ros2_ws/install/led_control_node:/home/simulations/ros2_sims_ws/install/rclrs_tests:/home/simulations/ros2_sims_ws/install/examples_rclrs_minimal_client_service:/home/simulations/ros2_sims_ws/install/sensor_msgs_py:/home/simulations/ros2_sims_ws/install/examples_rclrs_minimal_pub_sub:/home/simulations/ros2_sims_ws/install/examples_rclrs_message_demo:/home/simulations/ros2_sims_ws/install/rclrs:/home/simulations/ros2_sims_ws/install/rosidl_runtime_rs:/home/user/ros2_ws/install/pong_reply_node:/opt/ros/humble _=/usr/bin/env /usr/bin/cmake --install /home/user/microros_ws/build/micro_ros_msgs
[14.130s] -- Install configuration: ""
[14.130s] -- Installing: /home/user/microros_ws/install/micro_ros_msgs/share/ament_index/resource_index/rosidl_interfaces/micro_ros_msgs
[14.130s] -- Installing: /home/user/microros_ws/install/micro_ros_msgs/include/micro_ros_msgs/micro_ros_msgs
[14.131s] -- Installing: /home/user/microros_ws/install/micro_ros_msgs/include/micro_ros_msgs/micro_ros_msgs/msg
[14.131s] -- Installing: /home/user/microros_ws/install/micro_ros_msgs/include/micro_ros_msgs/micro_ros_msgs/msg/detail
[14.131s] -- Installing: /home/user/microros_ws/install/micro_ros_msgs/include/micro_ros_msgs/micro_ros_msgs/msg/detail/node__functions.h
[14.131s] -- Installing: /home/user/microros_ws/install/micro_ros_msgs/include/micro_ros_msgs/micro_ros_msgs/msg/detail/graph__type_support.h
[14.131s] -- Installing: /home/user/microros_ws/install/micro_ros_msgs/include/micro_ros_msgs/micro_ros_msgs/msg/detail/node__struct.h
[14.131s] -- Installing: /home/user/microros_ws/install/micro_ros_msgs/include/micro_ros_msgs/micro_ros_msgs/msg/detail/node__type_support.h
[14.131s] -- Installing: /home/user/microros_ws/install/micro_ros_msgs/include/micro_ros_msgs/micro_ros_msgs/msg/detail/graph__struct.h
[14.131s] -- Installing: /home/user/microros_ws/install/micro_ros_msgs/include/micro_ros_msgs/micro_ros_msgs/msg/detail/entity__struct.h
[14.132s] -- Installing: /home/user/microros_ws/install/micro_ros_msgs/include/micro_ros_msgs/micro_ros_msgs/msg/detail/graph__functions.c
[14.132s] -- Installing: /home/user/microros_ws/install/micro_ros_msgs/include/micro_ros_msgs/micro_ros_msgs/msg/detail/graph__functions.h
[14.132s] -- Installing: /home/user/microros_ws/install/micro_ros_msgs/include/micro_ros_msgs/micro_ros_msgs/msg/detail/entity__type_support.h
[14.132s] -- Installing: /home/user/microros_ws/install/micro_ros_msgs/include/micro_ros_msgs/micro_ros_msgs/msg/detail/node__functions.c
[14.132s] -- Installing: /home/user/microros_ws/install/micro_ros_msgs/include/micro_ros_msgs/micro_ros_msgs/msg/detail/entity__functions.h
[14.132s] -- Installing: /home/user/microros_ws/install/micro_ros_msgs/include/micro_ros_msgs/micro_ros_msgs/msg/detail/entity__functions.c
[14.132s] -- Installing: /home/user/microros_ws/install/micro_ros_msgs/include/micro_ros_msgs/micro_ros_msgs/msg/rosidl_generator_c__visibility_control.h
[14.133s] -- Installing: /home/user/microros_ws/install/micro_ros_msgs/include/micro_ros_msgs/micro_ros_msgs/msg/node.h
[14.133s] -- Installing: /home/user/microros_ws/install/micro_ros_msgs/include/micro_ros_msgs/micro_ros_msgs/msg/graph.h
[14.133s] -- Installing: /home/user/microros_ws/install/micro_ros_msgs/include/micro_ros_msgs/micro_ros_msgs/msg/entity.h
[14.133s] -- Installing: /home/user/microros_ws/install/micro_ros_msgs/share/micro_ros_msgs/environment/library_path.sh
[14.133s] -- Installing: /home/user/microros_ws/install/micro_ros_msgs/share/micro_ros_msgs/environment/library_path.dsv
[14.133s] -- Installing: /home/user/microros_ws/install/micro_ros_msgs/lib/libmicro_ros_msgs__rosidl_generator_c.so
[14.134s] -- Set runtime path of "/home/user/microros_ws/install/micro_ros_msgs/lib/libmicro_ros_msgs__rosidl_generator_c.so" to ""
[14.134s] -- Up-to-date: /home/user/microros_ws/install/micro_ros_msgs/include/micro_ros_msgs/micro_ros_msgs
[14.134s] -- Up-to-date: /home/user/microros_ws/install/micro_ros_msgs/include/micro_ros_msgs/micro_ros_msgs/msg
[14.134s] -- Up-to-date: /home/user/microros_ws/install/micro_ros_msgs/include/micro_ros_msgs/micro_ros_msgs/msg/detail
[14.134s] -- Installing: /home/user/microros_ws/install/micro_ros_msgs/include/micro_ros_msgs/micro_ros_msgs/msg/detail/graph__rosidl_typesupport_fastrtps_c.h
[14.134s] -- Installing: /home/user/microros_ws/install/micro_ros_msgs/include/micro_ros_msgs/micro_ros_msgs/msg/detail/node__rosidl_typesupport_fastrtps_c.h
[14.134s] -- Installing: /home/user/microros_ws/install/micro_ros_msgs/include/micro_ros_msgs/micro_ros_msgs/msg/detail/entity__rosidl_typesupport_fastrtps_c.h
[14.134s] -- Installing: /home/user/microros_ws/install/micro_ros_msgs/include/micro_ros_msgs/micro_ros_msgs/msg/rosidl_typesupport_fastrtps_c__visibility_control.h
[14.134s] -- Installing: /home/user/microros_ws/install/micro_ros_msgs/lib/libmicro_ros_msgs__rosidl_typesupport_fastrtps_c.so
[14.135s] -- Set runtime path of "/home/user/microros_ws/install/micro_ros_msgs/lib/libmicro_ros_msgs__rosidl_typesupport_fastrtps_c.so" to ""
[14.135s] -- Up-to-date: /home/user/microros_ws/install/micro_ros_msgs/include/micro_ros_msgs/micro_ros_msgs
[14.135s] -- Up-to-date: /home/user/microros_ws/install/micro_ros_msgs/include/micro_ros_msgs/micro_ros_msgs/msg
[14.135s] -- Up-to-date: /home/user/microros_ws/install/micro_ros_msgs/include/micro_ros_msgs/micro_ros_msgs/msg/detail
[14.135s] -- Installing: /home/user/microros_ws/install/micro_ros_msgs/include/micro_ros_msgs/micro_ros_msgs/msg/detail/node__type_support.c
[14.135s] -- Installing: /home/user/microros_ws/install/micro_ros_msgs/include/micro_ros_msgs/micro_ros_msgs/msg/detail/graph__type_support.c
[14.135s] -- Installing: /home/user/microros_ws/install/micro_ros_msgs/include/micro_ros_msgs/micro_ros_msgs/msg/detail/node__rosidl_typesupport_introspection_c.h
[14.136s] -- Installing: /home/user/microros_ws/install/micro_ros_msgs/include/micro_ros_msgs/micro_ros_msgs/msg/detail/entity__type_support.c
[14.136s] -- Installing: /home/user/microros_ws/install/micro_ros_msgs/include/micro_ros_msgs/micro_ros_msgs/msg/detail/entity__rosidl_typesupport_introspection_c.h
[14.136s] -- Installing: /home/user/microros_ws/install/micro_ros_msgs/include/micro_ros_msgs/micro_ros_msgs/msg/detail/graph__rosidl_typesupport_introspection_c.h
[14.136s] -- Installing: /home/user/microros_ws/install/micro_ros_msgs/include/micro_ros_msgs/micro_ros_msgs/msg/rosidl_typesupport_introspection_c__visibility_control.h
[14.136s] -- Installing: /home/user/microros_ws/install/micro_ros_msgs/lib/libmicro_ros_msgs__rosidl_typesupport_introspection_c.so
[14.137s] -- Set runtime path of "/home/user/microros_ws/install/micro_ros_msgs/lib/libmicro_ros_msgs__rosidl_typesupport_introspection_c.so" to ""
[14.137s] -- Installing: /home/user/microros_ws/install/micro_ros_msgs/lib/libmicro_ros_msgs__rosidl_typesupport_c.so
[14.137s] -- Set runtime path of "/home/user/microros_ws/install/micro_ros_msgs/lib/libmicro_ros_msgs__rosidl_typesupport_c.so" to ""
[14.137s] -- Up-to-date: /home/user/microros_ws/install/micro_ros_msgs/include/micro_ros_msgs/micro_ros_msgs
[14.137s] -- Up-to-date: /home/user/microros_ws/install/micro_ros_msgs/include/micro_ros_msgs/micro_ros_msgs/msg
[14.137s] -- Up-to-date: /home/user/microros_ws/install/micro_ros_msgs/include/micro_ros_msgs/micro_ros_msgs/msg/detail
[14.137s] -- Installing: /home/user/microros_ws/install/micro_ros_msgs/include/micro_ros_msgs/micro_ros_msgs/msg/detail/node__struct.hpp
[14.137s] -- Installing: /home/user/microros_ws/install/micro_ros_msgs/include/micro_ros_msgs/micro_ros_msgs/msg/detail/entity__struct.hpp
[14.137s] -- Installing: /home/user/microros_ws/install/micro_ros_msgs/include/micro_ros_msgs/micro_ros_msgs/msg/detail/graph__type_support.hpp
[14.137s] -- Installing: /home/user/microros_ws/install/micro_ros_msgs/include/micro_ros_msgs/micro_ros_msgs/msg/detail/node__traits.hpp
[14.138s] -- Installing: /home/user/microros_ws/install/micro_ros_msgs/include/micro_ros_msgs/micro_ros_msgs/msg/detail/node__type_support.hpp
[14.138s] -- Installing: /home/user/microros_ws/install/micro_ros_msgs/include/micro_ros_msgs/micro_ros_msgs/msg/detail/graph__traits.hpp
[14.138s] -- Installing: /home/user/microros_ws/install/micro_ros_msgs/include/micro_ros_msgs/micro_ros_msgs/msg/detail/entity__traits.hpp
[14.138s] -- Installing: /home/user/microros_ws/install/micro_ros_msgs/include/micro_ros_msgs/micro_ros_msgs/msg/detail/entity__type_support.hpp
[14.138s] -- Installing: /home/user/microros_ws/install/micro_ros_msgs/include/micro_ros_msgs/micro_ros_msgs/msg/detail/entity__builder.hpp
[14.138s] -- Installing: /home/user/microros_ws/install/micro_ros_msgs/include/micro_ros_msgs/micro_ros_msgs/msg/detail/node__builder.hpp
[14.138s] -- Installing: /home/user/microros_ws/install/micro_ros_msgs/include/micro_ros_msgs/micro_ros_msgs/msg/detail/graph__struct.hpp
[14.138s] -- Installing: /home/user/microros_ws/install/micro_ros_msgs/include/micro_ros_msgs/micro_ros_msgs/msg/detail/graph__builder.hpp
[14.138s] -- Installing: /home/user/microros_ws/install/micro_ros_msgs/include/micro_ros_msgs/micro_ros_msgs/msg/node.hpp
[14.139s] -- Installing: /home/user/microros_ws/install/micro_ros_msgs/include/micro_ros_msgs/micro_ros_msgs/msg/graph.hpp
[14.139s] -- Installing: /home/user/microros_ws/install/micro_ros_msgs/include/micro_ros_msgs/micro_ros_msgs/msg/rosidl_generator_cpp__visibility_control.hpp
[14.139s] -- Installing: /home/user/microros_ws/install/micro_ros_msgs/include/micro_ros_msgs/micro_ros_msgs/msg/entity.hpp
[14.139s] -- Up-to-date: /home/user/microros_ws/install/micro_ros_msgs/include/micro_ros_msgs/micro_ros_msgs
[14.140s] -- Up-to-date: /home/user/microros_ws/install/micro_ros_msgs/include/micro_ros_msgs/micro_ros_msgs/msg
[14.140s] -- Up-to-date: /home/user/microros_ws/install/micro_ros_msgs/include/micro_ros_msgs/micro_ros_msgs/msg/detail
[14.140s] -- Installing: /home/user/microros_ws/install/micro_ros_msgs/include/micro_ros_msgs/micro_ros_msgs/msg/detail/node__rosidl_typesupport_fastrtps_cpp.hpp
[14.140s] -- Installing: /home/user/microros_ws/install/micro_ros_msgs/include/micro_ros_msgs/micro_ros_msgs/msg/detail/entity__rosidl_typesupport_fastrtps_cpp.hpp
[14.140s] -- Installing: /home/user/microros_ws/install/micro_ros_msgs/include/micro_ros_msgs/micro_ros_msgs/msg/detail/dds_fastrtps
[14.140s] -- Installing: /home/user/microros_ws/install/micro_ros_msgs/include/micro_ros_msgs/micro_ros_msgs/msg/detail/graph__rosidl_typesupport_fastrtps_cpp.hpp
[14.140s] -- Installing: /home/user/microros_ws/install/micro_ros_msgs/include/micro_ros_msgs/micro_ros_msgs/msg/rosidl_typesupport_fastrtps_cpp__visibility_control.h
[14.140s] -- Installing: /home/user/microros_ws/install/micro_ros_msgs/lib/libmicro_ros_msgs__rosidl_typesupport_fastrtps_cpp.so
[14.140s] -- Set runtime path of "/home/user/microros_ws/install/micro_ros_msgs/lib/libmicro_ros_msgs__rosidl_typesupport_fastrtps_cpp.so" to ""
[14.140s] -- Up-to-date: /home/user/microros_ws/install/micro_ros_msgs/include/micro_ros_msgs/micro_ros_msgs
[14.141s] -- Up-to-date: /home/user/microros_ws/install/micro_ros_msgs/include/micro_ros_msgs/micro_ros_msgs/msg
[14.141s] -- Up-to-date: /home/user/microros_ws/install/micro_ros_msgs/include/micro_ros_msgs/micro_ros_msgs/msg/detail
[14.141s] -- Installing: /home/user/microros_ws/install/micro_ros_msgs/include/micro_ros_msgs/micro_ros_msgs/msg/detail/entity__type_support.cpp
[14.141s] -- Installing: /home/user/microros_ws/install/micro_ros_msgs/include/micro_ros_msgs/micro_ros_msgs/msg/detail/graph__type_support.cpp
[14.141s] -- Installing: /home/user/microros_ws/install/micro_ros_msgs/include/micro_ros_msgs/micro_ros_msgs/msg/detail/node__type_support.cpp
[14.141s] -- Installing: /home/user/microros_ws/install/micro_ros_msgs/include/micro_ros_msgs/micro_ros_msgs/msg/detail/entity__rosidl_typesupport_introspection_cpp.hpp
[14.141s] -- Installing: /home/user/microros_ws/install/micro_ros_msgs/include/micro_ros_msgs/micro_ros_msgs/msg/detail/node__rosidl_typesupport_introspection_cpp.hpp
[14.141s] -- Installing: /home/user/microros_ws/install/micro_ros_msgs/include/micro_ros_msgs/micro_ros_msgs/msg/detail/graph__rosidl_typesupport_introspection_cpp.hpp
[14.142s] -- Installing: /home/user/microros_ws/install/micro_ros_msgs/lib/libmicro_ros_msgs__rosidl_typesupport_introspection_cpp.so
[14.142s] -- Set runtime path of "/home/user/microros_ws/install/micro_ros_msgs/lib/libmicro_ros_msgs__rosidl_typesupport_introspection_cpp.so" to ""
[14.142s] -- Installing: /home/user/microros_ws/install/micro_ros_msgs/lib/libmicro_ros_msgs__rosidl_typesupport_cpp.so
[14.142s] -- Set runtime path of "/home/user/microros_ws/install/micro_ros_msgs/lib/libmicro_ros_msgs__rosidl_typesupport_cpp.so" to ""
[14.142s] -- Installing: /home/user/microros_ws/install/micro_ros_msgs/share/ament_index/resource_index/rust_packages/micro_ros_msgs
[14.142s] -- Installing: /home/user/microros_ws/install/micro_ros_msgs/share/micro_ros_msgs/rust
[14.143s] -- Installing: /home/user/microros_ws/install/micro_ros_msgs/share/micro_ros_msgs/rust/Cargo.toml
[14.143s] -- Installing: /home/user/microros_ws/install/micro_ros_msgs/share/micro_ros_msgs/rust/src
[14.143s] -- Installing: /home/user/microros_ws/install/micro_ros_msgs/share/micro_ros_msgs/rust/src/msg.rs
[14.143s] -- Installing: /home/user/microros_ws/install/micro_ros_msgs/share/micro_ros_msgs/rust/src/lib.rs
[14.143s] -- Installing: /home/user/microros_ws/install/micro_ros_msgs/share/micro_ros_msgs/rust/build.rs
[14.143s] -- Up-to-date: /home/user/microros_ws/install/micro_ros_msgs/share/micro_ros_msgs/rust
[14.143s] -- Up-to-date: /home/user/microros_ws/install/micro_ros_msgs/share/micro_ros_msgs/rust/Cargo.toml
[14.143s] -- Up-to-date: /home/user/microros_ws/install/micro_ros_msgs/share/micro_ros_msgs/rust/src
[14.143s] -- Up-to-date: /home/user/microros_ws/install/micro_ros_msgs/share/micro_ros_msgs/rust/src/msg.rs
[14.144s] -- Up-to-date: /home/user/microros_ws/install/micro_ros_msgs/share/micro_ros_msgs/rust/src/lib.rs
[14.144s] -- Up-to-date: /home/user/microros_ws/install/micro_ros_msgs/share/micro_ros_msgs/rust/build.rs
[14.144s] -- Up-to-date: /home/user/microros_ws/install/micro_ros_msgs/share/micro_ros_msgs/rust
[14.144s] -- Up-to-date: /home/user/microros_ws/install/micro_ros_msgs/share/micro_ros_msgs/rust/Cargo.toml
[14.144s] -- Up-to-date: /home/user/microros_ws/install/micro_ros_msgs/share/micro_ros_msgs/rust/src
[14.144s] -- Up-to-date: /home/user/microros_ws/install/micro_ros_msgs/share/micro_ros_msgs/rust/src/msg.rs
[14.144s] -- Up-to-date: /home/user/microros_ws/install/micro_ros_msgs/share/micro_ros_msgs/rust/src/lib.rs
[14.144s] -- Up-to-date: /home/user/microros_ws/install/micro_ros_msgs/share/micro_ros_msgs/rust/build.rs
[14.144s] -- Installing: /home/user/microros_ws/install/micro_ros_msgs/share/micro_ros_msgs/environment/pythonpath.sh
[14.144s] -- Installing: /home/user/microros_ws/install/micro_ros_msgs/share/micro_ros_msgs/environment/pythonpath.dsv
[14.145s] -- Installing: /home/user/microros_ws/install/micro_ros_msgs/local/lib/python3.10/dist-packages/micro_ros_msgs-3.0.1-py3.10.egg-info
[14.145s] -- Installing: /home/user/microros_ws/install/micro_ros_msgs/local/lib/python3.10/dist-packages/micro_ros_msgs-3.0.1-py3.10.egg-info/PKG-INFO
[14.145s] -- Installing: /home/user/microros_ws/install/micro_ros_msgs/local/lib/python3.10/dist-packages/micro_ros_msgs-3.0.1-py3.10.egg-info/top_level.txt
[14.145s] -- Installing: /home/user/microros_ws/install/micro_ros_msgs/local/lib/python3.10/dist-packages/micro_ros_msgs-3.0.1-py3.10.egg-info/SOURCES.txt
[14.145s] -- Installing: /home/user/microros_ws/install/micro_ros_msgs/local/lib/python3.10/dist-packages/micro_ros_msgs-3.0.1-py3.10.egg-info/dependency_links.txt
[14.145s] -- Installing: /home/user/microros_ws/install/micro_ros_msgs/local/lib/python3.10/dist-packages/micro_ros_msgs
[14.145s] -- Installing: /home/user/microros_ws/install/micro_ros_msgs/local/lib/python3.10/dist-packages/micro_ros_msgs/_micro_ros_msgs_s.ep.rosidl_typesupport_c.c
[14.145s] -- Installing: /home/user/microros_ws/install/micro_ros_msgs/local/lib/python3.10/dist-packages/micro_ros_msgs/_micro_ros_msgs_s.ep.rosidl_typesupport_fastrtps_c.c
[14.146s] -- Installing: /home/user/microros_ws/install/micro_ros_msgs/local/lib/python3.10/dist-packages/micro_ros_msgs/micro_ros_msgs_s__rosidl_typesupport_c.cpython-310-x86_64-linux-gnu.so
[14.146s] -- Installing: /home/user/microros_ws/install/micro_ros_msgs/local/lib/python3.10/dist-packages/micro_ros_msgs/msg
[14.146s] -- Installing: /home/user/microros_ws/install/micro_ros_msgs/local/lib/python3.10/dist-packages/micro_ros_msgs/msg/_entity_s.c
[14.146s] -- Installing: /home/user/microros_ws/install/micro_ros_msgs/local/lib/python3.10/dist-packages/micro_ros_msgs/msg/_graph_s.c
[14.146s] -- Installing: /home/user/microros_ws/install/micro_ros_msgs/local/lib/python3.10/dist-packages/micro_ros_msgs/msg/_entity.py
[14.146s] -- Installing: /home/user/microros_ws/install/micro_ros_msgs/local/lib/python3.10/dist-packages/micro_ros_msgs/msg/__init__.py
[14.146s] -- Installing: /home/user/microros_ws/install/micro_ros_msgs/local/lib/python3.10/dist-packages/micro_ros_msgs/msg/_node_s.c
[14.146s] -- Installing: /home/user/microros_ws/install/micro_ros_msgs/local/lib/python3.10/dist-packages/micro_ros_msgs/msg/_graph.py
[14.146s] -- Installing: /home/user/microros_ws/install/micro_ros_msgs/local/lib/python3.10/dist-packages/micro_ros_msgs/msg/_node.py
[14.146s] -- Installing: /home/user/microros_ws/install/micro_ros_msgs/local/lib/python3.10/dist-packages/micro_ros_msgs/libmicro_ros_msgs__rosidl_generator_py.so
[14.146s] -- Installing: /home/user/microros_ws/install/micro_ros_msgs/local/lib/python3.10/dist-packages/micro_ros_msgs/__init__.py
[14.147s] -- Installing: /home/user/microros_ws/install/micro_ros_msgs/local/lib/python3.10/dist-packages/micro_ros_msgs/_micro_ros_msgs_s.ep.rosidl_typesupport_introspection_c.c
[14.147s] -- Installing: /home/user/microros_ws/install/micro_ros_msgs/local/lib/python3.10/dist-packages/micro_ros_msgs/micro_ros_msgs_s__rosidl_typesupport_introspection_c.cpython-310-x86_64-linux-gnu.so
[14.147s] -- Installing: /home/user/microros_ws/install/micro_ros_msgs/local/lib/python3.10/dist-packages/micro_ros_msgs/micro_ros_msgs_s__rosidl_typesupport_fastrtps_c.cpython-310-x86_64-linux-gnu.so
[14.203s] Listing '/home/user/microros_ws/install/micro_ros_msgs/local/lib/python3.10/dist-packages/micro_ros_msgs'...
[14.203s] Compiling '/home/user/microros_ws/install/micro_ros_msgs/local/lib/python3.10/dist-packages/micro_ros_msgs/__init__.py'...
[14.203s] Listing '/home/user/microros_ws/install/micro_ros_msgs/local/lib/python3.10/dist-packages/micro_ros_msgs/msg'...
[14.203s] Compiling '/home/user/microros_ws/install/micro_ros_msgs/local/lib/python3.10/dist-packages/micro_ros_msgs/msg/__init__.py'...
[14.203s] Compiling '/home/user/microros_ws/install/micro_ros_msgs/local/lib/python3.10/dist-packages/micro_ros_msgs/msg/_entity.py'...
[14.203s] Compiling '/home/user/microros_ws/install/micro_ros_msgs/local/lib/python3.10/dist-packages/micro_ros_msgs/msg/_graph.py'...
[14.203s] Compiling '/home/user/microros_ws/install/micro_ros_msgs/local/lib/python3.10/dist-packages/micro_ros_msgs/msg/_node.py'...
[14.207s] -- Installing: /home/user/microros_ws/install/micro_ros_msgs/local/lib/python3.10/dist-packages/micro_ros_msgs/micro_ros_msgs_s__rosidl_typesupport_fastrtps_c.cpython-310-x86_64-linux-gnu.so
[14.208s] -- Set runtime path of "/home/user/microros_ws/install/micro_ros_msgs/local/lib/python3.10/dist-packages/micro_ros_msgs/micro_ros_msgs_s__rosidl_typesupport_fastrtps_c.cpython-310-x86_64-linux-gnu.so" to ""
[14.208s] -- Installing: /home/user/microros_ws/install/micro_ros_msgs/local/lib/python3.10/dist-packages/micro_ros_msgs/micro_ros_msgs_s__rosidl_typesupport_introspection_c.cpython-310-x86_64-linux-gnu.so
[14.208s] -- Set runtime path of "/home/user/microros_ws/install/micro_ros_msgs/local/lib/python3.10/dist-packages/micro_ros_msgs/micro_ros_msgs_s__rosidl_typesupport_introspection_c.cpython-310-x86_64-linux-gnu.so" to ""
[14.209s] -- Installing: /home/user/microros_ws/install/micro_ros_msgs/local/lib/python3.10/dist-packages/micro_ros_msgs/micro_ros_msgs_s__rosidl_typesupport_c.cpython-310-x86_64-linux-gnu.so
[14.209s] -- Set runtime path of "/home/user/microros_ws/install/micro_ros_msgs/local/lib/python3.10/dist-packages/micro_ros_msgs/micro_ros_msgs_s__rosidl_typesupport_c.cpython-310-x86_64-linux-gnu.so" to ""
[14.209s] -- Installing: /home/user/microros_ws/install/micro_ros_msgs/lib/libmicro_ros_msgs__rosidl_generator_py.so
[14.209s] -- Set runtime path of "/home/user/microros_ws/install/micro_ros_msgs/lib/libmicro_ros_msgs__rosidl_generator_py.so" to ""
[14.210s] -- Installing: /home/user/microros_ws/install/micro_ros_msgs/share/micro_ros_msgs/msg/Graph.idl
[14.210s] -- Installing: /home/user/microros_ws/install/micro_ros_msgs/share/micro_ros_msgs/msg/Node.idl
[14.210s] -- Installing: /home/user/microros_ws/install/micro_ros_msgs/share/micro_ros_msgs/msg/Entity.idl
[14.211s] -- Installing: /home/user/microros_ws/install/micro_ros_msgs/share/micro_ros_msgs/msg/Graph.msg
[14.211s] -- Installing: /home/user/microros_ws/install/micro_ros_msgs/share/micro_ros_msgs/msg/Node.msg
[14.211s] -- Installing: /home/user/microros_ws/install/micro_ros_msgs/share/micro_ros_msgs/msg/Entity.msg
[14.211s] -- Installing: /home/user/microros_ws/install/micro_ros_msgs/share/ament_index/resource_index/package_run_dependencies/micro_ros_msgs
[14.212s] -- Installing: /home/user/microros_ws/install/micro_ros_msgs/share/ament_index/resource_index/parent_prefix_path/micro_ros_msgs
[14.212s] -- Installing: /home/user/microros_ws/install/micro_ros_msgs/share/micro_ros_msgs/environment/ament_prefix_path.sh
[14.212s] -- Installing: /home/user/microros_ws/install/micro_ros_msgs/share/micro_ros_msgs/environment/ament_prefix_path.dsv
[14.212s] -- Installing: /home/user/microros_ws/install/micro_ros_msgs/share/micro_ros_msgs/environment/path.sh
[14.212s] -- Installing: /home/user/microros_ws/install/micro_ros_msgs/share/micro_ros_msgs/environment/path.dsv
[14.213s] -- Installing: /home/user/microros_ws/install/micro_ros_msgs/share/micro_ros_msgs/local_setup.bash
[14.213s] -- Installing: /home/user/microros_ws/install/micro_ros_msgs/share/micro_ros_msgs/local_setup.sh
[14.213s] -- Installing: /home/user/microros_ws/install/micro_ros_msgs/share/micro_ros_msgs/local_setup.zsh
[14.213s] -- Installing: /home/user/microros_ws/install/micro_ros_msgs/share/micro_ros_msgs/local_setup.dsv
[14.213s] -- Installing: /home/user/microros_ws/install/micro_ros_msgs/share/micro_ros_msgs/package.dsv
[14.214s] -- Installing: /home/user/microros_ws/install/micro_ros_msgs/share/ament_index/resource_index/packages/micro_ros_msgs
[14.214s] -- Installing: /home/user/microros_ws/install/micro_ros_msgs/share/micro_ros_msgs/cmake/export_micro_ros_msgs__rosidl_generator_cExport.cmake
[14.214s] -- Installing: /home/user/microros_ws/install/micro_ros_msgs/share/micro_ros_msgs/cmake/export_micro_ros_msgs__rosidl_generator_cExport-noconfig.cmake
[14.214s] -- Installing: /home/user/microros_ws/install/micro_ros_msgs/share/micro_ros_msgs/cmake/export_micro_ros_msgs__rosidl_typesupport_fastrtps_cExport.cmake
[14.215s] -- Installing: /home/user/microros_ws/install/micro_ros_msgs/share/micro_ros_msgs/cmake/export_micro_ros_msgs__rosidl_typesupport_fastrtps_cExport-noconfig.cmake
[14.215s] -- Installing: /home/user/microros_ws/install/micro_ros_msgs/share/micro_ros_msgs/cmake/micro_ros_msgs__rosidl_typesupport_introspection_cExport.cmake
[14.215s] -- Installing: /home/user/microros_ws/install/micro_ros_msgs/share/micro_ros_msgs/cmake/micro_ros_msgs__rosidl_typesupport_introspection_cExport-noconfig.cmake
[14.215s] -- Installing: /home/user/microros_ws/install/micro_ros_msgs/share/micro_ros_msgs/cmake/micro_ros_msgs__rosidl_typesupport_cExport.cmake
[14.215s] -- Installing: /home/user/microros_ws/install/micro_ros_msgs/share/micro_ros_msgs/cmake/micro_ros_msgs__rosidl_typesupport_cExport-noconfig.cmake
[14.216s] -- Installing: /home/user/microros_ws/install/micro_ros_msgs/share/micro_ros_msgs/cmake/export_micro_ros_msgs__rosidl_generator_cppExport.cmake
[14.216s] -- Installing: /home/user/microros_ws/install/micro_ros_msgs/share/micro_ros_msgs/cmake/export_micro_ros_msgs__rosidl_typesupport_fastrtps_cppExport.cmake
[14.216s] -- Installing: /home/user/microros_ws/install/micro_ros_msgs/share/micro_ros_msgs/cmake/export_micro_ros_msgs__rosidl_typesupport_fastrtps_cppExport-noconfig.cmake
[14.216s] -- Installing: /home/user/microros_ws/install/micro_ros_msgs/share/micro_ros_msgs/cmake/micro_ros_msgs__rosidl_typesupport_introspection_cppExport.cmake
[14.217s] -- Installing: /home/user/microros_ws/install/micro_ros_msgs/share/micro_ros_msgs/cmake/micro_ros_msgs__rosidl_typesupport_introspection_cppExport-noconfig.cmake
[14.217s] -- Installing: /home/user/microros_ws/install/micro_ros_msgs/share/micro_ros_msgs/cmake/micro_ros_msgs__rosidl_typesupport_cppExport.cmake
[14.217s] -- Installing: /home/user/microros_ws/install/micro_ros_msgs/share/micro_ros_msgs/cmake/micro_ros_msgs__rosidl_typesupport_cppExport-noconfig.cmake
[14.217s] -- Installing: /home/user/microros_ws/install/micro_ros_msgs/share/micro_ros_msgs/cmake/export_micro_ros_msgs__rosidl_generator_pyExport.cmake
[14.217s] -- Installing: /home/user/microros_ws/install/micro_ros_msgs/share/micro_ros_msgs/cmake/export_micro_ros_msgs__rosidl_generator_pyExport-noconfig.cmake
[14.218s] -- Installing: /home/user/microros_ws/install/micro_ros_msgs/share/micro_ros_msgs/cmake/rosidl_cmake-extras.cmake
[14.218s] -- Installing: /home/user/microros_ws/install/micro_ros_msgs/share/micro_ros_msgs/cmake/ament_cmake_export_include_directories-extras.cmake
[14.218s] -- Installing: /home/user/microros_ws/install/micro_ros_msgs/share/micro_ros_msgs/cmake/ament_cmake_export_libraries-extras.cmake
[14.218s] -- Installing: /home/user/microros_ws/install/micro_ros_msgs/share/micro_ros_msgs/cmake/ament_cmake_export_targets-extras.cmake
[14.218s] -- Installing: /home/user/microros_ws/install/micro_ros_msgs/share/micro_ros_msgs/cmake/rosidl_cmake_export_typesupport_targets-extras.cmake
[14.219s] -- Installing: /home/user/microros_ws/install/micro_ros_msgs/share/micro_ros_msgs/cmake/ament_cmake_export_dependencies-extras.cmake
[14.219s] -- Installing: /home/user/microros_ws/install/micro_ros_msgs/share/micro_ros_msgs/cmake/rosidl_cmake_export_typesupport_libraries-extras.cmake
[14.219s] -- Installing: /home/user/microros_ws/install/micro_ros_msgs/share/micro_ros_msgs/cmake/micro_ros_msgsConfig.cmake
[14.219s] -- Installing: /home/user/microros_ws/install/micro_ros_msgs/share/micro_ros_msgs/cmake/micro_ros_msgsConfig-version.cmake
[14.219s] -- Installing: /home/user/microros_ws/install/micro_ros_msgs/share/micro_ros_msgs/package.xml
[14.222s] Invoked command in '/home/user/microros_ws/build/micro_ros_msgs' returned '0': CMAKE_PREFIX_PATH=${CMAKE_PREFIX_PATH}:/home/user/ros2_ws/install/led_control_node:/home/simulations/ros2_sims_ws/install/rclrs_tests:/home/simulations/ros2_sims_ws/install/examples_rclrs_minimal_client_service:/home/simulations/ros2_sims_ws/install/sensor_msgs_py:/home/simulations/ros2_sims_ws/install/examples_rclrs_minimal_pub_sub:/home/simulations/ros2_sims_ws/install/examples_rclrs_message_demo:/home/simulations/ros2_sims_ws/install/rclrs:/home/simulations/ros2_sims_ws/install/rosidl_runtime_rs:/home/user/ros2_ws/install/pong_reply_node:/opt/ros/humble _=/usr/bin/env /usr/bin/cmake --install /home/user/microros_ws/build/micro_ros_msgs
