[0.232s] Invoking command in '/home/user/microros_ws/firmware/mcu_ws/build/microcdr': _=/usr/bin/env /usr/bin/cmake --build /home/user/microros_ws/firmware/mcu_ws/build/microcdr -- -j8 -l8
[0.277s] gmake[4]: Entering directory '/home/user/microros_ws/firmware/mcu_ws/build/microcdr'
[0.277s] /usr/bin/cmake -S/home/user/microros_ws/firmware/mcu_ws/eProsima/Micro-CDR -B/home/user/microros_ws/firmware/mcu_ws/build/microcdr --check-build-system CMakeFiles/Makefile.cmake 0
[0.277s] Re-run cmake file: Makefile older than: /home/user/microros_ws/firmware/freertos_apps/microros_esp32_extensions/esp32_toolchain.cmake
[0.277s] -- Configuring done
[0.277s] -- Generating done
[0.278s] -- Build files have been written to: /home/user/microros_ws/firmware/mcu_ws/build/microcdr
[0.278s] /usr/bin/cmake -E cmake_progress_start /home/user/microros_ws/firmware/mcu_ws/build/microcdr/CMakeFiles /home/user/microros_ws/firmware/mcu_ws/build/microcdr//CMakeFiles/progress.marks
[0.278s] /usr/bin/gmake  -f CMakeFiles/Makefile2 all
[0.278s] gmake[5]: Entering directory '/home/user/microros_ws/firmware/mcu_ws/build/microcdr'
[0.278s] /usr/bin/gmake  -f CMakeFiles/microcdr.dir/build.make CMakeFiles/microcdr.dir/depend
[0.278s] gmake[6]: Entering directory '/home/user/microros_ws/firmware/mcu_ws/build/microcdr'
[0.278s] cd /home/user/microros_ws/firmware/mcu_ws/build/microcdr && /usr/bin/cmake -E cmake_depends "Unix Makefiles" /home/user/microros_ws/firmware/mcu_ws/eProsima/Micro-CDR /home/user/microros_ws/firmware/mcu_ws/eProsima/Micro-CDR /home/user/microros_ws/firmware/mcu_ws/build/microcdr /home/user/microros_ws/firmware/mcu_ws/build/microcdr /home/user/microros_ws/firmware/mcu_ws/build/microcdr/CMakeFiles/microcdr.dir/DependInfo.cmake --color=
[0.286s] Dependencies file "CMakeFiles/microcdr.dir/src/c/common.c.obj.d" is newer than depends file "/home/user/microros_ws/firmware/mcu_ws/build/microcdr/CMakeFiles/microcdr.dir/compiler_depend.internal".
[0.287s] Dependencies file "CMakeFiles/microcdr.dir/src/c/types/array.c.obj.d" is newer than depends file "/home/user/microros_ws/firmware/mcu_ws/build/microcdr/CMakeFiles/microcdr.dir/compiler_depend.internal".
[0.287s] Dependencies file "CMakeFiles/microcdr.dir/src/c/types/basic.c.obj.d" is newer than depends file "/home/user/microros_ws/firmware/mcu_ws/build/microcdr/CMakeFiles/microcdr.dir/compiler_depend.internal".
[0.287s] Dependencies file "CMakeFiles/microcdr.dir/src/c/types/sequence.c.obj.d" is newer than depends file "/home/user/microros_ws/firmware/mcu_ws/build/microcdr/CMakeFiles/microcdr.dir/compiler_depend.internal".
[0.287s] Dependencies file "CMakeFiles/microcdr.dir/src/c/types/string.c.obj.d" is newer than depends file "/home/user/microros_ws/firmware/mcu_ws/build/microcdr/CMakeFiles/microcdr.dir/compiler_depend.internal".
[0.287s] [35m[1mConsolidate compiler generated dependencies of target microcdr[0m
[0.292s] gmake[6]: Leaving directory '/home/user/microros_ws/firmware/mcu_ws/build/microcdr'
[0.292s] /usr/bin/gmake  -f CMakeFiles/microcdr.dir/build.make CMakeFiles/microcdr.dir/build
[0.292s] gmake[6]: Entering directory '/home/user/microros_ws/firmware/mcu_ws/build/microcdr'
[0.292s] gmake[6]: Nothing to be done for 'CMakeFiles/microcdr.dir/build'.
[0.292s] gmake[6]: Leaving directory '/home/user/microros_ws/firmware/mcu_ws/build/microcdr'
[0.302s] [100%] Built target microcdr
[0.302s] gmake[5]: Leaving directory '/home/user/microros_ws/firmware/mcu_ws/build/microcdr'
[0.303s] /usr/bin/cmake -E cmake_progress_start /home/user/microros_ws/firmware/mcu_ws/build/microcdr/CMakeFiles 0
[0.316s] gmake[4]: Leaving directory '/home/user/microros_ws/firmware/mcu_ws/build/microcdr'
[0.598s] Invoked command in '/home/user/microros_ws/firmware/mcu_ws/build/microcdr' returned '0': _=/usr/bin/env /usr/bin/cmake --build /home/user/microros_ws/firmware/mcu_ws/build/microcdr -- -j8 -l8
[0.618s] Invoking command in '/home/user/microros_ws/firmware/mcu_ws/build/microcdr': _=/usr/bin/env /usr/bin/cmake --install /home/user/microros_ws/firmware/mcu_ws/build/microcdr
[0.647s] -- Install configuration: "Debug"
[0.647s] -- Up-to-date: /home/user/microros_ws/firmware/mcu_ws/install/lib/libmicrocdr.a
[0.648s] -- Up-to-date: /home/user/microros_ws/firmware/mcu_ws/install/include/ucdr
[0.648s] -- Up-to-date: /home/user/microros_ws/firmware/mcu_ws/install/include/ucdr/microcdr.h
[0.650s] -- Up-to-date: /home/user/microros_ws/firmware/mcu_ws/install/include/ucdr/visibility.h
[0.650s] -- Up-to-date: /home/user/microros_ws/firmware/mcu_ws/install/include/ucdr/config.h
[0.650s] -- Up-to-date: /home/user/microros_ws/firmware/mcu_ws/install/share/microcdr/cmake/microcdrTargets.cmake
[0.650s] -- Up-to-date: /home/user/microros_ws/firmware/mcu_ws/install/share/microcdr/cmake/microcdrTargets-debug.cmake
[0.651s] -- Up-to-date: /home/user/microros_ws/firmware/mcu_ws/install/share/microcdr/cmake/microcdrConfig.cmake
[0.651s] -- Up-to-date: /home/user/microros_ws/firmware/mcu_ws/install/share/microcdr/cmake/microcdrConfigVersion.cmake
[0.721s] Invoked command in '/home/user/microros_ws/firmware/mcu_ws/build/microcdr' returned '0': _=/usr/bin/env /usr/bin/cmake --install /home/user/microros_ws/firmware/mcu_ws/build/microcdr
