[0.446s] Invoking command in '/home/user/microros_ws/firmware/mcu_ws/build/rosgraph_msgs': AMENT_PREFIX_PATH=/home/user/microros_ws/firmware/mcu_ws/install:${AMENT_PREFIX_PATH} CMAKE_PREFIX_PATH=/home/user/microros_ws/firmware/mcu_ws/install:/home/user/microros_ws/firmware/dev_ws/install/ament_lint_common:/home/user/microros_ws/firmware/dev_ws/install/ament_cmake_uncrustify:/home/user/microros_ws/firmware/dev_ws/install/uncrustify_vendor:/home/user/microros_ws/firmware/dev_ws/install/ament_cmake_ros:/home/user/microros_ws/firmware/dev_ws/install/ament_cmake_auto:/home/user/microros_ws/firmware/dev_ws/install/ament_cmake_gmock:/home/user/microros_ws/firmware/dev_ws/install/gmock_vendor:/home/user/microros_ws/firmware/dev_ws/install/ament_cmake_gtest:/home/user/microros_ws/firmware/dev_ws/install/gtest_vendor:/home/user/microros_ws/firmware/dev_ws/install/ament_cmake_xmllint:/home/user/microros_ws/firmware/dev_ws/install/ament_cmake_pyflakes:/home/user/microros_ws/firmware/dev_ws/install/ament_cmake_pycodestyle:/home/user/microros_ws/firmware/dev_ws/install/ament_cmake_pep257:/home/user/microros_ws/firmware/dev_ws/install/ament_cmake_pclint:/home/user/microros_ws/firmware/dev_ws/install/ament_lint_auto:/home/user/microros_ws/firmware/dev_ws/install/ament_cmake:/home/user/microros_ws/firmware/dev_ws/install/ament_cmake_version:/home/user/microros_ws/firmware/dev_ws/install/ament_cmake_vendor_package:/home/user/microros_ws/firmware/dev_ws/install/ament_cmake_pytest:/home/user/microros_ws/firmware/dev_ws/install/ament_cmake_nose:/home/user/microros_ws/firmware/dev_ws/install/ament_cmake_mypy:/home/user/microros_ws/firmware/dev_ws/install/ament_cmake_lint_cmake:/home/user/microros_ws/firmware/dev_ws/install/ament_cmake_google_benchmark:/home/user/microros_ws/firmware/dev_ws/install/ament_cmake_flake8:/home/user/microros_ws/firmware/dev_ws/install/ament_cmake_cpplint:/home/user/microros_ws/firmware/dev_ws/install/ament_cmake_cppcheck:/home/user/microros_ws/firmware/dev_ws/install/ament_cmake_copyright:/home/user/microros_ws/firmware/dev_ws/install/ament_cmake_clang_tidy:/home/user/microros_ws/firmware/dev_ws/install/ament_cmake_clang_format:/home/user/microros_ws/firmware/dev_ws/install/ament_cmake_test:/home/user/microros_ws/firmware/dev_ws/install/ament_cmake_target_dependencies:/home/user/microros_ws/firmware/dev_ws/install/ament_cmake_python:/home/user/microros_ws/firmware/dev_ws/install/ament_cmake_export_dependencies:/home/user/microros_ws/firmware/dev_ws/install/ament_cmake_libraries:/home/user/microros_ws/firmware/dev_ws/install/ament_cmake_include_directories:/home/user/microros_ws/firmware/dev_ws/install/ament_cmake_gen_version_h:/home/user/microros_ws/firmware/dev_ws/install/ament_cmake_export_targets:/home/user/microros_ws/firmware/dev_ws/install/ament_cmake_export_link_flags:/home/user/microros_ws/firmware/dev_ws/install/ament_cmake_export_interfaces:/home/user/microros_ws/firmware/dev_ws/install/ament_cmake_export_libraries:/home/user/microros_ws/firmware/dev_ws/install/ament_cmake_export_include_directories:/home/user/microros_ws/firmware/dev_ws/install/ament_cmake_export_definitions:/home/user/microros_ws/firmware/dev_ws/install/ament_cmake_core:/home/user/microros_ws/firmware/dev_ws/install/ament_index_cpp:/home/user/microros_ws/firmware/dev_ws/install/ament_uncrustify:/home/user/microros_ws/firmware/dev_ws/install/domain_coordinator:/home/user/microros_ws/firmware/dev_ws/install/ament_xmllint:/home/user/microros_ws/firmware/dev_ws/install/ament_pyflakes:/home/user/microros_ws/firmware/dev_ws/install/ament_pycodestyle:/home/user/microros_ws/firmware/dev_ws/install/ament_pep257:/home/user/microros_ws/firmware/dev_ws/install/ament_pclint:/home/user/microros_ws/firmware/dev_ws/install/ament_package:/home/user/microros_ws/firmware/dev_ws/install/ament_mypy:/home/user/microros_ws/firmware/dev_ws/install/ament_lint_cmake:/home/user/microros_ws/firmware/dev_ws/install/ament_flake8:/home/user/microros_ws/firmware/dev_ws/install/ament_copyright:/home/user/microros_ws/firmware/dev_ws/install/ament_lint:/home/user/microros_ws/firmware/dev_ws/install/ament_index_python:/home/user/microros_ws/firmware/dev_ws/install/ament_cpplint:/home/user/microros_ws/firmware/dev_ws/install/ament_cppcheck:/home/user/microros_ws/firmware/dev_ws/install/ament_clang_tidy:/home/user/microros_ws/firmware/dev_ws/install/ament_clang_format LD_LIBRARY_PATH=/home/user/microros_ws/firmware/mcu_ws/install/lib:${LD_LIBRARY_PATH} PATH=/home/user/microros_ws/firmware/mcu_ws/install/bin:${PATH} PYTHONPATH=/home/user/microros_ws/firmware/mcu_ws/install/lib/python3.10/site-packages:${PYTHONPATH} _=/usr/bin/env /usr/bin/cmake --build /home/user/microros_ws/firmware/mcu_ws/build/rosgraph_msgs -- -j8 -l8
[0.474s] gmake[4]: Entering directory '/home/user/microros_ws/firmware/mcu_ws/build/rosgraph_msgs'
[0.474s] /usr/bin/cmake -S/home/user/microros_ws/firmware/mcu_ws/ros2/rcl_interfaces/rosgraph_msgs -B/home/user/microros_ws/firmware/mcu_ws/build/rosgraph_msgs --check-build-system CMakeFiles/Makefile.cmake 0
[0.476s] Re-run cmake file: Makefile older than: /home/user/microros_ws/firmware/freertos_apps/microros_esp32_extensions/esp32_toolchain.cmake
[0.482s] -- Found ament_cmake: 1.3.11 (/home/user/microros_ws/firmware/dev_ws/install/ament_cmake/share/ament_cmake/cmake)
[0.693s] -- Found builtin_interfaces: 1.2.1 (/home/user/microros_ws/firmware/mcu_ws/install/share/builtin_interfaces/cmake)
[0.712s] [33mCMake Warning at /home/user/microros_ws/firmware/mcu_ws/install/share/rcutils/cmake/ament_cmake_export_libraries-extras.cmake:116 (message):
[0.712s]   Package 'rcutils' exports library 'dl' which couldn't be found
[0.712s] Call Stack (most recent call first):
[0.712s]   /home/user/microros_ws/firmware/mcu_ws/install/share/rcutils/cmake/rcutilsConfig.cmake:41 (include)
[0.712s]   /home/user/microros_ws/firmware/mcu_ws/install/share/rosidl_runtime_c/cmake/ament_cmake_export_dependencies-extras.cmake:21 (find_package)
[0.712s]   /home/user/microros_ws/firmware/mcu_ws/install/share/rosidl_runtime_c/cmake/rosidl_runtime_cConfig.cmake:41 (include)
[0.712s]   /home/user/microros_ws/firmware/mcu_ws/install/share/builtin_interfaces/cmake/ament_cmake_export_dependencies-extras.cmake:21 (find_package)
[0.712s]   /home/user/microros_ws/firmware/mcu_ws/install/share/builtin_interfaces/cmake/builtin_interfacesConfig.cmake:41 (include)
[0.712s]   CMakeLists.txt:14 (find_package)
[0.712s] 
[0.713s] [0m
[0.724s] -- Using all available rosidl_typesupport_c: rosidl_typesupport_introspection_c;rosidl_typesupport_microxrcedds_c
[0.729s] -- Found rosidl_adapter: 3.1.6 (/home/user/microros_ws/firmware/mcu_ws/install/share/rosidl_adapter/cmake)
[0.761s] -- Found rosidl_default_generators: 1.2.0 (/home/user/microros_ws/firmware/mcu_ws/install/share/rosidl_default_generators/cmake)
[1.390s] -- Found ament_cmake_ros: 0.10.0 (/home/user/microros_ws/firmware/dev_ws/install/ament_cmake_ros/share/ament_cmake_ros/cmake)
[1.801s] -- Using all available rosidl_typesupport_c: rosidl_typesupport_introspection_c;rosidl_typesupport_microxrcedds_c
[1.811s] -- Configuring done
[1.831s] -- Generating done
[1.841s] -- Build files have been written to: /home/user/microros_ws/firmware/mcu_ws/build/rosgraph_msgs
[1.849s] /usr/bin/cmake -E cmake_progress_start /home/user/microros_ws/firmware/mcu_ws/build/rosgraph_msgs/CMakeFiles /home/user/microros_ws/firmware/mcu_ws/build/rosgraph_msgs//CMakeFiles/progress.marks
[1.878s] /usr/bin/gmake  -f CMakeFiles/Makefile2 all
[1.890s] gmake[5]: Entering directory '/home/user/microros_ws/firmware/mcu_ws/build/rosgraph_msgs'
[1.890s] /usr/bin/gmake  -f CMakeFiles/rosgraph_msgs__rosidl_generator_c.dir/build.make CMakeFiles/rosgraph_msgs__rosidl_generator_c.dir/depend
[1.906s] gmake[6]: Entering directory '/home/user/microros_ws/firmware/mcu_ws/build/rosgraph_msgs'
[1.907s] cd /home/user/microros_ws/firmware/mcu_ws/build/rosgraph_msgs && /usr/bin/cmake -E cmake_depends "Unix Makefiles" /home/user/microros_ws/firmware/mcu_ws/ros2/rcl_interfaces/rosgraph_msgs /home/user/microros_ws/firmware/mcu_ws/ros2/rcl_interfaces/rosgraph_msgs /home/user/microros_ws/firmware/mcu_ws/build/rosgraph_msgs /home/user/microros_ws/firmware/mcu_ws/build/rosgraph_msgs /home/user/microros_ws/firmware/mcu_ws/build/rosgraph_msgs/CMakeFiles/rosgraph_msgs__rosidl_generator_c.dir/DependInfo.cmake --color=
[1.922s] Dependencies file "CMakeFiles/rosgraph_msgs__rosidl_generator_c.dir/rosidl_generator_c/rosgraph_msgs/msg/detail/clock__functions.c.obj.d" is newer than depends file "/home/user/microros_ws/firmware/mcu_ws/build/rosgraph_msgs/CMakeFiles/rosgraph_msgs__rosidl_generator_c.dir/compiler_depend.internal".
[1.922s] [35m[1mConsolidate compiler generated dependencies of target rosgraph_msgs__rosidl_generator_c[0m
[1.924s] gmake[6]: Leaving directory '/home/user/microros_ws/firmware/mcu_ws/build/rosgraph_msgs'
[1.924s] /usr/bin/gmake  -f CMakeFiles/rosgraph_msgs__rosidl_generator_c.dir/build.make CMakeFiles/rosgraph_msgs__rosidl_generator_c.dir/build
[1.945s] gmake[6]: Entering directory '/home/user/microros_ws/firmware/mcu_ws/build/rosgraph_msgs'
[1.969s] [  8%] [32mBuilding C object CMakeFiles/rosgraph_msgs__rosidl_generator_c.dir/rosidl_generator_c/rosgraph_msgs/msg/detail/clock__functions.c.obj[0m
[1.970s] /home/user/microros_ws/firmware/toolchain/espressif/tools/xtensa-esp32-elf/esp-2020r2-8.2.0/xtensa-esp32-elf/bin/xtensa-esp32-elf-gcc -DLWIP_IPV4 -DLWIP_IPV6 -DROS_PACKAGE_NAME=\"rosgraph_msgs\" -I/home/user/microros_ws/firmware/freertos_apps/microros_esp32_extensions/build/config -I/home/user/microros_ws/firmware/toolchain/esp-idf/components/newlib/platform_include -I/home/user/microros_ws/firmware/toolchain/esp-idf/components/protocomm/include -I/home/user/microros_ws/firmware/toolchain/esp-idf/components/esp_rom/include -I/home/user/microros_ws/firmware/toolchain/esp-idf/components/driver/include -I/home/user/microros_ws/firmware/toolchain/esp-idf/components/wear_levelling/include -I/home/user/microros_ws/firmware/toolchain/esp-idf/components/vfs/include -I/home/user/microros_ws/firmware/toolchain/esp-idf/components/log/include -I/home/user/microros_ws/firmware/toolchain/esp-idf/components/freertos/include -I/home/user/microros_ws/firmware/toolchain/esp-idf/components/wifi_provisioning/include -I/home/user/microros_ws/firmware/toolchain/esp-idf/components/pthread/include -I/home/user/microros_ws/firmware/toolchain/esp-idf/components/libsodium/libsodium/src/libsodium/include -I/home/user/microros_ws/firmware/toolchain/esp-idf/components/coap/port/include -I/home/user/microros_ws/firmware/toolchain/esp-idf/components/coap/libcoap/include -I/home/user/microros_ws/firmware/toolchain/esp-idf/components/tcp_transport/include -I/home/user/microros_ws/firmware/toolchain/esp-idf/components/unity/include -I/home/user/microros_ws/firmware/toolchain/esp-idf/components/esp32/include -I/home/user/microros_ws/firmware/toolchain/esp-idf/components/asio/port/include -I/home/user/microros_ws/firmware/toolchain/esp-idf/components/asio/asio/asio/include -I/home/user/microros_ws/firmware/toolchain/esp-idf/components/app_update/include -I/home/user/microros_ws/firmware/toolchain/esp-idf/components/esp_ringbuf/include -I/home/user/microros_ws/firmware/toolchain/esp-idf/components/soc/esp32/include -I/home/user/microros_ws/firmware/toolchain/esp-idf/components/soc/include -I/home/user/microros_ws/firmware/toolchain/esp-idf/components/efuse/test/include -I/home/user/microros_ws/firmware/toolchain/esp-idf/components/efuse/esp32/include -I/home/user/microros_ws/firmware/toolchain/esp-idf/components/efuse/include -I/home/user/microros_ws/firmware/toolchain/esp-idf/components/mbedtls/port/include -I/home/user/microros_ws/firmware/toolchain/esp-idf/components/mbedtls/mbedtls/include -I/home/user/microros_ws/firmware/toolchain/esp-idf/components/xtensa/esp32/include -I/home/user/microros_ws/firmware/toolchain/esp-idf/components/xtensa/include -I/home/user/microros_ws/firmware/toolchain/esp-idf/components/app_trace/include -I/home/user/microros_ws/firmware/toolchain/esp-idf/components/nvs_flash/include -I/home/user/microros_ws/firmware/toolchain/esp-idf/components/jsmn/include -I/home/user/microros_ws/firmware/toolchain/esp-idf/components/esp_eth/include -I/home/user/microros_ws/firmware/toolchain/esp-idf/components/spiffs/include -I/home/user/microros_ws/firmware/toolchain/esp-idf/components/ulp/include -I/home/user/microros_ws/firmware/toolchain/esp-idf/components/mdns/include -I/home/user/microros_ws/firmware/toolchain/esp-idf/components/freemodbus/modbus/include -I/home/user/microros_ws/firmware/toolchain/esp-idf/components/freemodbus/common/include -I/home/user/microros_ws/firmware/toolchain/esp-idf/components/esp_event/include -I/home/user/microros_ws/firmware/toolchain/esp-idf/components/expat/port/include -I/home/user/microros_ws/firmware/toolchain/esp-idf/components/bootloader_support/include -I/home/user/microros_ws/firmware/toolchain/esp-idf/components/heap/include -I/home/user/microros_ws/firmware/toolchain/esp-idf/components/wpa_supplicant/port/include -I/home/user/microros_ws/firmware/toolchain/esp-idf/components/wpa_supplicant/include -I/home/user/microros_ws/firmware/toolchain/esp-idf/components/tcpip_adapter/include -I/home/user/microros_ws/firmware/toolchain/esp-idf/components/openssl/include -I/home/user/microros_ws/firmware/toolchain/esp-idf/components/sdmmc/include -I/home/user/microros_ws/firmware/toolchain/esp-idf/components/esp_local_ctrl/include -I/home/user/microros_ws/firmware/toolchain/esp-idf/components/esp_common/include -I/home/user/microros_ws/firmware/toolchain/esp-idf/components/lwip/lwip/src/include/lwip/apps -I/home/user/microros_ws/firmware/toolchain/esp-idf/components/lwip/lwip/src/include/compat/posix -I/home/user/microros_ws/firmware/toolchain/esp-idf/components/lwip/lwip/src/include -I/home/user/microros_ws/firmware/toolchain/esp-idf/components/lwip/port/esp32/include -I/home/user/microros_ws/firmware/mcu_ws/build/rosgraph_msgs/rosidl_generator_c -isystem /home/user/microros_ws/firmware/mcu_ws/install/include/builtin_interfaces -isystem /home/user/microros_ws/firmware/mcu_ws/install/include/rosidl_runtime_c -isystem /home/user/microros_ws/firmware/mcu_ws/install/include/rcutils -isystem /home/user/microros_ws/firmware/mcu_ws/install/include/rosidl_typesupport_interface -mlongcalls -Wno-frame-address -mlongcalls -Wno-frame-address -g -Wall -std=gnu11 -MD -MT CMakeFiles/rosgraph_msgs__rosidl_generator_c.dir/rosidl_generator_c/rosgraph_msgs/msg/detail/clock__functions.c.obj -MF CMakeFiles/rosgraph_msgs__rosidl_generator_c.dir/rosidl_generator_c/rosgraph_msgs/msg/detail/clock__functions.c.obj.d -o CMakeFiles/rosgraph_msgs__rosidl_generator_c.dir/rosidl_generator_c/rosgraph_msgs/msg/detail/clock__functions.c.obj -c /home/user/microros_ws/firmware/mcu_ws/build/rosgraph_msgs/rosidl_generator_c/rosgraph_msgs/msg/detail/clock__functions.c
[2.145s] [ 16%] [32m[1mLinking C static library librosgraph_msgs__rosidl_generator_c.a[0m
[2.145s] /usr/bin/cmake -P CMakeFiles/rosgraph_msgs__rosidl_generator_c.dir/cmake_clean_target.cmake
[2.173s] /usr/bin/cmake -E cmake_link_script CMakeFiles/rosgraph_msgs__rosidl_generator_c.dir/link.txt --verbose=1
[2.186s] /home/user/microros_ws/firmware/toolchain/espressif/tools/xtensa-esp32-elf/esp-2020r2-8.2.0/xtensa-esp32-elf/bin/xtensa-esp32-elf-ar qc librosgraph_msgs__rosidl_generator_c.a CMakeFiles/rosgraph_msgs__rosidl_generator_c.dir/rosidl_generator_c/rosgraph_msgs/msg/detail/clock__functions.c.obj
[2.195s] /home/user/microros_ws/firmware/toolchain/espressif/tools/xtensa-esp32-elf/esp-2020r2-8.2.0/xtensa-esp32-elf/bin/xtensa-esp32-elf-ranlib librosgraph_msgs__rosidl_generator_c.a
[2.215s] gmake[6]: Leaving directory '/home/user/microros_ws/firmware/mcu_ws/build/rosgraph_msgs'
[2.248s] [ 25%] Built target rosgraph_msgs__rosidl_generator_c
[2.249s] /usr/bin/gmake  -f CMakeFiles/rosgraph_msgs__rosidl_typesupport_introspection_c.dir/build.make CMakeFiles/rosgraph_msgs__rosidl_typesupport_introspection_c.dir/depend
[2.269s] /usr/bin/gmake  -f CMakeFiles/rosgraph_msgs__rosidl_typesupport_c.dir/build.make CMakeFiles/rosgraph_msgs__rosidl_typesupport_c.dir/depend
[2.272s] gmake[6]: Entering directory '/home/user/microros_ws/firmware/mcu_ws/build/rosgraph_msgs'
[2.272s] cd /home/user/microros_ws/firmware/mcu_ws/build/rosgraph_msgs && /usr/bin/cmake -E cmake_depends "Unix Makefiles" /home/user/microros_ws/firmware/mcu_ws/ros2/rcl_interfaces/rosgraph_msgs /home/user/microros_ws/firmware/mcu_ws/ros2/rcl_interfaces/rosgraph_msgs /home/user/microros_ws/firmware/mcu_ws/build/rosgraph_msgs /home/user/microros_ws/firmware/mcu_ws/build/rosgraph_msgs /home/user/microros_ws/firmware/mcu_ws/build/rosgraph_msgs/CMakeFiles/rosgraph_msgs__rosidl_typesupport_introspection_c.dir/DependInfo.cmake --color=
[2.273s] /usr/bin/gmake  -f CMakeFiles/rosgraph_msgs__rosidl_typesupport_microxrcedds_c.dir/build.make CMakeFiles/rosgraph_msgs__rosidl_typesupport_microxrcedds_c.dir/depend
[2.274s] gmake[6]: Entering directory '/home/user/microros_ws/firmware/mcu_ws/build/rosgraph_msgs'
[2.275s] cd /home/user/microros_ws/firmware/mcu_ws/build/rosgraph_msgs && /usr/bin/cmake -E cmake_depends "Unix Makefiles" /home/user/microros_ws/firmware/mcu_ws/ros2/rcl_interfaces/rosgraph_msgs /home/user/microros_ws/firmware/mcu_ws/ros2/rcl_interfaces/rosgraph_msgs /home/user/microros_ws/firmware/mcu_ws/build/rosgraph_msgs /home/user/microros_ws/firmware/mcu_ws/build/rosgraph_msgs /home/user/microros_ws/firmware/mcu_ws/build/rosgraph_msgs/CMakeFiles/rosgraph_msgs__rosidl_typesupport_c.dir/DependInfo.cmake --color=
[2.277s] gmake[6]: Entering directory '/home/user/microros_ws/firmware/mcu_ws/build/rosgraph_msgs'
[2.277s] cd /home/user/microros_ws/firmware/mcu_ws/build/rosgraph_msgs && /usr/bin/cmake -E cmake_depends "Unix Makefiles" /home/user/microros_ws/firmware/mcu_ws/ros2/rcl_interfaces/rosgraph_msgs /home/user/microros_ws/firmware/mcu_ws/ros2/rcl_interfaces/rosgraph_msgs /home/user/microros_ws/firmware/mcu_ws/build/rosgraph_msgs /home/user/microros_ws/firmware/mcu_ws/build/rosgraph_msgs /home/user/microros_ws/firmware/mcu_ws/build/rosgraph_msgs/CMakeFiles/rosgraph_msgs__rosidl_typesupport_microxrcedds_c.dir/DependInfo.cmake --color=
[2.294s] Dependencies file "CMakeFiles/rosgraph_msgs__rosidl_typesupport_introspection_c.dir/rosidl_typesupport_introspection_c/rosgraph_msgs/msg/detail/clock__type_support.c.obj.d" is newer than depends file "/home/user/microros_ws/firmware/mcu_ws/build/rosgraph_msgs/CMakeFiles/rosgraph_msgs__rosidl_typesupport_introspection_c.dir/compiler_depend.internal".
[2.300s] [35m[1mConsolidate compiler generated dependencies of target rosgraph_msgs__rosidl_typesupport_introspection_c[0m
[2.302s] gmake[6]: Leaving directory '/home/user/microros_ws/firmware/mcu_ws/build/rosgraph_msgs'
[2.303s] /usr/bin/gmake  -f CMakeFiles/rosgraph_msgs__rosidl_typesupport_introspection_c.dir/build.make CMakeFiles/rosgraph_msgs__rosidl_typesupport_introspection_c.dir/build
[2.303s] Dependencies file "CMakeFiles/rosgraph_msgs__rosidl_typesupport_microxrcedds_c.dir/rosidl_typesupport_microxrcedds_c/rosgraph_msgs/msg/detail/microxrcedds/clock__type_support_c.c.obj.d" is newer than depends file "/home/user/microros_ws/firmware/mcu_ws/build/rosgraph_msgs/CMakeFiles/rosgraph_msgs__rosidl_typesupport_microxrcedds_c.dir/compiler_depend.internal".
[2.303s] [35m[1mConsolidate compiler generated dependencies of target rosgraph_msgs__rosidl_typesupport_microxrcedds_c[0m
[2.305s] Dependencies file "CMakeFiles/rosgraph_msgs__rosidl_typesupport_c.dir/rosidl_typesupport_c/rosgraph_msgs/msg/clock__type_support.cpp.obj.d" is newer than depends file "/home/user/microros_ws/firmware/mcu_ws/build/rosgraph_msgs/CMakeFiles/rosgraph_msgs__rosidl_typesupport_c.dir/compiler_depend.internal".
[2.305s] [35m[1mConsolidate compiler generated dependencies of target rosgraph_msgs__rosidl_typesupport_c[0m
[2.306s] gmake[6]: Leaving directory '/home/user/microros_ws/firmware/mcu_ws/build/rosgraph_msgs'
[2.316s] /usr/bin/gmake  -f CMakeFiles/rosgraph_msgs__rosidl_typesupport_c.dir/build.make CMakeFiles/rosgraph_msgs__rosidl_typesupport_c.dir/build
[2.317s] gmake[6]: Leaving directory '/home/user/microros_ws/firmware/mcu_ws/build/rosgraph_msgs'
[2.318s] gmake[6]: Entering directory '/home/user/microros_ws/firmware/mcu_ws/build/rosgraph_msgs'
[2.318s] gmake[6]: Nothing to be done for 'CMakeFiles/rosgraph_msgs__rosidl_typesupport_introspection_c.dir/build'.
[2.318s] gmake[6]: Leaving directory '/home/user/microros_ws/firmware/mcu_ws/build/rosgraph_msgs'
[2.336s] /usr/bin/gmake  -f CMakeFiles/rosgraph_msgs__rosidl_typesupport_microxrcedds_c.dir/build.make CMakeFiles/rosgraph_msgs__rosidl_typesupport_microxrcedds_c.dir/build
[2.336s] gmake[6]: Entering directory '/home/user/microros_ws/firmware/mcu_ws/build/rosgraph_msgs'
[2.336s] gmake[6]: Nothing to be done for 'CMakeFiles/rosgraph_msgs__rosidl_typesupport_c.dir/build'.
[2.336s] gmake[6]: Leaving directory '/home/user/microros_ws/firmware/mcu_ws/build/rosgraph_msgs'
[2.364s] gmake[6]: Entering directory '/home/user/microros_ws/firmware/mcu_ws/build/rosgraph_msgs'
[2.364s] gmake[6]: Nothing to be done for 'CMakeFiles/rosgraph_msgs__rosidl_typesupport_microxrcedds_c.dir/build'.
[2.364s] gmake[6]: Leaving directory '/home/user/microros_ws/firmware/mcu_ws/build/rosgraph_msgs'
[2.384s] [ 50%] Built target rosgraph_msgs__rosidl_typesupport_introspection_c
[2.407s] [ 75%] Built target rosgraph_msgs__rosidl_typesupport_microxrcedds_c
[2.409s] [100%] Built target rosgraph_msgs__rosidl_typesupport_c
[2.410s] /usr/bin/gmake  -f CMakeFiles/rosgraph_msgs.dir/build.make CMakeFiles/rosgraph_msgs.dir/depend
[2.428s] gmake[6]: Entering directory '/home/user/microros_ws/firmware/mcu_ws/build/rosgraph_msgs'
[2.428s] cd /home/user/microros_ws/firmware/mcu_ws/build/rosgraph_msgs && /usr/bin/cmake -E cmake_depends "Unix Makefiles" /home/user/microros_ws/firmware/mcu_ws/ros2/rcl_interfaces/rosgraph_msgs /home/user/microros_ws/firmware/mcu_ws/ros2/rcl_interfaces/rosgraph_msgs /home/user/microros_ws/firmware/mcu_ws/build/rosgraph_msgs /home/user/microros_ws/firmware/mcu_ws/build/rosgraph_msgs /home/user/microros_ws/firmware/mcu_ws/build/rosgraph_msgs/CMakeFiles/rosgraph_msgs.dir/DependInfo.cmake --color=
[2.466s] gmake[6]: Leaving directory '/home/user/microros_ws/firmware/mcu_ws/build/rosgraph_msgs'
[2.466s] /usr/bin/gmake  -f CMakeFiles/rosgraph_msgs.dir/build.make CMakeFiles/rosgraph_msgs.dir/build
[2.476s] gmake[6]: Entering directory '/home/user/microros_ws/firmware/mcu_ws/build/rosgraph_msgs'
[2.476s] gmake[6]: Nothing to be done for 'CMakeFiles/rosgraph_msgs.dir/build'.
[2.477s] gmake[6]: Leaving directory '/home/user/microros_ws/firmware/mcu_ws/build/rosgraph_msgs'
[2.562s] [100%] Built target rosgraph_msgs
[2.562s] gmake[5]: Leaving directory '/home/user/microros_ws/firmware/mcu_ws/build/rosgraph_msgs'
[2.563s] /usr/bin/cmake -E cmake_progress_start /home/user/microros_ws/firmware/mcu_ws/build/rosgraph_msgs/CMakeFiles 0
[2.589s] gmake[4]: Leaving directory '/home/user/microros_ws/firmware/mcu_ws/build/rosgraph_msgs'
[2.593s] Invoked command in '/home/user/microros_ws/firmware/mcu_ws/build/rosgraph_msgs' returned '0': AMENT_PREFIX_PATH=/home/user/microros_ws/firmware/mcu_ws/install:${AMENT_PREFIX_PATH} CMAKE_PREFIX_PATH=/home/user/microros_ws/firmware/mcu_ws/install:/home/user/microros_ws/firmware/dev_ws/install/ament_lint_common:/home/user/microros_ws/firmware/dev_ws/install/ament_cmake_uncrustify:/home/user/microros_ws/firmware/dev_ws/install/uncrustify_vendor:/home/user/microros_ws/firmware/dev_ws/install/ament_cmake_ros:/home/user/microros_ws/firmware/dev_ws/install/ament_cmake_auto:/home/user/microros_ws/firmware/dev_ws/install/ament_cmake_gmock:/home/user/microros_ws/firmware/dev_ws/install/gmock_vendor:/home/user/microros_ws/firmware/dev_ws/install/ament_cmake_gtest:/home/user/microros_ws/firmware/dev_ws/install/gtest_vendor:/home/user/microros_ws/firmware/dev_ws/install/ament_cmake_xmllint:/home/user/microros_ws/firmware/dev_ws/install/ament_cmake_pyflakes:/home/user/microros_ws/firmware/dev_ws/install/ament_cmake_pycodestyle:/home/user/microros_ws/firmware/dev_ws/install/ament_cmake_pep257:/home/user/microros_ws/firmware/dev_ws/install/ament_cmake_pclint:/home/user/microros_ws/firmware/dev_ws/install/ament_lint_auto:/home/user/microros_ws/firmware/dev_ws/install/ament_cmake:/home/user/microros_ws/firmware/dev_ws/install/ament_cmake_version:/home/user/microros_ws/firmware/dev_ws/install/ament_cmake_vendor_package:/home/user/microros_ws/firmware/dev_ws/install/ament_cmake_pytest:/home/user/microros_ws/firmware/dev_ws/install/ament_cmake_nose:/home/user/microros_ws/firmware/dev_ws/install/ament_cmake_mypy:/home/user/microros_ws/firmware/dev_ws/install/ament_cmake_lint_cmake:/home/user/microros_ws/firmware/dev_ws/install/ament_cmake_google_benchmark:/home/user/microros_ws/firmware/dev_ws/install/ament_cmake_flake8:/home/user/microros_ws/firmware/dev_ws/install/ament_cmake_cpplint:/home/user/microros_ws/firmware/dev_ws/install/ament_cmake_cppcheck:/home/user/microros_ws/firmware/dev_ws/install/ament_cmake_copyright:/home/user/microros_ws/firmware/dev_ws/install/ament_cmake_clang_tidy:/home/user/microros_ws/firmware/dev_ws/install/ament_cmake_clang_format:/home/user/microros_ws/firmware/dev_ws/install/ament_cmake_test:/home/user/microros_ws/firmware/dev_ws/install/ament_cmake_target_dependencies:/home/user/microros_ws/firmware/dev_ws/install/ament_cmake_python:/home/user/microros_ws/firmware/dev_ws/install/ament_cmake_export_dependencies:/home/user/microros_ws/firmware/dev_ws/install/ament_cmake_libraries:/home/user/microros_ws/firmware/dev_ws/install/ament_cmake_include_directories:/home/user/microros_ws/firmware/dev_ws/install/ament_cmake_gen_version_h:/home/user/microros_ws/firmware/dev_ws/install/ament_cmake_export_targets:/home/user/microros_ws/firmware/dev_ws/install/ament_cmake_export_link_flags:/home/user/microros_ws/firmware/dev_ws/install/ament_cmake_export_interfaces:/home/user/microros_ws/firmware/dev_ws/install/ament_cmake_export_libraries:/home/user/microros_ws/firmware/dev_ws/install/ament_cmake_export_include_directories:/home/user/microros_ws/firmware/dev_ws/install/ament_cmake_export_definitions:/home/user/microros_ws/firmware/dev_ws/install/ament_cmake_core:/home/user/microros_ws/firmware/dev_ws/install/ament_index_cpp:/home/user/microros_ws/firmware/dev_ws/install/ament_uncrustify:/home/user/microros_ws/firmware/dev_ws/install/domain_coordinator:/home/user/microros_ws/firmware/dev_ws/install/ament_xmllint:/home/user/microros_ws/firmware/dev_ws/install/ament_pyflakes:/home/user/microros_ws/firmware/dev_ws/install/ament_pycodestyle:/home/user/microros_ws/firmware/dev_ws/install/ament_pep257:/home/user/microros_ws/firmware/dev_ws/install/ament_pclint:/home/user/microros_ws/firmware/dev_ws/install/ament_package:/home/user/microros_ws/firmware/dev_ws/install/ament_mypy:/home/user/microros_ws/firmware/dev_ws/install/ament_lint_cmake:/home/user/microros_ws/firmware/dev_ws/install/ament_flake8:/home/user/microros_ws/firmware/dev_ws/install/ament_copyright:/home/user/microros_ws/firmware/dev_ws/install/ament_lint:/home/user/microros_ws/firmware/dev_ws/install/ament_index_python:/home/user/microros_ws/firmware/dev_ws/install/ament_cpplint:/home/user/microros_ws/firmware/dev_ws/install/ament_cppcheck:/home/user/microros_ws/firmware/dev_ws/install/ament_clang_tidy:/home/user/microros_ws/firmware/dev_ws/install/ament_clang_format LD_LIBRARY_PATH=/home/user/microros_ws/firmware/mcu_ws/install/lib:${LD_LIBRARY_PATH} PATH=/home/user/microros_ws/firmware/mcu_ws/install/bin:${PATH} PYTHONPATH=/home/user/microros_ws/firmware/mcu_ws/install/lib/python3.10/site-packages:${PYTHONPATH} _=/usr/bin/env /usr/bin/cmake --build /home/user/microros_ws/firmware/mcu_ws/build/rosgraph_msgs -- -j8 -l8
[2.606s] Invoking command in '/home/user/microros_ws/firmware/mcu_ws/build/rosgraph_msgs': AMENT_PREFIX_PATH=/home/user/microros_ws/firmware/mcu_ws/install:${AMENT_PREFIX_PATH} CMAKE_PREFIX_PATH=/home/user/microros_ws/firmware/mcu_ws/install:/home/user/microros_ws/firmware/dev_ws/install/ament_lint_common:/home/user/microros_ws/firmware/dev_ws/install/ament_cmake_uncrustify:/home/user/microros_ws/firmware/dev_ws/install/uncrustify_vendor:/home/user/microros_ws/firmware/dev_ws/install/ament_cmake_ros:/home/user/microros_ws/firmware/dev_ws/install/ament_cmake_auto:/home/user/microros_ws/firmware/dev_ws/install/ament_cmake_gmock:/home/user/microros_ws/firmware/dev_ws/install/gmock_vendor:/home/user/microros_ws/firmware/dev_ws/install/ament_cmake_gtest:/home/user/microros_ws/firmware/dev_ws/install/gtest_vendor:/home/user/microros_ws/firmware/dev_ws/install/ament_cmake_xmllint:/home/user/microros_ws/firmware/dev_ws/install/ament_cmake_pyflakes:/home/user/microros_ws/firmware/dev_ws/install/ament_cmake_pycodestyle:/home/user/microros_ws/firmware/dev_ws/install/ament_cmake_pep257:/home/user/microros_ws/firmware/dev_ws/install/ament_cmake_pclint:/home/user/microros_ws/firmware/dev_ws/install/ament_lint_auto:/home/user/microros_ws/firmware/dev_ws/install/ament_cmake:/home/user/microros_ws/firmware/dev_ws/install/ament_cmake_version:/home/user/microros_ws/firmware/dev_ws/install/ament_cmake_vendor_package:/home/user/microros_ws/firmware/dev_ws/install/ament_cmake_pytest:/home/user/microros_ws/firmware/dev_ws/install/ament_cmake_nose:/home/user/microros_ws/firmware/dev_ws/install/ament_cmake_mypy:/home/user/microros_ws/firmware/dev_ws/install/ament_cmake_lint_cmake:/home/user/microros_ws/firmware/dev_ws/install/ament_cmake_google_benchmark:/home/user/microros_ws/firmware/dev_ws/install/ament_cmake_flake8:/home/user/microros_ws/firmware/dev_ws/install/ament_cmake_cpplint:/home/user/microros_ws/firmware/dev_ws/install/ament_cmake_cppcheck:/home/user/microros_ws/firmware/dev_ws/install/ament_cmake_copyright:/home/user/microros_ws/firmware/dev_ws/install/ament_cmake_clang_tidy:/home/user/microros_ws/firmware/dev_ws/install/ament_cmake_clang_format:/home/user/microros_ws/firmware/dev_ws/install/ament_cmake_test:/home/user/microros_ws/firmware/dev_ws/install/ament_cmake_target_dependencies:/home/user/microros_ws/firmware/dev_ws/install/ament_cmake_python:/home/user/microros_ws/firmware/dev_ws/install/ament_cmake_export_dependencies:/home/user/microros_ws/firmware/dev_ws/install/ament_cmake_libraries:/home/user/microros_ws/firmware/dev_ws/install/ament_cmake_include_directories:/home/user/microros_ws/firmware/dev_ws/install/ament_cmake_gen_version_h:/home/user/microros_ws/firmware/dev_ws/install/ament_cmake_export_targets:/home/user/microros_ws/firmware/dev_ws/install/ament_cmake_export_link_flags:/home/user/microros_ws/firmware/dev_ws/install/ament_cmake_export_interfaces:/home/user/microros_ws/firmware/dev_ws/install/ament_cmake_export_libraries:/home/user/microros_ws/firmware/dev_ws/install/ament_cmake_export_include_directories:/home/user/microros_ws/firmware/dev_ws/install/ament_cmake_export_definitions:/home/user/microros_ws/firmware/dev_ws/install/ament_cmake_core:/home/user/microros_ws/firmware/dev_ws/install/ament_index_cpp:/home/user/microros_ws/firmware/dev_ws/install/ament_uncrustify:/home/user/microros_ws/firmware/dev_ws/install/domain_coordinator:/home/user/microros_ws/firmware/dev_ws/install/ament_xmllint:/home/user/microros_ws/firmware/dev_ws/install/ament_pyflakes:/home/user/microros_ws/firmware/dev_ws/install/ament_pycodestyle:/home/user/microros_ws/firmware/dev_ws/install/ament_pep257:/home/user/microros_ws/firmware/dev_ws/install/ament_pclint:/home/user/microros_ws/firmware/dev_ws/install/ament_package:/home/user/microros_ws/firmware/dev_ws/install/ament_mypy:/home/user/microros_ws/firmware/dev_ws/install/ament_lint_cmake:/home/user/microros_ws/firmware/dev_ws/install/ament_flake8:/home/user/microros_ws/firmware/dev_ws/install/ament_copyright:/home/user/microros_ws/firmware/dev_ws/install/ament_lint:/home/user/microros_ws/firmware/dev_ws/install/ament_index_python:/home/user/microros_ws/firmware/dev_ws/install/ament_cpplint:/home/user/microros_ws/firmware/dev_ws/install/ament_cppcheck:/home/user/microros_ws/firmware/dev_ws/install/ament_clang_tidy:/home/user/microros_ws/firmware/dev_ws/install/ament_clang_format LD_LIBRARY_PATH=/home/user/microros_ws/firmware/mcu_ws/install/lib:${LD_LIBRARY_PATH} PATH=/home/user/microros_ws/firmware/mcu_ws/install/bin:${PATH} PYTHONPATH=/home/user/microros_ws/firmware/mcu_ws/install/lib/python3.10/site-packages:${PYTHONPATH} _=/usr/bin/env /usr/bin/cmake --install /home/user/microros_ws/firmware/mcu_ws/build/rosgraph_msgs
[2.627s] -- Install configuration: "Debug"
[2.630s] -- Up-to-date: /home/user/microros_ws/firmware/mcu_ws/install/share/ament_index/resource_index/rosidl_interfaces/rosgraph_msgs
[2.631s] -- Up-to-date: /home/user/microros_ws/firmware/mcu_ws/install/include/rosgraph_msgs/rosgraph_msgs
[2.631s] -- Up-to-date: /home/user/microros_ws/firmware/mcu_ws/install/include/rosgraph_msgs/rosgraph_msgs/msg
[2.633s] -- Up-to-date: /home/user/microros_ws/firmware/mcu_ws/install/include/rosgraph_msgs/rosgraph_msgs/msg/detail
[2.634s] -- Up-to-date: /home/user/microros_ws/firmware/mcu_ws/install/include/rosgraph_msgs/rosgraph_msgs/msg/detail/clock__functions.c
[2.634s] -- Up-to-date: /home/user/microros_ws/firmware/mcu_ws/install/include/rosgraph_msgs/rosgraph_msgs/msg/detail/clock__struct.h
[2.634s] -- Up-to-date: /home/user/microros_ws/firmware/mcu_ws/install/include/rosgraph_msgs/rosgraph_msgs/msg/detail/clock__functions.h
[2.635s] -- Up-to-date: /home/user/microros_ws/firmware/mcu_ws/install/include/rosgraph_msgs/rosgraph_msgs/msg/detail/clock__type_support.h
[2.635s] -- Up-to-date: /home/user/microros_ws/firmware/mcu_ws/install/include/rosgraph_msgs/rosgraph_msgs/msg/rosidl_generator_c__visibility_control.h
[2.635s] -- Up-to-date: /home/user/microros_ws/firmware/mcu_ws/install/include/rosgraph_msgs/rosgraph_msgs/msg/clock.h
[2.636s] -- Up-to-date: /home/user/microros_ws/firmware/mcu_ws/install/share/rosgraph_msgs/environment/library_path.sh
[2.636s] -- Installing: /home/user/microros_ws/firmware/mcu_ws/install/share/rosgraph_msgs/environment/library_path.dsv
[2.637s] -- Installing: /home/user/microros_ws/firmware/mcu_ws/install/lib/librosgraph_msgs__rosidl_generator_c.a
[2.637s] -- Up-to-date: /home/user/microros_ws/firmware/mcu_ws/install/include/rosgraph_msgs/rosgraph_msgs
[2.638s] -- Up-to-date: /home/user/microros_ws/firmware/mcu_ws/install/include/rosgraph_msgs/rosgraph_msgs/msg
[2.638s] -- Up-to-date: /home/user/microros_ws/firmware/mcu_ws/install/include/rosgraph_msgs/rosgraph_msgs/msg/detail
[2.638s] -- Up-to-date: /home/user/microros_ws/firmware/mcu_ws/install/include/rosgraph_msgs/rosgraph_msgs/msg/detail/clock__rosidl_typesupport_introspection_c.h
[2.638s] -- Up-to-date: /home/user/microros_ws/firmware/mcu_ws/install/include/rosgraph_msgs/rosgraph_msgs/msg/detail/clock__type_support.c
[2.638s] -- Up-to-date: /home/user/microros_ws/firmware/mcu_ws/install/include/rosgraph_msgs/rosgraph_msgs/msg/rosidl_typesupport_introspection_c__visibility_control.h
[2.639s] -- Up-to-date: /home/user/microros_ws/firmware/mcu_ws/install/lib/librosgraph_msgs__rosidl_typesupport_introspection_c.a
[2.639s] -- Up-to-date: /home/user/microros_ws/firmware/mcu_ws/install/include/rosgraph_msgs
[2.640s] -- Up-to-date: /home/user/microros_ws/firmware/mcu_ws/install/include/rosgraph_msgs/msg
[2.644s] -- Up-to-date: /home/user/microros_ws/firmware/mcu_ws/install/include/rosgraph_msgs/msg/detail
[2.645s] -- Up-to-date: /home/user/microros_ws/firmware/mcu_ws/install/include/rosgraph_msgs/msg/detail/microxrcedds
[2.645s] -- Up-to-date: /home/user/microros_ws/firmware/mcu_ws/install/include/rosgraph_msgs/msg/detail/clock__rosidl_typesupport_microxrcedds_c.h
[2.646s] -- Up-to-date: /home/user/microros_ws/firmware/mcu_ws/install/include/rosgraph_msgs/msg/rosidl_typesupport_microxrcedds_c__visibility_control.h
[2.646s] -- Up-to-date: /home/user/microros_ws/firmware/mcu_ws/install/lib/librosgraph_msgs__rosidl_typesupport_microxrcedds_c.a
[2.646s] -- Up-to-date: /home/user/microros_ws/firmware/mcu_ws/install/lib/librosgraph_msgs__rosidl_typesupport_c.a
[2.647s] -- Up-to-date: /home/user/microros_ws/firmware/mcu_ws/install/share/rosgraph_msgs/msg/Clock.idl
[2.647s] -- Up-to-date: /home/user/microros_ws/firmware/mcu_ws/install/share/rosgraph_msgs/msg/Clock.msg
[2.647s] -- Up-to-date: /home/user/microros_ws/firmware/mcu_ws/install/share/ament_index/resource_index/package_run_dependencies/rosgraph_msgs
[2.648s] -- Up-to-date: /home/user/microros_ws/firmware/mcu_ws/install/share/ament_index/resource_index/parent_prefix_path/rosgraph_msgs
[2.648s] -- Up-to-date: /home/user/microros_ws/firmware/mcu_ws/install/share/rosgraph_msgs/environment/ament_prefix_path.sh
[2.649s] -- Installing: /home/user/microros_ws/firmware/mcu_ws/install/share/rosgraph_msgs/environment/ament_prefix_path.dsv
[2.650s] -- Up-to-date: /home/user/microros_ws/firmware/mcu_ws/install/share/rosgraph_msgs/environment/path.sh
[2.650s] -- Installing: /home/user/microros_ws/firmware/mcu_ws/install/share/rosgraph_msgs/environment/path.dsv
[2.651s] -- Up-to-date: /home/user/microros_ws/firmware/mcu_ws/install/share/rosgraph_msgs/local_setup.bash
[2.651s] -- Up-to-date: /home/user/microros_ws/firmware/mcu_ws/install/share/rosgraph_msgs/local_setup.sh
[2.651s] -- Up-to-date: /home/user/microros_ws/firmware/mcu_ws/install/share/rosgraph_msgs/local_setup.zsh
[2.652s] -- Installing: /home/user/microros_ws/firmware/mcu_ws/install/share/rosgraph_msgs/local_setup.dsv
[2.652s] -- Installing: /home/user/microros_ws/firmware/mcu_ws/install/share/rosgraph_msgs/package.dsv
[2.653s] -- Up-to-date: /home/user/microros_ws/firmware/mcu_ws/install/share/ament_index/resource_index/packages/rosgraph_msgs
[2.653s] -- Up-to-date: /home/user/microros_ws/firmware/mcu_ws/install/share/rosgraph_msgs/cmake/export_rosgraph_msgs__rosidl_generator_cExport.cmake
[2.653s] -- Up-to-date: /home/user/microros_ws/firmware/mcu_ws/install/share/rosgraph_msgs/cmake/export_rosgraph_msgs__rosidl_generator_cExport-debug.cmake
[2.654s] -- Up-to-date: /home/user/microros_ws/firmware/mcu_ws/install/share/rosgraph_msgs/cmake/rosgraph_msgs__rosidl_typesupport_introspection_cExport.cmake
[2.656s] -- Up-to-date: /home/user/microros_ws/firmware/mcu_ws/install/share/rosgraph_msgs/cmake/rosgraph_msgs__rosidl_typesupport_introspection_cExport-debug.cmake
[2.657s] -- Up-to-date: /home/user/microros_ws/firmware/mcu_ws/install/share/rosgraph_msgs/cmake/rosgraph_msgs__rosidl_typesupport_cExport.cmake
[2.658s] -- Up-to-date: /home/user/microros_ws/firmware/mcu_ws/install/share/rosgraph_msgs/cmake/rosgraph_msgs__rosidl_typesupport_cExport-debug.cmake
[2.660s] -- Up-to-date: /home/user/microros_ws/firmware/mcu_ws/install/share/rosgraph_msgs/cmake/rosidl_cmake-extras.cmake
[2.661s] -- Up-to-date: /home/user/microros_ws/firmware/mcu_ws/install/share/rosgraph_msgs/cmake/ament_cmake_export_dependencies-extras.cmake
[2.661s] -- Up-to-date: /home/user/microros_ws/firmware/mcu_ws/install/share/rosgraph_msgs/cmake/ament_cmake_export_include_directories-extras.cmake
[2.661s] -- Up-to-date: /home/user/microros_ws/firmware/mcu_ws/install/share/rosgraph_msgs/cmake/ament_cmake_export_libraries-extras.cmake
[2.662s] -- Up-to-date: /home/user/microros_ws/firmware/mcu_ws/install/share/rosgraph_msgs/cmake/ament_cmake_export_targets-extras.cmake
[2.662s] -- Up-to-date: /home/user/microros_ws/firmware/mcu_ws/install/share/rosgraph_msgs/cmake/rosidl_cmake_export_typesupport_targets-extras.cmake
[2.663s] -- Up-to-date: /home/user/microros_ws/firmware/mcu_ws/install/share/rosgraph_msgs/cmake/rosidl_cmake_export_typesupport_libraries-extras.cmake
[2.663s] -- Up-to-date: /home/user/microros_ws/firmware/mcu_ws/install/share/rosgraph_msgs/cmake/rosgraph_msgsConfig.cmake
[2.663s] -- Up-to-date: /home/user/microros_ws/firmware/mcu_ws/install/share/rosgraph_msgs/cmake/rosgraph_msgsConfig-version.cmake
[2.663s] -- Up-to-date: /home/user/microros_ws/firmware/mcu_ws/install/share/rosgraph_msgs/package.xml
[2.666s] Invoked command in '/home/user/microros_ws/firmware/mcu_ws/build/rosgraph_msgs' returned '0': AMENT_PREFIX_PATH=/home/user/microros_ws/firmware/mcu_ws/install:${AMENT_PREFIX_PATH} CMAKE_PREFIX_PATH=/home/user/microros_ws/firmware/mcu_ws/install:/home/user/microros_ws/firmware/dev_ws/install/ament_lint_common:/home/user/microros_ws/firmware/dev_ws/install/ament_cmake_uncrustify:/home/user/microros_ws/firmware/dev_ws/install/uncrustify_vendor:/home/user/microros_ws/firmware/dev_ws/install/ament_cmake_ros:/home/user/microros_ws/firmware/dev_ws/install/ament_cmake_auto:/home/user/microros_ws/firmware/dev_ws/install/ament_cmake_gmock:/home/user/microros_ws/firmware/dev_ws/install/gmock_vendor:/home/user/microros_ws/firmware/dev_ws/install/ament_cmake_gtest:/home/user/microros_ws/firmware/dev_ws/install/gtest_vendor:/home/user/microros_ws/firmware/dev_ws/install/ament_cmake_xmllint:/home/user/microros_ws/firmware/dev_ws/install/ament_cmake_pyflakes:/home/user/microros_ws/firmware/dev_ws/install/ament_cmake_pycodestyle:/home/user/microros_ws/firmware/dev_ws/install/ament_cmake_pep257:/home/user/microros_ws/firmware/dev_ws/install/ament_cmake_pclint:/home/user/microros_ws/firmware/dev_ws/install/ament_lint_auto:/home/user/microros_ws/firmware/dev_ws/install/ament_cmake:/home/user/microros_ws/firmware/dev_ws/install/ament_cmake_version:/home/user/microros_ws/firmware/dev_ws/install/ament_cmake_vendor_package:/home/user/microros_ws/firmware/dev_ws/install/ament_cmake_pytest:/home/user/microros_ws/firmware/dev_ws/install/ament_cmake_nose:/home/user/microros_ws/firmware/dev_ws/install/ament_cmake_mypy:/home/user/microros_ws/firmware/dev_ws/install/ament_cmake_lint_cmake:/home/user/microros_ws/firmware/dev_ws/install/ament_cmake_google_benchmark:/home/user/microros_ws/firmware/dev_ws/install/ament_cmake_flake8:/home/user/microros_ws/firmware/dev_ws/install/ament_cmake_cpplint:/home/user/microros_ws/firmware/dev_ws/install/ament_cmake_cppcheck:/home/user/microros_ws/firmware/dev_ws/install/ament_cmake_copyright:/home/user/microros_ws/firmware/dev_ws/install/ament_cmake_clang_tidy:/home/user/microros_ws/firmware/dev_ws/install/ament_cmake_clang_format:/home/user/microros_ws/firmware/dev_ws/install/ament_cmake_test:/home/user/microros_ws/firmware/dev_ws/install/ament_cmake_target_dependencies:/home/user/microros_ws/firmware/dev_ws/install/ament_cmake_python:/home/user/microros_ws/firmware/dev_ws/install/ament_cmake_export_dependencies:/home/user/microros_ws/firmware/dev_ws/install/ament_cmake_libraries:/home/user/microros_ws/firmware/dev_ws/install/ament_cmake_include_directories:/home/user/microros_ws/firmware/dev_ws/install/ament_cmake_gen_version_h:/home/user/microros_ws/firmware/dev_ws/install/ament_cmake_export_targets:/home/user/microros_ws/firmware/dev_ws/install/ament_cmake_export_link_flags:/home/user/microros_ws/firmware/dev_ws/install/ament_cmake_export_interfaces:/home/user/microros_ws/firmware/dev_ws/install/ament_cmake_export_libraries:/home/user/microros_ws/firmware/dev_ws/install/ament_cmake_export_include_directories:/home/user/microros_ws/firmware/dev_ws/install/ament_cmake_export_definitions:/home/user/microros_ws/firmware/dev_ws/install/ament_cmake_core:/home/user/microros_ws/firmware/dev_ws/install/ament_index_cpp:/home/user/microros_ws/firmware/dev_ws/install/ament_uncrustify:/home/user/microros_ws/firmware/dev_ws/install/domain_coordinator:/home/user/microros_ws/firmware/dev_ws/install/ament_xmllint:/home/user/microros_ws/firmware/dev_ws/install/ament_pyflakes:/home/user/microros_ws/firmware/dev_ws/install/ament_pycodestyle:/home/user/microros_ws/firmware/dev_ws/install/ament_pep257:/home/user/microros_ws/firmware/dev_ws/install/ament_pclint:/home/user/microros_ws/firmware/dev_ws/install/ament_package:/home/user/microros_ws/firmware/dev_ws/install/ament_mypy:/home/user/microros_ws/firmware/dev_ws/install/ament_lint_cmake:/home/user/microros_ws/firmware/dev_ws/install/ament_flake8:/home/user/microros_ws/firmware/dev_ws/install/ament_copyright:/home/user/microros_ws/firmware/dev_ws/install/ament_lint:/home/user/microros_ws/firmware/dev_ws/install/ament_index_python:/home/user/microros_ws/firmware/dev_ws/install/ament_cpplint:/home/user/microros_ws/firmware/dev_ws/install/ament_cppcheck:/home/user/microros_ws/firmware/dev_ws/install/ament_clang_tidy:/home/user/microros_ws/firmware/dev_ws/install/ament_clang_format LD_LIBRARY_PATH=/home/user/microros_ws/firmware/mcu_ws/install/lib:${LD_LIBRARY_PATH} PATH=/home/user/microros_ws/firmware/mcu_ws/install/bin:${PATH} PYTHONPATH=/home/user/microros_ws/firmware/mcu_ws/install/lib/python3.10/site-packages:${PYTHONPATH} _=/usr/bin/env /usr/bin/cmake --install /home/user/microros_ws/firmware/mcu_ws/build/rosgraph_msgs
