running egg_info
writing ../../build/teleop_led_control_node/teleop_led_control_node.egg-info/PKG-INFO
writing dependency_links to ../../build/teleop_led_control_node/teleop_led_control_node.egg-info/dependency_links.txt
writing entry points to ../../build/teleop_led_control_node/teleop_led_control_node.egg-info/entry_points.txt
writing requirements to ../../build/teleop_led_control_node/teleop_led_control_node.egg-info/requires.txt
writing top-level names to ../../build/teleop_led_control_node/teleop_led_control_node.egg-info/top_level.txt
reading manifest file '../../build/teleop_led_control_node/teleop_led_control_node.egg-info/SOURCES.txt'
writing manifest file '../../build/teleop_led_control_node/teleop_led_control_node.egg-info/SOURCES.txt'
running build
running build_py
copying teleop_led_control_node/__init__.py -> /home/user/ros2_ws/build/teleop_led_control_node/build/lib/teleop_led_control_node
copying teleop_led_control_node/teleop_led_control.py -> /home/user/ros2_ws/build/teleop_led_control_node/build/lib/teleop_led_control_node
running install
running install_lib
copying /home/user/ros2_ws/build/teleop_led_control_node/build/lib/teleop_led_control_node/teleop_led_control.py -> /home/user/ros2_ws/install/teleop_led_control_node/lib/python3.10/site-packages/teleop_led_control_node
byte-compiling /home/user/ros2_ws/install/teleop_led_control_node/lib/python3.10/site-packages/teleop_led_control_node/teleop_led_control.py to teleop_led_control.cpython-310.pyc
running install_data
copying resource/teleop_led_control_node -> /home/user/ros2_ws/install/teleop_led_control_node/share/ament_index/resource_index/packages
copying package.xml -> /home/user/ros2_ws/install/teleop_led_control_node/share/teleop_led_control_node
running install_egg_info
removing '/home/user/ros2_ws/install/teleop_led_control_node/lib/python3.10/site-packages/teleop_led_control_node-0.0.0-py3.10.egg-info' (and everything under it)
Copying ../../build/teleop_led_control_node/teleop_led_control_node.egg-info to /home/user/ros2_ws/install/teleop_led_control_node/lib/python3.10/site-packages/teleop_led_control_node-0.0.0-py3.10.egg-info
running install_scripts
Installing teleop_led_control script to /home/user/ros2_ws/install/teleop_led_control_node/lib/teleop_led_control_node
writing list of installed files to '/home/user/ros2_ws/build/teleop_led_control_node/install.log'
