[1.628s] Invoking command in '/home/user/ros2_ws/src/teleop_led_control_node': PYTHONPATH=/home/user/ros2_ws/build/teleop_led_control_node/prefix_override:/usr/lib/python3/dist-packages/colcon_core/task/python/colcon_distutils_commands:/home/user/ros2_ws/install/teleop_led_control_node/lib/python3.10/site-packages:${PYTHONPATH} _=/usr/bin/env /usr/bin/python3 -W ignore:setup.py install is deprecated -W ignore:easy_install command is deprecated setup.py egg_info --egg-base ../../build/teleop_led_control_node build --build-base /home/user/ros2_ws/build/teleop_led_control_node/build install --record /home/user/ros2_ws/build/teleop_led_control_node/install.log --single-version-externally-managed install_data
[1.827s] /usr/local/lib/python3.10/dist-packages/setuptools/_distutils/dist.py:289: UserWarning: Unknown distribution option: 'tests_require'
[1.827s]   warnings.warn(msg)
[1.946s] running egg_info
[1.965s] writing ../../build/teleop_led_control_node/teleop_led_control_node.egg-info/PKG-INFO
[1.966s] writing dependency_links to ../../build/teleop_led_control_node/teleop_led_control_node.egg-info/dependency_links.txt
[1.966s] writing entry points to ../../build/teleop_led_control_node/teleop_led_control_node.egg-info/entry_points.txt
[1.966s] writing requirements to ../../build/teleop_led_control_node/teleop_led_control_node.egg-info/requires.txt
[1.966s] writing top-level names to ../../build/teleop_led_control_node/teleop_led_control_node.egg-info/top_level.txt
[2.006s] reading manifest file '../../build/teleop_led_control_node/teleop_led_control_node.egg-info/SOURCES.txt'
[2.007s] writing manifest file '../../build/teleop_led_control_node/teleop_led_control_node.egg-info/SOURCES.txt'
[2.007s] running build
[2.007s] running build_py
[2.008s] copying teleop_led_control_node/__init__.py -> /home/user/ros2_ws/build/teleop_led_control_node/build/lib/teleop_led_control_node
[2.008s] copying teleop_led_control_node/teleop_led_control.py -> /home/user/ros2_ws/build/teleop_led_control_node/build/lib/teleop_led_control_node
[2.009s] running install
[2.013s] running install_lib
[2.032s] copying /home/user/ros2_ws/build/teleop_led_control_node/build/lib/teleop_led_control_node/teleop_led_control.py -> /home/user/ros2_ws/install/teleop_led_control_node/lib/python3.10/site-packages/teleop_led_control_node
[2.033s] byte-compiling /home/user/ros2_ws/install/teleop_led_control_node/lib/python3.10/site-packages/teleop_led_control_node/teleop_led_control.py to teleop_led_control.cpython-310.pyc
[2.034s] running install_data
[2.034s] copying resource/teleop_led_control_node -> /home/user/ros2_ws/install/teleop_led_control_node/share/ament_index/resource_index/packages
[2.034s] copying package.xml -> /home/user/ros2_ws/install/teleop_led_control_node/share/teleop_led_control_node
[2.034s] running install_egg_info
[2.055s] removing '/home/user/ros2_ws/install/teleop_led_control_node/lib/python3.10/site-packages/teleop_led_control_node-0.0.0-py3.10.egg-info' (and everything under it)
[2.055s] Copying ../../build/teleop_led_control_node/teleop_led_control_node.egg-info to /home/user/ros2_ws/install/teleop_led_control_node/lib/python3.10/site-packages/teleop_led_control_node-0.0.0-py3.10.egg-info
[2.056s] running install_scripts
[2.226s] Installing teleop_led_control script to /home/user/ros2_ws/install/teleop_led_control_node/lib/teleop_led_control_node
[2.227s] writing list of installed files to '/home/user/ros2_ws/build/teleop_led_control_node/install.log'
[2.264s] Invoked command in '/home/user/ros2_ws/src/teleop_led_control_node' returned '0': PYTHONPATH=/home/user/ros2_ws/build/teleop_led_control_node/prefix_override:/usr/lib/python3/dist-packages/colcon_core/task/python/colcon_distutils_commands:/home/user/ros2_ws/install/teleop_led_control_node/lib/python3.10/site-packages:${PYTHONPATH} _=/usr/bin/env /usr/bin/python3 -W ignore:setup.py install is deprecated -W ignore:easy_install command is deprecated setup.py egg_info --egg-base ../../build/teleop_led_control_node build --build-base /home/user/ros2_ws/build/teleop_led_control_node/build install --record /home/user/ros2_ws/build/teleop_led_control_node/install.log --single-version-externally-managed install_data
