[21.211s] Invoking command in '/home/user/ros2_ws/src/led_control_node': PYTHONPATH=/home/user/ros2_ws/build/led_control_node/prefix_override:/usr/lib/python3/dist-packages/colcon_core/task/python/colcon_distutils_commands:/home/user/ros2_ws/install/led_control_node/lib/python3.10/site-packages:${PYTHONPATH} _=/usr/bin/env /usr/bin/python3 -W ignore:setup.py install is deprecated -W ignore:easy_install command is deprecated setup.py egg_info --egg-base ../../build/led_control_node build --build-base /home/user/ros2_ws/build/led_control_node/build install --record /home/user/ros2_ws/build/led_control_node/install.log --single-version-externally-managed install_data
[21.401s] /usr/local/lib/python3.10/dist-packages/setuptools/_distutils/dist.py:289: UserWarning: Unknown distribution option: 'tests_require'
[21.401s]   warnings.warn(msg)
[21.514s] running egg_info
[21.533s] writing ../../build/led_control_node/led_control_node.egg-info/PKG-INFO
[21.533s] writing dependency_links to ../../build/led_control_node/led_control_node.egg-info/dependency_links.txt
[21.534s] writing entry points to ../../build/led_control_node/led_control_node.egg-info/entry_points.txt
[21.535s] writing requirements to ../../build/led_control_node/led_control_node.egg-info/requires.txt
[21.535s] writing top-level names to ../../build/led_control_node/led_control_node.egg-info/top_level.txt
[21.576s] reading manifest file '../../build/led_control_node/led_control_node.egg-info/SOURCES.txt'
[21.578s] writing manifest file '../../build/led_control_node/led_control_node.egg-info/SOURCES.txt'
[21.578s] running build
[21.578s] running build_py
[21.578s] running install
[21.583s] running install_lib
[21.604s] running install_data
[21.604s] running install_egg_info
[21.623s] removing '/home/user/ros2_ws/install/led_control_node/lib/python3.10/site-packages/led_control_node-0.0.0-py3.10.egg-info' (and everything under it)
[21.624s] Copying ../../build/led_control_node/led_control_node.egg-info to /home/user/ros2_ws/install/led_control_node/lib/python3.10/site-packages/led_control_node-0.0.0-py3.10.egg-info
[21.625s] running install_scripts
[21.797s] Installing led_control script to /home/user/ros2_ws/install/led_control_node/lib/led_control_node
[21.798s] writing list of installed files to '/home/user/ros2_ws/build/led_control_node/install.log'
[21.848s] Invoked command in '/home/user/ros2_ws/src/led_control_node' returned '0': PYTHONPATH=/home/user/ros2_ws/build/led_control_node/prefix_override:/usr/lib/python3/dist-packages/colcon_core/task/python/colcon_distutils_commands:/home/user/ros2_ws/install/led_control_node/lib/python3.10/site-packages:${PYTHONPATH} _=/usr/bin/env /usr/bin/python3 -W ignore:setup.py install is deprecated -W ignore:easy_install command is deprecated setup.py egg_info --egg-base ../../build/led_control_node build --build-base /home/user/ros2_ws/build/led_control_node/build install --record /home/user/ros2_ws/build/led_control_node/install.log --single-version-externally-managed install_data
