[0.115s] Invoking command in '/home/user/microros_ws/build/micro_ros_msgs': CMAKE_PREFIX_PATH=${CMAKE_PREFIX_PATH}:/home/simulations/ros2_sims_ws/install/rclrs_tests:/home/simulations/ros2_sims_ws/install/examples_rclrs_minimal_client_service:/home/simulations/ros2_sims_ws/install/sensor_msgs_py:/home/simulations/ros2_sims_ws/install/examples_rclrs_minimal_pub_sub:/home/simulations/ros2_sims_ws/install/examples_rclrs_message_demo:/home/simulations/ros2_sims_ws/install/rclrs:/home/simulations/ros2_sims_ws/install/rosidl_runtime_rs:/home/user/ros2_ws/install/pong_reply_node:/opt/ros/humble _=/usr/bin/env /usr/bin/cmake /home/user/microros_ws/src/uros/micro_ros_msgs -DUAGENT_BUILD_EXECUTABLE=OFF -DUAGENT_P2P_PROFILE=OFF --no-warn-unused-cli -DCMAKE_INSTALL_PREFIX=/home/user/microros_ws/install/micro_ros_msgs
[1.798s] Not searching for unused variables given on the command line.
[6.549s] -- The C compiler identification is GNU 11.4.0
[8.743s] -- The CXX compiler identification is GNU 11.4.0
[8.758s] -- Detecting C compiler ABI info
[9.281s] -- Detecting C compiler ABI info - done
[9.290s] -- Check for working C compiler: /usr/bin/cc - skipped
[9.291s] -- Detecting C compile features
[9.394s] -- Detecting C compile features - done
[9.400s] -- Detecting CXX compiler ABI info
[9.565s] -- Detecting CXX compiler ABI info - done
[9.572s] -- Check for working CXX compiler: /usr/bin/c++ - skipped
[9.573s] -- Detecting CXX compile features
[9.573s] -- Detecting CXX compile features - done
[9.586s] -- Found ament_cmake: 1.3.11 (/opt/ros/humble/share/ament_cmake/cmake)
[10.316s] -- Found Python3: /usr/bin/python3 (found version "3.10.12") found components: Interpreter 
[10.944s] -- Found rosidl_default_generators: 1.2.0 (/home/simulations/ros2_sims_ws/install/rosidl_default_generators/share/rosidl_default_generators/cmake)
[10.963s] -- Using all available rosidl_typesupport_c: rosidl_typesupport_fastrtps_c;rosidl_typesupport_introspection_c
[10.998s] -- Found rosidl_adapter: 3.1.6 (/opt/ros/humble/share/rosidl_adapter/cmake)
[11.148s] -- Using all available rosidl_typesupport_cpp: rosidl_typesupport_fastrtps_cpp;rosidl_typesupport_introspection_cpp
[11.274s] -- Found ament_lint_auto: 0.12.12 (/opt/ros/humble/share/ament_lint_auto/cmake)
[11.720s] -- Found ament_cmake_ros: 0.10.0 (/opt/ros/humble/share/ament_cmake_ros/cmake)
[11.992s] -- Using all available rosidl_typesupport_c: rosidl_typesupport_fastrtps_c;rosidl_typesupport_introspection_c
[12.305s] -- Using all available rosidl_typesupport_cpp: rosidl_typesupport_fastrtps_cpp;rosidl_typesupport_introspection_cpp
[12.317s] -- Found rmw_implementation_cmake: 6.1.2 (/opt/ros/humble/share/rmw_implementation_cmake/cmake)
[13.332s] -- Found OpenSSL: /usr/lib/x86_64-linux-gnu/libcrypto.so (found version "3.0.2")  
[13.389s] -- Found FastRTPS: /opt/ros/humble/include  
[13.508s] -- Found PythonInterp: /usr/bin/python3 (found suitable version "3.10.12", minimum required is "3.6") 
[13.519s] -- Found python_cmake_module: 0.10.0 (/opt/ros/humble/share/python_cmake_module/cmake)
[13.782s] -- Found PythonLibs: /usr/lib/x86_64-linux-gnu/libpython3.10.so (found suitable version "3.10.12", minimum required is "3.5") 
[13.782s] -- Using PYTHON_EXECUTABLE: /usr/bin/python3
[13.782s] -- Using PYTHON_INCLUDE_DIRS: /usr/include/python3.10
[13.782s] -- Using PYTHON_LIBRARIES: /usr/lib/x86_64-linux-gnu/libpython3.10.so
[13.814s] -- Found PythonExtra: .so  
[16.492s] -- Using numpy include directory: /usr/local/lib/python3.10/dist-packages/numpy/_core/include
[16.516s] -- Added test 'copyright' to check source files copyright and LICENSE
[16.526s] -- Added test 'lint_cmake' to check CMake code style
[16.533s] -- Added test 'xmllint' to check XML markup files
[16.546s] -- Configuring done
[16.583s] -- Generating done
[16.594s] -- Build files have been written to: /home/user/microros_ws/build/micro_ros_msgs
[16.606s] Invoked command in '/home/user/microros_ws/build/micro_ros_msgs' returned '0': CMAKE_PREFIX_PATH=${CMAKE_PREFIX_PATH}:/home/simulations/ros2_sims_ws/install/rclrs_tests:/home/simulations/ros2_sims_ws/install/examples_rclrs_minimal_client_service:/home/simulations/ros2_sims_ws/install/sensor_msgs_py:/home/simulations/ros2_sims_ws/install/examples_rclrs_minimal_pub_sub:/home/simulations/ros2_sims_ws/install/examples_rclrs_message_demo:/home/simulations/ros2_sims_ws/install/rclrs:/home/simulations/ros2_sims_ws/install/rosidl_runtime_rs:/home/user/ros2_ws/install/pong_reply_node:/opt/ros/humble _=/usr/bin/env /usr/bin/cmake /home/user/microros_ws/src/uros/micro_ros_msgs -DUAGENT_BUILD_EXECUTABLE=OFF -DUAGENT_P2P_PROFILE=OFF --no-warn-unused-cli -DCMAKE_INSTALL_PREFIX=/home/user/microros_ws/install/micro_ros_msgs
[16.609s] Invoking command in '/home/user/microros_ws/build/micro_ros_msgs': CMAKE_PREFIX_PATH=${CMAKE_PREFIX_PATH}:/home/simulations/ros2_sims_ws/install/rclrs_tests:/home/simulations/ros2_sims_ws/install/examples_rclrs_minimal_client_service:/home/simulations/ros2_sims_ws/install/sensor_msgs_py:/home/simulations/ros2_sims_ws/install/examples_rclrs_minimal_pub_sub:/home/simulations/ros2_sims_ws/install/examples_rclrs_message_demo:/home/simulations/ros2_sims_ws/install/rclrs:/home/simulations/ros2_sims_ws/install/rosidl_runtime_rs:/home/user/ros2_ws/install/pong_reply_node:/opt/ros/humble _=/usr/bin/env /usr/bin/cmake --build /home/user/microros_ws/build/micro_ros_msgs -- -j8 -l8
[16.665s] [  2%] [34m[1mGenerating C code for ROS interfaces[0m
[16.681s] [  4%] [34m[1mGenerating C++ code for ROS interfaces[0m
[16.685s] [  6%] [34m[1mGenerating Rust code for ROS interfaces[0m
[16.698s] [  6%] Built target ament_cmake_python_copy_micro_ros_msgs
[16.979s] running egg_info
[16.999s] creating micro_ros_msgs.egg-info
[16.999s] writing micro_ros_msgs.egg-info/PKG-INFO
[16.999s] writing dependency_links to micro_ros_msgs.egg-info/dependency_links.txt
[16.999s] writing top-level names to micro_ros_msgs.egg-info/top_level.txt
[16.999s] writing manifest file 'micro_ros_msgs.egg-info/SOURCES.txt'
[17.058s] reading manifest file 'micro_ros_msgs.egg-info/SOURCES.txt'
[17.058s] writing manifest file 'micro_ros_msgs.egg-info/SOURCES.txt'
[17.093s] [  6%] Built target ament_cmake_python_build_micro_ros_msgs_egg
[17.477s] [  6%] Built target micro_ros_msgs__rs
[17.605s] [  6%] Built target micro_ros_msgs__cpp
[17.624s] [  8%] [34m[1mGenerating C++ introspection for ROS interfaces[0m
[17.625s] [ 10%] [34m[1mGenerating C++ type support for eProsima Fast-RTPS[0m
[17.626s] [ 12%] [34m[1mGenerating C++ type support dispatch for ROS interfaces[0m
[17.641s] [ 14%] [32mBuilding C object CMakeFiles/micro_ros_msgs__rosidl_generator_c.dir/rosidl_generator_c/micro_ros_msgs/msg/detail/graph__functions.c.o[0m
[17.646s] [ 16%] [32mBuilding C object CMakeFiles/micro_ros_msgs__rosidl_generator_c.dir/rosidl_generator_c/micro_ros_msgs/msg/detail/node__functions.c.o[0m
[17.646s] [ 18%] [32mBuilding C object CMakeFiles/micro_ros_msgs__rosidl_generator_c.dir/rosidl_generator_c/micro_ros_msgs/msg/detail/entity__functions.c.o[0m
[17.969s] [ 20%] [32mBuilding CXX object CMakeFiles/micro_ros_msgs__rosidl_typesupport_cpp.dir/rosidl_typesupport_cpp/micro_ros_msgs/msg/graph__type_support.cpp.o[0m
[17.974s] [ 22%] [32mBuilding CXX object CMakeFiles/micro_ros_msgs__rosidl_typesupport_cpp.dir/rosidl_typesupport_cpp/micro_ros_msgs/msg/entity__type_support.cpp.o[0m
[17.974s] [ 25%] [32mBuilding CXX object CMakeFiles/micro_ros_msgs__rosidl_typesupport_cpp.dir/rosidl_typesupport_cpp/micro_ros_msgs/msg/node__type_support.cpp.o[0m
[18.074s] [ 27%] [32mBuilding CXX object CMakeFiles/micro_ros_msgs__rosidl_typesupport_fastrtps_cpp.dir/rosidl_typesupport_fastrtps_cpp/micro_ros_msgs/msg/detail/dds_fastrtps/graph__type_support.cpp.o[0m
[18.220s] [ 29%] [32mBuilding CXX object CMakeFiles/micro_ros_msgs__rosidl_typesupport_introspection_cpp.dir/rosidl_typesupport_introspection_cpp/micro_ros_msgs/msg/detail/graph__type_support.cpp.o[0m
[19.216s] [ 31%] [32mBuilding CXX object CMakeFiles/micro_ros_msgs__rosidl_typesupport_introspection_cpp.dir/rosidl_typesupport_introspection_cpp/micro_ros_msgs/msg/detail/node__type_support.cpp.o[0m
[19.217s] [ 35%] [32mBuilding CXX object CMakeFiles/micro_ros_msgs__rosidl_typesupport_introspection_cpp.dir/rosidl_typesupport_introspection_cpp/micro_ros_msgs/msg/detail/entity__type_support.cpp.o[0m
[19.217s] [ 35%] [32m[1mLinking C shared library libmicro_ros_msgs__rosidl_generator_c.so[0m
[19.265s] [ 35%] Built target micro_ros_msgs__rosidl_generator_c
[19.276s] [ 37%] [32mBuilding CXX object CMakeFiles/micro_ros_msgs__rosidl_typesupport_fastrtps_cpp.dir/rosidl_typesupport_fastrtps_cpp/micro_ros_msgs/msg/detail/dds_fastrtps/node__type_support.cpp.o[0m
[20.775s] [ 41%] [32mBuilding CXX object CMakeFiles/micro_ros_msgs__rosidl_typesupport_fastrtps_cpp.dir/rosidl_typesupport_fastrtps_cpp/micro_ros_msgs/msg/detail/dds_fastrtps/entity__type_support.cpp.o[0m
[20.775s] [ 41%] [32m[1mLinking CXX shared library libmicro_ros_msgs__rosidl_typesupport_cpp.so[0m
[20.781s] [ 43%] [34m[1mGenerating C type support for eProsima Fast-RTPS[0m
[20.943s] [ 43%] Built target micro_ros_msgs__rosidl_typesupport_cpp
[20.955s] [ 45%] [34m[1mGenerating C introspection for ROS interfaces[0m
[20.966s] [ 47%] [34m[1mGenerating C type support dispatch for ROS interfaces[0m
[21.133s] [ 50%] [32m[1mLinking CXX shared library libmicro_ros_msgs__rosidl_typesupport_introspection_cpp.so[0m
[21.242s] [ 50%] Built target micro_ros_msgs__rosidl_typesupport_introspection_cpp
[21.284s] [ 52%] [32mBuilding CXX object CMakeFiles/micro_ros_msgs__rosidl_typesupport_fastrtps_c.dir/rosidl_typesupport_fastrtps_c/micro_ros_msgs/msg/detail/entity__type_support_c.cpp.o[0m
[21.284s] [ 54%] [32mBuilding CXX object CMakeFiles/micro_ros_msgs__rosidl_typesupport_fastrtps_c.dir/rosidl_typesupport_fastrtps_c/micro_ros_msgs/msg/detail/graph__type_support_c.cpp.o[0m
[21.284s] [ 56%] [32mBuilding CXX object CMakeFiles/micro_ros_msgs__rosidl_typesupport_fastrtps_c.dir/rosidl_typesupport_fastrtps_c/micro_ros_msgs/msg/detail/node__type_support_c.cpp.o[0m
[21.416s] [ 58%] [32m[1mLinking CXX shared library libmicro_ros_msgs__rosidl_typesupport_fastrtps_cpp.so[0m
[21.458s] [ 60%] [32mBuilding C object CMakeFiles/micro_ros_msgs__rosidl_typesupport_introspection_c.dir/rosidl_typesupport_introspection_c/micro_ros_msgs/msg/detail/graph__type_support.c.o[0m
[21.459s] [ 62%] [32mBuilding C object CMakeFiles/micro_ros_msgs__rosidl_typesupport_introspection_c.dir/rosidl_typesupport_introspection_c/micro_ros_msgs/msg/detail/node__type_support.c.o[0m
[21.459s] [ 64%] [32mBuilding C object CMakeFiles/micro_ros_msgs__rosidl_typesupport_introspection_c.dir/rosidl_typesupport_introspection_c/micro_ros_msgs/msg/detail/entity__type_support.c.o[0m
[21.537s] [ 64%] Built target micro_ros_msgs__rosidl_typesupport_fastrtps_cpp
[21.538s] [ 66%] [32mBuilding CXX object CMakeFiles/micro_ros_msgs__rosidl_typesupport_c.dir/rosidl_typesupport_c/micro_ros_msgs/msg/graph__type_support.cpp.o[0m
[21.538s] [ 68%] [32mBuilding CXX object CMakeFiles/micro_ros_msgs__rosidl_typesupport_c.dir/rosidl_typesupport_c/micro_ros_msgs/msg/node__type_support.cpp.o[0m
[21.540s] [ 70%] [32mBuilding CXX object CMakeFiles/micro_ros_msgs__rosidl_typesupport_c.dir/rosidl_typesupport_c/micro_ros_msgs/msg/entity__type_support.cpp.o[0m
[21.540s] [ 72%] [32m[1mLinking C shared library libmicro_ros_msgs__rosidl_typesupport_introspection_c.so[0m
[21.593s] [ 72%] Built target micro_ros_msgs__rosidl_typesupport_introspection_c
[21.595s] [ 75%] [32m[1mLinking CXX shared library libmicro_ros_msgs__rosidl_typesupport_c.so[0m
[21.648s] [ 75%] Built target micro_ros_msgs__rosidl_typesupport_c
[21.758s] [ 77%] [32m[1mLinking CXX shared library libmicro_ros_msgs__rosidl_typesupport_fastrtps_c.so[0m
[21.835s] [ 77%] Built target micro_ros_msgs__rosidl_typesupport_fastrtps_c
[21.861s] [ 77%] Built target micro_ros_msgs
[21.887s] [ 79%] [34m[1mGenerating Python code for ROS interfaces[0m
[22.456s] [ 79%] Built target micro_ros_msgs__py
[22.485s] [ 81%] [32mBuilding C object CMakeFiles/micro_ros_msgs__rosidl_generator_py.dir/rosidl_generator_py/micro_ros_msgs/msg/_graph_s.c.o[0m
[22.485s] [ 83%] [32mBuilding C object CMakeFiles/micro_ros_msgs__rosidl_generator_py.dir/rosidl_generator_py/micro_ros_msgs/msg/_entity_s.c.o[0m
[22.485s] [ 85%] [32mBuilding C object CMakeFiles/micro_ros_msgs__rosidl_generator_py.dir/rosidl_generator_py/micro_ros_msgs/msg/_node_s.c.o[0m
[23.982s] [ 87%] [32m[1mLinking C shared library rosidl_generator_py/micro_ros_msgs/libmicro_ros_msgs__rosidl_generator_py.so[0m
[24.031s] [ 87%] Built target micro_ros_msgs__rosidl_generator_py
[24.064s] [ 89%] [32mBuilding C object CMakeFiles/micro_ros_msgs__rosidl_typesupport_c__pyext.dir/rosidl_generator_py/micro_ros_msgs/_micro_ros_msgs_s.ep.rosidl_typesupport_c.c.o[0m
[24.066s] [ 91%] [32mBuilding C object CMakeFiles/micro_ros_msgs__rosidl_typesupport_fastrtps_c__pyext.dir/rosidl_generator_py/micro_ros_msgs/_micro_ros_msgs_s.ep.rosidl_typesupport_fastrtps_c.c.o[0m
[24.069s] [ 93%] [32mBuilding C object CMakeFiles/micro_ros_msgs__rosidl_typesupport_introspection_c__pyext.dir/rosidl_generator_py/micro_ros_msgs/_micro_ros_msgs_s.ep.rosidl_typesupport_introspection_c.c.o[0m
[24.172s] [ 95%] [32m[1mLinking C shared library rosidl_generator_py/micro_ros_msgs/micro_ros_msgs_s__rosidl_typesupport_c.cpython-310-x86_64-linux-gnu.so[0m
[24.180s] [ 97%] [32m[1mLinking C shared library rosidl_generator_py/micro_ros_msgs/micro_ros_msgs_s__rosidl_typesupport_introspection_c.cpython-310-x86_64-linux-gnu.so[0m
[24.181s] [100%] [32m[1mLinking C shared library rosidl_generator_py/micro_ros_msgs/micro_ros_msgs_s__rosidl_typesupport_fastrtps_c.cpython-310-x86_64-linux-gnu.so[0m
[24.215s] [100%] Built target micro_ros_msgs__rosidl_typesupport_c__pyext
[24.225s] [100%] Built target micro_ros_msgs__rosidl_typesupport_introspection_c__pyext
[24.227s] [100%] Built target micro_ros_msgs__rosidl_typesupport_fastrtps_c__pyext
[24.240s] Invoked command in '/home/user/microros_ws/build/micro_ros_msgs' returned '0': CMAKE_PREFIX_PATH=${CMAKE_PREFIX_PATH}:/home/simulations/ros2_sims_ws/install/rclrs_tests:/home/simulations/ros2_sims_ws/install/examples_rclrs_minimal_client_service:/home/simulations/ros2_sims_ws/install/sensor_msgs_py:/home/simulations/ros2_sims_ws/install/examples_rclrs_minimal_pub_sub:/home/simulations/ros2_sims_ws/install/examples_rclrs_message_demo:/home/simulations/ros2_sims_ws/install/rclrs:/home/simulations/ros2_sims_ws/install/rosidl_runtime_rs:/home/user/ros2_ws/install/pong_reply_node:/opt/ros/humble _=/usr/bin/env /usr/bin/cmake --build /home/user/microros_ws/build/micro_ros_msgs -- -j8 -l8
[24.252s] Invoking command in '/home/user/microros_ws/build/micro_ros_msgs': CMAKE_PREFIX_PATH=${CMAKE_PREFIX_PATH}:/home/simulations/ros2_sims_ws/install/rclrs_tests:/home/simulations/ros2_sims_ws/install/examples_rclrs_minimal_client_service:/home/simulations/ros2_sims_ws/install/sensor_msgs_py:/home/simulations/ros2_sims_ws/install/examples_rclrs_minimal_pub_sub:/home/simulations/ros2_sims_ws/install/examples_rclrs_message_demo:/home/simulations/ros2_sims_ws/install/rclrs:/home/simulations/ros2_sims_ws/install/rosidl_runtime_rs:/home/user/ros2_ws/install/pong_reply_node:/opt/ros/humble _=/usr/bin/env /usr/bin/cmake --install /home/user/microros_ws/build/micro_ros_msgs
[24.262s] -- Install configuration: ""
[24.262s] -- Installing: /home/user/microros_ws/install/micro_ros_msgs/share/ament_index/resource_index/rosidl_interfaces/micro_ros_msgs
[24.262s] -- Installing: /home/user/microros_ws/install/micro_ros_msgs/include/micro_ros_msgs/micro_ros_msgs
[24.262s] -- Installing: /home/user/microros_ws/install/micro_ros_msgs/include/micro_ros_msgs/micro_ros_msgs/msg
[24.263s] -- Installing: /home/user/microros_ws/install/micro_ros_msgs/include/micro_ros_msgs/micro_ros_msgs/msg/detail
[24.263s] -- Installing: /home/user/microros_ws/install/micro_ros_msgs/include/micro_ros_msgs/micro_ros_msgs/msg/detail/node__functions.h
[24.263s] -- Installing: /home/user/microros_ws/install/micro_ros_msgs/include/micro_ros_msgs/micro_ros_msgs/msg/detail/graph__type_support.h
[24.263s] -- Installing: /home/user/microros_ws/install/micro_ros_msgs/include/micro_ros_msgs/micro_ros_msgs/msg/detail/node__struct.h
[24.263s] -- Installing: /home/user/microros_ws/install/micro_ros_msgs/include/micro_ros_msgs/micro_ros_msgs/msg/detail/node__type_support.h
[24.263s] -- Installing: /home/user/microros_ws/install/micro_ros_msgs/include/micro_ros_msgs/micro_ros_msgs/msg/detail/graph__struct.h
[24.263s] -- Installing: /home/user/microros_ws/install/micro_ros_msgs/include/micro_ros_msgs/micro_ros_msgs/msg/detail/entity__struct.h
[24.264s] -- Installing: /home/user/microros_ws/install/micro_ros_msgs/include/micro_ros_msgs/micro_ros_msgs/msg/detail/graph__functions.c
[24.264s] -- Installing: /home/user/microros_ws/install/micro_ros_msgs/include/micro_ros_msgs/micro_ros_msgs/msg/detail/graph__functions.h
[24.264s] -- Installing: /home/user/microros_ws/install/micro_ros_msgs/include/micro_ros_msgs/micro_ros_msgs/msg/detail/entity__type_support.h
[24.264s] -- Installing: /home/user/microros_ws/install/micro_ros_msgs/include/micro_ros_msgs/micro_ros_msgs/msg/detail/node__functions.c
[24.264s] -- Installing: /home/user/microros_ws/install/micro_ros_msgs/include/micro_ros_msgs/micro_ros_msgs/msg/detail/entity__functions.h
[24.264s] -- Installing: /home/user/microros_ws/install/micro_ros_msgs/include/micro_ros_msgs/micro_ros_msgs/msg/detail/entity__functions.c
[24.265s] -- Installing: /home/user/microros_ws/install/micro_ros_msgs/include/micro_ros_msgs/micro_ros_msgs/msg/rosidl_generator_c__visibility_control.h
[24.265s] -- Installing: /home/user/microros_ws/install/micro_ros_msgs/include/micro_ros_msgs/micro_ros_msgs/msg/node.h
[24.265s] -- Installing: /home/user/microros_ws/install/micro_ros_msgs/include/micro_ros_msgs/micro_ros_msgs/msg/graph.h
[24.265s] -- Installing: /home/user/microros_ws/install/micro_ros_msgs/include/micro_ros_msgs/micro_ros_msgs/msg/entity.h
[24.265s] -- Installing: /home/user/microros_ws/install/micro_ros_msgs/share/micro_ros_msgs/environment/library_path.sh
[24.266s] -- Installing: /home/user/microros_ws/install/micro_ros_msgs/share/micro_ros_msgs/environment/library_path.dsv
[24.266s] -- Installing: /home/user/microros_ws/install/micro_ros_msgs/lib/libmicro_ros_msgs__rosidl_generator_c.so
[24.266s] -- Set runtime path of "/home/user/microros_ws/install/micro_ros_msgs/lib/libmicro_ros_msgs__rosidl_generator_c.so" to ""
[24.267s] -- Up-to-date: /home/user/microros_ws/install/micro_ros_msgs/include/micro_ros_msgs/micro_ros_msgs
[24.267s] -- Up-to-date: /home/user/microros_ws/install/micro_ros_msgs/include/micro_ros_msgs/micro_ros_msgs/msg
[24.267s] -- Up-to-date: /home/user/microros_ws/install/micro_ros_msgs/include/micro_ros_msgs/micro_ros_msgs/msg/detail
[24.267s] -- Installing: /home/user/microros_ws/install/micro_ros_msgs/include/micro_ros_msgs/micro_ros_msgs/msg/detail/graph__rosidl_typesupport_fastrtps_c.h
[24.267s] -- Installing: /home/user/microros_ws/install/micro_ros_msgs/include/micro_ros_msgs/micro_ros_msgs/msg/detail/node__rosidl_typesupport_fastrtps_c.h
[24.267s] -- Installing: /home/user/microros_ws/install/micro_ros_msgs/include/micro_ros_msgs/micro_ros_msgs/msg/detail/entity__rosidl_typesupport_fastrtps_c.h
[24.268s] -- Installing: /home/user/microros_ws/install/micro_ros_msgs/include/micro_ros_msgs/micro_ros_msgs/msg/rosidl_typesupport_fastrtps_c__visibility_control.h
[24.268s] -- Installing: /home/user/microros_ws/install/micro_ros_msgs/lib/libmicro_ros_msgs__rosidl_typesupport_fastrtps_c.so
[24.268s] -- Set runtime path of "/home/user/microros_ws/install/micro_ros_msgs/lib/libmicro_ros_msgs__rosidl_typesupport_fastrtps_c.so" to ""
[24.269s] -- Up-to-date: /home/user/microros_ws/install/micro_ros_msgs/include/micro_ros_msgs/micro_ros_msgs
[24.269s] -- Up-to-date: /home/user/microros_ws/install/micro_ros_msgs/include/micro_ros_msgs/micro_ros_msgs/msg
[24.269s] -- Up-to-date: /home/user/microros_ws/install/micro_ros_msgs/include/micro_ros_msgs/micro_ros_msgs/msg/detail
[24.269s] -- Installing: /home/user/microros_ws/install/micro_ros_msgs/include/micro_ros_msgs/micro_ros_msgs/msg/detail/node__type_support.c
[24.269s] -- Installing: /home/user/microros_ws/install/micro_ros_msgs/include/micro_ros_msgs/micro_ros_msgs/msg/detail/graph__type_support.c
[24.269s] -- Installing: /home/user/microros_ws/install/micro_ros_msgs/include/micro_ros_msgs/micro_ros_msgs/msg/detail/node__rosidl_typesupport_introspection_c.h
[24.269s] -- Installing: /home/user/microros_ws/install/micro_ros_msgs/include/micro_ros_msgs/micro_ros_msgs/msg/detail/entity__type_support.c
[24.269s] -- Installing: /home/user/microros_ws/install/micro_ros_msgs/include/micro_ros_msgs/micro_ros_msgs/msg/detail/entity__rosidl_typesupport_introspection_c.h
[24.270s] -- Installing: /home/user/microros_ws/install/micro_ros_msgs/include/micro_ros_msgs/micro_ros_msgs/msg/detail/graph__rosidl_typesupport_introspection_c.h
[24.270s] -- Installing: /home/user/microros_ws/install/micro_ros_msgs/include/micro_ros_msgs/micro_ros_msgs/msg/rosidl_typesupport_introspection_c__visibility_control.h
[24.270s] -- Installing: /home/user/microros_ws/install/micro_ros_msgs/lib/libmicro_ros_msgs__rosidl_typesupport_introspection_c.so
[24.270s] -- Set runtime path of "/home/user/microros_ws/install/micro_ros_msgs/lib/libmicro_ros_msgs__rosidl_typesupport_introspection_c.so" to ""
[24.270s] -- Installing: /home/user/microros_ws/install/micro_ros_msgs/lib/libmicro_ros_msgs__rosidl_typesupport_c.so
[24.271s] -- Set runtime path of "/home/user/microros_ws/install/micro_ros_msgs/lib/libmicro_ros_msgs__rosidl_typesupport_c.so" to ""
[24.271s] -- Up-to-date: /home/user/microros_ws/install/micro_ros_msgs/include/micro_ros_msgs/micro_ros_msgs
[24.271s] -- Up-to-date: /home/user/microros_ws/install/micro_ros_msgs/include/micro_ros_msgs/micro_ros_msgs/msg
[24.271s] -- Up-to-date: /home/user/microros_ws/install/micro_ros_msgs/include/micro_ros_msgs/micro_ros_msgs/msg/detail
[24.271s] -- Installing: /home/user/microros_ws/install/micro_ros_msgs/include/micro_ros_msgs/micro_ros_msgs/msg/detail/node__struct.hpp
[24.271s] -- Installing: /home/user/microros_ws/install/micro_ros_msgs/include/micro_ros_msgs/micro_ros_msgs/msg/detail/entity__struct.hpp
[24.272s] -- Installing: /home/user/microros_ws/install/micro_ros_msgs/include/micro_ros_msgs/micro_ros_msgs/msg/detail/graph__type_support.hpp
[24.272s] -- Installing: /home/user/microros_ws/install/micro_ros_msgs/include/micro_ros_msgs/micro_ros_msgs/msg/detail/node__traits.hpp
[24.272s] -- Installing: /home/user/microros_ws/install/micro_ros_msgs/include/micro_ros_msgs/micro_ros_msgs/msg/detail/node__type_support.hpp
[24.272s] -- Installing: /home/user/microros_ws/install/micro_ros_msgs/include/micro_ros_msgs/micro_ros_msgs/msg/detail/graph__traits.hpp
[24.272s] -- Installing: /home/user/microros_ws/install/micro_ros_msgs/include/micro_ros_msgs/micro_ros_msgs/msg/detail/entity__traits.hpp
[24.272s] -- Installing: /home/user/microros_ws/install/micro_ros_msgs/include/micro_ros_msgs/micro_ros_msgs/msg/detail/entity__type_support.hpp
[24.273s] -- Installing: /home/user/microros_ws/install/micro_ros_msgs/include/micro_ros_msgs/micro_ros_msgs/msg/detail/entity__builder.hpp
[24.273s] -- Installing: /home/user/microros_ws/install/micro_ros_msgs/include/micro_ros_msgs/micro_ros_msgs/msg/detail/node__builder.hpp
[24.273s] -- Installing: /home/user/microros_ws/install/micro_ros_msgs/include/micro_ros_msgs/micro_ros_msgs/msg/detail/graph__struct.hpp
[24.273s] -- Installing: /home/user/microros_ws/install/micro_ros_msgs/include/micro_ros_msgs/micro_ros_msgs/msg/detail/graph__builder.hpp
[24.273s] -- Installing: /home/user/microros_ws/install/micro_ros_msgs/include/micro_ros_msgs/micro_ros_msgs/msg/node.hpp
[24.273s] -- Installing: /home/user/microros_ws/install/micro_ros_msgs/include/micro_ros_msgs/micro_ros_msgs/msg/graph.hpp
[24.274s] -- Installing: /home/user/microros_ws/install/micro_ros_msgs/include/micro_ros_msgs/micro_ros_msgs/msg/rosidl_generator_cpp__visibility_control.hpp
[24.274s] -- Installing: /home/user/microros_ws/install/micro_ros_msgs/include/micro_ros_msgs/micro_ros_msgs/msg/entity.hpp
[24.274s] -- Up-to-date: /home/user/microros_ws/install/micro_ros_msgs/include/micro_ros_msgs/micro_ros_msgs
[24.274s] -- Up-to-date: /home/user/microros_ws/install/micro_ros_msgs/include/micro_ros_msgs/micro_ros_msgs/msg
[24.274s] -- Up-to-date: /home/user/microros_ws/install/micro_ros_msgs/include/micro_ros_msgs/micro_ros_msgs/msg/detail
[24.274s] -- Installing: /home/user/microros_ws/install/micro_ros_msgs/include/micro_ros_msgs/micro_ros_msgs/msg/detail/node__rosidl_typesupport_fastrtps_cpp.hpp
[24.275s] -- Installing: /home/user/microros_ws/install/micro_ros_msgs/include/micro_ros_msgs/micro_ros_msgs/msg/detail/entity__rosidl_typesupport_fastrtps_cpp.hpp
[24.275s] -- Installing: /home/user/microros_ws/install/micro_ros_msgs/include/micro_ros_msgs/micro_ros_msgs/msg/detail/dds_fastrtps
[24.275s] -- Installing: /home/user/microros_ws/install/micro_ros_msgs/include/micro_ros_msgs/micro_ros_msgs/msg/detail/graph__rosidl_typesupport_fastrtps_cpp.hpp
[24.275s] -- Installing: /home/user/microros_ws/install/micro_ros_msgs/include/micro_ros_msgs/micro_ros_msgs/msg/rosidl_typesupport_fastrtps_cpp__visibility_control.h
[24.276s] -- Installing: /home/user/microros_ws/install/micro_ros_msgs/lib/libmicro_ros_msgs__rosidl_typesupport_fastrtps_cpp.so
[24.276s] -- Set runtime path of "/home/user/microros_ws/install/micro_ros_msgs/lib/libmicro_ros_msgs__rosidl_typesupport_fastrtps_cpp.so" to ""
[24.276s] -- Up-to-date: /home/user/microros_ws/install/micro_ros_msgs/include/micro_ros_msgs/micro_ros_msgs
[24.276s] -- Up-to-date: /home/user/microros_ws/install/micro_ros_msgs/include/micro_ros_msgs/micro_ros_msgs/msg
[24.276s] -- Up-to-date: /home/user/microros_ws/install/micro_ros_msgs/include/micro_ros_msgs/micro_ros_msgs/msg/detail
[24.276s] -- Installing: /home/user/microros_ws/install/micro_ros_msgs/include/micro_ros_msgs/micro_ros_msgs/msg/detail/entity__type_support.cpp
[24.276s] -- Installing: /home/user/microros_ws/install/micro_ros_msgs/include/micro_ros_msgs/micro_ros_msgs/msg/detail/graph__type_support.cpp
[24.276s] -- Installing: /home/user/microros_ws/install/micro_ros_msgs/include/micro_ros_msgs/micro_ros_msgs/msg/detail/node__type_support.cpp
[24.277s] -- Installing: /home/user/microros_ws/install/micro_ros_msgs/include/micro_ros_msgs/micro_ros_msgs/msg/detail/entity__rosidl_typesupport_introspection_cpp.hpp
[24.277s] -- Installing: /home/user/microros_ws/install/micro_ros_msgs/include/micro_ros_msgs/micro_ros_msgs/msg/detail/node__rosidl_typesupport_introspection_cpp.hpp
[24.277s] -- Installing: /home/user/microros_ws/install/micro_ros_msgs/include/micro_ros_msgs/micro_ros_msgs/msg/detail/graph__rosidl_typesupport_introspection_cpp.hpp
[24.277s] -- Installing: /home/user/microros_ws/install/micro_ros_msgs/lib/libmicro_ros_msgs__rosidl_typesupport_introspection_cpp.so
[24.278s] -- Set runtime path of "/home/user/microros_ws/install/micro_ros_msgs/lib/libmicro_ros_msgs__rosidl_typesupport_introspection_cpp.so" to ""
[24.278s] -- Installing: /home/user/microros_ws/install/micro_ros_msgs/lib/libmicro_ros_msgs__rosidl_typesupport_cpp.so
[24.278s] -- Set runtime path of "/home/user/microros_ws/install/micro_ros_msgs/lib/libmicro_ros_msgs__rosidl_typesupport_cpp.so" to ""
[24.278s] -- Installing: /home/user/microros_ws/install/micro_ros_msgs/share/ament_index/resource_index/rust_packages/micro_ros_msgs
[24.279s] -- Installing: /home/user/microros_ws/install/micro_ros_msgs/share/micro_ros_msgs/rust
[24.279s] -- Installing: /home/user/microros_ws/install/micro_ros_msgs/share/micro_ros_msgs/rust/Cargo.toml
[24.279s] -- Installing: /home/user/microros_ws/install/micro_ros_msgs/share/micro_ros_msgs/rust/src
[24.279s] -- Installing: /home/user/microros_ws/install/micro_ros_msgs/share/micro_ros_msgs/rust/src/msg.rs
[24.279s] -- Installing: /home/user/microros_ws/install/micro_ros_msgs/share/micro_ros_msgs/rust/src/lib.rs
[24.279s] -- Installing: /home/user/microros_ws/install/micro_ros_msgs/share/micro_ros_msgs/rust/build.rs
[24.279s] -- Up-to-date: /home/user/microros_ws/install/micro_ros_msgs/share/micro_ros_msgs/rust
[24.280s] -- Up-to-date: /home/user/microros_ws/install/micro_ros_msgs/share/micro_ros_msgs/rust/Cargo.toml
[24.280s] -- Up-to-date: /home/user/microros_ws/install/micro_ros_msgs/share/micro_ros_msgs/rust/src
[24.280s] -- Up-to-date: /home/user/microros_ws/install/micro_ros_msgs/share/micro_ros_msgs/rust/src/msg.rs
[24.280s] -- Up-to-date: /home/user/microros_ws/install/micro_ros_msgs/share/micro_ros_msgs/rust/src/lib.rs
[24.280s] -- Up-to-date: /home/user/microros_ws/install/micro_ros_msgs/share/micro_ros_msgs/rust/build.rs
[24.280s] -- Up-to-date: /home/user/microros_ws/install/micro_ros_msgs/share/micro_ros_msgs/rust
[24.280s] -- Up-to-date: /home/user/microros_ws/install/micro_ros_msgs/share/micro_ros_msgs/rust/Cargo.toml
[24.281s] -- Up-to-date: /home/user/microros_ws/install/micro_ros_msgs/share/micro_ros_msgs/rust/src
[24.281s] -- Up-to-date: /home/user/microros_ws/install/micro_ros_msgs/share/micro_ros_msgs/rust/src/msg.rs
[24.281s] -- Up-to-date: /home/user/microros_ws/install/micro_ros_msgs/share/micro_ros_msgs/rust/src/lib.rs
[24.281s] -- Up-to-date: /home/user/microros_ws/install/micro_ros_msgs/share/micro_ros_msgs/rust/build.rs
[24.281s] -- Installing: /home/user/microros_ws/install/micro_ros_msgs/share/micro_ros_msgs/environment/pythonpath.sh
[24.281s] -- Installing: /home/user/microros_ws/install/micro_ros_msgs/share/micro_ros_msgs/environment/pythonpath.dsv
[24.281s] -- Installing: /home/user/microros_ws/install/micro_ros_msgs/local/lib/python3.10/dist-packages/micro_ros_msgs-3.0.1-py3.10.egg-info
[24.281s] -- Installing: /home/user/microros_ws/install/micro_ros_msgs/local/lib/python3.10/dist-packages/micro_ros_msgs-3.0.1-py3.10.egg-info/PKG-INFO
[24.282s] -- Installing: /home/user/microros_ws/install/micro_ros_msgs/local/lib/python3.10/dist-packages/micro_ros_msgs-3.0.1-py3.10.egg-info/top_level.txt
[24.282s] -- Installing: /home/user/microros_ws/install/micro_ros_msgs/local/lib/python3.10/dist-packages/micro_ros_msgs-3.0.1-py3.10.egg-info/SOURCES.txt
[24.282s] -- Installing: /home/user/microros_ws/install/micro_ros_msgs/local/lib/python3.10/dist-packages/micro_ros_msgs-3.0.1-py3.10.egg-info/dependency_links.txt
[24.282s] -- Installing: /home/user/microros_ws/install/micro_ros_msgs/local/lib/python3.10/dist-packages/micro_ros_msgs
[24.282s] -- Installing: /home/user/microros_ws/install/micro_ros_msgs/local/lib/python3.10/dist-packages/micro_ros_msgs/_micro_ros_msgs_s.ep.rosidl_typesupport_c.c
[24.283s] -- Installing: /home/user/microros_ws/install/micro_ros_msgs/local/lib/python3.10/dist-packages/micro_ros_msgs/_micro_ros_msgs_s.ep.rosidl_typesupport_fastrtps_c.c
[24.283s] -- Installing: /home/user/microros_ws/install/micro_ros_msgs/local/lib/python3.10/dist-packages/micro_ros_msgs/micro_ros_msgs_s__rosidl_typesupport_c.cpython-310-x86_64-linux-gnu.so
[24.283s] -- Installing: /home/user/microros_ws/install/micro_ros_msgs/local/lib/python3.10/dist-packages/micro_ros_msgs/msg
[24.283s] -- Installing: /home/user/microros_ws/install/micro_ros_msgs/local/lib/python3.10/dist-packages/micro_ros_msgs/msg/_entity_s.c
[24.283s] -- Installing: /home/user/microros_ws/install/micro_ros_msgs/local/lib/python3.10/dist-packages/micro_ros_msgs/msg/_graph_s.c
[24.283s] -- Installing: /home/user/microros_ws/install/micro_ros_msgs/local/lib/python3.10/dist-packages/micro_ros_msgs/msg/_entity.py
[24.283s] -- Installing: /home/user/microros_ws/install/micro_ros_msgs/local/lib/python3.10/dist-packages/micro_ros_msgs/msg/__init__.py
[24.283s] -- Installing: /home/user/microros_ws/install/micro_ros_msgs/local/lib/python3.10/dist-packages/micro_ros_msgs/msg/_node_s.c
[24.284s] -- Installing: /home/user/microros_ws/install/micro_ros_msgs/local/lib/python3.10/dist-packages/micro_ros_msgs/msg/_graph.py
[24.284s] -- Installing: /home/user/microros_ws/install/micro_ros_msgs/local/lib/python3.10/dist-packages/micro_ros_msgs/msg/_node.py
[24.284s] -- Installing: /home/user/microros_ws/install/micro_ros_msgs/local/lib/python3.10/dist-packages/micro_ros_msgs/libmicro_ros_msgs__rosidl_generator_py.so
[24.284s] -- Installing: /home/user/microros_ws/install/micro_ros_msgs/local/lib/python3.10/dist-packages/micro_ros_msgs/__init__.py
[24.284s] -- Installing: /home/user/microros_ws/install/micro_ros_msgs/local/lib/python3.10/dist-packages/micro_ros_msgs/_micro_ros_msgs_s.ep.rosidl_typesupport_introspection_c.c
[24.285s] -- Installing: /home/user/microros_ws/install/micro_ros_msgs/local/lib/python3.10/dist-packages/micro_ros_msgs/micro_ros_msgs_s__rosidl_typesupport_introspection_c.cpython-310-x86_64-linux-gnu.so
[24.285s] -- Installing: /home/user/microros_ws/install/micro_ros_msgs/local/lib/python3.10/dist-packages/micro_ros_msgs/micro_ros_msgs_s__rosidl_typesupport_fastrtps_c.cpython-310-x86_64-linux-gnu.so
[24.339s] Listing '/home/user/microros_ws/install/micro_ros_msgs/local/lib/python3.10/dist-packages/micro_ros_msgs'...
[24.339s] Compiling '/home/user/microros_ws/install/micro_ros_msgs/local/lib/python3.10/dist-packages/micro_ros_msgs/__init__.py'...
[24.339s] Listing '/home/user/microros_ws/install/micro_ros_msgs/local/lib/python3.10/dist-packages/micro_ros_msgs/msg'...
[24.339s] Compiling '/home/user/microros_ws/install/micro_ros_msgs/local/lib/python3.10/dist-packages/micro_ros_msgs/msg/__init__.py'...
[24.339s] Compiling '/home/user/microros_ws/install/micro_ros_msgs/local/lib/python3.10/dist-packages/micro_ros_msgs/msg/_entity.py'...
[24.339s] Compiling '/home/user/microros_ws/install/micro_ros_msgs/local/lib/python3.10/dist-packages/micro_ros_msgs/msg/_graph.py'...
[24.339s] Compiling '/home/user/microros_ws/install/micro_ros_msgs/local/lib/python3.10/dist-packages/micro_ros_msgs/msg/_node.py'...
[24.344s] -- Installing: /home/user/microros_ws/install/micro_ros_msgs/local/lib/python3.10/dist-packages/micro_ros_msgs/micro_ros_msgs_s__rosidl_typesupport_fastrtps_c.cpython-310-x86_64-linux-gnu.so
[24.344s] -- Set runtime path of "/home/user/microros_ws/install/micro_ros_msgs/local/lib/python3.10/dist-packages/micro_ros_msgs/micro_ros_msgs_s__rosidl_typesupport_fastrtps_c.cpython-310-x86_64-linux-gnu.so" to ""
[24.344s] -- Installing: /home/user/microros_ws/install/micro_ros_msgs/local/lib/python3.10/dist-packages/micro_ros_msgs/micro_ros_msgs_s__rosidl_typesupport_introspection_c.cpython-310-x86_64-linux-gnu.so
[24.345s] -- Set runtime path of "/home/user/microros_ws/install/micro_ros_msgs/local/lib/python3.10/dist-packages/micro_ros_msgs/micro_ros_msgs_s__rosidl_typesupport_introspection_c.cpython-310-x86_64-linux-gnu.so" to ""
[24.345s] -- Installing: /home/user/microros_ws/install/micro_ros_msgs/local/lib/python3.10/dist-packages/micro_ros_msgs/micro_ros_msgs_s__rosidl_typesupport_c.cpython-310-x86_64-linux-gnu.so
[24.345s] -- Set runtime path of "/home/user/microros_ws/install/micro_ros_msgs/local/lib/python3.10/dist-packages/micro_ros_msgs/micro_ros_msgs_s__rosidl_typesupport_c.cpython-310-x86_64-linux-gnu.so" to ""
[24.346s] -- Installing: /home/user/microros_ws/install/micro_ros_msgs/lib/libmicro_ros_msgs__rosidl_generator_py.so
[24.346s] -- Set runtime path of "/home/user/microros_ws/install/micro_ros_msgs/lib/libmicro_ros_msgs__rosidl_generator_py.so" to ""
[24.346s] -- Installing: /home/user/microros_ws/install/micro_ros_msgs/share/micro_ros_msgs/msg/Graph.idl
[24.346s] -- Installing: /home/user/microros_ws/install/micro_ros_msgs/share/micro_ros_msgs/msg/Node.idl
[24.347s] -- Installing: /home/user/microros_ws/install/micro_ros_msgs/share/micro_ros_msgs/msg/Entity.idl
[24.347s] -- Installing: /home/user/microros_ws/install/micro_ros_msgs/share/micro_ros_msgs/msg/Graph.msg
[24.347s] -- Installing: /home/user/microros_ws/install/micro_ros_msgs/share/micro_ros_msgs/msg/Node.msg
[24.347s] -- Installing: /home/user/microros_ws/install/micro_ros_msgs/share/micro_ros_msgs/msg/Entity.msg
[24.347s] -- Installing: /home/user/microros_ws/install/micro_ros_msgs/share/ament_index/resource_index/package_run_dependencies/micro_ros_msgs
[24.348s] -- Installing: /home/user/microros_ws/install/micro_ros_msgs/share/ament_index/resource_index/parent_prefix_path/micro_ros_msgs
[24.348s] -- Installing: /home/user/microros_ws/install/micro_ros_msgs/share/micro_ros_msgs/environment/ament_prefix_path.sh
[24.348s] -- Installing: /home/user/microros_ws/install/micro_ros_msgs/share/micro_ros_msgs/environment/ament_prefix_path.dsv
[24.348s] -- Installing: /home/user/microros_ws/install/micro_ros_msgs/share/micro_ros_msgs/environment/path.sh
[24.348s] -- Installing: /home/user/microros_ws/install/micro_ros_msgs/share/micro_ros_msgs/environment/path.dsv
[24.349s] -- Installing: /home/user/microros_ws/install/micro_ros_msgs/share/micro_ros_msgs/local_setup.bash
[24.349s] -- Installing: /home/user/microros_ws/install/micro_ros_msgs/share/micro_ros_msgs/local_setup.sh
[24.349s] -- Installing: /home/user/microros_ws/install/micro_ros_msgs/share/micro_ros_msgs/local_setup.zsh
[24.349s] -- Installing: /home/user/microros_ws/install/micro_ros_msgs/share/micro_ros_msgs/local_setup.dsv
[24.349s] -- Installing: /home/user/microros_ws/install/micro_ros_msgs/share/micro_ros_msgs/package.dsv
[24.350s] -- Installing: /home/user/microros_ws/install/micro_ros_msgs/share/ament_index/resource_index/packages/micro_ros_msgs
[24.350s] -- Installing: /home/user/microros_ws/install/micro_ros_msgs/share/micro_ros_msgs/cmake/export_micro_ros_msgs__rosidl_generator_cExport.cmake
[24.350s] -- Installing: /home/user/microros_ws/install/micro_ros_msgs/share/micro_ros_msgs/cmake/export_micro_ros_msgs__rosidl_generator_cExport-noconfig.cmake
[24.351s] -- Installing: /home/user/microros_ws/install/micro_ros_msgs/share/micro_ros_msgs/cmake/export_micro_ros_msgs__rosidl_typesupport_fastrtps_cExport.cmake
[24.351s] -- Installing: /home/user/microros_ws/install/micro_ros_msgs/share/micro_ros_msgs/cmake/export_micro_ros_msgs__rosidl_typesupport_fastrtps_cExport-noconfig.cmake
[24.351s] -- Installing: /home/user/microros_ws/install/micro_ros_msgs/share/micro_ros_msgs/cmake/micro_ros_msgs__rosidl_typesupport_introspection_cExport.cmake
[24.351s] -- Installing: /home/user/microros_ws/install/micro_ros_msgs/share/micro_ros_msgs/cmake/micro_ros_msgs__rosidl_typesupport_introspection_cExport-noconfig.cmake
[24.351s] -- Installing: /home/user/microros_ws/install/micro_ros_msgs/share/micro_ros_msgs/cmake/micro_ros_msgs__rosidl_typesupport_cExport.cmake
[24.351s] -- Installing: /home/user/microros_ws/install/micro_ros_msgs/share/micro_ros_msgs/cmake/micro_ros_msgs__rosidl_typesupport_cExport-noconfig.cmake
[24.352s] -- Installing: /home/user/microros_ws/install/micro_ros_msgs/share/micro_ros_msgs/cmake/export_micro_ros_msgs__rosidl_generator_cppExport.cmake
[24.352s] -- Installing: /home/user/microros_ws/install/micro_ros_msgs/share/micro_ros_msgs/cmake/export_micro_ros_msgs__rosidl_typesupport_fastrtps_cppExport.cmake
[24.352s] -- Installing: /home/user/microros_ws/install/micro_ros_msgs/share/micro_ros_msgs/cmake/export_micro_ros_msgs__rosidl_typesupport_fastrtps_cppExport-noconfig.cmake
[24.352s] -- Installing: /home/user/microros_ws/install/micro_ros_msgs/share/micro_ros_msgs/cmake/micro_ros_msgs__rosidl_typesupport_introspection_cppExport.cmake
[24.352s] -- Installing: /home/user/microros_ws/install/micro_ros_msgs/share/micro_ros_msgs/cmake/micro_ros_msgs__rosidl_typesupport_introspection_cppExport-noconfig.cmake
[24.353s] -- Installing: /home/user/microros_ws/install/micro_ros_msgs/share/micro_ros_msgs/cmake/micro_ros_msgs__rosidl_typesupport_cppExport.cmake
[24.353s] -- Installing: /home/user/microros_ws/install/micro_ros_msgs/share/micro_ros_msgs/cmake/micro_ros_msgs__rosidl_typesupport_cppExport-noconfig.cmake
[24.353s] -- Installing: /home/user/microros_ws/install/micro_ros_msgs/share/micro_ros_msgs/cmake/export_micro_ros_msgs__rosidl_generator_pyExport.cmake
[24.353s] -- Installing: /home/user/microros_ws/install/micro_ros_msgs/share/micro_ros_msgs/cmake/export_micro_ros_msgs__rosidl_generator_pyExport-noconfig.cmake
[24.354s] -- Installing: /home/user/microros_ws/install/micro_ros_msgs/share/micro_ros_msgs/cmake/rosidl_cmake-extras.cmake
[24.354s] -- Installing: /home/user/microros_ws/install/micro_ros_msgs/share/micro_ros_msgs/cmake/ament_cmake_export_include_directories-extras.cmake
[24.354s] -- Installing: /home/user/microros_ws/install/micro_ros_msgs/share/micro_ros_msgs/cmake/ament_cmake_export_libraries-extras.cmake
[24.354s] -- Installing: /home/user/microros_ws/install/micro_ros_msgs/share/micro_ros_msgs/cmake/ament_cmake_export_targets-extras.cmake
[24.354s] -- Installing: /home/user/microros_ws/install/micro_ros_msgs/share/micro_ros_msgs/cmake/rosidl_cmake_export_typesupport_targets-extras.cmake
[24.355s] -- Installing: /home/user/microros_ws/install/micro_ros_msgs/share/micro_ros_msgs/cmake/ament_cmake_export_dependencies-extras.cmake
[24.355s] -- Installing: /home/user/microros_ws/install/micro_ros_msgs/share/micro_ros_msgs/cmake/rosidl_cmake_export_typesupport_libraries-extras.cmake
[24.355s] -- Installing: /home/user/microros_ws/install/micro_ros_msgs/share/micro_ros_msgs/cmake/micro_ros_msgsConfig.cmake
[24.355s] -- Installing: /home/user/microros_ws/install/micro_ros_msgs/share/micro_ros_msgs/cmake/micro_ros_msgsConfig-version.cmake
[24.355s] -- Installing: /home/user/microros_ws/install/micro_ros_msgs/share/micro_ros_msgs/package.xml
[24.358s] Invoked command in '/home/user/microros_ws/build/micro_ros_msgs' returned '0': CMAKE_PREFIX_PATH=${CMAKE_PREFIX_PATH}:/home/simulations/ros2_sims_ws/install/rclrs_tests:/home/simulations/ros2_sims_ws/install/examples_rclrs_minimal_client_service:/home/simulations/ros2_sims_ws/install/sensor_msgs_py:/home/simulations/ros2_sims_ws/install/examples_rclrs_minimal_pub_sub:/home/simulations/ros2_sims_ws/install/examples_rclrs_message_demo:/home/simulations/ros2_sims_ws/install/rclrs:/home/simulations/ros2_sims_ws/install/rosidl_runtime_rs:/home/user/ros2_ws/install/pong_reply_node:/opt/ros/humble _=/usr/bin/env /usr/bin/cmake --install /home/user/microros_ws/build/micro_ros_msgs
