[1.530s] DEBUG:colcon:Command line arguments: ['/usr/bin/colcon', 'build']
[1.530s] DEBUG:colcon:Parsed command line arguments: Namespace(log_base=None, log_level=None, verb_name='build', build_base='build', install_base='install', merge_install=False, symlink_install=False, test_result_base=None, continue_on_error=False, executor='parallel', parallel_workers=8, event_handlers=None, ignore_user_meta=False, metas=['./colcon.meta'], base_paths=['.'], packages_ignore=None, packages_ignore_regex=None, paths=None, packages_up_to=None, packages_up_to_regex=None, packages_above=None, packages_above_and_dependencies=None, packages_above_depth=None, packages_select_by_dep=None, packages_skip_by_dep=None, packages_skip_up_to=None, packages_select_build_failed=False, packages_skip_build_finished=False, packages_select_test_failures=False, packages_skip_test_passed=False, packages_select=None, packages_skip=None, packages_select_regex=None, packages_skip_regex=None, packages_start=None, packages_end=None, lookup_in_workspace=False, cargo_args=None, clean_build=False, cmake_args=None, cmake_target=None, cmake_target_skip_unavailable=False, cmake_clean_cache=False, cmake_clean_first=False, cmake_force_configure=False, ament_cmake_args=None, catkin_cmake_args=None, catkin_skip_building_tests=False, mixin_files=None, mixin=None, verb_parser=<colcon_mixin.mixin.mixin_argument.MixinArgumentDecorator object at 0x7fa65d0d89d0>, verb_extension=<colcon_core.verb.build.BuildVerb object at 0x7fa65d0d83d0>, main=<bound method BuildVerb.main of <colcon_core.verb.build.BuildVerb object at 0x7fa65d0d83d0>>, mixin_verb=('build',))
[2.978s] Level 1:colcon.colcon_core.package_discovery:discover_packages(colcon_meta) check parameters
[2.978s] Level 1:colcon.colcon_core.package_discovery:discover_packages(recursive) check parameters
[2.978s] Level 1:colcon.colcon_core.package_discovery:discover_packages(ignore) check parameters
[2.978s] Level 1:colcon.colcon_core.package_discovery:discover_packages(path) check parameters
[2.978s] Level 1:colcon.colcon_core.package_discovery:discover_packages(colcon_meta) discover
[2.978s] Level 1:colcon.colcon_core.package_discovery:discover_packages(recursive) discover
[2.978s] INFO:colcon.colcon_core.package_discovery:Crawling recursively for packages in '/home/user/ros2_ws'
[2.978s] Level 1:colcon.colcon_core.package_identification:_identify(.) by extensions ['ignore', 'ignore_ament_install']
[2.978s] Level 1:colcon.colcon_core.package_identification:_identify(.) by extension 'ignore'
[2.978s] Level 1:colcon.colcon_core.package_identification:_identify(.) by extension 'ignore_ament_install'
[2.978s] Level 1:colcon.colcon_core.package_identification:_identify(.) by extensions ['colcon_pkg']
[2.978s] Level 1:colcon.colcon_core.package_identification:_identify(.) by extension 'colcon_pkg'
[2.978s] Level 1:colcon.colcon_core.package_identification:_identify(.) by extensions ['colcon_meta']
[2.978s] Level 1:colcon.colcon_core.package_identification:_identify(.) by extension 'colcon_meta'
[2.978s] Level 1:colcon.colcon_core.package_identification:_identify(.) by extensions ['ament_cargo']
[2.978s] Level 1:colcon.colcon_core.package_identification:_identify(.) by extension 'ament_cargo'
[2.979s] Level 1:colcon.colcon_core.package_identification:_identify(.) by extensions ['ros']
[2.979s] Level 1:colcon.colcon_core.package_identification:_identify(.) by extension 'ros'
[2.994s] Level 1:colcon.colcon_core.package_identification:_identify(.) by extensions ['cargo', 'cmake', 'python']
[2.994s] Level 1:colcon.colcon_core.package_identification:_identify(.) by extension 'cargo'
[2.994s] Level 1:colcon.colcon_core.package_identification:_identify(.) by extension 'cmake'
[2.995s] Level 1:colcon.colcon_core.package_identification:_identify(.) by extension 'python'
[2.995s] Level 1:colcon.colcon_core.package_identification:_identify(.) by extensions ['python_setup_py']
[2.995s] Level 1:colcon.colcon_core.package_identification:_identify(.) by extension 'python_setup_py'
[2.995s] Level 1:colcon.colcon_core.package_identification:_identify(build) by extensions ['ignore', 'ignore_ament_install']
[2.995s] Level 1:colcon.colcon_core.package_identification:_identify(build) by extension 'ignore'
[2.995s] Level 1:colcon.colcon_core.package_identification:_identify(build) ignored
[2.995s] Level 1:colcon.colcon_core.package_identification:_identify(install) by extensions ['ignore', 'ignore_ament_install']
[2.995s] Level 1:colcon.colcon_core.package_identification:_identify(install) by extension 'ignore'
[2.995s] Level 1:colcon.colcon_core.package_identification:_identify(install) ignored
[2.996s] Level 1:colcon.colcon_core.package_identification:_identify(log) by extensions ['ignore', 'ignore_ament_install']
[2.996s] Level 1:colcon.colcon_core.package_identification:_identify(log) by extension 'ignore'
[2.996s] Level 1:colcon.colcon_core.package_identification:_identify(log) ignored
[2.996s] Level 1:colcon.colcon_core.package_identification:_identify(src) by extensions ['ignore', 'ignore_ament_install']
[2.996s] Level 1:colcon.colcon_core.package_identification:_identify(src) by extension 'ignore'
[2.996s] Level 1:colcon.colcon_core.package_identification:_identify(src) by extension 'ignore_ament_install'
[2.996s] Level 1:colcon.colcon_core.package_identification:_identify(src) by extensions ['colcon_pkg']
[2.996s] Level 1:colcon.colcon_core.package_identification:_identify(src) by extension 'colcon_pkg'
[2.996s] Level 1:colcon.colcon_core.package_identification:_identify(src) by extensions ['colcon_meta']
[2.996s] Level 1:colcon.colcon_core.package_identification:_identify(src) by extension 'colcon_meta'
[2.996s] Level 1:colcon.colcon_core.package_identification:_identify(src) by extensions ['ament_cargo']
[2.996s] Level 1:colcon.colcon_core.package_identification:_identify(src) by extension 'ament_cargo'
[2.996s] Level 1:colcon.colcon_core.package_identification:_identify(src) by extensions ['ros']
[2.996s] Level 1:colcon.colcon_core.package_identification:_identify(src) by extension 'ros'
[2.996s] Level 1:colcon.colcon_core.package_identification:_identify(src) by extensions ['cargo', 'cmake', 'python']
[2.996s] Level 1:colcon.colcon_core.package_identification:_identify(src) by extension 'cargo'
[2.996s] Level 1:colcon.colcon_core.package_identification:_identify(src) by extension 'cmake'
[2.996s] Level 1:colcon.colcon_core.package_identification:_identify(src) by extension 'python'
[2.996s] Level 1:colcon.colcon_core.package_identification:_identify(src) by extensions ['python_setup_py']
[2.996s] Level 1:colcon.colcon_core.package_identification:_identify(src) by extension 'python_setup_py'
[2.997s] Level 1:colcon.colcon_core.package_identification:_identify(src/led_control_node) by extensions ['ignore', 'ignore_ament_install']
[2.997s] Level 1:colcon.colcon_core.package_identification:_identify(src/led_control_node) by extension 'ignore'
[2.997s] Level 1:colcon.colcon_core.package_identification:_identify(src/led_control_node) by extension 'ignore_ament_install'
[2.997s] Level 1:colcon.colcon_core.package_identification:_identify(src/led_control_node) by extensions ['colcon_pkg']
[2.997s] Level 1:colcon.colcon_core.package_identification:_identify(src/led_control_node) by extension 'colcon_pkg'
[2.997s] Level 1:colcon.colcon_core.package_identification:_identify(src/led_control_node) by extensions ['colcon_meta']
[2.997s] Level 1:colcon.colcon_core.package_identification:_identify(src/led_control_node) by extension 'colcon_meta'
[2.997s] Level 1:colcon.colcon_core.package_identification:_identify(src/led_control_node) by extensions ['ament_cargo']
[2.997s] Level 1:colcon.colcon_core.package_identification:_identify(src/led_control_node) by extension 'ament_cargo'
[2.997s] Level 1:colcon.colcon_core.package_identification:_identify(src/led_control_node) by extensions ['ros']
[2.997s] Level 1:colcon.colcon_core.package_identification:_identify(src/led_control_node) by extension 'ros'
[3.001s] DEBUG:colcon.colcon_core.package_identification:Package 'src/led_control_node' with type 'ros.ament_python' and name 'led_control_node'
[3.001s] Level 1:colcon.colcon_core.package_identification:_identify(src/pong_reply_node) by extensions ['ignore', 'ignore_ament_install']
[3.002s] Level 1:colcon.colcon_core.package_identification:_identify(src/pong_reply_node) by extension 'ignore'
[3.002s] Level 1:colcon.colcon_core.package_identification:_identify(src/pong_reply_node) by extension 'ignore_ament_install'
[3.002s] Level 1:colcon.colcon_core.package_identification:_identify(src/pong_reply_node) by extensions ['colcon_pkg']
[3.002s] Level 1:colcon.colcon_core.package_identification:_identify(src/pong_reply_node) by extension 'colcon_pkg'
[3.002s] Level 1:colcon.colcon_core.package_identification:_identify(src/pong_reply_node) by extensions ['colcon_meta']
[3.002s] Level 1:colcon.colcon_core.package_identification:_identify(src/pong_reply_node) by extension 'colcon_meta'
[3.002s] Level 1:colcon.colcon_core.package_identification:_identify(src/pong_reply_node) by extensions ['ament_cargo']
[3.002s] Level 1:colcon.colcon_core.package_identification:_identify(src/pong_reply_node) by extension 'ament_cargo'
[3.002s] Level 1:colcon.colcon_core.package_identification:_identify(src/pong_reply_node) by extensions ['ros']
[3.002s] Level 1:colcon.colcon_core.package_identification:_identify(src/pong_reply_node) by extension 'ros'
[3.002s] DEBUG:colcon.colcon_core.package_identification:Package 'src/pong_reply_node' with type 'ros.ament_python' and name 'pong_reply_node'
[3.003s] Level 1:colcon.colcon_core.package_identification:_identify(src/teleop_control_node) by extensions ['ignore', 'ignore_ament_install']
[3.003s] Level 1:colcon.colcon_core.package_identification:_identify(src/teleop_control_node) by extension 'ignore'
[3.003s] Level 1:colcon.colcon_core.package_identification:_identify(src/teleop_control_node) by extension 'ignore_ament_install'
[3.003s] Level 1:colcon.colcon_core.package_identification:_identify(src/teleop_control_node) by extensions ['colcon_pkg']
[3.003s] Level 1:colcon.colcon_core.package_identification:_identify(src/teleop_control_node) by extension 'colcon_pkg'
[3.003s] Level 1:colcon.colcon_core.package_identification:_identify(src/teleop_control_node) by extensions ['colcon_meta']
[3.003s] Level 1:colcon.colcon_core.package_identification:_identify(src/teleop_control_node) by extension 'colcon_meta'
[3.003s] Level 1:colcon.colcon_core.package_identification:_identify(src/teleop_control_node) by extensions ['ament_cargo']
[3.003s] Level 1:colcon.colcon_core.package_identification:_identify(src/teleop_control_node) by extension 'ament_cargo'
[3.003s] Level 1:colcon.colcon_core.package_identification:_identify(src/teleop_control_node) by extensions ['ros']
[3.003s] Level 1:colcon.colcon_core.package_identification:_identify(src/teleop_control_node) by extension 'ros'
[3.004s] DEBUG:colcon.colcon_core.package_identification:Package 'src/teleop_control_node' with type 'ros.ament_python' and name 'teleop_control_node'
[3.004s] Level 1:colcon.colcon_core.package_discovery:discover_packages(recursive) using defaults
[3.004s] Level 1:colcon.colcon_core.package_discovery:discover_packages(ignore) discover
[3.004s] Level 1:colcon.colcon_core.package_discovery:discover_packages(ignore) using defaults
[3.004s] Level 1:colcon.colcon_core.package_discovery:discover_packages(path) discover
[3.004s] Level 1:colcon.colcon_core.package_discovery:discover_packages(path) using defaults
[3.282s] Level 5:colcon.colcon_core.verb:set package 'led_control_node' build argument 'lookup_in_workspace' from command line to 'False'
[3.282s] Level 5:colcon.colcon_core.verb:set package 'led_control_node' build argument 'cargo_args' from command line to 'None'
[3.282s] Level 5:colcon.colcon_core.verb:set package 'led_control_node' build argument 'clean_build' from command line to 'False'
[3.282s] Level 5:colcon.colcon_core.verb:set package 'led_control_node' build argument 'cmake_args' from command line to 'None'
[3.282s] Level 5:colcon.colcon_core.verb:set package 'led_control_node' build argument 'cmake_target' from command line to 'None'
[3.282s] Level 5:colcon.colcon_core.verb:set package 'led_control_node' build argument 'cmake_target_skip_unavailable' from command line to 'False'
[3.282s] Level 5:colcon.colcon_core.verb:set package 'led_control_node' build argument 'cmake_clean_cache' from command line to 'False'
[3.282s] Level 5:colcon.colcon_core.verb:set package 'led_control_node' build argument 'cmake_clean_first' from command line to 'False'
[3.282s] Level 5:colcon.colcon_core.verb:set package 'led_control_node' build argument 'cmake_force_configure' from command line to 'False'
[3.282s] Level 5:colcon.colcon_core.verb:set package 'led_control_node' build argument 'ament_cmake_args' from command line to 'None'
[3.282s] Level 5:colcon.colcon_core.verb:set package 'led_control_node' build argument 'catkin_cmake_args' from command line to 'None'
[3.282s] Level 5:colcon.colcon_core.verb:set package 'led_control_node' build argument 'catkin_skip_building_tests' from command line to 'False'
[3.282s] DEBUG:colcon.colcon_core.verb:Building package 'led_control_node' with the following arguments: {'ament_cmake_args': None, 'build_base': '/home/user/ros2_ws/build/led_control_node', 'cargo_args': None, 'catkin_cmake_args': None, 'catkin_skip_building_tests': False, 'clean_build': False, 'cmake_args': None, 'cmake_clean_cache': False, 'cmake_clean_first': False, 'cmake_force_configure': False, 'cmake_target': None, 'cmake_target_skip_unavailable': False, 'install_base': '/home/user/ros2_ws/install/led_control_node', 'lookup_in_workspace': False, 'merge_install': False, 'path': '/home/user/ros2_ws/src/led_control_node', 'symlink_install': False, 'test_result_base': None}
[3.283s] Level 5:colcon.colcon_core.verb:set package 'pong_reply_node' build argument 'lookup_in_workspace' from command line to 'False'
[3.283s] Level 5:colcon.colcon_core.verb:set package 'pong_reply_node' build argument 'cargo_args' from command line to 'None'
[3.283s] Level 5:colcon.colcon_core.verb:set package 'pong_reply_node' build argument 'clean_build' from command line to 'False'
[3.283s] Level 5:colcon.colcon_core.verb:set package 'pong_reply_node' build argument 'cmake_args' from command line to 'None'
[3.283s] Level 5:colcon.colcon_core.verb:set package 'pong_reply_node' build argument 'cmake_target' from command line to 'None'
[3.283s] Level 5:colcon.colcon_core.verb:set package 'pong_reply_node' build argument 'cmake_target_skip_unavailable' from command line to 'False'
[3.283s] Level 5:colcon.colcon_core.verb:set package 'pong_reply_node' build argument 'cmake_clean_cache' from command line to 'False'
[3.283s] Level 5:colcon.colcon_core.verb:set package 'pong_reply_node' build argument 'cmake_clean_first' from command line to 'False'
[3.283s] Level 5:colcon.colcon_core.verb:set package 'pong_reply_node' build argument 'cmake_force_configure' from command line to 'False'
[3.283s] Level 5:colcon.colcon_core.verb:set package 'pong_reply_node' build argument 'ament_cmake_args' from command line to 'None'
[3.283s] Level 5:colcon.colcon_core.verb:set package 'pong_reply_node' build argument 'catkin_cmake_args' from command line to 'None'
[3.283s] Level 5:colcon.colcon_core.verb:set package 'pong_reply_node' build argument 'catkin_skip_building_tests' from command line to 'False'
[3.283s] DEBUG:colcon.colcon_core.verb:Building package 'pong_reply_node' with the following arguments: {'ament_cmake_args': None, 'build_base': '/home/user/ros2_ws/build/pong_reply_node', 'cargo_args': None, 'catkin_cmake_args': None, 'catkin_skip_building_tests': False, 'clean_build': False, 'cmake_args': None, 'cmake_clean_cache': False, 'cmake_clean_first': False, 'cmake_force_configure': False, 'cmake_target': None, 'cmake_target_skip_unavailable': False, 'install_base': '/home/user/ros2_ws/install/pong_reply_node', 'lookup_in_workspace': False, 'merge_install': False, 'path': '/home/user/ros2_ws/src/pong_reply_node', 'symlink_install': False, 'test_result_base': None}
[3.284s] Level 5:colcon.colcon_core.verb:set package 'teleop_control_node' build argument 'lookup_in_workspace' from command line to 'False'
[3.284s] Level 5:colcon.colcon_core.verb:set package 'teleop_control_node' build argument 'cargo_args' from command line to 'None'
[3.284s] Level 5:colcon.colcon_core.verb:set package 'teleop_control_node' build argument 'clean_build' from command line to 'False'
[3.284s] Level 5:colcon.colcon_core.verb:set package 'teleop_control_node' build argument 'cmake_args' from command line to 'None'
[3.284s] Level 5:colcon.colcon_core.verb:set package 'teleop_control_node' build argument 'cmake_target' from command line to 'None'
[3.284s] Level 5:colcon.colcon_core.verb:set package 'teleop_control_node' build argument 'cmake_target_skip_unavailable' from command line to 'False'
[3.284s] Level 5:colcon.colcon_core.verb:set package 'teleop_control_node' build argument 'cmake_clean_cache' from command line to 'False'
[3.284s] Level 5:colcon.colcon_core.verb:set package 'teleop_control_node' build argument 'cmake_clean_first' from command line to 'False'
[3.284s] Level 5:colcon.colcon_core.verb:set package 'teleop_control_node' build argument 'cmake_force_configure' from command line to 'False'
[3.284s] Level 5:colcon.colcon_core.verb:set package 'teleop_control_node' build argument 'ament_cmake_args' from command line to 'None'
[3.284s] Level 5:colcon.colcon_core.verb:set package 'teleop_control_node' build argument 'catkin_cmake_args' from command line to 'None'
[3.284s] Level 5:colcon.colcon_core.verb:set package 'teleop_control_node' build argument 'catkin_skip_building_tests' from command line to 'False'
[3.284s] DEBUG:colcon.colcon_core.verb:Building package 'teleop_control_node' with the following arguments: {'ament_cmake_args': None, 'build_base': '/home/user/ros2_ws/build/teleop_control_node', 'cargo_args': None, 'catkin_cmake_args': None, 'catkin_skip_building_tests': False, 'clean_build': False, 'cmake_args': None, 'cmake_clean_cache': False, 'cmake_clean_first': False, 'cmake_force_configure': False, 'cmake_target': None, 'cmake_target_skip_unavailable': False, 'install_base': '/home/user/ros2_ws/install/teleop_control_node', 'lookup_in_workspace': False, 'merge_install': False, 'path': '/home/user/ros2_ws/src/teleop_control_node', 'symlink_install': False, 'test_result_base': None}
[3.284s] INFO:colcon.colcon_core.executor:Executing jobs using 'parallel' executor
[3.285s] DEBUG:colcon.colcon_parallel_executor.executor.parallel:run_until_complete
[3.285s] INFO:colcon.colcon_ros.task.ament_python.build:Building ROS package in '/home/user/ros2_ws/src/led_control_node' with build type 'ament_python'
[3.285s] Level 1:colcon.colcon_core.shell:create_environment_hook('led_control_node', 'ament_prefix_path')
[3.302s] INFO:colcon.colcon_core.plugin_system:Skipping extension 'colcon_core.shell.bat': Not used on non-Windows systems
[3.302s] INFO:colcon.colcon_core.shell:Creating environment hook '/home/user/ros2_ws/install/led_control_node/share/led_control_node/hook/ament_prefix_path.ps1'
[3.304s] INFO:colcon.colcon_core.shell:Creating environment descriptor '/home/user/ros2_ws/install/led_control_node/share/led_control_node/hook/ament_prefix_path.dsv'
[3.305s] INFO:colcon.colcon_core.shell:Creating environment hook '/home/user/ros2_ws/install/led_control_node/share/led_control_node/hook/ament_prefix_path.sh'
[3.307s] INFO:colcon.colcon_core.shell:Skip shell extension 'powershell' for command environment: Not usable outside of PowerShell
[3.307s] DEBUG:colcon.colcon_core.shell:Skip shell extension 'dsv' for command environment
[3.423s] INFO:colcon.colcon_ros.task.ament_python.build:Building ROS package in '/home/user/ros2_ws/src/pong_reply_node' with build type 'ament_python'
[3.423s] Level 1:colcon.colcon_core.shell:create_environment_hook('pong_reply_node', 'ament_prefix_path')
[3.424s] INFO:colcon.colcon_core.shell:Creating environment hook '/home/user/ros2_ws/install/pong_reply_node/share/pong_reply_node/hook/ament_prefix_path.ps1'
[3.424s] INFO:colcon.colcon_core.shell:Creating environment descriptor '/home/user/ros2_ws/install/pong_reply_node/share/pong_reply_node/hook/ament_prefix_path.dsv'
[3.425s] INFO:colcon.colcon_core.shell:Creating environment hook '/home/user/ros2_ws/install/pong_reply_node/share/pong_reply_node/hook/ament_prefix_path.sh'
[3.426s] INFO:colcon.colcon_core.shell:Skip shell extension 'powershell' for command environment: Not usable outside of PowerShell
[3.426s] DEBUG:colcon.colcon_core.shell:Skip shell extension 'dsv' for command environment
[3.433s] INFO:colcon.colcon_ros.task.ament_python.build:Building ROS package in '/home/user/ros2_ws/src/teleop_control_node' with build type 'ament_python'
[3.433s] Level 1:colcon.colcon_core.shell:create_environment_hook('teleop_control_node', 'ament_prefix_path')
[3.434s] INFO:colcon.colcon_core.shell:Creating environment hook '/home/user/ros2_ws/install/teleop_control_node/share/teleop_control_node/hook/ament_prefix_path.ps1'
[3.434s] INFO:colcon.colcon_core.shell:Creating environment descriptor '/home/user/ros2_ws/install/teleop_control_node/share/teleop_control_node/hook/ament_prefix_path.dsv'
[3.434s] INFO:colcon.colcon_core.shell:Creating environment hook '/home/user/ros2_ws/install/teleop_control_node/share/teleop_control_node/hook/ament_prefix_path.sh'
[3.435s] INFO:colcon.colcon_core.shell:Skip shell extension 'powershell' for command environment: Not usable outside of PowerShell
[3.435s] DEBUG:colcon.colcon_core.shell:Skip shell extension 'dsv' for command environment
[3.885s] INFO:colcon.colcon_core.task.python.build:Building Python package in '/home/user/ros2_ws/src/led_control_node'
[3.885s] INFO:colcon.colcon_core.shell:Skip shell extension 'powershell' for command environment: Not usable outside of PowerShell
[3.885s] DEBUG:colcon.colcon_core.shell:Skip shell extension 'dsv' for command environment
[4.140s] INFO:colcon.colcon_core.task.python.build:Building Python package in '/home/user/ros2_ws/src/pong_reply_node'
[4.140s] INFO:colcon.colcon_core.shell:Skip shell extension 'powershell' for command environment: Not usable outside of PowerShell
[4.140s] DEBUG:colcon.colcon_core.shell:Skip shell extension 'dsv' for command environment
[4.392s] INFO:colcon.colcon_core.task.python.build:Building Python package in '/home/user/ros2_ws/src/teleop_control_node'
[4.392s] INFO:colcon.colcon_core.shell:Skip shell extension 'powershell' for command environment: Not usable outside of PowerShell
[4.392s] DEBUG:colcon.colcon_core.shell:Skip shell extension 'dsv' for command environment
[21.164s] DEBUG:colcon.colcon_core.event_handler.log_command:Invoking command in '/home/user/ros2_ws/src/pong_reply_node': PYTHONPATH=/home/user/ros2_ws/build/pong_reply_node/prefix_override:/usr/lib/python3/dist-packages/colcon_core/task/python/colcon_distutils_commands:/home/user/ros2_ws/install/pong_reply_node/lib/python3.10/site-packages:${PYTHONPATH} _=/usr/bin/env /usr/bin/python3 -W ignore:setup.py install is deprecated -W ignore:easy_install command is deprecated setup.py egg_info --egg-base ../../build/pong_reply_node build --build-base /home/user/ros2_ws/build/pong_reply_node/build install --record /home/user/ros2_ws/build/pong_reply_node/install.log --single-version-externally-managed install_data
[21.174s] DEBUG:colcon.colcon_core.event_handler.log_command:Invoking command in '/home/user/ros2_ws/src/teleop_control_node': PYTHONPATH=/home/user/ros2_ws/build/teleop_control_node/prefix_override:/usr/lib/python3/dist-packages/colcon_core/task/python/colcon_distutils_commands:/home/user/ros2_ws/install/teleop_control_node/lib/python3.10/site-packages:${PYTHONPATH} _=/usr/bin/env /usr/bin/python3 -W ignore:setup.py install is deprecated -W ignore:easy_install command is deprecated setup.py egg_info --egg-base ../../build/teleop_control_node build --build-base /home/user/ros2_ws/build/teleop_control_node/build install --record /home/user/ros2_ws/build/teleop_control_node/install.log --single-version-externally-managed install_data
[21.175s] DEBUG:colcon.colcon_core.event_handler.log_command:Invoking command in '/home/user/ros2_ws/src/led_control_node': PYTHONPATH=/home/user/ros2_ws/build/led_control_node/prefix_override:/usr/lib/python3/dist-packages/colcon_core/task/python/colcon_distutils_commands:/home/user/ros2_ws/install/led_control_node/lib/python3.10/site-packages:${PYTHONPATH} _=/usr/bin/env /usr/bin/python3 -W ignore:setup.py install is deprecated -W ignore:easy_install command is deprecated setup.py egg_info --egg-base ../../build/led_control_node build --build-base /home/user/ros2_ws/build/led_control_node/build install --record /home/user/ros2_ws/build/led_control_node/install.log --single-version-externally-managed install_data
[21.788s] DEBUG:colcon.colcon_core.event_handler.log_command:Invoked command in '/home/user/ros2_ws/src/pong_reply_node' returned '0': PYTHONPATH=/home/user/ros2_ws/build/pong_reply_node/prefix_override:/usr/lib/python3/dist-packages/colcon_core/task/python/colcon_distutils_commands:/home/user/ros2_ws/install/pong_reply_node/lib/python3.10/site-packages:${PYTHONPATH} _=/usr/bin/env /usr/bin/python3 -W ignore:setup.py install is deprecated -W ignore:easy_install command is deprecated setup.py egg_info --egg-base ../../build/pong_reply_node build --build-base /home/user/ros2_ws/build/pong_reply_node/build install --record /home/user/ros2_ws/build/pong_reply_node/install.log --single-version-externally-managed install_data
[21.807s] Level 1:colcon.colcon_core.environment:checking '/home/user/ros2_ws/install/pong_reply_node' for CMake module files
[21.807s] Level 1:colcon.colcon_core.environment:checking '/home/user/ros2_ws/install/pong_reply_node' for CMake config files
[21.808s] Level 1:colcon.colcon_core.environment:checking '/home/user/ros2_ws/install/pong_reply_node/lib'
[21.808s] Level 1:colcon.colcon_core.environment:checking '/home/user/ros2_ws/install/pong_reply_node/bin'
[21.808s] Level 1:colcon.colcon_core.environment:checking '/home/user/ros2_ws/install/pong_reply_node/lib/pkgconfig/pong_reply_node.pc'
[21.808s] Level 1:colcon.colcon_core.environment:checking '/home/user/ros2_ws/install/pong_reply_node/lib/python3.10/site-packages'
[21.808s] Level 1:colcon.colcon_core.shell:create_environment_hook('pong_reply_node', 'pythonpath')
[21.809s] INFO:colcon.colcon_core.shell:Creating environment hook '/home/user/ros2_ws/install/pong_reply_node/share/pong_reply_node/hook/pythonpath.ps1'
[21.809s] INFO:colcon.colcon_core.shell:Creating environment descriptor '/home/user/ros2_ws/install/pong_reply_node/share/pong_reply_node/hook/pythonpath.dsv'
[21.809s] INFO:colcon.colcon_core.shell:Creating environment hook '/home/user/ros2_ws/install/pong_reply_node/share/pong_reply_node/hook/pythonpath.sh'
[21.810s] Level 1:colcon.colcon_core.environment:checking '/home/user/ros2_ws/install/pong_reply_node/bin'
[21.810s] Level 1:colcon.colcon_core.environment:create_environment_scripts_only(pong_reply_node)
[21.810s] INFO:colcon.colcon_core.shell:Creating package script '/home/user/ros2_ws/install/pong_reply_node/share/pong_reply_node/package.ps1'
[21.812s] INFO:colcon.colcon_core.shell:Creating package descriptor '/home/user/ros2_ws/install/pong_reply_node/share/pong_reply_node/package.dsv'
[21.813s] INFO:colcon.colcon_core.shell:Creating package script '/home/user/ros2_ws/install/pong_reply_node/share/pong_reply_node/package.sh'
[21.814s] INFO:colcon.colcon_core.shell:Creating package script '/home/user/ros2_ws/install/pong_reply_node/share/pong_reply_node/package.bash'
[21.816s] INFO:colcon.colcon_core.shell:Creating package script '/home/user/ros2_ws/install/pong_reply_node/share/pong_reply_node/package.zsh'
[21.818s] Level 1:colcon.colcon_core.environment:create_file_with_runtime_dependencies(/home/user/ros2_ws/install/pong_reply_node/share/colcon-core/packages/pong_reply_node)
[21.820s] Level 1:colcon.colcon_core.environment:checking '/home/user/ros2_ws/install/teleop_control_node' for CMake module files
[21.821s] Level 1:colcon.colcon_core.environment:checking '/home/user/ros2_ws/install/teleop_control_node' for CMake config files
[21.821s] DEBUG:colcon.colcon_core.event_handler.log_command:Invoked command in '/home/user/ros2_ws/src/teleop_control_node' returned '0': PYTHONPATH=/home/user/ros2_ws/build/teleop_control_node/prefix_override:/usr/lib/python3/dist-packages/colcon_core/task/python/colcon_distutils_commands:/home/user/ros2_ws/install/teleop_control_node/lib/python3.10/site-packages:${PYTHONPATH} _=/usr/bin/env /usr/bin/python3 -W ignore:setup.py install is deprecated -W ignore:easy_install command is deprecated setup.py egg_info --egg-base ../../build/teleop_control_node build --build-base /home/user/ros2_ws/build/teleop_control_node/build install --record /home/user/ros2_ws/build/teleop_control_node/install.log --single-version-externally-managed install_data
[21.821s] Level 1:colcon.colcon_core.environment:checking '/home/user/ros2_ws/install/teleop_control_node/lib'
[21.822s] Level 1:colcon.colcon_core.environment:checking '/home/user/ros2_ws/install/teleop_control_node/bin'
[21.822s] Level 1:colcon.colcon_core.environment:checking '/home/user/ros2_ws/install/teleop_control_node/lib/pkgconfig/teleop_control_node.pc'
[21.822s] Level 1:colcon.colcon_core.environment:checking '/home/user/ros2_ws/install/teleop_control_node/lib/python3.10/site-packages'
[21.822s] Level 1:colcon.colcon_core.shell:create_environment_hook('teleop_control_node', 'pythonpath')
[21.822s] INFO:colcon.colcon_core.shell:Creating environment hook '/home/user/ros2_ws/install/teleop_control_node/share/teleop_control_node/hook/pythonpath.ps1'
[21.822s] INFO:colcon.colcon_core.shell:Creating environment descriptor '/home/user/ros2_ws/install/teleop_control_node/share/teleop_control_node/hook/pythonpath.dsv'
[21.823s] INFO:colcon.colcon_core.shell:Creating environment hook '/home/user/ros2_ws/install/teleop_control_node/share/teleop_control_node/hook/pythonpath.sh'
[21.823s] Level 1:colcon.colcon_core.environment:checking '/home/user/ros2_ws/install/teleop_control_node/bin'
[21.823s] Level 1:colcon.colcon_core.environment:create_environment_scripts_only(teleop_control_node)
[21.824s] INFO:colcon.colcon_core.shell:Creating package script '/home/user/ros2_ws/install/teleop_control_node/share/teleop_control_node/package.ps1'
[21.824s] INFO:colcon.colcon_core.shell:Creating package descriptor '/home/user/ros2_ws/install/teleop_control_node/share/teleop_control_node/package.dsv'
[21.825s] INFO:colcon.colcon_core.shell:Creating package script '/home/user/ros2_ws/install/teleop_control_node/share/teleop_control_node/package.sh'
[21.825s] INFO:colcon.colcon_core.shell:Creating package script '/home/user/ros2_ws/install/teleop_control_node/share/teleop_control_node/package.bash'
[21.825s] INFO:colcon.colcon_core.shell:Creating package script '/home/user/ros2_ws/install/teleop_control_node/share/teleop_control_node/package.zsh'
[21.826s] Level 1:colcon.colcon_core.environment:create_file_with_runtime_dependencies(/home/user/ros2_ws/install/teleop_control_node/share/colcon-core/packages/teleop_control_node)
[21.826s] Level 1:colcon.colcon_core.environment:checking '/home/user/ros2_ws/install/led_control_node' for CMake module files
[21.827s] Level 1:colcon.colcon_core.environment:checking '/home/user/ros2_ws/install/led_control_node' for CMake config files
[21.827s] DEBUG:colcon.colcon_core.event_handler.log_command:Invoked command in '/home/user/ros2_ws/src/led_control_node' returned '0': PYTHONPATH=/home/user/ros2_ws/build/led_control_node/prefix_override:/usr/lib/python3/dist-packages/colcon_core/task/python/colcon_distutils_commands:/home/user/ros2_ws/install/led_control_node/lib/python3.10/site-packages:${PYTHONPATH} _=/usr/bin/env /usr/bin/python3 -W ignore:setup.py install is deprecated -W ignore:easy_install command is deprecated setup.py egg_info --egg-base ../../build/led_control_node build --build-base /home/user/ros2_ws/build/led_control_node/build install --record /home/user/ros2_ws/build/led_control_node/install.log --single-version-externally-managed install_data
[21.828s] Level 1:colcon.colcon_core.environment:checking '/home/user/ros2_ws/install/led_control_node/lib'
[21.829s] Level 1:colcon.colcon_core.environment:checking '/home/user/ros2_ws/install/led_control_node/bin'
[21.829s] Level 1:colcon.colcon_core.environment:checking '/home/user/ros2_ws/install/led_control_node/lib/pkgconfig/led_control_node.pc'
[21.829s] Level 1:colcon.colcon_core.environment:checking '/home/user/ros2_ws/install/led_control_node/lib/python3.10/site-packages'
[21.829s] Level 1:colcon.colcon_core.shell:create_environment_hook('led_control_node', 'pythonpath')
[21.829s] INFO:colcon.colcon_core.shell:Creating environment hook '/home/user/ros2_ws/install/led_control_node/share/led_control_node/hook/pythonpath.ps1'
[21.830s] INFO:colcon.colcon_core.shell:Creating environment descriptor '/home/user/ros2_ws/install/led_control_node/share/led_control_node/hook/pythonpath.dsv'
[21.830s] INFO:colcon.colcon_core.shell:Creating environment hook '/home/user/ros2_ws/install/led_control_node/share/led_control_node/hook/pythonpath.sh'
[21.830s] Level 1:colcon.colcon_core.environment:checking '/home/user/ros2_ws/install/led_control_node/bin'
[21.831s] Level 1:colcon.colcon_core.environment:create_environment_scripts_only(led_control_node)
[21.831s] INFO:colcon.colcon_core.shell:Creating package script '/home/user/ros2_ws/install/led_control_node/share/led_control_node/package.ps1'
[21.831s] INFO:colcon.colcon_core.shell:Creating package descriptor '/home/user/ros2_ws/install/led_control_node/share/led_control_node/package.dsv'
[21.832s] INFO:colcon.colcon_core.shell:Creating package script '/home/user/ros2_ws/install/led_control_node/share/led_control_node/package.sh'
[21.832s] INFO:colcon.colcon_core.shell:Creating package script '/home/user/ros2_ws/install/led_control_node/share/led_control_node/package.bash'
[21.833s] INFO:colcon.colcon_core.shell:Creating package script '/home/user/ros2_ws/install/led_control_node/share/led_control_node/package.zsh'
[21.833s] Level 1:colcon.colcon_core.environment:create_file_with_runtime_dependencies(/home/user/ros2_ws/install/led_control_node/share/colcon-core/packages/led_control_node)
[21.833s] DEBUG:colcon.colcon_parallel_executor.executor.parallel:closing loop
[21.834s] DEBUG:colcon.colcon_parallel_executor.executor.parallel:loop closed
[21.834s] DEBUG:colcon.colcon_parallel_executor.executor.parallel:run_until_complete finished with '0'
[21.834s] DEBUG:colcon.colcon_core.event_reactor:joining thread
[22.472s] INFO:colcon.colcon_core.plugin_system:Skipping extension 'colcon_notification.desktop_notification.notify_send': Could not find 'notify-send'
[22.472s] INFO:colcon.colcon_core.plugin_system:Skipping extension 'colcon_notification.desktop_notification.terminal_notifier': Not used on non-Darwin systems
[22.472s] INFO:colcon.colcon_core.plugin_system:Skipping extension 'colcon_notification.desktop_notification.win32': Not used on non-Windows systems
[22.472s] INFO:colcon.colcon_notification.desktop_notification:Sending desktop notification using 'notify2'
[22.475s] DEBUG:colcon.colcon_notification.desktop_notification.notify2:Failed to initialize notify2: org.freedesktop.DBus.Error.Spawn.ExecFailed: /usr/bin/dbus-launch terminated abnormally without any error message
[22.475s] DEBUG:colcon.colcon_core.event_reactor:joined thread
[22.478s] INFO:colcon.colcon_core.shell:Creating prefix script '/home/user/ros2_ws/install/local_setup.ps1'
[22.479s] INFO:colcon.colcon_core.shell:Creating prefix util module '/home/user/ros2_ws/install/_local_setup_util_ps1.py'
[22.482s] INFO:colcon.colcon_core.shell:Creating prefix chain script '/home/user/ros2_ws/install/setup.ps1'
[22.486s] INFO:colcon.colcon_core.shell:Creating prefix script '/home/user/ros2_ws/install/local_setup.sh'
[22.487s] INFO:colcon.colcon_core.shell:Creating prefix util module '/home/user/ros2_ws/install/_local_setup_util_sh.py'
[22.487s] INFO:colcon.colcon_core.shell:Creating prefix chain script '/home/user/ros2_ws/install/setup.sh'
[22.490s] INFO:colcon.colcon_core.shell:Creating prefix script '/home/user/ros2_ws/install/local_setup.bash'
[22.491s] INFO:colcon.colcon_core.shell:Creating prefix chain script '/home/user/ros2_ws/install/setup.bash'
[22.495s] INFO:colcon.colcon_core.shell:Creating prefix script '/home/user/ros2_ws/install/local_setup.zsh'
[22.496s] INFO:colcon.colcon_core.shell:Creating prefix chain script '/home/user/ros2_ws/install/setup.zsh'
