[1.303s] Invoking command in '/home/user/microros_ws/firmware/mcu_ws/uros/tracetools/tracetools_trace': PYTHONPATH=/home/user/microros_ws/firmware/mcu_ws/build/tracetools_trace/prefix_override:/home/user/microros_ws/firmware/toolchain/espressif/python_env/idf4.1_py3.10_env/lib/python3.10/site-packages/colcon_core/task/python/colcon_distutils_commands:/home/user/microros_ws/firmware/mcu_ws/install/lib/python3.10/site-packages:${PYTHONPATH} _=/usr/bin/env /home/user/microros_ws/firmware/toolchain/espressif/python_env/idf4.1_py3.10_env/bin/python -W ignore:setup.py install is deprecated -W ignore:easy_install command is deprecated setup.py egg_info --egg-base ../../../build/tracetools_trace build --build-base /home/user/microros_ws/firmware/mcu_ws/build/tracetools_trace/build install --record /home/user/microros_ws/firmware/mcu_ws/build/tracetools_trace/install.log --single-version-externally-managed install_data
[1.472s] /home/user/microros_ws/firmware/toolchain/espressif/python_env/idf4.1_py3.10_env/lib/python3.10/site-packages/setuptools/_distutils/dist.py:289: UserWarning: Unknown distribution option: 'tests_require'
[1.472s]   warnings.warn(msg)
[1.536s] running egg_info
[1.546s] writing ../../../build/tracetools_trace/tracetools_trace.egg-info/PKG-INFO
[1.547s] writing dependency_links to ../../../build/tracetools_trace/tracetools_trace.egg-info/dependency_links.txt
[1.547s] writing entry points to ../../../build/tracetools_trace/tracetools_trace.egg-info/entry_points.txt
[1.548s] writing requirements to ../../../build/tracetools_trace/tracetools_trace.egg-info/requires.txt
[1.548s] writing top-level names to ../../../build/tracetools_trace/tracetools_trace.egg-info/top_level.txt
[1.572s] reading manifest file '../../../build/tracetools_trace/tracetools_trace.egg-info/SOURCES.txt'
[1.574s] writing manifest file '../../../build/tracetools_trace/tracetools_trace.egg-info/SOURCES.txt'
[1.575s] running build
[1.575s] running build_py
[1.575s] copying tracetools_trace/__init__.py -> /home/user/microros_ws/firmware/mcu_ws/build/tracetools_trace/build/lib/tracetools_trace
[1.575s] copying tracetools_trace/trace.py -> /home/user/microros_ws/firmware/mcu_ws/build/tracetools_trace/build/lib/tracetools_trace
[1.576s] copying tracetools_trace/tools/lttng_stub.py -> /home/user/microros_ws/firmware/mcu_ws/build/tracetools_trace/build/lib/tracetools_trace/tools
[1.576s] copying tracetools_trace/tools/lttng_impl.py -> /home/user/microros_ws/firmware/mcu_ws/build/tracetools_trace/build/lib/tracetools_trace/tools
[1.576s] copying tracetools_trace/tools/lttng.py -> /home/user/microros_ws/firmware/mcu_ws/build/tracetools_trace/build/lib/tracetools_trace/tools
[1.577s] copying tracetools_trace/tools/tracepoints.py -> /home/user/microros_ws/firmware/mcu_ws/build/tracetools_trace/build/lib/tracetools_trace/tools
[1.577s] copying tracetools_trace/tools/names.py -> /home/user/microros_ws/firmware/mcu_ws/build/tracetools_trace/build/lib/tracetools_trace/tools
[1.577s] copying tracetools_trace/tools/path.py -> /home/user/microros_ws/firmware/mcu_ws/build/tracetools_trace/build/lib/tracetools_trace/tools
[1.577s] copying tracetools_trace/tools/__init__.py -> /home/user/microros_ws/firmware/mcu_ws/build/tracetools_trace/build/lib/tracetools_trace/tools
[1.578s] copying tracetools_trace/tools/signals.py -> /home/user/microros_ws/firmware/mcu_ws/build/tracetools_trace/build/lib/tracetools_trace/tools
[1.579s] copying tracetools_trace/tools/args.py -> /home/user/microros_ws/firmware/mcu_ws/build/tracetools_trace/build/lib/tracetools_trace/tools
[1.579s] running install
[1.587s] running install_lib
[1.602s] running install_data
[1.603s] copying package.xml -> /home/user/microros_ws/firmware/mcu_ws/install/share/tracetools_trace
[1.608s] copying resource/tracetools_trace -> /home/user/microros_ws/firmware/mcu_ws/install/share/ament_index/resource_index/packages
[1.608s] running install_egg_info
[1.613s] removing '/home/user/microros_ws/firmware/mcu_ws/install/lib/python3.10/site-packages/tracetools_trace-4.1.1-py3.10.egg-info' (and everything under it)
[1.614s] Copying ../../../build/tracetools_trace/tracetools_trace.egg-info to /home/user/microros_ws/firmware/mcu_ws/install/lib/python3.10/site-packages/tracetools_trace-4.1.1-py3.10.egg-info
[1.615s] running install_scripts
[1.681s] Installing trace script to /home/user/microros_ws/firmware/mcu_ws/install/bin
[1.681s] writing list of installed files to '/home/user/microros_ws/firmware/mcu_ws/build/tracetools_trace/install.log'
[1.746s] Invoked command in '/home/user/microros_ws/firmware/mcu_ws/uros/tracetools/tracetools_trace' returned '0': PYTHONPATH=/home/user/microros_ws/firmware/mcu_ws/build/tracetools_trace/prefix_override:/home/user/microros_ws/firmware/toolchain/espressif/python_env/idf4.1_py3.10_env/lib/python3.10/site-packages/colcon_core/task/python/colcon_distutils_commands:/home/user/microros_ws/firmware/mcu_ws/install/lib/python3.10/site-packages:${PYTHONPATH} _=/usr/bin/env /home/user/microros_ws/firmware/toolchain/espressif/python_env/idf4.1_py3.10_env/bin/python -W ignore:setup.py install is deprecated -W ignore:easy_install command is deprecated setup.py egg_info --egg-base ../../../build/tracetools_trace build --build-base /home/user/microros_ws/firmware/mcu_ws/build/tracetools_trace/build install --record /home/user/microros_ws/firmware/mcu_ws/build/tracetools_trace/install.log --single-version-externally-managed install_data
