[0.962s] Invoking command in '/home/user/microros_ws/firmware/mcu_ws/uros/tracetools/tracetools_launch': AMENT_PREFIX_PATH=/home/user/microros_ws/firmware/mcu_ws/install:${AMENT_PREFIX_PATH} CMAKE_PREFIX_PATH=/home/user/microros_ws/firmware/mcu_ws/install:${CMAKE_PREFIX_PATH} PATH=/home/user/microros_ws/firmware/mcu_ws/install/bin:${PATH} PYTHONPATH=/home/user/microros_ws/firmware/mcu_ws/build/tracetools_launch/prefix_override:/home/user/microros_ws/firmware/toolchain/espressif/python_env/idf4.1_py3.10_env/lib/python3.10/site-packages/colcon_core/task/python/colcon_distutils_commands:/home/user/microros_ws/firmware/mcu_ws/install/lib/python3.10/site-packages:/home/user/microros_ws/firmware/mcu_ws/install/lib/python3.10/site-packages:${PYTHONPATH} _=/usr/bin/env /home/user/microros_ws/firmware/toolchain/espressif/python_env/idf4.1_py3.10_env/bin/python -W ignore:setup.py install is deprecated -W ignore:easy_install command is deprecated setup.py egg_info --egg-base ../../../build/tracetools_launch build --build-base /home/user/microros_ws/firmware/mcu_ws/build/tracetools_launch/build install --record /home/user/microros_ws/firmware/mcu_ws/build/tracetools_launch/install.log --single-version-externally-managed install_data
[1.206s] /home/user/microros_ws/firmware/toolchain/espressif/python_env/idf4.1_py3.10_env/lib/python3.10/site-packages/setuptools/_distutils/dist.py:289: UserWarning: Unknown distribution option: 'tests_require'
[1.206s]   warnings.warn(msg)
[1.270s] running egg_info
[1.281s] writing ../../../build/tracetools_launch/tracetools_launch.egg-info/PKG-INFO
[1.282s] writing dependency_links to ../../../build/tracetools_launch/tracetools_launch.egg-info/dependency_links.txt
[1.282s] writing entry points to ../../../build/tracetools_launch/tracetools_launch.egg-info/entry_points.txt
[1.282s] writing requirements to ../../../build/tracetools_launch/tracetools_launch.egg-info/requires.txt
[1.282s] writing top-level names to ../../../build/tracetools_launch/tracetools_launch.egg-info/top_level.txt
[1.308s] reading manifest file '../../../build/tracetools_launch/tracetools_launch.egg-info/SOURCES.txt'
[1.310s] writing manifest file '../../../build/tracetools_launch/tracetools_launch.egg-info/SOURCES.txt'
[1.318s] running build
[1.318s] running build_py
[1.318s] copying tracetools_launch/__init__.py -> /home/user/microros_ws/firmware/mcu_ws/build/tracetools_launch/build/lib/tracetools_launch
[1.318s] copying tracetools_launch/action.py -> /home/user/microros_ws/firmware/mcu_ws/build/tracetools_launch/build/lib/tracetools_launch
[1.319s] copying tracetools_launch/actions/__init__.py -> /home/user/microros_ws/firmware/mcu_ws/build/tracetools_launch/build/lib/tracetools_launch/actions
[1.319s] copying tracetools_launch/actions/ld_preload.py -> /home/user/microros_ws/firmware/mcu_ws/build/tracetools_launch/build/lib/tracetools_launch/actions
[1.321s] running install
[1.321s] running install_lib
[1.339s] running install_data
[1.339s] copying package.xml -> /home/user/microros_ws/firmware/mcu_ws/install/share/tracetools_launch
[1.339s] copying launch/example.launch.xml -> /home/user/microros_ws/firmware/mcu_ws/install/share/tracetools_launch/launch
[1.340s] copying launch/example.launch.py -> /home/user/microros_ws/firmware/mcu_ws/install/share/tracetools_launch/launch
[1.340s] copying launch/example.launch.yaml -> /home/user/microros_ws/firmware/mcu_ws/install/share/tracetools_launch/launch
[1.340s] copying resource/tracetools_launch -> /home/user/microros_ws/firmware/mcu_ws/install/share/ament_index/resource_index/packages
[1.340s] running install_egg_info
[1.345s] removing '/home/user/microros_ws/firmware/mcu_ws/install/lib/python3.10/site-packages/tracetools_launch-4.1.1-py3.10.egg-info' (and everything under it)
[1.346s] Copying ../../../build/tracetools_launch/tracetools_launch.egg-info to /home/user/microros_ws/firmware/mcu_ws/install/lib/python3.10/site-packages/tracetools_launch-4.1.1-py3.10.egg-info
[1.346s] running install_scripts
[1.417s] writing list of installed files to '/home/user/microros_ws/firmware/mcu_ws/build/tracetools_launch/install.log'
[1.451s] Invoked command in '/home/user/microros_ws/firmware/mcu_ws/uros/tracetools/tracetools_launch' returned '0': AMENT_PREFIX_PATH=/home/user/microros_ws/firmware/mcu_ws/install:${AMENT_PREFIX_PATH} CMAKE_PREFIX_PATH=/home/user/microros_ws/firmware/mcu_ws/install:${CMAKE_PREFIX_PATH} PATH=/home/user/microros_ws/firmware/mcu_ws/install/bin:${PATH} PYTHONPATH=/home/user/microros_ws/firmware/mcu_ws/build/tracetools_launch/prefix_override:/home/user/microros_ws/firmware/toolchain/espressif/python_env/idf4.1_py3.10_env/lib/python3.10/site-packages/colcon_core/task/python/colcon_distutils_commands:/home/user/microros_ws/firmware/mcu_ws/install/lib/python3.10/site-packages:/home/user/microros_ws/firmware/mcu_ws/install/lib/python3.10/site-packages:${PYTHONPATH} _=/usr/bin/env /home/user/microros_ws/firmware/toolchain/espressif/python_env/idf4.1_py3.10_env/bin/python -W ignore:setup.py install is deprecated -W ignore:easy_install command is deprecated setup.py egg_info --egg-base ../../../build/tracetools_launch build --build-base /home/user/microros_ws/firmware/mcu_ws/build/tracetools_launch/build install --record /home/user/microros_ws/firmware/mcu_ws/build/tracetools_launch/install.log --single-version-externally-managed install_data
