[0.295s] Invoking command in '/home/user/microros_ws/firmware/mcu_ws/build/stereo_msgs': AMENT_PREFIX_PATH=/home/user/microros_ws/firmware/mcu_ws/install:${AMENT_PREFIX_PATH} CMAKE_PREFIX_PATH=/home/user/microros_ws/firmware/mcu_ws/install:/home/user/microros_ws/firmware/dev_ws/install/ament_lint_common:/home/user/microros_ws/firmware/dev_ws/install/ament_cmake_uncrustify:/home/user/microros_ws/firmware/dev_ws/install/uncrustify_vendor:/home/user/microros_ws/firmware/dev_ws/install/ament_cmake_ros:/home/user/microros_ws/firmware/dev_ws/install/ament_cmake_auto:/home/user/microros_ws/firmware/dev_ws/install/ament_cmake_gmock:/home/user/microros_ws/firmware/dev_ws/install/gmock_vendor:/home/user/microros_ws/firmware/dev_ws/install/ament_cmake_gtest:/home/user/microros_ws/firmware/dev_ws/install/gtest_vendor:/home/user/microros_ws/firmware/dev_ws/install/ament_cmake_xmllint:/home/user/microros_ws/firmware/dev_ws/install/ament_cmake_pyflakes:/home/user/microros_ws/firmware/dev_ws/install/ament_cmake_pycodestyle:/home/user/microros_ws/firmware/dev_ws/install/ament_cmake_pep257:/home/user/microros_ws/firmware/dev_ws/install/ament_cmake_pclint:/home/user/microros_ws/firmware/dev_ws/install/ament_lint_auto:/home/user/microros_ws/firmware/dev_ws/install/ament_cmake:/home/user/microros_ws/firmware/dev_ws/install/ament_cmake_version:/home/user/microros_ws/firmware/dev_ws/install/ament_cmake_vendor_package:/home/user/microros_ws/firmware/dev_ws/install/ament_cmake_pytest:/home/user/microros_ws/firmware/dev_ws/install/ament_cmake_nose:/home/user/microros_ws/firmware/dev_ws/install/ament_cmake_mypy:/home/user/microros_ws/firmware/dev_ws/install/ament_cmake_lint_cmake:/home/user/microros_ws/firmware/dev_ws/install/ament_cmake_google_benchmark:/home/user/microros_ws/firmware/dev_ws/install/ament_cmake_flake8:/home/user/microros_ws/firmware/dev_ws/install/ament_cmake_cpplint:/home/user/microros_ws/firmware/dev_ws/install/ament_cmake_cppcheck:/home/user/microros_ws/firmware/dev_ws/install/ament_cmake_copyright:/home/user/microros_ws/firmware/dev_ws/install/ament_cmake_clang_tidy:/home/user/microros_ws/firmware/dev_ws/install/ament_cmake_clang_format:/home/user/microros_ws/firmware/dev_ws/install/ament_cmake_test:/home/user/microros_ws/firmware/dev_ws/install/ament_cmake_target_dependencies:/home/user/microros_ws/firmware/dev_ws/install/ament_cmake_python:/home/user/microros_ws/firmware/dev_ws/install/ament_cmake_export_dependencies:/home/user/microros_ws/firmware/dev_ws/install/ament_cmake_libraries:/home/user/microros_ws/firmware/dev_ws/install/ament_cmake_include_directories:/home/user/microros_ws/firmware/dev_ws/install/ament_cmake_gen_version_h:/home/user/microros_ws/firmware/dev_ws/install/ament_cmake_export_targets:/home/user/microros_ws/firmware/dev_ws/install/ament_cmake_export_link_flags:/home/user/microros_ws/firmware/dev_ws/install/ament_cmake_export_interfaces:/home/user/microros_ws/firmware/dev_ws/install/ament_cmake_export_libraries:/home/user/microros_ws/firmware/dev_ws/install/ament_cmake_export_include_directories:/home/user/microros_ws/firmware/dev_ws/install/ament_cmake_export_definitions:/home/user/microros_ws/firmware/dev_ws/install/ament_cmake_core:/home/user/microros_ws/firmware/dev_ws/install/ament_index_cpp:/home/user/microros_ws/firmware/dev_ws/install/ament_uncrustify:/home/user/microros_ws/firmware/dev_ws/install/domain_coordinator:/home/user/microros_ws/firmware/dev_ws/install/ament_xmllint:/home/user/microros_ws/firmware/dev_ws/install/ament_pyflakes:/home/user/microros_ws/firmware/dev_ws/install/ament_pycodestyle:/home/user/microros_ws/firmware/dev_ws/install/ament_pep257:/home/user/microros_ws/firmware/dev_ws/install/ament_pclint:/home/user/microros_ws/firmware/dev_ws/install/ament_package:/home/user/microros_ws/firmware/dev_ws/install/ament_mypy:/home/user/microros_ws/firmware/dev_ws/install/ament_lint_cmake:/home/user/microros_ws/firmware/dev_ws/install/ament_flake8:/home/user/microros_ws/firmware/dev_ws/install/ament_copyright:/home/user/microros_ws/firmware/dev_ws/install/ament_lint:/home/user/microros_ws/firmware/dev_ws/install/ament_index_python:/home/user/microros_ws/firmware/dev_ws/install/ament_cpplint:/home/user/microros_ws/firmware/dev_ws/install/ament_cppcheck:/home/user/microros_ws/firmware/dev_ws/install/ament_clang_tidy:/home/user/microros_ws/firmware/dev_ws/install/ament_clang_format LD_LIBRARY_PATH=/home/user/microros_ws/firmware/mcu_ws/install/lib:${LD_LIBRARY_PATH} PATH=/home/user/microros_ws/firmware/mcu_ws/install/bin:${PATH} PYTHONPATH=/home/user/microros_ws/firmware/mcu_ws/install/lib/python3.10/site-packages:${PYTHONPATH} _=/usr/bin/env /usr/bin/cmake --build /home/user/microros_ws/firmware/mcu_ws/build/stereo_msgs -- -j8 -l8
[0.312s] gmake[4]: Entering directory '/home/user/microros_ws/firmware/mcu_ws/build/stereo_msgs'
[0.312s] /usr/bin/cmake -S/home/user/microros_ws/firmware/mcu_ws/ros2/common_interfaces/stereo_msgs -B/home/user/microros_ws/firmware/mcu_ws/build/stereo_msgs --check-build-system CMakeFiles/Makefile.cmake 0
[0.320s] Re-run cmake file: Makefile older than: /home/user/microros_ws/firmware/freertos_apps/microros_esp32_extensions/esp32_toolchain.cmake
[0.324s] -- Found ament_cmake: 1.3.11 (/home/user/microros_ws/firmware/dev_ws/install/ament_cmake/share/ament_cmake/cmake)
[0.644s] -- Found rosidl_default_generators: 1.2.0 (/home/user/microros_ws/firmware/mcu_ws/install/share/rosidl_default_generators/cmake)
[0.683s] -- Using all available rosidl_typesupport_c: rosidl_typesupport_introspection_c;rosidl_typesupport_microxrcedds_c
[0.689s] -- Found rosidl_adapter: 3.1.6 (/home/user/microros_ws/firmware/mcu_ws/install/share/rosidl_adapter/cmake)
[0.709s] [33mCMake Warning at /home/user/microros_ws/firmware/mcu_ws/install/share/rcutils/cmake/ament_cmake_export_libraries-extras.cmake:116 (message):
[0.709s]   Package 'rcutils' exports library 'dl' which couldn't be found
[0.709s] Call Stack (most recent call first):
[0.710s]   /home/user/microros_ws/firmware/mcu_ws/install/share/rcutils/cmake/rcutilsConfig.cmake:41 (include)
[0.710s]   /home/user/microros_ws/firmware/mcu_ws/install/share/rosidl_runtime_c/cmake/ament_cmake_export_dependencies-extras.cmake:21 (find_package)
[0.710s]   /home/user/microros_ws/firmware/mcu_ws/install/share/rosidl_runtime_c/cmake/rosidl_runtime_cConfig.cmake:41 (include)
[0.710s]   /home/user/microros_ws/firmware/mcu_ws/install/share/rosidl_typesupport_introspection_c/cmake/ament_cmake_export_dependencies-extras.cmake:21 (find_package)
[0.710s]   /home/user/microros_ws/firmware/mcu_ws/install/share/rosidl_typesupport_introspection_c/cmake/rosidl_typesupport_introspection_cConfig.cmake:41 (include)
[0.710s]   /home/user/microros_ws/firmware/mcu_ws/install/share/rosidl_typesupport_c/cmake/rosidl_typesupport_c-extras.cmake:13 (find_package)
[0.710s]   /home/user/microros_ws/firmware/mcu_ws/install/share/rosidl_typesupport_c/cmake/rosidl_typesupport_cConfig.cmake:41 (include)
[0.710s]   /home/user/microros_ws/firmware/mcu_ws/install/share/rosidl_default_generators/cmake/rosidl_default_generators-extras.cmake:21 (find_package)
[0.710s]   /home/user/microros_ws/firmware/mcu_ws/install/share/rosidl_default_generators/cmake/rosidl_default_generatorsConfig.cmake:41 (include)
[0.711s]   CMakeLists.txt:14 (find_package)
[0.711s] 
[0.711s] [0m
[0.753s] -- Found sensor_msgs: 4.8.0 (/home/user/microros_ws/firmware/mcu_ws/install/share/sensor_msgs/cmake)
[1.344s] -- Found ament_cmake_ros: 0.10.0 (/home/user/microros_ws/firmware/dev_ws/install/ament_cmake_ros/share/ament_cmake_ros/cmake)
[1.559s] -- Using all available rosidl_typesupport_c: rosidl_typesupport_introspection_c;rosidl_typesupport_microxrcedds_c
[1.566s] -- Configuring done
[1.589s] -- Generating done
[1.600s] -- Build files have been written to: /home/user/microros_ws/firmware/mcu_ws/build/stereo_msgs
[1.604s] /usr/bin/cmake -E cmake_progress_start /home/user/microros_ws/firmware/mcu_ws/build/stereo_msgs/CMakeFiles /home/user/microros_ws/firmware/mcu_ws/build/stereo_msgs//CMakeFiles/progress.marks
[1.611s] /usr/bin/gmake  -f CMakeFiles/Makefile2 all
[1.613s] gmake[5]: Entering directory '/home/user/microros_ws/firmware/mcu_ws/build/stereo_msgs'
[1.613s] /usr/bin/gmake  -f CMakeFiles/stereo_msgs__rosidl_generator_c.dir/build.make CMakeFiles/stereo_msgs__rosidl_generator_c.dir/depend
[1.615s] gmake[6]: Entering directory '/home/user/microros_ws/firmware/mcu_ws/build/stereo_msgs'
[1.615s] cd /home/user/microros_ws/firmware/mcu_ws/build/stereo_msgs && /usr/bin/cmake -E cmake_depends "Unix Makefiles" /home/user/microros_ws/firmware/mcu_ws/ros2/common_interfaces/stereo_msgs /home/user/microros_ws/firmware/mcu_ws/ros2/common_interfaces/stereo_msgs /home/user/microros_ws/firmware/mcu_ws/build/stereo_msgs /home/user/microros_ws/firmware/mcu_ws/build/stereo_msgs /home/user/microros_ws/firmware/mcu_ws/build/stereo_msgs/CMakeFiles/stereo_msgs__rosidl_generator_c.dir/DependInfo.cmake --color=
[1.623s] Dependencies file "CMakeFiles/stereo_msgs__rosidl_generator_c.dir/rosidl_generator_c/stereo_msgs/msg/detail/disparity_image__functions.c.obj.d" is newer than depends file "/home/user/microros_ws/firmware/mcu_ws/build/stereo_msgs/CMakeFiles/stereo_msgs__rosidl_generator_c.dir/compiler_depend.internal".
[1.623s] [35m[1mConsolidate compiler generated dependencies of target stereo_msgs__rosidl_generator_c[0m
[1.624s] gmake[6]: Leaving directory '/home/user/microros_ws/firmware/mcu_ws/build/stereo_msgs'
[1.624s] /usr/bin/gmake  -f CMakeFiles/stereo_msgs__rosidl_generator_c.dir/build.make CMakeFiles/stereo_msgs__rosidl_generator_c.dir/build
[1.627s] gmake[6]: Entering directory '/home/user/microros_ws/firmware/mcu_ws/build/stereo_msgs'
[1.633s] [  8%] [32mBuilding C object CMakeFiles/stereo_msgs__rosidl_generator_c.dir/rosidl_generator_c/stereo_msgs/msg/detail/disparity_image__functions.c.obj[0m
[1.634s] /home/user/microros_ws/firmware/toolchain/espressif/tools/xtensa-esp32-elf/esp-2020r2-8.2.0/xtensa-esp32-elf/bin/xtensa-esp32-elf-gcc -DLWIP_IPV4 -DLWIP_IPV6 -DROS_PACKAGE_NAME=\"stereo_msgs\" -I/home/user/microros_ws/firmware/freertos_apps/microros_esp32_extensions/build/config -I/home/user/microros_ws/firmware/toolchain/esp-idf/components/newlib/platform_include -I/home/user/microros_ws/firmware/toolchain/esp-idf/components/protocomm/include -I/home/user/microros_ws/firmware/toolchain/esp-idf/components/esp_rom/include -I/home/user/microros_ws/firmware/toolchain/esp-idf/components/driver/include -I/home/user/microros_ws/firmware/toolchain/esp-idf/components/wear_levelling/include -I/home/user/microros_ws/firmware/toolchain/esp-idf/components/vfs/include -I/home/user/microros_ws/firmware/toolchain/esp-idf/components/log/include -I/home/user/microros_ws/firmware/toolchain/esp-idf/components/freertos/include -I/home/user/microros_ws/firmware/toolchain/esp-idf/components/wifi_provisioning/include -I/home/user/microros_ws/firmware/toolchain/esp-idf/components/pthread/include -I/home/user/microros_ws/firmware/toolchain/esp-idf/components/libsodium/libsodium/src/libsodium/include -I/home/user/microros_ws/firmware/toolchain/esp-idf/components/coap/port/include -I/home/user/microros_ws/firmware/toolchain/esp-idf/components/coap/libcoap/include -I/home/user/microros_ws/firmware/toolchain/esp-idf/components/tcp_transport/include -I/home/user/microros_ws/firmware/toolchain/esp-idf/components/unity/include -I/home/user/microros_ws/firmware/toolchain/esp-idf/components/esp32/include -I/home/user/microros_ws/firmware/toolchain/esp-idf/components/asio/port/include -I/home/user/microros_ws/firmware/toolchain/esp-idf/components/asio/asio/asio/include -I/home/user/microros_ws/firmware/toolchain/esp-idf/components/app_update/include -I/home/user/microros_ws/firmware/toolchain/esp-idf/components/esp_ringbuf/include -I/home/user/microros_ws/firmware/toolchain/esp-idf/components/soc/esp32/include -I/home/user/microros_ws/firmware/toolchain/esp-idf/components/soc/include -I/home/user/microros_ws/firmware/toolchain/esp-idf/components/efuse/test/include -I/home/user/microros_ws/firmware/toolchain/esp-idf/components/efuse/esp32/include -I/home/user/microros_ws/firmware/toolchain/esp-idf/components/efuse/include -I/home/user/microros_ws/firmware/toolchain/esp-idf/components/mbedtls/port/include -I/home/user/microros_ws/firmware/toolchain/esp-idf/components/mbedtls/mbedtls/include -I/home/user/microros_ws/firmware/toolchain/esp-idf/components/xtensa/esp32/include -I/home/user/microros_ws/firmware/toolchain/esp-idf/components/xtensa/include -I/home/user/microros_ws/firmware/toolchain/esp-idf/components/app_trace/include -I/home/user/microros_ws/firmware/toolchain/esp-idf/components/nvs_flash/include -I/home/user/microros_ws/firmware/toolchain/esp-idf/components/jsmn/include -I/home/user/microros_ws/firmware/toolchain/esp-idf/components/esp_eth/include -I/home/user/microros_ws/firmware/toolchain/esp-idf/components/spiffs/include -I/home/user/microros_ws/firmware/toolchain/esp-idf/components/ulp/include -I/home/user/microros_ws/firmware/toolchain/esp-idf/components/mdns/include -I/home/user/microros_ws/firmware/toolchain/esp-idf/components/freemodbus/modbus/include -I/home/user/microros_ws/firmware/toolchain/esp-idf/components/freemodbus/common/include -I/home/user/microros_ws/firmware/toolchain/esp-idf/components/esp_event/include -I/home/user/microros_ws/firmware/toolchain/esp-idf/components/expat/port/include -I/home/user/microros_ws/firmware/toolchain/esp-idf/components/bootloader_support/include -I/home/user/microros_ws/firmware/toolchain/esp-idf/components/heap/include -I/home/user/microros_ws/firmware/toolchain/esp-idf/components/wpa_supplicant/port/include -I/home/user/microros_ws/firmware/toolchain/esp-idf/components/wpa_supplicant/include -I/home/user/microros_ws/firmware/toolchain/esp-idf/components/tcpip_adapter/include -I/home/user/microros_ws/firmware/toolchain/esp-idf/components/openssl/include -I/home/user/microros_ws/firmware/toolchain/esp-idf/components/sdmmc/include -I/home/user/microros_ws/firmware/toolchain/esp-idf/components/esp_local_ctrl/include -I/home/user/microros_ws/firmware/toolchain/esp-idf/components/esp_common/include -I/home/user/microros_ws/firmware/toolchain/esp-idf/components/lwip/lwip/src/include/lwip/apps -I/home/user/microros_ws/firmware/toolchain/esp-idf/components/lwip/lwip/src/include/compat/posix -I/home/user/microros_ws/firmware/toolchain/esp-idf/components/lwip/lwip/src/include -I/home/user/microros_ws/firmware/toolchain/esp-idf/components/lwip/port/esp32/include -I/home/user/microros_ws/firmware/mcu_ws/build/stereo_msgs/rosidl_generator_c -isystem /home/user/microros_ws/firmware/mcu_ws/install/include/sensor_msgs -isystem /home/user/microros_ws/firmware/mcu_ws/install/include/builtin_interfaces -isystem /home/user/microros_ws/firmware/mcu_ws/install/include/rosidl_runtime_c -isystem /home/user/microros_ws/firmware/mcu_ws/install/include/rcutils -isystem /home/user/microros_ws/firmware/mcu_ws/install/include/rosidl_typesupport_interface -isystem /home/user/microros_ws/firmware/mcu_ws/install/include/geometry_msgs -isystem /home/user/microros_ws/firmware/mcu_ws/install/include/std_msgs -mlongcalls -Wno-frame-address -mlongcalls -Wno-frame-address -g -Wall -std=gnu11 -MD -MT CMakeFiles/stereo_msgs__rosidl_generator_c.dir/rosidl_generator_c/stereo_msgs/msg/detail/disparity_image__functions.c.obj -MF CMakeFiles/stereo_msgs__rosidl_generator_c.dir/rosidl_generator_c/stereo_msgs/msg/detail/disparity_image__functions.c.obj.d -o CMakeFiles/stereo_msgs__rosidl_generator_c.dir/rosidl_generator_c/stereo_msgs/msg/detail/disparity_image__functions.c.obj -c /home/user/microros_ws/firmware/mcu_ws/build/stereo_msgs/rosidl_generator_c/stereo_msgs/msg/detail/disparity_image__functions.c
[1.730s] [ 16%] [32m[1mLinking C static library libstereo_msgs__rosidl_generator_c.a[0m
[1.730s] /usr/bin/cmake -P CMakeFiles/stereo_msgs__rosidl_generator_c.dir/cmake_clean_target.cmake
[1.749s] /usr/bin/cmake -E cmake_link_script CMakeFiles/stereo_msgs__rosidl_generator_c.dir/link.txt --verbose=1
[1.757s] /home/user/microros_ws/firmware/toolchain/espressif/tools/xtensa-esp32-elf/esp-2020r2-8.2.0/xtensa-esp32-elf/bin/xtensa-esp32-elf-ar qc libstereo_msgs__rosidl_generator_c.a CMakeFiles/stereo_msgs__rosidl_generator_c.dir/rosidl_generator_c/stereo_msgs/msg/detail/disparity_image__functions.c.obj
[1.762s] /home/user/microros_ws/firmware/toolchain/espressif/tools/xtensa-esp32-elf/esp-2020r2-8.2.0/xtensa-esp32-elf/bin/xtensa-esp32-elf-ranlib libstereo_msgs__rosidl_generator_c.a
[1.767s] gmake[6]: Leaving directory '/home/user/microros_ws/firmware/mcu_ws/build/stereo_msgs'
[1.783s] [ 25%] Built target stereo_msgs__rosidl_generator_c
[1.784s] /usr/bin/gmake  -f CMakeFiles/stereo_msgs__rosidl_typesupport_microxrcedds_c.dir/build.make CMakeFiles/stereo_msgs__rosidl_typesupport_microxrcedds_c.dir/depend
[1.786s] /usr/bin/gmake  -f CMakeFiles/stereo_msgs__rosidl_typesupport_c.dir/build.make CMakeFiles/stereo_msgs__rosidl_typesupport_c.dir/depend
[1.787s] gmake[6]: Entering directory '/home/user/microros_ws/firmware/mcu_ws/build/stereo_msgs'
[1.788s] cd /home/user/microros_ws/firmware/mcu_ws/build/stereo_msgs && /usr/bin/cmake -E cmake_depends "Unix Makefiles" /home/user/microros_ws/firmware/mcu_ws/ros2/common_interfaces/stereo_msgs /home/user/microros_ws/firmware/mcu_ws/ros2/common_interfaces/stereo_msgs /home/user/microros_ws/firmware/mcu_ws/build/stereo_msgs /home/user/microros_ws/firmware/mcu_ws/build/stereo_msgs /home/user/microros_ws/firmware/mcu_ws/build/stereo_msgs/CMakeFiles/stereo_msgs__rosidl_typesupport_microxrcedds_c.dir/DependInfo.cmake --color=
[1.788s] /usr/bin/gmake  -f CMakeFiles/stereo_msgs__rosidl_typesupport_introspection_c.dir/build.make CMakeFiles/stereo_msgs__rosidl_typesupport_introspection_c.dir/depend
[1.791s] gmake[6]: Entering directory '/home/user/microros_ws/firmware/mcu_ws/build/stereo_msgs'
[1.791s] cd /home/user/microros_ws/firmware/mcu_ws/build/stereo_msgs && /usr/bin/cmake -E cmake_depends "Unix Makefiles" /home/user/microros_ws/firmware/mcu_ws/ros2/common_interfaces/stereo_msgs /home/user/microros_ws/firmware/mcu_ws/ros2/common_interfaces/stereo_msgs /home/user/microros_ws/firmware/mcu_ws/build/stereo_msgs /home/user/microros_ws/firmware/mcu_ws/build/stereo_msgs /home/user/microros_ws/firmware/mcu_ws/build/stereo_msgs/CMakeFiles/stereo_msgs__rosidl_typesupport_introspection_c.dir/DependInfo.cmake --color=
[1.792s] gmake[6]: Entering directory '/home/user/microros_ws/firmware/mcu_ws/build/stereo_msgs'
[1.792s] cd /home/user/microros_ws/firmware/mcu_ws/build/stereo_msgs && /usr/bin/cmake -E cmake_depends "Unix Makefiles" /home/user/microros_ws/firmware/mcu_ws/ros2/common_interfaces/stereo_msgs /home/user/microros_ws/firmware/mcu_ws/ros2/common_interfaces/stereo_msgs /home/user/microros_ws/firmware/mcu_ws/build/stereo_msgs /home/user/microros_ws/firmware/mcu_ws/build/stereo_msgs /home/user/microros_ws/firmware/mcu_ws/build/stereo_msgs/CMakeFiles/stereo_msgs__rosidl_typesupport_c.dir/DependInfo.cmake --color=
[1.801s] Dependencies file "CMakeFiles/stereo_msgs__rosidl_typesupport_introspection_c.dir/rosidl_typesupport_introspection_c/stereo_msgs/msg/detail/disparity_image__type_support.c.obj.d" is newer than depends file "/home/user/microros_ws/firmware/mcu_ws/build/stereo_msgs/CMakeFiles/stereo_msgs__rosidl_typesupport_introspection_c.dir/compiler_depend.internal".
[1.801s] [35m[1mConsolidate compiler generated dependencies of target stereo_msgs__rosidl_typesupport_introspection_c[0m
[1.802s] Dependencies file "CMakeFiles/stereo_msgs__rosidl_typesupport_microxrcedds_c.dir/rosidl_typesupport_microxrcedds_c/stereo_msgs/msg/detail/microxrcedds/disparity_image__type_support_c.c.obj.d" is newer than depends file "/home/user/microros_ws/firmware/mcu_ws/build/stereo_msgs/CMakeFiles/stereo_msgs__rosidl_typesupport_microxrcedds_c.dir/compiler_depend.internal".
[1.802s] [35m[1mConsolidate compiler generated dependencies of target stereo_msgs__rosidl_typesupport_microxrcedds_c[0m
[1.803s] gmake[6]: Leaving directory '/home/user/microros_ws/firmware/mcu_ws/build/stereo_msgs'
[1.803s] /usr/bin/gmake  -f CMakeFiles/stereo_msgs__rosidl_typesupport_introspection_c.dir/build.make CMakeFiles/stereo_msgs__rosidl_typesupport_introspection_c.dir/build
[1.804s] Dependencies file "CMakeFiles/stereo_msgs__rosidl_typesupport_c.dir/rosidl_typesupport_c/stereo_msgs/msg/disparity_image__type_support.cpp.obj.d" is newer than depends file "/home/user/microros_ws/firmware/mcu_ws/build/stereo_msgs/CMakeFiles/stereo_msgs__rosidl_typesupport_c.dir/compiler_depend.internal".
[1.804s] [35m[1mConsolidate compiler generated dependencies of target stereo_msgs__rosidl_typesupport_c[0m
[1.805s] gmake[6]: Leaving directory '/home/user/microros_ws/firmware/mcu_ws/build/stereo_msgs'
[1.806s] /usr/bin/gmake  -f CMakeFiles/stereo_msgs__rosidl_typesupport_microxrcedds_c.dir/build.make CMakeFiles/stereo_msgs__rosidl_typesupport_microxrcedds_c.dir/build
[1.806s] gmake[6]: Leaving directory '/home/user/microros_ws/firmware/mcu_ws/build/stereo_msgs'
[1.806s] gmake[6]: Entering directory '/home/user/microros_ws/firmware/mcu_ws/build/stereo_msgs'
[1.807s] gmake[6]: Nothing to be done for 'CMakeFiles/stereo_msgs__rosidl_typesupport_introspection_c.dir/build'.
[1.807s] gmake[6]: Leaving directory '/home/user/microros_ws/firmware/mcu_ws/build/stereo_msgs'
[1.810s] /usr/bin/gmake  -f CMakeFiles/stereo_msgs__rosidl_typesupport_c.dir/build.make CMakeFiles/stereo_msgs__rosidl_typesupport_c.dir/build
[1.813s] gmake[6]: Entering directory '/home/user/microros_ws/firmware/mcu_ws/build/stereo_msgs'
[1.813s] gmake[6]: Nothing to be done for 'CMakeFiles/stereo_msgs__rosidl_typesupport_microxrcedds_c.dir/build'.
[1.813s] gmake[6]: Leaving directory '/home/user/microros_ws/firmware/mcu_ws/build/stereo_msgs'
[1.828s] gmake[6]: Entering directory '/home/user/microros_ws/firmware/mcu_ws/build/stereo_msgs'
[1.828s] gmake[6]: Nothing to be done for 'CMakeFiles/stereo_msgs__rosidl_typesupport_c.dir/build'.
[1.828s] gmake[6]: Leaving directory '/home/user/microros_ws/firmware/mcu_ws/build/stereo_msgs'
[1.849s] [ 50%] Built target stereo_msgs__rosidl_typesupport_introspection_c
[1.851s] [ 75%] Built target stereo_msgs__rosidl_typesupport_microxrcedds_c
[1.859s] [100%] Built target stereo_msgs__rosidl_typesupport_c
[1.860s] /usr/bin/gmake  -f CMakeFiles/stereo_msgs.dir/build.make CMakeFiles/stereo_msgs.dir/depend
[1.890s] gmake[6]: Entering directory '/home/user/microros_ws/firmware/mcu_ws/build/stereo_msgs'
[1.890s] cd /home/user/microros_ws/firmware/mcu_ws/build/stereo_msgs && /usr/bin/cmake -E cmake_depends "Unix Makefiles" /home/user/microros_ws/firmware/mcu_ws/ros2/common_interfaces/stereo_msgs /home/user/microros_ws/firmware/mcu_ws/ros2/common_interfaces/stereo_msgs /home/user/microros_ws/firmware/mcu_ws/build/stereo_msgs /home/user/microros_ws/firmware/mcu_ws/build/stereo_msgs /home/user/microros_ws/firmware/mcu_ws/build/stereo_msgs/CMakeFiles/stereo_msgs.dir/DependInfo.cmake --color=
[1.916s] gmake[6]: Leaving directory '/home/user/microros_ws/firmware/mcu_ws/build/stereo_msgs'
[1.916s] /usr/bin/gmake  -f CMakeFiles/stereo_msgs.dir/build.make CMakeFiles/stereo_msgs.dir/build
[1.932s] gmake[6]: Entering directory '/home/user/microros_ws/firmware/mcu_ws/build/stereo_msgs'
[1.932s] gmake[6]: Nothing to be done for 'CMakeFiles/stereo_msgs.dir/build'.
[1.932s] gmake[6]: Leaving directory '/home/user/microros_ws/firmware/mcu_ws/build/stereo_msgs'
[1.945s] [100%] Built target stereo_msgs
[1.946s] gmake[5]: Leaving directory '/home/user/microros_ws/firmware/mcu_ws/build/stereo_msgs'
[1.946s] /usr/bin/cmake -E cmake_progress_start /home/user/microros_ws/firmware/mcu_ws/build/stereo_msgs/CMakeFiles 0
[1.956s] gmake[4]: Leaving directory '/home/user/microros_ws/firmware/mcu_ws/build/stereo_msgs'
[1.969s] Invoked command in '/home/user/microros_ws/firmware/mcu_ws/build/stereo_msgs' returned '0': AMENT_PREFIX_PATH=/home/user/microros_ws/firmware/mcu_ws/install:${AMENT_PREFIX_PATH} CMAKE_PREFIX_PATH=/home/user/microros_ws/firmware/mcu_ws/install:/home/user/microros_ws/firmware/dev_ws/install/ament_lint_common:/home/user/microros_ws/firmware/dev_ws/install/ament_cmake_uncrustify:/home/user/microros_ws/firmware/dev_ws/install/uncrustify_vendor:/home/user/microros_ws/firmware/dev_ws/install/ament_cmake_ros:/home/user/microros_ws/firmware/dev_ws/install/ament_cmake_auto:/home/user/microros_ws/firmware/dev_ws/install/ament_cmake_gmock:/home/user/microros_ws/firmware/dev_ws/install/gmock_vendor:/home/user/microros_ws/firmware/dev_ws/install/ament_cmake_gtest:/home/user/microros_ws/firmware/dev_ws/install/gtest_vendor:/home/user/microros_ws/firmware/dev_ws/install/ament_cmake_xmllint:/home/user/microros_ws/firmware/dev_ws/install/ament_cmake_pyflakes:/home/user/microros_ws/firmware/dev_ws/install/ament_cmake_pycodestyle:/home/user/microros_ws/firmware/dev_ws/install/ament_cmake_pep257:/home/user/microros_ws/firmware/dev_ws/install/ament_cmake_pclint:/home/user/microros_ws/firmware/dev_ws/install/ament_lint_auto:/home/user/microros_ws/firmware/dev_ws/install/ament_cmake:/home/user/microros_ws/firmware/dev_ws/install/ament_cmake_version:/home/user/microros_ws/firmware/dev_ws/install/ament_cmake_vendor_package:/home/user/microros_ws/firmware/dev_ws/install/ament_cmake_pytest:/home/user/microros_ws/firmware/dev_ws/install/ament_cmake_nose:/home/user/microros_ws/firmware/dev_ws/install/ament_cmake_mypy:/home/user/microros_ws/firmware/dev_ws/install/ament_cmake_lint_cmake:/home/user/microros_ws/firmware/dev_ws/install/ament_cmake_google_benchmark:/home/user/microros_ws/firmware/dev_ws/install/ament_cmake_flake8:/home/user/microros_ws/firmware/dev_ws/install/ament_cmake_cpplint:/home/user/microros_ws/firmware/dev_ws/install/ament_cmake_cppcheck:/home/user/microros_ws/firmware/dev_ws/install/ament_cmake_copyright:/home/user/microros_ws/firmware/dev_ws/install/ament_cmake_clang_tidy:/home/user/microros_ws/firmware/dev_ws/install/ament_cmake_clang_format:/home/user/microros_ws/firmware/dev_ws/install/ament_cmake_test:/home/user/microros_ws/firmware/dev_ws/install/ament_cmake_target_dependencies:/home/user/microros_ws/firmware/dev_ws/install/ament_cmake_python:/home/user/microros_ws/firmware/dev_ws/install/ament_cmake_export_dependencies:/home/user/microros_ws/firmware/dev_ws/install/ament_cmake_libraries:/home/user/microros_ws/firmware/dev_ws/install/ament_cmake_include_directories:/home/user/microros_ws/firmware/dev_ws/install/ament_cmake_gen_version_h:/home/user/microros_ws/firmware/dev_ws/install/ament_cmake_export_targets:/home/user/microros_ws/firmware/dev_ws/install/ament_cmake_export_link_flags:/home/user/microros_ws/firmware/dev_ws/install/ament_cmake_export_interfaces:/home/user/microros_ws/firmware/dev_ws/install/ament_cmake_export_libraries:/home/user/microros_ws/firmware/dev_ws/install/ament_cmake_export_include_directories:/home/user/microros_ws/firmware/dev_ws/install/ament_cmake_export_definitions:/home/user/microros_ws/firmware/dev_ws/install/ament_cmake_core:/home/user/microros_ws/firmware/dev_ws/install/ament_index_cpp:/home/user/microros_ws/firmware/dev_ws/install/ament_uncrustify:/home/user/microros_ws/firmware/dev_ws/install/domain_coordinator:/home/user/microros_ws/firmware/dev_ws/install/ament_xmllint:/home/user/microros_ws/firmware/dev_ws/install/ament_pyflakes:/home/user/microros_ws/firmware/dev_ws/install/ament_pycodestyle:/home/user/microros_ws/firmware/dev_ws/install/ament_pep257:/home/user/microros_ws/firmware/dev_ws/install/ament_pclint:/home/user/microros_ws/firmware/dev_ws/install/ament_package:/home/user/microros_ws/firmware/dev_ws/install/ament_mypy:/home/user/microros_ws/firmware/dev_ws/install/ament_lint_cmake:/home/user/microros_ws/firmware/dev_ws/install/ament_flake8:/home/user/microros_ws/firmware/dev_ws/install/ament_copyright:/home/user/microros_ws/firmware/dev_ws/install/ament_lint:/home/user/microros_ws/firmware/dev_ws/install/ament_index_python:/home/user/microros_ws/firmware/dev_ws/install/ament_cpplint:/home/user/microros_ws/firmware/dev_ws/install/ament_cppcheck:/home/user/microros_ws/firmware/dev_ws/install/ament_clang_tidy:/home/user/microros_ws/firmware/dev_ws/install/ament_clang_format LD_LIBRARY_PATH=/home/user/microros_ws/firmware/mcu_ws/install/lib:${LD_LIBRARY_PATH} PATH=/home/user/microros_ws/firmware/mcu_ws/install/bin:${PATH} PYTHONPATH=/home/user/microros_ws/firmware/mcu_ws/install/lib/python3.10/site-packages:${PYTHONPATH} _=/usr/bin/env /usr/bin/cmake --build /home/user/microros_ws/firmware/mcu_ws/build/stereo_msgs -- -j8 -l8
[1.970s] Invoking command in '/home/user/microros_ws/firmware/mcu_ws/build/stereo_msgs': AMENT_PREFIX_PATH=/home/user/microros_ws/firmware/mcu_ws/install:${AMENT_PREFIX_PATH} CMAKE_PREFIX_PATH=/home/user/microros_ws/firmware/mcu_ws/install:/home/user/microros_ws/firmware/dev_ws/install/ament_lint_common:/home/user/microros_ws/firmware/dev_ws/install/ament_cmake_uncrustify:/home/user/microros_ws/firmware/dev_ws/install/uncrustify_vendor:/home/user/microros_ws/firmware/dev_ws/install/ament_cmake_ros:/home/user/microros_ws/firmware/dev_ws/install/ament_cmake_auto:/home/user/microros_ws/firmware/dev_ws/install/ament_cmake_gmock:/home/user/microros_ws/firmware/dev_ws/install/gmock_vendor:/home/user/microros_ws/firmware/dev_ws/install/ament_cmake_gtest:/home/user/microros_ws/firmware/dev_ws/install/gtest_vendor:/home/user/microros_ws/firmware/dev_ws/install/ament_cmake_xmllint:/home/user/microros_ws/firmware/dev_ws/install/ament_cmake_pyflakes:/home/user/microros_ws/firmware/dev_ws/install/ament_cmake_pycodestyle:/home/user/microros_ws/firmware/dev_ws/install/ament_cmake_pep257:/home/user/microros_ws/firmware/dev_ws/install/ament_cmake_pclint:/home/user/microros_ws/firmware/dev_ws/install/ament_lint_auto:/home/user/microros_ws/firmware/dev_ws/install/ament_cmake:/home/user/microros_ws/firmware/dev_ws/install/ament_cmake_version:/home/user/microros_ws/firmware/dev_ws/install/ament_cmake_vendor_package:/home/user/microros_ws/firmware/dev_ws/install/ament_cmake_pytest:/home/user/microros_ws/firmware/dev_ws/install/ament_cmake_nose:/home/user/microros_ws/firmware/dev_ws/install/ament_cmake_mypy:/home/user/microros_ws/firmware/dev_ws/install/ament_cmake_lint_cmake:/home/user/microros_ws/firmware/dev_ws/install/ament_cmake_google_benchmark:/home/user/microros_ws/firmware/dev_ws/install/ament_cmake_flake8:/home/user/microros_ws/firmware/dev_ws/install/ament_cmake_cpplint:/home/user/microros_ws/firmware/dev_ws/install/ament_cmake_cppcheck:/home/user/microros_ws/firmware/dev_ws/install/ament_cmake_copyright:/home/user/microros_ws/firmware/dev_ws/install/ament_cmake_clang_tidy:/home/user/microros_ws/firmware/dev_ws/install/ament_cmake_clang_format:/home/user/microros_ws/firmware/dev_ws/install/ament_cmake_test:/home/user/microros_ws/firmware/dev_ws/install/ament_cmake_target_dependencies:/home/user/microros_ws/firmware/dev_ws/install/ament_cmake_python:/home/user/microros_ws/firmware/dev_ws/install/ament_cmake_export_dependencies:/home/user/microros_ws/firmware/dev_ws/install/ament_cmake_libraries:/home/user/microros_ws/firmware/dev_ws/install/ament_cmake_include_directories:/home/user/microros_ws/firmware/dev_ws/install/ament_cmake_gen_version_h:/home/user/microros_ws/firmware/dev_ws/install/ament_cmake_export_targets:/home/user/microros_ws/firmware/dev_ws/install/ament_cmake_export_link_flags:/home/user/microros_ws/firmware/dev_ws/install/ament_cmake_export_interfaces:/home/user/microros_ws/firmware/dev_ws/install/ament_cmake_export_libraries:/home/user/microros_ws/firmware/dev_ws/install/ament_cmake_export_include_directories:/home/user/microros_ws/firmware/dev_ws/install/ament_cmake_export_definitions:/home/user/microros_ws/firmware/dev_ws/install/ament_cmake_core:/home/user/microros_ws/firmware/dev_ws/install/ament_index_cpp:/home/user/microros_ws/firmware/dev_ws/install/ament_uncrustify:/home/user/microros_ws/firmware/dev_ws/install/domain_coordinator:/home/user/microros_ws/firmware/dev_ws/install/ament_xmllint:/home/user/microros_ws/firmware/dev_ws/install/ament_pyflakes:/home/user/microros_ws/firmware/dev_ws/install/ament_pycodestyle:/home/user/microros_ws/firmware/dev_ws/install/ament_pep257:/home/user/microros_ws/firmware/dev_ws/install/ament_pclint:/home/user/microros_ws/firmware/dev_ws/install/ament_package:/home/user/microros_ws/firmware/dev_ws/install/ament_mypy:/home/user/microros_ws/firmware/dev_ws/install/ament_lint_cmake:/home/user/microros_ws/firmware/dev_ws/install/ament_flake8:/home/user/microros_ws/firmware/dev_ws/install/ament_copyright:/home/user/microros_ws/firmware/dev_ws/install/ament_lint:/home/user/microros_ws/firmware/dev_ws/install/ament_index_python:/home/user/microros_ws/firmware/dev_ws/install/ament_cpplint:/home/user/microros_ws/firmware/dev_ws/install/ament_cppcheck:/home/user/microros_ws/firmware/dev_ws/install/ament_clang_tidy:/home/user/microros_ws/firmware/dev_ws/install/ament_clang_format LD_LIBRARY_PATH=/home/user/microros_ws/firmware/mcu_ws/install/lib:${LD_LIBRARY_PATH} PATH=/home/user/microros_ws/firmware/mcu_ws/install/bin:${PATH} PYTHONPATH=/home/user/microros_ws/firmware/mcu_ws/install/lib/python3.10/site-packages:${PYTHONPATH} _=/usr/bin/env /usr/bin/cmake --install /home/user/microros_ws/firmware/mcu_ws/build/stereo_msgs
[1.988s] -- Install configuration: "Debug"
[1.989s] -- Up-to-date: /home/user/microros_ws/firmware/mcu_ws/install/share/ament_index/resource_index/rosidl_interfaces/stereo_msgs
[1.989s] -- Up-to-date: /home/user/microros_ws/firmware/mcu_ws/install/include/stereo_msgs/stereo_msgs
[1.989s] -- Up-to-date: /home/user/microros_ws/firmware/mcu_ws/install/include/stereo_msgs/stereo_msgs/msg
[1.989s] -- Up-to-date: /home/user/microros_ws/firmware/mcu_ws/install/include/stereo_msgs/stereo_msgs/msg/detail
[1.989s] -- Up-to-date: /home/user/microros_ws/firmware/mcu_ws/install/include/stereo_msgs/stereo_msgs/msg/detail/disparity_image__struct.h
[1.989s] -- Up-to-date: /home/user/microros_ws/firmware/mcu_ws/install/include/stereo_msgs/stereo_msgs/msg/detail/disparity_image__functions.h
[1.990s] -- Up-to-date: /home/user/microros_ws/firmware/mcu_ws/install/include/stereo_msgs/stereo_msgs/msg/detail/disparity_image__functions.c
[1.990s] -- Up-to-date: /home/user/microros_ws/firmware/mcu_ws/install/include/stereo_msgs/stereo_msgs/msg/detail/disparity_image__type_support.h
[1.990s] -- Up-to-date: /home/user/microros_ws/firmware/mcu_ws/install/include/stereo_msgs/stereo_msgs/msg/rosidl_generator_c__visibility_control.h
[1.991s] -- Up-to-date: /home/user/microros_ws/firmware/mcu_ws/install/include/stereo_msgs/stereo_msgs/msg/disparity_image.h
[1.991s] -- Up-to-date: /home/user/microros_ws/firmware/mcu_ws/install/share/stereo_msgs/environment/library_path.sh
[1.991s] -- Installing: /home/user/microros_ws/firmware/mcu_ws/install/share/stereo_msgs/environment/library_path.dsv
[1.991s] -- Installing: /home/user/microros_ws/firmware/mcu_ws/install/lib/libstereo_msgs__rosidl_generator_c.a
[1.992s] -- Up-to-date: /home/user/microros_ws/firmware/mcu_ws/install/include/stereo_msgs/stereo_msgs
[1.992s] -- Up-to-date: /home/user/microros_ws/firmware/mcu_ws/install/include/stereo_msgs/stereo_msgs/msg
[1.992s] -- Up-to-date: /home/user/microros_ws/firmware/mcu_ws/install/include/stereo_msgs/stereo_msgs/msg/detail
[1.992s] -- Up-to-date: /home/user/microros_ws/firmware/mcu_ws/install/include/stereo_msgs/stereo_msgs/msg/detail/disparity_image__rosidl_typesupport_introspection_c.h
[1.992s] -- Up-to-date: /home/user/microros_ws/firmware/mcu_ws/install/include/stereo_msgs/stereo_msgs/msg/detail/disparity_image__type_support.c
[1.992s] -- Up-to-date: /home/user/microros_ws/firmware/mcu_ws/install/include/stereo_msgs/stereo_msgs/msg/rosidl_typesupport_introspection_c__visibility_control.h
[1.993s] -- Up-to-date: /home/user/microros_ws/firmware/mcu_ws/install/lib/libstereo_msgs__rosidl_typesupport_introspection_c.a
[1.993s] -- Up-to-date: /home/user/microros_ws/firmware/mcu_ws/install/include/stereo_msgs
[1.993s] -- Up-to-date: /home/user/microros_ws/firmware/mcu_ws/install/include/stereo_msgs/msg
[1.993s] -- Up-to-date: /home/user/microros_ws/firmware/mcu_ws/install/include/stereo_msgs/msg/detail
[1.994s] -- Up-to-date: /home/user/microros_ws/firmware/mcu_ws/install/include/stereo_msgs/msg/detail/microxrcedds
[1.994s] -- Up-to-date: /home/user/microros_ws/firmware/mcu_ws/install/include/stereo_msgs/msg/detail/disparity_image__rosidl_typesupport_microxrcedds_c.h
[1.994s] -- Up-to-date: /home/user/microros_ws/firmware/mcu_ws/install/include/stereo_msgs/msg/rosidl_typesupport_microxrcedds_c__visibility_control.h
[1.994s] -- Up-to-date: /home/user/microros_ws/firmware/mcu_ws/install/lib/libstereo_msgs__rosidl_typesupport_microxrcedds_c.a
[1.994s] -- Up-to-date: /home/user/microros_ws/firmware/mcu_ws/install/lib/libstereo_msgs__rosidl_typesupport_c.a
[1.994s] -- Up-to-date: /home/user/microros_ws/firmware/mcu_ws/install/share/stereo_msgs/msg/DisparityImage.idl
[1.995s] -- Up-to-date: /home/user/microros_ws/firmware/mcu_ws/install/share/stereo_msgs/msg/DisparityImage.msg
[1.995s] -- Up-to-date: /home/user/microros_ws/firmware/mcu_ws/install/share/ament_index/resource_index/package_run_dependencies/stereo_msgs
[1.995s] -- Up-to-date: /home/user/microros_ws/firmware/mcu_ws/install/share/ament_index/resource_index/parent_prefix_path/stereo_msgs
[1.995s] -- Up-to-date: /home/user/microros_ws/firmware/mcu_ws/install/share/stereo_msgs/environment/ament_prefix_path.sh
[1.995s] -- Installing: /home/user/microros_ws/firmware/mcu_ws/install/share/stereo_msgs/environment/ament_prefix_path.dsv
[1.995s] -- Up-to-date: /home/user/microros_ws/firmware/mcu_ws/install/share/stereo_msgs/environment/path.sh
[1.995s] -- Installing: /home/user/microros_ws/firmware/mcu_ws/install/share/stereo_msgs/environment/path.dsv
[2.004s] -- Up-to-date: /home/user/microros_ws/firmware/mcu_ws/install/share/stereo_msgs/local_setup.bash
[2.005s] -- Up-to-date: /home/user/microros_ws/firmware/mcu_ws/install/share/stereo_msgs/local_setup.sh
[2.005s] -- Up-to-date: /home/user/microros_ws/firmware/mcu_ws/install/share/stereo_msgs/local_setup.zsh
[2.005s] -- Installing: /home/user/microros_ws/firmware/mcu_ws/install/share/stereo_msgs/local_setup.dsv
[2.005s] -- Installing: /home/user/microros_ws/firmware/mcu_ws/install/share/stereo_msgs/package.dsv
[2.005s] -- Up-to-date: /home/user/microros_ws/firmware/mcu_ws/install/share/ament_index/resource_index/packages/stereo_msgs
[2.005s] -- Up-to-date: /home/user/microros_ws/firmware/mcu_ws/install/share/stereo_msgs/cmake/export_stereo_msgs__rosidl_generator_cExport.cmake
[2.005s] -- Up-to-date: /home/user/microros_ws/firmware/mcu_ws/install/share/stereo_msgs/cmake/export_stereo_msgs__rosidl_generator_cExport-debug.cmake
[2.005s] -- Up-to-date: /home/user/microros_ws/firmware/mcu_ws/install/share/stereo_msgs/cmake/stereo_msgs__rosidl_typesupport_introspection_cExport.cmake
[2.006s] -- Up-to-date: /home/user/microros_ws/firmware/mcu_ws/install/share/stereo_msgs/cmake/stereo_msgs__rosidl_typesupport_introspection_cExport-debug.cmake
[2.006s] -- Up-to-date: /home/user/microros_ws/firmware/mcu_ws/install/share/stereo_msgs/cmake/stereo_msgs__rosidl_typesupport_cExport.cmake
[2.006s] -- Up-to-date: /home/user/microros_ws/firmware/mcu_ws/install/share/stereo_msgs/cmake/stereo_msgs__rosidl_typesupport_cExport-debug.cmake
[2.006s] -- Up-to-date: /home/user/microros_ws/firmware/mcu_ws/install/share/stereo_msgs/cmake/rosidl_cmake-extras.cmake
[2.006s] -- Up-to-date: /home/user/microros_ws/firmware/mcu_ws/install/share/stereo_msgs/cmake/ament_cmake_export_dependencies-extras.cmake
[2.006s] -- Up-to-date: /home/user/microros_ws/firmware/mcu_ws/install/share/stereo_msgs/cmake/ament_cmake_export_include_directories-extras.cmake
[2.006s] -- Up-to-date: /home/user/microros_ws/firmware/mcu_ws/install/share/stereo_msgs/cmake/ament_cmake_export_libraries-extras.cmake
[2.006s] -- Up-to-date: /home/user/microros_ws/firmware/mcu_ws/install/share/stereo_msgs/cmake/ament_cmake_export_targets-extras.cmake
[2.006s] -- Up-to-date: /home/user/microros_ws/firmware/mcu_ws/install/share/stereo_msgs/cmake/rosidl_cmake_export_typesupport_targets-extras.cmake
[2.007s] -- Up-to-date: /home/user/microros_ws/firmware/mcu_ws/install/share/stereo_msgs/cmake/rosidl_cmake_export_typesupport_libraries-extras.cmake
[2.007s] -- Up-to-date: /home/user/microros_ws/firmware/mcu_ws/install/share/stereo_msgs/cmake/stereo_msgsConfig.cmake
[2.007s] -- Up-to-date: /home/user/microros_ws/firmware/mcu_ws/install/share/stereo_msgs/cmake/stereo_msgsConfig-version.cmake
[2.007s] -- Up-to-date: /home/user/microros_ws/firmware/mcu_ws/install/share/stereo_msgs/package.xml
[2.007s] Invoked command in '/home/user/microros_ws/firmware/mcu_ws/build/stereo_msgs' returned '0': AMENT_PREFIX_PATH=/home/user/microros_ws/firmware/mcu_ws/install:${AMENT_PREFIX_PATH} CMAKE_PREFIX_PATH=/home/user/microros_ws/firmware/mcu_ws/install:/home/user/microros_ws/firmware/dev_ws/install/ament_lint_common:/home/user/microros_ws/firmware/dev_ws/install/ament_cmake_uncrustify:/home/user/microros_ws/firmware/dev_ws/install/uncrustify_vendor:/home/user/microros_ws/firmware/dev_ws/install/ament_cmake_ros:/home/user/microros_ws/firmware/dev_ws/install/ament_cmake_auto:/home/user/microros_ws/firmware/dev_ws/install/ament_cmake_gmock:/home/user/microros_ws/firmware/dev_ws/install/gmock_vendor:/home/user/microros_ws/firmware/dev_ws/install/ament_cmake_gtest:/home/user/microros_ws/firmware/dev_ws/install/gtest_vendor:/home/user/microros_ws/firmware/dev_ws/install/ament_cmake_xmllint:/home/user/microros_ws/firmware/dev_ws/install/ament_cmake_pyflakes:/home/user/microros_ws/firmware/dev_ws/install/ament_cmake_pycodestyle:/home/user/microros_ws/firmware/dev_ws/install/ament_cmake_pep257:/home/user/microros_ws/firmware/dev_ws/install/ament_cmake_pclint:/home/user/microros_ws/firmware/dev_ws/install/ament_lint_auto:/home/user/microros_ws/firmware/dev_ws/install/ament_cmake:/home/user/microros_ws/firmware/dev_ws/install/ament_cmake_version:/home/user/microros_ws/firmware/dev_ws/install/ament_cmake_vendor_package:/home/user/microros_ws/firmware/dev_ws/install/ament_cmake_pytest:/home/user/microros_ws/firmware/dev_ws/install/ament_cmake_nose:/home/user/microros_ws/firmware/dev_ws/install/ament_cmake_mypy:/home/user/microros_ws/firmware/dev_ws/install/ament_cmake_lint_cmake:/home/user/microros_ws/firmware/dev_ws/install/ament_cmake_google_benchmark:/home/user/microros_ws/firmware/dev_ws/install/ament_cmake_flake8:/home/user/microros_ws/firmware/dev_ws/install/ament_cmake_cpplint:/home/user/microros_ws/firmware/dev_ws/install/ament_cmake_cppcheck:/home/user/microros_ws/firmware/dev_ws/install/ament_cmake_copyright:/home/user/microros_ws/firmware/dev_ws/install/ament_cmake_clang_tidy:/home/user/microros_ws/firmware/dev_ws/install/ament_cmake_clang_format:/home/user/microros_ws/firmware/dev_ws/install/ament_cmake_test:/home/user/microros_ws/firmware/dev_ws/install/ament_cmake_target_dependencies:/home/user/microros_ws/firmware/dev_ws/install/ament_cmake_python:/home/user/microros_ws/firmware/dev_ws/install/ament_cmake_export_dependencies:/home/user/microros_ws/firmware/dev_ws/install/ament_cmake_libraries:/home/user/microros_ws/firmware/dev_ws/install/ament_cmake_include_directories:/home/user/microros_ws/firmware/dev_ws/install/ament_cmake_gen_version_h:/home/user/microros_ws/firmware/dev_ws/install/ament_cmake_export_targets:/home/user/microros_ws/firmware/dev_ws/install/ament_cmake_export_link_flags:/home/user/microros_ws/firmware/dev_ws/install/ament_cmake_export_interfaces:/home/user/microros_ws/firmware/dev_ws/install/ament_cmake_export_libraries:/home/user/microros_ws/firmware/dev_ws/install/ament_cmake_export_include_directories:/home/user/microros_ws/firmware/dev_ws/install/ament_cmake_export_definitions:/home/user/microros_ws/firmware/dev_ws/install/ament_cmake_core:/home/user/microros_ws/firmware/dev_ws/install/ament_index_cpp:/home/user/microros_ws/firmware/dev_ws/install/ament_uncrustify:/home/user/microros_ws/firmware/dev_ws/install/domain_coordinator:/home/user/microros_ws/firmware/dev_ws/install/ament_xmllint:/home/user/microros_ws/firmware/dev_ws/install/ament_pyflakes:/home/user/microros_ws/firmware/dev_ws/install/ament_pycodestyle:/home/user/microros_ws/firmware/dev_ws/install/ament_pep257:/home/user/microros_ws/firmware/dev_ws/install/ament_pclint:/home/user/microros_ws/firmware/dev_ws/install/ament_package:/home/user/microros_ws/firmware/dev_ws/install/ament_mypy:/home/user/microros_ws/firmware/dev_ws/install/ament_lint_cmake:/home/user/microros_ws/firmware/dev_ws/install/ament_flake8:/home/user/microros_ws/firmware/dev_ws/install/ament_copyright:/home/user/microros_ws/firmware/dev_ws/install/ament_lint:/home/user/microros_ws/firmware/dev_ws/install/ament_index_python:/home/user/microros_ws/firmware/dev_ws/install/ament_cpplint:/home/user/microros_ws/firmware/dev_ws/install/ament_cppcheck:/home/user/microros_ws/firmware/dev_ws/install/ament_clang_tidy:/home/user/microros_ws/firmware/dev_ws/install/ament_clang_format LD_LIBRARY_PATH=/home/user/microros_ws/firmware/mcu_ws/install/lib:${LD_LIBRARY_PATH} PATH=/home/user/microros_ws/firmware/mcu_ws/install/bin:${PATH} PYTHONPATH=/home/user/microros_ws/firmware/mcu_ws/install/lib/python3.10/site-packages:${PYTHONPATH} _=/usr/bin/env /usr/bin/cmake --install /home/user/microros_ws/firmware/mcu_ws/build/stereo_msgs
