[1.207s] Invoking command in '/home/user/microros_ws/firmware/mcu_ws/ros2/common_interfaces/sensor_msgs_py': AMENT_PREFIX_PATH=/home/user/microros_ws/firmware/mcu_ws/install:${AMENT_PREFIX_PATH} CMAKE_PREFIX_PATH=/home/user/microros_ws/firmware/mcu_ws/install:${CMAKE_PREFIX_PATH} LD_LIBRARY_PATH=/home/user/microros_ws/firmware/mcu_ws/install/lib:${LD_LIBRARY_PATH} PATH=/home/user/microros_ws/firmware/mcu_ws/install/bin:${PATH} PYTHONPATH=/home/user/microros_ws/firmware/mcu_ws/build/sensor_msgs_py/prefix_override:/home/user/microros_ws/firmware/toolchain/espressif/python_env/idf4.1_py3.10_env/lib/python3.10/site-packages/colcon_core/task/python/colcon_distutils_commands:/home/user/microros_ws/firmware/mcu_ws/install/lib/python3.10/site-packages:/home/user/microros_ws/firmware/mcu_ws/install/lib/python3.10/site-packages:${PYTHONPATH} _=/usr/bin/env /home/user/microros_ws/firmware/toolchain/espressif/python_env/idf4.1_py3.10_env/bin/python -W ignore:setup.py install is deprecated -W ignore:easy_install command is deprecated setup.py egg_info --egg-base ../../../build/sensor_msgs_py build --build-base /home/user/microros_ws/firmware/mcu_ws/build/sensor_msgs_py/build install --record /home/user/microros_ws/firmware/mcu_ws/build/sensor_msgs_py/install.log --single-version-externally-managed install_data
[1.379s] /home/user/microros_ws/firmware/toolchain/espressif/python_env/idf4.1_py3.10_env/lib/python3.10/site-packages/setuptools/_distutils/dist.py:289: UserWarning: Unknown distribution option: 'tests_require'
[1.379s]   warnings.warn(msg)
[1.432s] running egg_info
[1.443s] writing ../../../build/sensor_msgs_py/sensor_msgs_py.egg-info/PKG-INFO
[1.444s] writing dependency_links to ../../../build/sensor_msgs_py/sensor_msgs_py.egg-info/dependency_links.txt
[1.446s] writing requirements to ../../../build/sensor_msgs_py/sensor_msgs_py.egg-info/requires.txt
[1.446s] writing top-level names to ../../../build/sensor_msgs_py/sensor_msgs_py.egg-info/top_level.txt
[1.461s] reading manifest file '../../../build/sensor_msgs_py/sensor_msgs_py.egg-info/SOURCES.txt'
[1.461s] adding license file 'LICENSE'
[1.462s] writing manifest file '../../../build/sensor_msgs_py/sensor_msgs_py.egg-info/SOURCES.txt'
[1.462s] running build
[1.462s] running build_py
[1.463s] copying sensor_msgs_py/point_cloud2.py -> /home/user/microros_ws/firmware/mcu_ws/build/sensor_msgs_py/build/lib/sensor_msgs_py
[1.463s] copying sensor_msgs_py/numpy_compat.py -> /home/user/microros_ws/firmware/mcu_ws/build/sensor_msgs_py/build/lib/sensor_msgs_py
[1.463s] copying sensor_msgs_py/__init__.py -> /home/user/microros_ws/firmware/mcu_ws/build/sensor_msgs_py/build/lib/sensor_msgs_py
[1.463s] running install
[1.468s] running install_lib
[1.475s] running install_data
[1.475s] copying resource/sensor_msgs_py -> /home/user/microros_ws/firmware/mcu_ws/install/share/ament_index/resource_index/packages
[1.475s] copying package.xml -> /home/user/microros_ws/firmware/mcu_ws/install/share/sensor_msgs_py
[1.476s] running install_egg_info
[1.484s] removing '/home/user/microros_ws/firmware/mcu_ws/install/lib/python3.10/site-packages/sensor_msgs_py-4.8.0-py3.10.egg-info' (and everything under it)
[1.485s] Copying ../../../build/sensor_msgs_py/sensor_msgs_py.egg-info to /home/user/microros_ws/firmware/mcu_ws/install/lib/python3.10/site-packages/sensor_msgs_py-4.8.0-py3.10.egg-info
[1.486s] running install_scripts
[1.532s] writing list of installed files to '/home/user/microros_ws/firmware/mcu_ws/build/sensor_msgs_py/install.log'
[1.557s] Invoked command in '/home/user/microros_ws/firmware/mcu_ws/ros2/common_interfaces/sensor_msgs_py' returned '0': AMENT_PREFIX_PATH=/home/user/microros_ws/firmware/mcu_ws/install:${AMENT_PREFIX_PATH} CMAKE_PREFIX_PATH=/home/user/microros_ws/firmware/mcu_ws/install:${CMAKE_PREFIX_PATH} LD_LIBRARY_PATH=/home/user/microros_ws/firmware/mcu_ws/install/lib:${LD_LIBRARY_PATH} PATH=/home/user/microros_ws/firmware/mcu_ws/install/bin:${PATH} PYTHONPATH=/home/user/microros_ws/firmware/mcu_ws/build/sensor_msgs_py/prefix_override:/home/user/microros_ws/firmware/toolchain/espressif/python_env/idf4.1_py3.10_env/lib/python3.10/site-packages/colcon_core/task/python/colcon_distutils_commands:/home/user/microros_ws/firmware/mcu_ws/install/lib/python3.10/site-packages:/home/user/microros_ws/firmware/mcu_ws/install/lib/python3.10/site-packages:${PYTHONPATH} _=/usr/bin/env /home/user/microros_ws/firmware/toolchain/espressif/python_env/idf4.1_py3.10_env/bin/python -W ignore:setup.py install is deprecated -W ignore:easy_install command is deprecated setup.py egg_info --egg-base ../../../build/sensor_msgs_py build --build-base /home/user/microros_ws/firmware/mcu_ws/build/sensor_msgs_py/build install --record /home/user/microros_ws/firmware/mcu_ws/build/sensor_msgs_py/install.log --single-version-externally-managed install_data
