[0.234s] Invoking command in '/home/user/microros_ws/firmware/mcu_ws/build/rosidl_typesupport_interface': CMAKE_PREFIX_PATH=${CMAKE_PREFIX_PATH}:/home/user/microros_ws/firmware/dev_ws/install/ament_uncrustify:/home/user/microros_ws/firmware/dev_ws/install/domain_coordinator:/home/user/microros_ws/firmware/dev_ws/install/ament_xmllint:/home/user/microros_ws/firmware/dev_ws/install/ament_pyflakes:/home/user/microros_ws/firmware/dev_ws/install/ament_pycodestyle:/home/user/microros_ws/firmware/dev_ws/install/ament_pep257:/home/user/microros_ws/firmware/dev_ws/install/ament_pclint:/home/user/microros_ws/firmware/dev_ws/install/ament_package:/home/user/microros_ws/firmware/dev_ws/install/ament_mypy:/home/user/microros_ws/firmware/dev_ws/install/ament_lint_cmake:/home/user/microros_ws/firmware/dev_ws/install/ament_flake8:/home/user/microros_ws/firmware/dev_ws/install/ament_copyright:/home/user/microros_ws/firmware/dev_ws/install/ament_lint:/home/user/microros_ws/firmware/dev_ws/install/ament_index_python:/home/user/microros_ws/firmware/dev_ws/install/ament_cpplint:/home/user/microros_ws/firmware/dev_ws/install/ament_cppcheck:/home/user/microros_ws/firmware/dev_ws/install/ament_clang_tidy:/home/user/microros_ws/firmware/dev_ws/install/ament_clang_format _=/usr/bin/env /usr/bin/cmake --build /home/user/microros_ws/firmware/mcu_ws/build/rosidl_typesupport_interface -- -j8 -l8
[0.280s] gmake[4]: Entering directory '/home/user/microros_ws/firmware/mcu_ws/build/rosidl_typesupport_interface'
[0.281s] /usr/bin/cmake -S/home/user/microros_ws/firmware/mcu_ws/ros2/rosidl/rosidl_typesupport_interface -B/home/user/microros_ws/firmware/mcu_ws/build/rosidl_typesupport_interface --check-build-system CMakeFiles/Makefile.cmake 0
[0.281s] Re-run cmake file: Makefile older than: /home/user/microros_ws/firmware/freertos_apps/microros_esp32_extensions/esp32_toolchain.cmake
[0.281s] -- Found ament_cmake: 1.3.11 (/home/user/microros_ws/firmware/dev_ws/install/ament_cmake/share/ament_cmake/cmake)
[0.507s] -- Configuring done
[0.511s] -- Generating done
[0.513s] -- Build files have been written to: /home/user/microros_ws/firmware/mcu_ws/build/rosidl_typesupport_interface
[0.516s] /usr/bin/cmake -E cmake_progress_start /home/user/microros_ws/firmware/mcu_ws/build/rosidl_typesupport_interface/CMakeFiles /home/user/microros_ws/firmware/mcu_ws/build/rosidl_typesupport_interface//CMakeFiles/progress.marks
[0.525s] /usr/bin/gmake  -f CMakeFiles/Makefile2 all
[0.527s] gmake[5]: Entering directory '/home/user/microros_ws/firmware/mcu_ws/build/rosidl_typesupport_interface'
[0.527s] gmake[5]: Nothing to be done for 'all'.
[0.527s] gmake[5]: Leaving directory '/home/user/microros_ws/firmware/mcu_ws/build/rosidl_typesupport_interface'
[0.527s] /usr/bin/cmake -E cmake_progress_start /home/user/microros_ws/firmware/mcu_ws/build/rosidl_typesupport_interface/CMakeFiles 0
[0.536s] gmake[4]: Leaving directory '/home/user/microros_ws/firmware/mcu_ws/build/rosidl_typesupport_interface'
[0.651s] Invoked command in '/home/user/microros_ws/firmware/mcu_ws/build/rosidl_typesupport_interface' returned '0': CMAKE_PREFIX_PATH=${CMAKE_PREFIX_PATH}:/home/user/microros_ws/firmware/dev_ws/install/ament_uncrustify:/home/user/microros_ws/firmware/dev_ws/install/domain_coordinator:/home/user/microros_ws/firmware/dev_ws/install/ament_xmllint:/home/user/microros_ws/firmware/dev_ws/install/ament_pyflakes:/home/user/microros_ws/firmware/dev_ws/install/ament_pycodestyle:/home/user/microros_ws/firmware/dev_ws/install/ament_pep257:/home/user/microros_ws/firmware/dev_ws/install/ament_pclint:/home/user/microros_ws/firmware/dev_ws/install/ament_package:/home/user/microros_ws/firmware/dev_ws/install/ament_mypy:/home/user/microros_ws/firmware/dev_ws/install/ament_lint_cmake:/home/user/microros_ws/firmware/dev_ws/install/ament_flake8:/home/user/microros_ws/firmware/dev_ws/install/ament_copyright:/home/user/microros_ws/firmware/dev_ws/install/ament_lint:/home/user/microros_ws/firmware/dev_ws/install/ament_index_python:/home/user/microros_ws/firmware/dev_ws/install/ament_cpplint:/home/user/microros_ws/firmware/dev_ws/install/ament_cppcheck:/home/user/microros_ws/firmware/dev_ws/install/ament_clang_tidy:/home/user/microros_ws/firmware/dev_ws/install/ament_clang_format _=/usr/bin/env /usr/bin/cmake --build /home/user/microros_ws/firmware/mcu_ws/build/rosidl_typesupport_interface -- -j8 -l8
[0.656s] Invoking command in '/home/user/microros_ws/firmware/mcu_ws/build/rosidl_typesupport_interface': CMAKE_PREFIX_PATH=${CMAKE_PREFIX_PATH}:/home/user/microros_ws/firmware/dev_ws/install/ament_uncrustify:/home/user/microros_ws/firmware/dev_ws/install/domain_coordinator:/home/user/microros_ws/firmware/dev_ws/install/ament_xmllint:/home/user/microros_ws/firmware/dev_ws/install/ament_pyflakes:/home/user/microros_ws/firmware/dev_ws/install/ament_pycodestyle:/home/user/microros_ws/firmware/dev_ws/install/ament_pep257:/home/user/microros_ws/firmware/dev_ws/install/ament_pclint:/home/user/microros_ws/firmware/dev_ws/install/ament_package:/home/user/microros_ws/firmware/dev_ws/install/ament_mypy:/home/user/microros_ws/firmware/dev_ws/install/ament_lint_cmake:/home/user/microros_ws/firmware/dev_ws/install/ament_flake8:/home/user/microros_ws/firmware/dev_ws/install/ament_copyright:/home/user/microros_ws/firmware/dev_ws/install/ament_lint:/home/user/microros_ws/firmware/dev_ws/install/ament_index_python:/home/user/microros_ws/firmware/dev_ws/install/ament_cpplint:/home/user/microros_ws/firmware/dev_ws/install/ament_cppcheck:/home/user/microros_ws/firmware/dev_ws/install/ament_clang_tidy:/home/user/microros_ws/firmware/dev_ws/install/ament_clang_format _=/usr/bin/env /usr/bin/cmake --install /home/user/microros_ws/firmware/mcu_ws/build/rosidl_typesupport_interface
[0.693s] -- Install configuration: "Debug"
[0.699s] -- Up-to-date: /home/user/microros_ws/firmware/mcu_ws/install/share/ament_index/resource_index/package_run_dependencies/rosidl_typesupport_interface
[0.699s] -- Up-to-date: /home/user/microros_ws/firmware/mcu_ws/install/share/ament_index/resource_index/parent_prefix_path/rosidl_typesupport_interface
[0.699s] -- Up-to-date: /home/user/microros_ws/firmware/mcu_ws/install/share/rosidl_typesupport_interface/environment/ament_prefix_path.sh
[0.699s] -- Installing: /home/user/microros_ws/firmware/mcu_ws/install/share/rosidl_typesupport_interface/environment/ament_prefix_path.dsv
[0.699s] -- Up-to-date: /home/user/microros_ws/firmware/mcu_ws/install/share/rosidl_typesupport_interface/environment/path.sh
[0.699s] -- Installing: /home/user/microros_ws/firmware/mcu_ws/install/share/rosidl_typesupport_interface/environment/path.dsv
[0.699s] -- Up-to-date: /home/user/microros_ws/firmware/mcu_ws/install/share/rosidl_typesupport_interface/local_setup.bash
[0.700s] -- Up-to-date: /home/user/microros_ws/firmware/mcu_ws/install/share/rosidl_typesupport_interface/local_setup.sh
[0.700s] -- Up-to-date: /home/user/microros_ws/firmware/mcu_ws/install/share/rosidl_typesupport_interface/local_setup.zsh
[0.700s] -- Installing: /home/user/microros_ws/firmware/mcu_ws/install/share/rosidl_typesupport_interface/local_setup.dsv
[0.700s] -- Installing: /home/user/microros_ws/firmware/mcu_ws/install/share/rosidl_typesupport_interface/package.dsv
[0.700s] -- Up-to-date: /home/user/microros_ws/firmware/mcu_ws/install/share/ament_index/resource_index/packages/rosidl_typesupport_interface
[0.700s] -- Up-to-date: /home/user/microros_ws/firmware/mcu_ws/install/share/rosidl_typesupport_interface/cmake/rosidl_typesupport_interfaceExport.cmake
[0.700s] -- Up-to-date: /home/user/microros_ws/firmware/mcu_ws/install/share/rosidl_typesupport_interface/cmake/ament_cmake_export_include_directories-extras.cmake
[0.700s] -- Up-to-date: /home/user/microros_ws/firmware/mcu_ws/install/share/rosidl_typesupport_interface/cmake/ament_cmake_export_targets-extras.cmake
[0.700s] -- Up-to-date: /home/user/microros_ws/firmware/mcu_ws/install/share/rosidl_typesupport_interface/cmake/rosidl_typesupport_interfaceConfig.cmake
[0.707s] -- Up-to-date: /home/user/microros_ws/firmware/mcu_ws/install/share/rosidl_typesupport_interface/cmake/rosidl_typesupport_interfaceConfig-version.cmake
[0.708s] -- Up-to-date: /home/user/microros_ws/firmware/mcu_ws/install/share/rosidl_typesupport_interface/package.xml
[0.708s] -- Up-to-date: /home/user/microros_ws/firmware/mcu_ws/install/include/rosidl_typesupport_interface
[0.708s] -- Up-to-date: /home/user/microros_ws/firmware/mcu_ws/install/include/rosidl_typesupport_interface/rosidl_typesupport_interface
[0.708s] -- Up-to-date: /home/user/microros_ws/firmware/mcu_ws/install/include/rosidl_typesupport_interface/rosidl_typesupport_interface/macros.h
[0.927s] Invoked command in '/home/user/microros_ws/firmware/mcu_ws/build/rosidl_typesupport_interface' returned '0': CMAKE_PREFIX_PATH=${CMAKE_PREFIX_PATH}:/home/user/microros_ws/firmware/dev_ws/install/ament_uncrustify:/home/user/microros_ws/firmware/dev_ws/install/domain_coordinator:/home/user/microros_ws/firmware/dev_ws/install/ament_xmllint:/home/user/microros_ws/firmware/dev_ws/install/ament_pyflakes:/home/user/microros_ws/firmware/dev_ws/install/ament_pycodestyle:/home/user/microros_ws/firmware/dev_ws/install/ament_pep257:/home/user/microros_ws/firmware/dev_ws/install/ament_pclint:/home/user/microros_ws/firmware/dev_ws/install/ament_package:/home/user/microros_ws/firmware/dev_ws/install/ament_mypy:/home/user/microros_ws/firmware/dev_ws/install/ament_lint_cmake:/home/user/microros_ws/firmware/dev_ws/install/ament_flake8:/home/user/microros_ws/firmware/dev_ws/install/ament_copyright:/home/user/microros_ws/firmware/dev_ws/install/ament_lint:/home/user/microros_ws/firmware/dev_ws/install/ament_index_python:/home/user/microros_ws/firmware/dev_ws/install/ament_cpplint:/home/user/microros_ws/firmware/dev_ws/install/ament_cppcheck:/home/user/microros_ws/firmware/dev_ws/install/ament_clang_tidy:/home/user/microros_ws/firmware/dev_ws/install/ament_clang_format _=/usr/bin/env /usr/bin/cmake --install /home/user/microros_ws/firmware/mcu_ws/build/rosidl_typesupport_interface
