[17.740s] Invoking command in '/home/user/ros2_ws/src/teleop_control_node': PYTHONPATH=/home/user/ros2_ws/build/teleop_control_node/prefix_override:/usr/lib/python3/dist-packages/colcon_core/task/python/colcon_distutils_commands:/home/user/ros2_ws/install/teleop_control_node/lib/python3.10/site-packages:${PYTHONPATH} _=/usr/bin/env /usr/bin/python3 -W ignore:setup.py install is deprecated -W ignore:easy_install command is deprecated setup.py egg_info --egg-base ../../build/teleop_control_node build --build-base /home/user/ros2_ws/build/teleop_control_node/build install --record /home/user/ros2_ws/build/teleop_control_node/install.log --single-version-externally-managed install_data
[17.938s] /usr/local/lib/python3.10/dist-packages/setuptools/_distutils/dist.py:289: UserWarning: Unknown distribution option: 'tests_require'
[17.938s]   warnings.warn(msg)
[18.050s] running egg_info
[18.070s] creating ../../build/teleop_control_node/teleop_control_node.egg-info
[18.070s] writing ../../build/teleop_control_node/teleop_control_node.egg-info/PKG-INFO
[18.070s] writing dependency_links to ../../build/teleop_control_node/teleop_control_node.egg-info/dependency_links.txt
[18.070s] writing entry points to ../../build/teleop_control_node/teleop_control_node.egg-info/entry_points.txt
[18.071s] writing requirements to ../../build/teleop_control_node/teleop_control_node.egg-info/requires.txt
[18.071s] writing top-level names to ../../build/teleop_control_node/teleop_control_node.egg-info/top_level.txt
[18.071s] writing manifest file '../../build/teleop_control_node/teleop_control_node.egg-info/SOURCES.txt'
[18.109s] reading manifest file '../../build/teleop_control_node/teleop_control_node.egg-info/SOURCES.txt'
[18.110s] writing manifest file '../../build/teleop_control_node/teleop_control_node.egg-info/SOURCES.txt'
[18.110s] running build
[18.110s] running build_py
[18.110s] creating /home/user/ros2_ws/build/teleop_control_node/build/lib/teleop_control_node
[18.110s] copying teleop_control_node/__init__.py -> /home/user/ros2_ws/build/teleop_control_node/build/lib/teleop_control_node
[18.111s] copying teleop_control_node/teleop_control.py -> /home/user/ros2_ws/build/teleop_control_node/build/lib/teleop_control_node
[18.111s] running install
[18.116s] running install_lib
[18.133s] creating /home/user/ros2_ws/install/teleop_control_node/lib/python3.10/site-packages/teleop_control_node
[18.134s] copying /home/user/ros2_ws/build/teleop_control_node/build/lib/teleop_control_node/__init__.py -> /home/user/ros2_ws/install/teleop_control_node/lib/python3.10/site-packages/teleop_control_node
[18.134s] copying /home/user/ros2_ws/build/teleop_control_node/build/lib/teleop_control_node/teleop_control.py -> /home/user/ros2_ws/install/teleop_control_node/lib/python3.10/site-packages/teleop_control_node
[18.135s] byte-compiling /home/user/ros2_ws/install/teleop_control_node/lib/python3.10/site-packages/teleop_control_node/__init__.py to __init__.cpython-310.pyc
[18.135s] byte-compiling /home/user/ros2_ws/install/teleop_control_node/lib/python3.10/site-packages/teleop_control_node/teleop_control.py to teleop_control.cpython-310.pyc
[18.136s] running install_data
[18.136s] creating /home/user/ros2_ws/install/teleop_control_node/share/ament_index/resource_index/packages
[18.136s] copying resource/teleop_control_node -> /home/user/ros2_ws/install/teleop_control_node/share/ament_index/resource_index/packages
[18.136s] copying package.xml -> /home/user/ros2_ws/install/teleop_control_node/share/teleop_control_node
[18.136s] running install_egg_info
[18.156s] Copying ../../build/teleop_control_node/teleop_control_node.egg-info to /home/user/ros2_ws/install/teleop_control_node/lib/python3.10/site-packages/teleop_control_node-0.0.0-py3.10.egg-info
[18.158s] running install_scripts
[18.337s] Installing teleop_control script to /home/user/ros2_ws/install/teleop_control_node/lib/teleop_control_node
[18.337s] writing list of installed files to '/home/user/ros2_ws/build/teleop_control_node/install.log'
[18.387s] Invoked command in '/home/user/ros2_ws/src/teleop_control_node' returned '0': PYTHONPATH=/home/user/ros2_ws/build/teleop_control_node/prefix_override:/usr/lib/python3/dist-packages/colcon_core/task/python/colcon_distutils_commands:/home/user/ros2_ws/install/teleop_control_node/lib/python3.10/site-packages:${PYTHONPATH} _=/usr/bin/env /usr/bin/python3 -W ignore:setup.py install is deprecated -W ignore:easy_install command is deprecated setup.py egg_info --egg-base ../../build/teleop_control_node build --build-base /home/user/ros2_ws/build/teleop_control_node/build install --record /home/user/ros2_ws/build/teleop_control_node/install.log --single-version-externally-managed install_data
