[1.667s] Invoking command in '/home/user/ros2_ws/src/pong_reply_node': PYTHONPATH=/home/user/ros2_ws/build/pong_reply_node/prefix_override:/usr/lib/python3/dist-packages/colcon_core/task/python/colcon_distutils_commands:/home/user/ros2_ws/install/pong_reply_node/lib/python3.10/site-packages:${PYTHONPATH} _=/usr/bin/env /usr/bin/python3 -W ignore:setup.py install is deprecated -W ignore:easy_install command is deprecated setup.py egg_info --egg-base ../../build/pong_reply_node build --build-base /home/user/ros2_ws/build/pong_reply_node/build install --record /home/user/ros2_ws/build/pong_reply_node/install.log --single-version-externally-managed install_data
[1.858s] /usr/local/lib/python3.10/dist-packages/setuptools/_distutils/dist.py:289: UserWarning: Unknown distribution option: 'tests_require'
[1.858s]   warnings.warn(msg)
[1.972s] running egg_info
[1.991s] writing ../../build/pong_reply_node/pong_reply_node.egg-info/PKG-INFO
[1.991s] writing dependency_links to ../../build/pong_reply_node/pong_reply_node.egg-info/dependency_links.txt
[1.991s] writing entry points to ../../build/pong_reply_node/pong_reply_node.egg-info/entry_points.txt
[1.992s] writing requirements to ../../build/pong_reply_node/pong_reply_node.egg-info/requires.txt
[1.992s] writing top-level names to ../../build/pong_reply_node/pong_reply_node.egg-info/top_level.txt
[2.031s] reading manifest file '../../build/pong_reply_node/pong_reply_node.egg-info/SOURCES.txt'
[2.032s] writing manifest file '../../build/pong_reply_node/pong_reply_node.egg-info/SOURCES.txt'
[2.032s] running build
[2.032s] running build_py
[2.033s] running install
[2.037s] running install_lib
[2.057s] running install_data
[2.057s] running install_egg_info
[2.077s] removing '/home/user/ros2_ws/install/pong_reply_node/lib/python3.10/site-packages/pong_reply_node-0.0.0-py3.10.egg-info' (and everything under it)
[2.077s] Copying ../../build/pong_reply_node/pong_reply_node.egg-info to /home/user/ros2_ws/install/pong_reply_node/lib/python3.10/site-packages/pong_reply_node-0.0.0-py3.10.egg-info
[2.078s] running install_scripts
[2.248s] Installing pong script to /home/user/ros2_ws/install/pong_reply_node/lib/pong_reply_node
[2.249s] writing list of installed files to '/home/user/ros2_ws/build/pong_reply_node/install.log'
[2.287s] Invoked command in '/home/user/ros2_ws/src/pong_reply_node' returned '0': PYTHONPATH=/home/user/ros2_ws/build/pong_reply_node/prefix_override:/usr/lib/python3/dist-packages/colcon_core/task/python/colcon_distutils_commands:/home/user/ros2_ws/install/pong_reply_node/lib/python3.10/site-packages:${PYTHONPATH} _=/usr/bin/env /usr/bin/python3 -W ignore:setup.py install is deprecated -W ignore:easy_install command is deprecated setup.py egg_info --egg-base ../../build/pong_reply_node build --build-base /home/user/ros2_ws/build/pong_reply_node/build install --record /home/user/ros2_ws/build/pong_reply_node/install.log --single-version-externally-managed install_data
