[0.278s] Invoking command in '/home/user/microros_ws/firmware/mcu_ws/build/libyaml_vendor': CMAKE_PREFIX_PATH=${CMAKE_PREFIX_PATH}:/home/user/microros_ws/firmware/dev_ws/install/ament_uncrustify:/home/user/microros_ws/firmware/dev_ws/install/domain_coordinator:/home/user/microros_ws/firmware/dev_ws/install/ament_xmllint:/home/user/microros_ws/firmware/dev_ws/install/ament_pyflakes:/home/user/microros_ws/firmware/dev_ws/install/ament_pycodestyle:/home/user/microros_ws/firmware/dev_ws/install/ament_pep257:/home/user/microros_ws/firmware/dev_ws/install/ament_pclint:/home/user/microros_ws/firmware/dev_ws/install/ament_package:/home/user/microros_ws/firmware/dev_ws/install/ament_mypy:/home/user/microros_ws/firmware/dev_ws/install/ament_lint_cmake:/home/user/microros_ws/firmware/dev_ws/install/ament_flake8:/home/user/microros_ws/firmware/dev_ws/install/ament_copyright:/home/user/microros_ws/firmware/dev_ws/install/ament_lint:/home/user/microros_ws/firmware/dev_ws/install/ament_index_python:/home/user/microros_ws/firmware/dev_ws/install/ament_cpplint:/home/user/microros_ws/firmware/dev_ws/install/ament_cppcheck:/home/user/microros_ws/firmware/dev_ws/install/ament_clang_tidy:/home/user/microros_ws/firmware/dev_ws/install/ament_clang_format _=/usr/bin/env /usr/bin/cmake --build /home/user/microros_ws/firmware/mcu_ws/build/libyaml_vendor -- -j8 -l8
[0.295s] gmake[4]: Entering directory '/home/user/microros_ws/firmware/mcu_ws/build/libyaml_vendor'
[0.295s] /usr/bin/cmake -S/home/user/microros_ws/firmware/mcu_ws/ros2/libyaml_vendor -B/home/user/microros_ws/firmware/mcu_ws/build/libyaml_vendor --check-build-system CMakeFiles/Makefile.cmake 0
[0.314s] Re-run cmake file: Makefile older than: /home/user/microros_ws/firmware/freertos_apps/microros_esp32_extensions/esp32_toolchain.cmake
[0.319s] -- Found ament_cmake: 1.3.11 (/home/user/microros_ws/firmware/dev_ws/install/ament_cmake/share/ament_cmake/cmake)
[0.613s] -- Configuring done
[0.620s] -- Generating done
[0.625s] -- Build files have been written to: /home/user/microros_ws/firmware/mcu_ws/build/libyaml_vendor
[0.629s] /usr/bin/cmake -E cmake_progress_start /home/user/microros_ws/firmware/mcu_ws/build/libyaml_vendor/CMakeFiles /home/user/microros_ws/firmware/mcu_ws/build/libyaml_vendor//CMakeFiles/progress.marks
[0.642s] /usr/bin/gmake  -f CMakeFiles/Makefile2 all
[0.644s] gmake[5]: Entering directory '/home/user/microros_ws/firmware/mcu_ws/build/libyaml_vendor'
[0.644s] /usr/bin/gmake  -f CMakeFiles/libyaml-0.2.5.dir/build.make CMakeFiles/libyaml-0.2.5.dir/depend
[0.645s] gmake[6]: Entering directory '/home/user/microros_ws/firmware/mcu_ws/build/libyaml_vendor'
[0.646s] cd /home/user/microros_ws/firmware/mcu_ws/build/libyaml_vendor && /usr/bin/cmake -E cmake_depends "Unix Makefiles" /home/user/microros_ws/firmware/mcu_ws/ros2/libyaml_vendor /home/user/microros_ws/firmware/mcu_ws/ros2/libyaml_vendor /home/user/microros_ws/firmware/mcu_ws/build/libyaml_vendor /home/user/microros_ws/firmware/mcu_ws/build/libyaml_vendor /home/user/microros_ws/firmware/mcu_ws/build/libyaml_vendor/CMakeFiles/libyaml-0.2.5.dir/DependInfo.cmake --color=
[0.658s] gmake[6]: Leaving directory '/home/user/microros_ws/firmware/mcu_ws/build/libyaml_vendor'
[0.658s] /usr/bin/gmake  -f CMakeFiles/libyaml-0.2.5.dir/build.make CMakeFiles/libyaml-0.2.5.dir/build
[0.659s] gmake[6]: Entering directory '/home/user/microros_ws/firmware/mcu_ws/build/libyaml_vendor'
[0.659s] gmake[6]: Nothing to be done for 'CMakeFiles/libyaml-0.2.5.dir/build'.
[0.659s] gmake[6]: Leaving directory '/home/user/microros_ws/firmware/mcu_ws/build/libyaml_vendor'
[0.669s] [100%] Built target libyaml-0.2.5
[0.670s] gmake[5]: Leaving directory '/home/user/microros_ws/firmware/mcu_ws/build/libyaml_vendor'
[0.670s] /usr/bin/cmake -E cmake_progress_start /home/user/microros_ws/firmware/mcu_ws/build/libyaml_vendor/CMakeFiles 0
[0.678s] gmake[4]: Leaving directory '/home/user/microros_ws/firmware/mcu_ws/build/libyaml_vendor'
[0.703s] Invoked command in '/home/user/microros_ws/firmware/mcu_ws/build/libyaml_vendor' returned '0': CMAKE_PREFIX_PATH=${CMAKE_PREFIX_PATH}:/home/user/microros_ws/firmware/dev_ws/install/ament_uncrustify:/home/user/microros_ws/firmware/dev_ws/install/domain_coordinator:/home/user/microros_ws/firmware/dev_ws/install/ament_xmllint:/home/user/microros_ws/firmware/dev_ws/install/ament_pyflakes:/home/user/microros_ws/firmware/dev_ws/install/ament_pycodestyle:/home/user/microros_ws/firmware/dev_ws/install/ament_pep257:/home/user/microros_ws/firmware/dev_ws/install/ament_pclint:/home/user/microros_ws/firmware/dev_ws/install/ament_package:/home/user/microros_ws/firmware/dev_ws/install/ament_mypy:/home/user/microros_ws/firmware/dev_ws/install/ament_lint_cmake:/home/user/microros_ws/firmware/dev_ws/install/ament_flake8:/home/user/microros_ws/firmware/dev_ws/install/ament_copyright:/home/user/microros_ws/firmware/dev_ws/install/ament_lint:/home/user/microros_ws/firmware/dev_ws/install/ament_index_python:/home/user/microros_ws/firmware/dev_ws/install/ament_cpplint:/home/user/microros_ws/firmware/dev_ws/install/ament_cppcheck:/home/user/microros_ws/firmware/dev_ws/install/ament_clang_tidy:/home/user/microros_ws/firmware/dev_ws/install/ament_clang_format _=/usr/bin/env /usr/bin/cmake --build /home/user/microros_ws/firmware/mcu_ws/build/libyaml_vendor -- -j8 -l8
[0.706s] Invoking command in '/home/user/microros_ws/firmware/mcu_ws/build/libyaml_vendor': CMAKE_PREFIX_PATH=${CMAKE_PREFIX_PATH}:/home/user/microros_ws/firmware/dev_ws/install/ament_uncrustify:/home/user/microros_ws/firmware/dev_ws/install/domain_coordinator:/home/user/microros_ws/firmware/dev_ws/install/ament_xmllint:/home/user/microros_ws/firmware/dev_ws/install/ament_pyflakes:/home/user/microros_ws/firmware/dev_ws/install/ament_pycodestyle:/home/user/microros_ws/firmware/dev_ws/install/ament_pep257:/home/user/microros_ws/firmware/dev_ws/install/ament_pclint:/home/user/microros_ws/firmware/dev_ws/install/ament_package:/home/user/microros_ws/firmware/dev_ws/install/ament_mypy:/home/user/microros_ws/firmware/dev_ws/install/ament_lint_cmake:/home/user/microros_ws/firmware/dev_ws/install/ament_flake8:/home/user/microros_ws/firmware/dev_ws/install/ament_copyright:/home/user/microros_ws/firmware/dev_ws/install/ament_lint:/home/user/microros_ws/firmware/dev_ws/install/ament_index_python:/home/user/microros_ws/firmware/dev_ws/install/ament_cpplint:/home/user/microros_ws/firmware/dev_ws/install/ament_cppcheck:/home/user/microros_ws/firmware/dev_ws/install/ament_clang_tidy:/home/user/microros_ws/firmware/dev_ws/install/ament_clang_format _=/usr/bin/env /usr/bin/cmake --install /home/user/microros_ws/firmware/mcu_ws/build/libyaml_vendor
[0.714s] -- Install configuration: "Debug"
[0.715s] -- Up-to-date: /home/user/microros_ws/firmware/mcu_ws/install
[0.716s] -- Up-to-date: /home/user/microros_ws/firmware/mcu_ws/install/lib
[0.716s] -- Up-to-date: /home/user/microros_ws/firmware/mcu_ws/install/lib/libyaml.a
[0.716s] -- Up-to-date: /home/user/microros_ws/firmware/mcu_ws/install/include
[0.716s] -- Up-to-date: /home/user/microros_ws/firmware/mcu_ws/install/include/libyaml_vendor
[0.716s] -- Up-to-date: /home/user/microros_ws/firmware/mcu_ws/install/include/libyaml_vendor/yaml.h
[0.716s] -- Up-to-date: /home/user/microros_ws/firmware/mcu_ws/install/cmake
[0.716s] -- Up-to-date: /home/user/microros_ws/firmware/mcu_ws/install/cmake/yamlConfig.cmake
[0.717s] -- Up-to-date: /home/user/microros_ws/firmware/mcu_ws/install/cmake/yamlTargets.cmake
[0.718s] -- Up-to-date: /home/user/microros_ws/firmware/mcu_ws/install/cmake/yamlTargets-debug.cmake
[0.718s] -- Up-to-date: /home/user/microros_ws/firmware/mcu_ws/install/cmake/yamlConfigVersion.cmake
[0.718s] -- Up-to-date: /home/user/microros_ws/firmware/mcu_ws/install/share/libyaml_vendor/environment/library_path.sh
[0.718s] -- Installing: /home/user/microros_ws/firmware/mcu_ws/install/share/libyaml_vendor/environment/library_path.dsv
[0.718s] -- Up-to-date: /home/user/microros_ws/firmware/mcu_ws/install/share/ament_index/resource_index/package_run_dependencies/libyaml_vendor
[0.719s] -- Up-to-date: /home/user/microros_ws/firmware/mcu_ws/install/share/ament_index/resource_index/parent_prefix_path/libyaml_vendor
[0.719s] -- Up-to-date: /home/user/microros_ws/firmware/mcu_ws/install/share/libyaml_vendor/environment/ament_prefix_path.sh
[0.719s] -- Installing: /home/user/microros_ws/firmware/mcu_ws/install/share/libyaml_vendor/environment/ament_prefix_path.dsv
[0.720s] -- Up-to-date: /home/user/microros_ws/firmware/mcu_ws/install/share/libyaml_vendor/environment/path.sh
[0.720s] -- Installing: /home/user/microros_ws/firmware/mcu_ws/install/share/libyaml_vendor/environment/path.dsv
[0.720s] -- Up-to-date: /home/user/microros_ws/firmware/mcu_ws/install/share/libyaml_vendor/local_setup.bash
[0.720s] -- Up-to-date: /home/user/microros_ws/firmware/mcu_ws/install/share/libyaml_vendor/local_setup.sh
[0.723s] -- Up-to-date: /home/user/microros_ws/firmware/mcu_ws/install/share/libyaml_vendor/local_setup.zsh
[0.723s] -- Installing: /home/user/microros_ws/firmware/mcu_ws/install/share/libyaml_vendor/local_setup.dsv
[0.723s] -- Installing: /home/user/microros_ws/firmware/mcu_ws/install/share/libyaml_vendor/package.dsv
[0.723s] -- Up-to-date: /home/user/microros_ws/firmware/mcu_ws/install/share/ament_index/resource_index/packages/libyaml_vendor
[0.723s] -- Up-to-date: /home/user/microros_ws/firmware/mcu_ws/install/share/libyaml_vendor/cmake/libyaml_vendor-extras.cmake
[0.723s] -- Up-to-date: /home/user/microros_ws/firmware/mcu_ws/install/share/libyaml_vendor/cmake/ament_cmake_export_libraries-extras.cmake
[0.723s] -- Up-to-date: /home/user/microros_ws/firmware/mcu_ws/install/share/libyaml_vendor/cmake/ament_cmake_export_dependencies-extras.cmake
[0.723s] -- Up-to-date: /home/user/microros_ws/firmware/mcu_ws/install/share/libyaml_vendor/cmake/libyaml_vendorConfig.cmake
[0.723s] -- Up-to-date: /home/user/microros_ws/firmware/mcu_ws/install/share/libyaml_vendor/cmake/libyaml_vendorConfig-version.cmake
[0.724s] -- Up-to-date: /home/user/microros_ws/firmware/mcu_ws/install/share/libyaml_vendor/package.xml
[0.729s] Invoked command in '/home/user/microros_ws/firmware/mcu_ws/build/libyaml_vendor' returned '0': CMAKE_PREFIX_PATH=${CMAKE_PREFIX_PATH}:/home/user/microros_ws/firmware/dev_ws/install/ament_uncrustify:/home/user/microros_ws/firmware/dev_ws/install/domain_coordinator:/home/user/microros_ws/firmware/dev_ws/install/ament_xmllint:/home/user/microros_ws/firmware/dev_ws/install/ament_pyflakes:/home/user/microros_ws/firmware/dev_ws/install/ament_pycodestyle:/home/user/microros_ws/firmware/dev_ws/install/ament_pep257:/home/user/microros_ws/firmware/dev_ws/install/ament_pclint:/home/user/microros_ws/firmware/dev_ws/install/ament_package:/home/user/microros_ws/firmware/dev_ws/install/ament_mypy:/home/user/microros_ws/firmware/dev_ws/install/ament_lint_cmake:/home/user/microros_ws/firmware/dev_ws/install/ament_flake8:/home/user/microros_ws/firmware/dev_ws/install/ament_copyright:/home/user/microros_ws/firmware/dev_ws/install/ament_lint:/home/user/microros_ws/firmware/dev_ws/install/ament_index_python:/home/user/microros_ws/firmware/dev_ws/install/ament_cpplint:/home/user/microros_ws/firmware/dev_ws/install/ament_cppcheck:/home/user/microros_ws/firmware/dev_ws/install/ament_clang_tidy:/home/user/microros_ws/firmware/dev_ws/install/ament_clang_format _=/usr/bin/env /usr/bin/cmake --install /home/user/microros_ws/firmware/mcu_ws/build/libyaml_vendor
