[0.959s] Invoking command in '/home/user/microros_ws/firmware/mcu_ws/uros/tracetools/ros2trace': AMENT_PREFIX_PATH=/home/user/microros_ws/firmware/mcu_ws/install:${AMENT_PREFIX_PATH} CMAKE_PREFIX_PATH=/home/user/microros_ws/firmware/mcu_ws/install:${CMAKE_PREFIX_PATH} PATH=/home/user/microros_ws/firmware/mcu_ws/install/bin:${PATH} PYTHONPATH=/home/user/microros_ws/firmware/mcu_ws/build/ros2trace/prefix_override:/home/user/microros_ws/firmware/toolchain/espressif/python_env/idf4.1_py3.10_env/lib/python3.10/site-packages/colcon_core/task/python/colcon_distutils_commands:/home/user/microros_ws/firmware/mcu_ws/install/lib/python3.10/site-packages:/home/user/microros_ws/firmware/mcu_ws/install/lib/python3.10/site-packages:${PYTHONPATH} _=/usr/bin/env /home/user/microros_ws/firmware/toolchain/espressif/python_env/idf4.1_py3.10_env/bin/python -W ignore:setup.py install is deprecated -W ignore:easy_install command is deprecated setup.py egg_info --egg-base ../../../build/ros2trace build --build-base /home/user/microros_ws/firmware/mcu_ws/build/ros2trace/build install --record /home/user/microros_ws/firmware/mcu_ws/build/ros2trace/install.log --single-version-externally-managed install_data
[1.193s] /home/user/microros_ws/firmware/toolchain/espressif/python_env/idf4.1_py3.10_env/lib/python3.10/site-packages/setuptools/_distutils/dist.py:289: UserWarning: Unknown distribution option: 'tests_require'
[1.193s]   warnings.warn(msg)
[1.264s] running egg_info
[1.276s] writing ../../../build/ros2trace/ros2trace.egg-info/PKG-INFO
[1.276s] writing dependency_links to ../../../build/ros2trace/ros2trace.egg-info/dependency_links.txt
[1.277s] writing entry points to ../../../build/ros2trace/ros2trace.egg-info/entry_points.txt
[1.277s] writing requirements to ../../../build/ros2trace/ros2trace.egg-info/requires.txt
[1.278s] writing top-level names to ../../../build/ros2trace/ros2trace.egg-info/top_level.txt
[1.303s] reading manifest file '../../../build/ros2trace/ros2trace.egg-info/SOURCES.txt'
[1.305s] writing manifest file '../../../build/ros2trace/ros2trace.egg-info/SOURCES.txt'
[1.305s] running build
[1.305s] running build_py
[1.306s] copying ros2trace/__init__.py -> /home/user/microros_ws/firmware/mcu_ws/build/ros2trace/build/lib/ros2trace
[1.306s] copying ros2trace/api/__init__.py -> /home/user/microros_ws/firmware/mcu_ws/build/ros2trace/build/lib/ros2trace/api
[1.307s] copying ros2trace/command/__init__.py -> /home/user/microros_ws/firmware/mcu_ws/build/ros2trace/build/lib/ros2trace/command
[1.307s] copying ros2trace/command/trace.py -> /home/user/microros_ws/firmware/mcu_ws/build/ros2trace/build/lib/ros2trace/command
[1.308s] running install
[1.316s] running install_lib
[1.329s] running install_data
[1.330s] copying package.xml -> /home/user/microros_ws/firmware/mcu_ws/install/share/ros2trace
[1.331s] copying resource/ros2trace -> /home/user/microros_ws/firmware/mcu_ws/install/share/ament_index/resource_index/packages
[1.331s] running install_egg_info
[1.343s] removing '/home/user/microros_ws/firmware/mcu_ws/install/lib/python3.10/site-packages/ros2trace-4.1.1-py3.10.egg-info' (and everything under it)
[1.344s] Copying ../../../build/ros2trace/ros2trace.egg-info to /home/user/microros_ws/firmware/mcu_ws/install/lib/python3.10/site-packages/ros2trace-4.1.1-py3.10.egg-info
[1.345s] running install_scripts
[1.419s] writing list of installed files to '/home/user/microros_ws/firmware/mcu_ws/build/ros2trace/install.log'
[1.455s] Invoked command in '/home/user/microros_ws/firmware/mcu_ws/uros/tracetools/ros2trace' returned '0': AMENT_PREFIX_PATH=/home/user/microros_ws/firmware/mcu_ws/install:${AMENT_PREFIX_PATH} CMAKE_PREFIX_PATH=/home/user/microros_ws/firmware/mcu_ws/install:${CMAKE_PREFIX_PATH} PATH=/home/user/microros_ws/firmware/mcu_ws/install/bin:${PATH} PYTHONPATH=/home/user/microros_ws/firmware/mcu_ws/build/ros2trace/prefix_override:/home/user/microros_ws/firmware/toolchain/espressif/python_env/idf4.1_py3.10_env/lib/python3.10/site-packages/colcon_core/task/python/colcon_distutils_commands:/home/user/microros_ws/firmware/mcu_ws/install/lib/python3.10/site-packages:/home/user/microros_ws/firmware/mcu_ws/install/lib/python3.10/site-packages:${PYTHONPATH} _=/usr/bin/env /home/user/microros_ws/firmware/toolchain/espressif/python_env/idf4.1_py3.10_env/bin/python -W ignore:setup.py install is deprecated -W ignore:easy_install command is deprecated setup.py egg_info --egg-base ../../../build/ros2trace build --build-base /home/user/microros_ws/firmware/mcu_ws/build/ros2trace/build install --record /home/user/microros_ws/firmware/mcu_ws/build/ros2trace/install.log --single-version-externally-managed install_data
