[10.200s] Invoking command in '/home/user/ros2_ws/src/pong_reply_node': PYTHONPATH=/home/user/ros2_ws/build/pong_reply_node/prefix_override:/usr/lib/python3/dist-packages/colcon_core/task/python/colcon_distutils_commands:/home/user/ros2_ws/install/pong_reply_node/lib/python3.10/site-packages:${PYTHONPATH} _=/usr/bin/env /usr/bin/python3 -W ignore:setup.py install is deprecated -W ignore:easy_install command is deprecated setup.py egg_info --egg-base ../../build/pong_reply_node build --build-base /home/user/ros2_ws/build/pong_reply_node/build install --record /home/user/ros2_ws/build/pong_reply_node/install.log --single-version-externally-managed install_data
[10.391s] /usr/local/lib/python3.10/dist-packages/setuptools/_distutils/dist.py:289: UserWarning: Unknown distribution option: 'tests_require'
[10.391s]   warnings.warn(msg)
[10.503s] running egg_info
[10.522s] creating ../../build/pong_reply_node/pong_reply_node.egg-info
[10.522s] writing ../../build/pong_reply_node/pong_reply_node.egg-info/PKG-INFO
[10.523s] writing dependency_links to ../../build/pong_reply_node/pong_reply_node.egg-info/dependency_links.txt
[10.523s] writing entry points to ../../build/pong_reply_node/pong_reply_node.egg-info/entry_points.txt
[10.523s] writing requirements to ../../build/pong_reply_node/pong_reply_node.egg-info/requires.txt
[10.523s] writing top-level names to ../../build/pong_reply_node/pong_reply_node.egg-info/top_level.txt
[10.523s] writing manifest file '../../build/pong_reply_node/pong_reply_node.egg-info/SOURCES.txt'
[10.562s] reading manifest file '../../build/pong_reply_node/pong_reply_node.egg-info/SOURCES.txt'
[10.563s] writing manifest file '../../build/pong_reply_node/pong_reply_node.egg-info/SOURCES.txt'
[10.563s] running build
[10.563s] running build_py
[10.563s] creating /home/user/ros2_ws/build/pong_reply_node/build/lib/pong_reply_node
[10.564s] copying pong_reply_node/__init__.py -> /home/user/ros2_ws/build/pong_reply_node/build/lib/pong_reply_node
[10.564s] copying pong_reply_node/pong.py -> /home/user/ros2_ws/build/pong_reply_node/build/lib/pong_reply_node
[10.564s] running install
[10.569s] running install_lib
[10.587s] creating /home/user/ros2_ws/install/pong_reply_node/lib/python3.10/site-packages/pong_reply_node
[10.587s] copying /home/user/ros2_ws/build/pong_reply_node/build/lib/pong_reply_node/__init__.py -> /home/user/ros2_ws/install/pong_reply_node/lib/python3.10/site-packages/pong_reply_node
[10.587s] copying /home/user/ros2_ws/build/pong_reply_node/build/lib/pong_reply_node/pong.py -> /home/user/ros2_ws/install/pong_reply_node/lib/python3.10/site-packages/pong_reply_node
[10.588s] byte-compiling /home/user/ros2_ws/install/pong_reply_node/lib/python3.10/site-packages/pong_reply_node/__init__.py to __init__.cpython-310.pyc
[10.589s] byte-compiling /home/user/ros2_ws/install/pong_reply_node/lib/python3.10/site-packages/pong_reply_node/pong.py to pong.cpython-310.pyc
[10.589s] running install_data
[10.589s] creating /home/user/ros2_ws/install/pong_reply_node/share/ament_index/resource_index/packages
[10.589s]   File "/home/user/ros2_ws/install/pong_reply_node/lib/python3.10/site-packages/pong_reply_node/pong.py", line 16
[10.589s]     response.data = f'pong  #{self.pong_count} to \"{msg.data}\""
[10.589s]                     ^
[10.589s] SyntaxError: unterminated string literal (detected at line 16)
[10.589s] 
[10.589s] copying resource/pong_reply_node -> /home/user/ros2_ws/install/pong_reply_node/share/ament_index/resource_index/packages
[10.589s] copying package.xml -> /home/user/ros2_ws/install/pong_reply_node/share/pong_reply_node
[10.590s] running install_egg_info
[10.608s] Copying ../../build/pong_reply_node/pong_reply_node.egg-info to /home/user/ros2_ws/install/pong_reply_node/lib/python3.10/site-packages/pong_reply_node-0.0.0-py3.10.egg-info
[10.609s] running install_scripts
[10.776s] Installing pong script to /home/user/ros2_ws/install/pong_reply_node/lib/pong_reply_node
[10.776s] writing list of installed files to '/home/user/ros2_ws/build/pong_reply_node/install.log'
[10.803s] Invoked command in '/home/user/ros2_ws/src/pong_reply_node' returned '0': PYTHONPATH=/home/user/ros2_ws/build/pong_reply_node/prefix_override:/usr/lib/python3/dist-packages/colcon_core/task/python/colcon_distutils_commands:/home/user/ros2_ws/install/pong_reply_node/lib/python3.10/site-packages:${PYTHONPATH} _=/usr/bin/env /usr/bin/python3 -W ignore:setup.py install is deprecated -W ignore:easy_install command is deprecated setup.py egg_info --egg-base ../../build/pong_reply_node build --build-base /home/user/ros2_ws/build/pong_reply_node/build install --record /home/user/ros2_ws/build/pong_reply_node/install.log --single-version-externally-managed install_data
