[0.188s] Invoking command in '/home/user/microros_ws/firmware/mcu_ws/build/unique_identifier_msgs': AMENT_PREFIX_PATH=/home/user/microros_ws/firmware/mcu_ws/install:${AMENT_PREFIX_PATH} CMAKE_PREFIX_PATH=/home/user/microros_ws/firmware/mcu_ws/install:/home/user/microros_ws/firmware/dev_ws/install/ament_lint_common:/home/user/microros_ws/firmware/dev_ws/install/ament_cmake_uncrustify:/home/user/microros_ws/firmware/dev_ws/install/uncrustify_vendor:/home/user/microros_ws/firmware/dev_ws/install/ament_cmake_ros:/home/user/microros_ws/firmware/dev_ws/install/ament_cmake_auto:/home/user/microros_ws/firmware/dev_ws/install/ament_cmake_gmock:/home/user/microros_ws/firmware/dev_ws/install/gmock_vendor:/home/user/microros_ws/firmware/dev_ws/install/ament_cmake_gtest:/home/user/microros_ws/firmware/dev_ws/install/gtest_vendor:/home/user/microros_ws/firmware/dev_ws/install/ament_cmake_xmllint:/home/user/microros_ws/firmware/dev_ws/install/ament_cmake_pyflakes:/home/user/microros_ws/firmware/dev_ws/install/ament_cmake_pycodestyle:/home/user/microros_ws/firmware/dev_ws/install/ament_cmake_pep257:/home/user/microros_ws/firmware/dev_ws/install/ament_cmake_pclint:/home/user/microros_ws/firmware/dev_ws/install/ament_lint_auto:/home/user/microros_ws/firmware/dev_ws/install/ament_cmake:/home/user/microros_ws/firmware/dev_ws/install/ament_cmake_version:/home/user/microros_ws/firmware/dev_ws/install/ament_cmake_vendor_package:/home/user/microros_ws/firmware/dev_ws/install/ament_cmake_pytest:/home/user/microros_ws/firmware/dev_ws/install/ament_cmake_nose:/home/user/microros_ws/firmware/dev_ws/install/ament_cmake_mypy:/home/user/microros_ws/firmware/dev_ws/install/ament_cmake_lint_cmake:/home/user/microros_ws/firmware/dev_ws/install/ament_cmake_google_benchmark:/home/user/microros_ws/firmware/dev_ws/install/ament_cmake_flake8:/home/user/microros_ws/firmware/dev_ws/install/ament_cmake_cpplint:/home/user/microros_ws/firmware/dev_ws/install/ament_cmake_cppcheck:/home/user/microros_ws/firmware/dev_ws/install/ament_cmake_copyright:/home/user/microros_ws/firmware/dev_ws/install/ament_cmake_clang_tidy:/home/user/microros_ws/firmware/dev_ws/install/ament_cmake_clang_format:/home/user/microros_ws/firmware/dev_ws/install/ament_cmake_test:/home/user/microros_ws/firmware/dev_ws/install/ament_cmake_target_dependencies:/home/user/microros_ws/firmware/dev_ws/install/ament_cmake_python:/home/user/microros_ws/firmware/dev_ws/install/ament_cmake_export_dependencies:/home/user/microros_ws/firmware/dev_ws/install/ament_cmake_libraries:/home/user/microros_ws/firmware/dev_ws/install/ament_cmake_include_directories:/home/user/microros_ws/firmware/dev_ws/install/ament_cmake_gen_version_h:/home/user/microros_ws/firmware/dev_ws/install/ament_cmake_export_targets:/home/user/microros_ws/firmware/dev_ws/install/ament_cmake_export_link_flags:/home/user/microros_ws/firmware/dev_ws/install/ament_cmake_export_interfaces:/home/user/microros_ws/firmware/dev_ws/install/ament_cmake_export_libraries:/home/user/microros_ws/firmware/dev_ws/install/ament_cmake_export_include_directories:/home/user/microros_ws/firmware/dev_ws/install/ament_cmake_export_definitions:/home/user/microros_ws/firmware/dev_ws/install/ament_cmake_core:/home/user/microros_ws/firmware/dev_ws/install/ament_index_cpp:/home/user/microros_ws/firmware/dev_ws/install/ament_uncrustify:/home/user/microros_ws/firmware/dev_ws/install/domain_coordinator:/home/user/microros_ws/firmware/dev_ws/install/ament_xmllint:/home/user/microros_ws/firmware/dev_ws/install/ament_pyflakes:/home/user/microros_ws/firmware/dev_ws/install/ament_pycodestyle:/home/user/microros_ws/firmware/dev_ws/install/ament_pep257:/home/user/microros_ws/firmware/dev_ws/install/ament_pclint:/home/user/microros_ws/firmware/dev_ws/install/ament_package:/home/user/microros_ws/firmware/dev_ws/install/ament_mypy:/home/user/microros_ws/firmware/dev_ws/install/ament_lint_cmake:/home/user/microros_ws/firmware/dev_ws/install/ament_flake8:/home/user/microros_ws/firmware/dev_ws/install/ament_copyright:/home/user/microros_ws/firmware/dev_ws/install/ament_lint:/home/user/microros_ws/firmware/dev_ws/install/ament_index_python:/home/user/microros_ws/firmware/dev_ws/install/ament_cpplint:/home/user/microros_ws/firmware/dev_ws/install/ament_cppcheck:/home/user/microros_ws/firmware/dev_ws/install/ament_clang_tidy:/home/user/microros_ws/firmware/dev_ws/install/ament_clang_format LD_LIBRARY_PATH=/home/user/microros_ws/firmware/mcu_ws/install/lib:${LD_LIBRARY_PATH} PATH=/home/user/microros_ws/firmware/mcu_ws/install/bin:${PATH} PYTHONPATH=/home/user/microros_ws/firmware/mcu_ws/install/lib/python3.10/site-packages:${PYTHONPATH} _=/usr/bin/env /usr/bin/cmake --build /home/user/microros_ws/firmware/mcu_ws/build/unique_identifier_msgs -- -j8 -l8
[0.202s] gmake[4]: Entering directory '/home/user/microros_ws/firmware/mcu_ws/build/unique_identifier_msgs'
[0.203s] /usr/bin/cmake -S/home/user/microros_ws/firmware/mcu_ws/ros2/unique_identifier_msgs -B/home/user/microros_ws/firmware/mcu_ws/build/unique_identifier_msgs --check-build-system CMakeFiles/Makefile.cmake 0
[0.210s] Re-run cmake file: Makefile older than: /home/user/microros_ws/firmware/freertos_apps/microros_esp32_extensions/esp32_toolchain.cmake
[0.214s] -- Found ament_cmake: 1.3.11 (/home/user/microros_ws/firmware/dev_ws/install/ament_cmake/share/ament_cmake/cmake)
[0.403s] -- Found rosidl_default_generators: 1.2.0 (/home/user/microros_ws/firmware/mcu_ws/install/share/rosidl_default_generators/cmake)
[0.414s] -- Using all available rosidl_typesupport_c: rosidl_typesupport_introspection_c;rosidl_typesupport_microxrcedds_c
[0.417s] -- Found rosidl_adapter: 3.1.6 (/home/user/microros_ws/firmware/mcu_ws/install/share/rosidl_adapter/cmake)
[0.434s] [33mCMake Warning at /home/user/microros_ws/firmware/mcu_ws/install/share/rcutils/cmake/ament_cmake_export_libraries-extras.cmake:116 (message):
[0.434s]   Package 'rcutils' exports library 'dl' which couldn't be found
[0.434s] Call Stack (most recent call first):
[0.434s]   /home/user/microros_ws/firmware/mcu_ws/install/share/rcutils/cmake/rcutilsConfig.cmake:41 (include)
[0.434s]   /home/user/microros_ws/firmware/mcu_ws/install/share/rosidl_runtime_c/cmake/ament_cmake_export_dependencies-extras.cmake:21 (find_package)
[0.434s]   /home/user/microros_ws/firmware/mcu_ws/install/share/rosidl_runtime_c/cmake/rosidl_runtime_cConfig.cmake:41 (include)
[0.434s]   /home/user/microros_ws/firmware/mcu_ws/install/share/rosidl_typesupport_introspection_c/cmake/ament_cmake_export_dependencies-extras.cmake:21 (find_package)
[0.434s]   /home/user/microros_ws/firmware/mcu_ws/install/share/rosidl_typesupport_introspection_c/cmake/rosidl_typesupport_introspection_cConfig.cmake:41 (include)
[0.435s]   /home/user/microros_ws/firmware/mcu_ws/install/share/rosidl_typesupport_c/cmake/rosidl_typesupport_c-extras.cmake:13 (find_package)
[0.435s]   /home/user/microros_ws/firmware/mcu_ws/install/share/rosidl_typesupport_c/cmake/rosidl_typesupport_cConfig.cmake:41 (include)
[0.435s]   /home/user/microros_ws/firmware/mcu_ws/install/share/rosidl_default_generators/cmake/rosidl_default_generators-extras.cmake:21 (find_package)
[0.435s]   /home/user/microros_ws/firmware/mcu_ws/install/share/rosidl_default_generators/cmake/rosidl_default_generatorsConfig.cmake:41 (include)
[0.435s]   CMakeLists.txt:15 (find_package)
[0.435s] 
[0.435s] [0m
[0.916s] -- Found ament_cmake_ros: 0.10.0 (/home/user/microros_ws/firmware/dev_ws/install/ament_cmake_ros/share/ament_cmake_ros/cmake)
[1.081s] -- Using all available rosidl_typesupport_c: rosidl_typesupport_introspection_c;rosidl_typesupport_microxrcedds_c
[1.088s] -- Configuring done
[1.102s] -- Generating done
[1.110s] -- Build files have been written to: /home/user/microros_ws/firmware/mcu_ws/build/unique_identifier_msgs
[1.115s] /usr/bin/cmake -E cmake_progress_start /home/user/microros_ws/firmware/mcu_ws/build/unique_identifier_msgs/CMakeFiles /home/user/microros_ws/firmware/mcu_ws/build/unique_identifier_msgs//CMakeFiles/progress.marks
[1.126s] /usr/bin/gmake  -f CMakeFiles/Makefile2 all
[1.128s] gmake[5]: Entering directory '/home/user/microros_ws/firmware/mcu_ws/build/unique_identifier_msgs'
[1.128s] /usr/bin/gmake  -f CMakeFiles/unique_identifier_msgs__rosidl_generator_c.dir/build.make CMakeFiles/unique_identifier_msgs__rosidl_generator_c.dir/depend
[1.131s] gmake[6]: Entering directory '/home/user/microros_ws/firmware/mcu_ws/build/unique_identifier_msgs'
[1.131s] cd /home/user/microros_ws/firmware/mcu_ws/build/unique_identifier_msgs && /usr/bin/cmake -E cmake_depends "Unix Makefiles" /home/user/microros_ws/firmware/mcu_ws/ros2/unique_identifier_msgs /home/user/microros_ws/firmware/mcu_ws/ros2/unique_identifier_msgs /home/user/microros_ws/firmware/mcu_ws/build/unique_identifier_msgs /home/user/microros_ws/firmware/mcu_ws/build/unique_identifier_msgs /home/user/microros_ws/firmware/mcu_ws/build/unique_identifier_msgs/CMakeFiles/unique_identifier_msgs__rosidl_generator_c.dir/DependInfo.cmake --color=
[1.151s] Dependencies file "CMakeFiles/unique_identifier_msgs__rosidl_generator_c.dir/rosidl_generator_c/unique_identifier_msgs/msg/detail/uuid__functions.c.obj.d" is newer than depends file "/home/user/microros_ws/firmware/mcu_ws/build/unique_identifier_msgs/CMakeFiles/unique_identifier_msgs__rosidl_generator_c.dir/compiler_depend.internal".
[1.153s] [35m[1mConsolidate compiler generated dependencies of target unique_identifier_msgs__rosidl_generator_c[0m
[1.156s] gmake[6]: Leaving directory '/home/user/microros_ws/firmware/mcu_ws/build/unique_identifier_msgs'
[1.156s] /usr/bin/gmake  -f CMakeFiles/unique_identifier_msgs__rosidl_generator_c.dir/build.make CMakeFiles/unique_identifier_msgs__rosidl_generator_c.dir/build
[1.158s] gmake[6]: Entering directory '/home/user/microros_ws/firmware/mcu_ws/build/unique_identifier_msgs'
[1.168s] [  8%] [32mBuilding C object CMakeFiles/unique_identifier_msgs__rosidl_generator_c.dir/rosidl_generator_c/unique_identifier_msgs/msg/detail/uuid__functions.c.obj[0m
[1.169s] /home/user/microros_ws/firmware/toolchain/espressif/tools/xtensa-esp32-elf/esp-2020r2-8.2.0/xtensa-esp32-elf/bin/xtensa-esp32-elf-gcc -DLWIP_IPV4 -DLWIP_IPV6 -DROS_PACKAGE_NAME=\"unique_identifier_msgs\" -I/home/user/microros_ws/firmware/freertos_apps/microros_esp32_extensions/build/config -I/home/user/microros_ws/firmware/toolchain/esp-idf/components/newlib/platform_include -I/home/user/microros_ws/firmware/toolchain/esp-idf/components/protocomm/include -I/home/user/microros_ws/firmware/toolchain/esp-idf/components/esp_rom/include -I/home/user/microros_ws/firmware/toolchain/esp-idf/components/driver/include -I/home/user/microros_ws/firmware/toolchain/esp-idf/components/wear_levelling/include -I/home/user/microros_ws/firmware/toolchain/esp-idf/components/vfs/include -I/home/user/microros_ws/firmware/toolchain/esp-idf/components/log/include -I/home/user/microros_ws/firmware/toolchain/esp-idf/components/freertos/include -I/home/user/microros_ws/firmware/toolchain/esp-idf/components/wifi_provisioning/include -I/home/user/microros_ws/firmware/toolchain/esp-idf/components/pthread/include -I/home/user/microros_ws/firmware/toolchain/esp-idf/components/libsodium/libsodium/src/libsodium/include -I/home/user/microros_ws/firmware/toolchain/esp-idf/components/coap/port/include -I/home/user/microros_ws/firmware/toolchain/esp-idf/components/coap/libcoap/include -I/home/user/microros_ws/firmware/toolchain/esp-idf/components/tcp_transport/include -I/home/user/microros_ws/firmware/toolchain/esp-idf/components/unity/include -I/home/user/microros_ws/firmware/toolchain/esp-idf/components/esp32/include -I/home/user/microros_ws/firmware/toolchain/esp-idf/components/asio/port/include -I/home/user/microros_ws/firmware/toolchain/esp-idf/components/asio/asio/asio/include -I/home/user/microros_ws/firmware/toolchain/esp-idf/components/app_update/include -I/home/user/microros_ws/firmware/toolchain/esp-idf/components/esp_ringbuf/include -I/home/user/microros_ws/firmware/toolchain/esp-idf/components/soc/esp32/include -I/home/user/microros_ws/firmware/toolchain/esp-idf/components/soc/include -I/home/user/microros_ws/firmware/toolchain/esp-idf/components/efuse/test/include -I/home/user/microros_ws/firmware/toolchain/esp-idf/components/efuse/esp32/include -I/home/user/microros_ws/firmware/toolchain/esp-idf/components/efuse/include -I/home/user/microros_ws/firmware/toolchain/esp-idf/components/mbedtls/port/include -I/home/user/microros_ws/firmware/toolchain/esp-idf/components/mbedtls/mbedtls/include -I/home/user/microros_ws/firmware/toolchain/esp-idf/components/xtensa/esp32/include -I/home/user/microros_ws/firmware/toolchain/esp-idf/components/xtensa/include -I/home/user/microros_ws/firmware/toolchain/esp-idf/components/app_trace/include -I/home/user/microros_ws/firmware/toolchain/esp-idf/components/nvs_flash/include -I/home/user/microros_ws/firmware/toolchain/esp-idf/components/jsmn/include -I/home/user/microros_ws/firmware/toolchain/esp-idf/components/esp_eth/include -I/home/user/microros_ws/firmware/toolchain/esp-idf/components/spiffs/include -I/home/user/microros_ws/firmware/toolchain/esp-idf/components/ulp/include -I/home/user/microros_ws/firmware/toolchain/esp-idf/components/mdns/include -I/home/user/microros_ws/firmware/toolchain/esp-idf/components/freemodbus/modbus/include -I/home/user/microros_ws/firmware/toolchain/esp-idf/components/freemodbus/common/include -I/home/user/microros_ws/firmware/toolchain/esp-idf/components/esp_event/include -I/home/user/microros_ws/firmware/toolchain/esp-idf/components/expat/port/include -I/home/user/microros_ws/firmware/toolchain/esp-idf/components/bootloader_support/include -I/home/user/microros_ws/firmware/toolchain/esp-idf/components/heap/include -I/home/user/microros_ws/firmware/toolchain/esp-idf/components/wpa_supplicant/port/include -I/home/user/microros_ws/firmware/toolchain/esp-idf/components/wpa_supplicant/include -I/home/user/microros_ws/firmware/toolchain/esp-idf/components/tcpip_adapter/include -I/home/user/microros_ws/firmware/toolchain/esp-idf/components/openssl/include -I/home/user/microros_ws/firmware/toolchain/esp-idf/components/sdmmc/include -I/home/user/microros_ws/firmware/toolchain/esp-idf/components/esp_local_ctrl/include -I/home/user/microros_ws/firmware/toolchain/esp-idf/components/esp_common/include -I/home/user/microros_ws/firmware/toolchain/esp-idf/components/lwip/lwip/src/include/lwip/apps -I/home/user/microros_ws/firmware/toolchain/esp-idf/components/lwip/lwip/src/include/compat/posix -I/home/user/microros_ws/firmware/toolchain/esp-idf/components/lwip/lwip/src/include -I/home/user/microros_ws/firmware/toolchain/esp-idf/components/lwip/port/esp32/include -I/home/user/microros_ws/firmware/mcu_ws/build/unique_identifier_msgs/rosidl_generator_c -isystem /home/user/microros_ws/firmware/mcu_ws/install/include/rosidl_runtime_c -isystem /home/user/microros_ws/firmware/mcu_ws/install/include/rcutils -isystem /home/user/microros_ws/firmware/mcu_ws/install/include/rosidl_typesupport_interface -mlongcalls -Wno-frame-address -mlongcalls -Wno-frame-address -g -Wall -std=gnu11 -MD -MT CMakeFiles/unique_identifier_msgs__rosidl_generator_c.dir/rosidl_generator_c/unique_identifier_msgs/msg/detail/uuid__functions.c.obj -MF CMakeFiles/unique_identifier_msgs__rosidl_generator_c.dir/rosidl_generator_c/unique_identifier_msgs/msg/detail/uuid__functions.c.obj.d -o CMakeFiles/unique_identifier_msgs__rosidl_generator_c.dir/rosidl_generator_c/unique_identifier_msgs/msg/detail/uuid__functions.c.obj -c /home/user/microros_ws/firmware/mcu_ws/build/unique_identifier_msgs/rosidl_generator_c/unique_identifier_msgs/msg/detail/uuid__functions.c
[1.247s] [ 16%] [32m[1mLinking C static library libunique_identifier_msgs__rosidl_generator_c.a[0m
[1.247s] /usr/bin/cmake -P CMakeFiles/unique_identifier_msgs__rosidl_generator_c.dir/cmake_clean_target.cmake
[1.269s] /usr/bin/cmake -E cmake_link_script CMakeFiles/unique_identifier_msgs__rosidl_generator_c.dir/link.txt --verbose=1
[1.271s] /home/user/microros_ws/firmware/toolchain/espressif/tools/xtensa-esp32-elf/esp-2020r2-8.2.0/xtensa-esp32-elf/bin/xtensa-esp32-elf-ar qc libunique_identifier_msgs__rosidl_generator_c.a CMakeFiles/unique_identifier_msgs__rosidl_generator_c.dir/rosidl_generator_c/unique_identifier_msgs/msg/detail/uuid__functions.c.obj
[1.286s] /home/user/microros_ws/firmware/toolchain/espressif/tools/xtensa-esp32-elf/esp-2020r2-8.2.0/xtensa-esp32-elf/bin/xtensa-esp32-elf-ranlib libunique_identifier_msgs__rosidl_generator_c.a
[1.287s] gmake[6]: Leaving directory '/home/user/microros_ws/firmware/mcu_ws/build/unique_identifier_msgs'
[1.303s] [ 25%] Built target unique_identifier_msgs__rosidl_generator_c
[1.304s] /usr/bin/gmake  -f CMakeFiles/unique_identifier_msgs__rosidl_typesupport_introspection_c.dir/build.make CMakeFiles/unique_identifier_msgs__rosidl_typesupport_introspection_c.dir/depend
[1.308s] /usr/bin/gmake  -f CMakeFiles/unique_identifier_msgs__rosidl_typesupport_microxrcedds_c.dir/build.make CMakeFiles/unique_identifier_msgs__rosidl_typesupport_microxrcedds_c.dir/depend
[1.310s] gmake[6]: Entering directory '/home/user/microros_ws/firmware/mcu_ws/build/unique_identifier_msgs'
[1.310s] cd /home/user/microros_ws/firmware/mcu_ws/build/unique_identifier_msgs && /usr/bin/cmake -E cmake_depends "Unix Makefiles" /home/user/microros_ws/firmware/mcu_ws/ros2/unique_identifier_msgs /home/user/microros_ws/firmware/mcu_ws/ros2/unique_identifier_msgs /home/user/microros_ws/firmware/mcu_ws/build/unique_identifier_msgs /home/user/microros_ws/firmware/mcu_ws/build/unique_identifier_msgs /home/user/microros_ws/firmware/mcu_ws/build/unique_identifier_msgs/CMakeFiles/unique_identifier_msgs__rosidl_typesupport_introspection_c.dir/DependInfo.cmake --color=
[1.311s] /usr/bin/gmake  -f CMakeFiles/unique_identifier_msgs__rosidl_typesupport_c.dir/build.make CMakeFiles/unique_identifier_msgs__rosidl_typesupport_c.dir/depend
[1.313s] gmake[6]: Entering directory '/home/user/microros_ws/firmware/mcu_ws/build/unique_identifier_msgs'
[1.313s] cd /home/user/microros_ws/firmware/mcu_ws/build/unique_identifier_msgs && /usr/bin/cmake -E cmake_depends "Unix Makefiles" /home/user/microros_ws/firmware/mcu_ws/ros2/unique_identifier_msgs /home/user/microros_ws/firmware/mcu_ws/ros2/unique_identifier_msgs /home/user/microros_ws/firmware/mcu_ws/build/unique_identifier_msgs /home/user/microros_ws/firmware/mcu_ws/build/unique_identifier_msgs /home/user/microros_ws/firmware/mcu_ws/build/unique_identifier_msgs/CMakeFiles/unique_identifier_msgs__rosidl_typesupport_microxrcedds_c.dir/DependInfo.cmake --color=
[1.313s] gmake[6]: Entering directory '/home/user/microros_ws/firmware/mcu_ws/build/unique_identifier_msgs'
[1.313s] cd /home/user/microros_ws/firmware/mcu_ws/build/unique_identifier_msgs && /usr/bin/cmake -E cmake_depends "Unix Makefiles" /home/user/microros_ws/firmware/mcu_ws/ros2/unique_identifier_msgs /home/user/microros_ws/firmware/mcu_ws/ros2/unique_identifier_msgs /home/user/microros_ws/firmware/mcu_ws/build/unique_identifier_msgs /home/user/microros_ws/firmware/mcu_ws/build/unique_identifier_msgs /home/user/microros_ws/firmware/mcu_ws/build/unique_identifier_msgs/CMakeFiles/unique_identifier_msgs__rosidl_typesupport_c.dir/DependInfo.cmake --color=
[1.320s] Dependencies file "CMakeFiles/unique_identifier_msgs__rosidl_typesupport_introspection_c.dir/rosidl_typesupport_introspection_c/unique_identifier_msgs/msg/detail/uuid__type_support.c.obj.d" is newer than depends file "/home/user/microros_ws/firmware/mcu_ws/build/unique_identifier_msgs/CMakeFiles/unique_identifier_msgs__rosidl_typesupport_introspection_c.dir/compiler_depend.internal".
[1.320s] [35m[1mConsolidate compiler generated dependencies of target unique_identifier_msgs__rosidl_typesupport_introspection_c[0m
[1.323s] gmake[6]: Leaving directory '/home/user/microros_ws/firmware/mcu_ws/build/unique_identifier_msgs'
[1.323s] /usr/bin/gmake  -f CMakeFiles/unique_identifier_msgs__rosidl_typesupport_introspection_c.dir/build.make CMakeFiles/unique_identifier_msgs__rosidl_typesupport_introspection_c.dir/build
[1.323s] Dependencies file "CMakeFiles/unique_identifier_msgs__rosidl_typesupport_microxrcedds_c.dir/rosidl_typesupport_microxrcedds_c/unique_identifier_msgs/msg/detail/microxrcedds/uuid__type_support_c.c.obj.d" is newer than depends file "/home/user/microros_ws/firmware/mcu_ws/build/unique_identifier_msgs/CMakeFiles/unique_identifier_msgs__rosidl_typesupport_microxrcedds_c.dir/compiler_depend.internal".
[1.323s] [35m[1mConsolidate compiler generated dependencies of target unique_identifier_msgs__rosidl_typesupport_microxrcedds_c[0m
[1.325s] gmake[6]: Leaving directory '/home/user/microros_ws/firmware/mcu_ws/build/unique_identifier_msgs'
[1.334s] /usr/bin/gmake  -f CMakeFiles/unique_identifier_msgs__rosidl_typesupport_microxrcedds_c.dir/build.make CMakeFiles/unique_identifier_msgs__rosidl_typesupport_microxrcedds_c.dir/build
[1.334s] Dependencies file "CMakeFiles/unique_identifier_msgs__rosidl_typesupport_c.dir/rosidl_typesupport_c/unique_identifier_msgs/msg/uuid__type_support.cpp.obj.d" is newer than depends file "/home/user/microros_ws/firmware/mcu_ws/build/unique_identifier_msgs/CMakeFiles/unique_identifier_msgs__rosidl_typesupport_c.dir/compiler_depend.internal".
[1.335s] [35m[1mConsolidate compiler generated dependencies of target unique_identifier_msgs__rosidl_typesupport_c[0m
[1.335s] gmake[6]: Leaving directory '/home/user/microros_ws/firmware/mcu_ws/build/unique_identifier_msgs'
[1.335s] gmake[6]: Entering directory '/home/user/microros_ws/firmware/mcu_ws/build/unique_identifier_msgs'
[1.335s] gmake[6]: Nothing to be done for 'CMakeFiles/unique_identifier_msgs__rosidl_typesupport_introspection_c.dir/build'.
[1.340s] gmake[6]: Leaving directory '/home/user/microros_ws/firmware/mcu_ws/build/unique_identifier_msgs'
[1.341s] /usr/bin/gmake  -f CMakeFiles/unique_identifier_msgs__rosidl_typesupport_c.dir/build.make CMakeFiles/unique_identifier_msgs__rosidl_typesupport_c.dir/build
[1.342s] gmake[6]: Entering directory '/home/user/microros_ws/firmware/mcu_ws/build/unique_identifier_msgs'
[1.342s] gmake[6]: Nothing to be done for 'CMakeFiles/unique_identifier_msgs__rosidl_typesupport_c.dir/build'.
[1.342s] gmake[6]: Leaving directory '/home/user/microros_ws/firmware/mcu_ws/build/unique_identifier_msgs'
[1.342s] gmake[6]: Entering directory '/home/user/microros_ws/firmware/mcu_ws/build/unique_identifier_msgs'
[1.343s] gmake[6]: Nothing to be done for 'CMakeFiles/unique_identifier_msgs__rosidl_typesupport_microxrcedds_c.dir/build'.
[1.343s] gmake[6]: Leaving directory '/home/user/microros_ws/firmware/mcu_ws/build/unique_identifier_msgs'
[1.359s] [ 50%] Built target unique_identifier_msgs__rosidl_typesupport_introspection_c
[1.370s] [ 75%] Built target unique_identifier_msgs__rosidl_typesupport_microxrcedds_c
[1.380s] [100%] Built target unique_identifier_msgs__rosidl_typesupport_c
[1.381s] /usr/bin/gmake  -f CMakeFiles/unique_identifier_msgs.dir/build.make CMakeFiles/unique_identifier_msgs.dir/depend
[1.382s] gmake[6]: Entering directory '/home/user/microros_ws/firmware/mcu_ws/build/unique_identifier_msgs'
[1.382s] cd /home/user/microros_ws/firmware/mcu_ws/build/unique_identifier_msgs && /usr/bin/cmake -E cmake_depends "Unix Makefiles" /home/user/microros_ws/firmware/mcu_ws/ros2/unique_identifier_msgs /home/user/microros_ws/firmware/mcu_ws/ros2/unique_identifier_msgs /home/user/microros_ws/firmware/mcu_ws/build/unique_identifier_msgs /home/user/microros_ws/firmware/mcu_ws/build/unique_identifier_msgs /home/user/microros_ws/firmware/mcu_ws/build/unique_identifier_msgs/CMakeFiles/unique_identifier_msgs.dir/DependInfo.cmake --color=
[1.407s] gmake[6]: Leaving directory '/home/user/microros_ws/firmware/mcu_ws/build/unique_identifier_msgs'
[1.407s] /usr/bin/gmake  -f CMakeFiles/unique_identifier_msgs.dir/build.make CMakeFiles/unique_identifier_msgs.dir/build
[1.420s] gmake[6]: Entering directory '/home/user/microros_ws/firmware/mcu_ws/build/unique_identifier_msgs'
[1.420s] gmake[6]: Nothing to be done for 'CMakeFiles/unique_identifier_msgs.dir/build'.
[1.421s] gmake[6]: Leaving directory '/home/user/microros_ws/firmware/mcu_ws/build/unique_identifier_msgs'
[1.437s] [100%] Built target unique_identifier_msgs
[1.437s] gmake[5]: Leaving directory '/home/user/microros_ws/firmware/mcu_ws/build/unique_identifier_msgs'
[1.438s] /usr/bin/cmake -E cmake_progress_start /home/user/microros_ws/firmware/mcu_ws/build/unique_identifier_msgs/CMakeFiles 0
[1.449s] gmake[4]: Leaving directory '/home/user/microros_ws/firmware/mcu_ws/build/unique_identifier_msgs'
[1.500s] Invoked command in '/home/user/microros_ws/firmware/mcu_ws/build/unique_identifier_msgs' returned '0': AMENT_PREFIX_PATH=/home/user/microros_ws/firmware/mcu_ws/install:${AMENT_PREFIX_PATH} CMAKE_PREFIX_PATH=/home/user/microros_ws/firmware/mcu_ws/install:/home/user/microros_ws/firmware/dev_ws/install/ament_lint_common:/home/user/microros_ws/firmware/dev_ws/install/ament_cmake_uncrustify:/home/user/microros_ws/firmware/dev_ws/install/uncrustify_vendor:/home/user/microros_ws/firmware/dev_ws/install/ament_cmake_ros:/home/user/microros_ws/firmware/dev_ws/install/ament_cmake_auto:/home/user/microros_ws/firmware/dev_ws/install/ament_cmake_gmock:/home/user/microros_ws/firmware/dev_ws/install/gmock_vendor:/home/user/microros_ws/firmware/dev_ws/install/ament_cmake_gtest:/home/user/microros_ws/firmware/dev_ws/install/gtest_vendor:/home/user/microros_ws/firmware/dev_ws/install/ament_cmake_xmllint:/home/user/microros_ws/firmware/dev_ws/install/ament_cmake_pyflakes:/home/user/microros_ws/firmware/dev_ws/install/ament_cmake_pycodestyle:/home/user/microros_ws/firmware/dev_ws/install/ament_cmake_pep257:/home/user/microros_ws/firmware/dev_ws/install/ament_cmake_pclint:/home/user/microros_ws/firmware/dev_ws/install/ament_lint_auto:/home/user/microros_ws/firmware/dev_ws/install/ament_cmake:/home/user/microros_ws/firmware/dev_ws/install/ament_cmake_version:/home/user/microros_ws/firmware/dev_ws/install/ament_cmake_vendor_package:/home/user/microros_ws/firmware/dev_ws/install/ament_cmake_pytest:/home/user/microros_ws/firmware/dev_ws/install/ament_cmake_nose:/home/user/microros_ws/firmware/dev_ws/install/ament_cmake_mypy:/home/user/microros_ws/firmware/dev_ws/install/ament_cmake_lint_cmake:/home/user/microros_ws/firmware/dev_ws/install/ament_cmake_google_benchmark:/home/user/microros_ws/firmware/dev_ws/install/ament_cmake_flake8:/home/user/microros_ws/firmware/dev_ws/install/ament_cmake_cpplint:/home/user/microros_ws/firmware/dev_ws/install/ament_cmake_cppcheck:/home/user/microros_ws/firmware/dev_ws/install/ament_cmake_copyright:/home/user/microros_ws/firmware/dev_ws/install/ament_cmake_clang_tidy:/home/user/microros_ws/firmware/dev_ws/install/ament_cmake_clang_format:/home/user/microros_ws/firmware/dev_ws/install/ament_cmake_test:/home/user/microros_ws/firmware/dev_ws/install/ament_cmake_target_dependencies:/home/user/microros_ws/firmware/dev_ws/install/ament_cmake_python:/home/user/microros_ws/firmware/dev_ws/install/ament_cmake_export_dependencies:/home/user/microros_ws/firmware/dev_ws/install/ament_cmake_libraries:/home/user/microros_ws/firmware/dev_ws/install/ament_cmake_include_directories:/home/user/microros_ws/firmware/dev_ws/install/ament_cmake_gen_version_h:/home/user/microros_ws/firmware/dev_ws/install/ament_cmake_export_targets:/home/user/microros_ws/firmware/dev_ws/install/ament_cmake_export_link_flags:/home/user/microros_ws/firmware/dev_ws/install/ament_cmake_export_interfaces:/home/user/microros_ws/firmware/dev_ws/install/ament_cmake_export_libraries:/home/user/microros_ws/firmware/dev_ws/install/ament_cmake_export_include_directories:/home/user/microros_ws/firmware/dev_ws/install/ament_cmake_export_definitions:/home/user/microros_ws/firmware/dev_ws/install/ament_cmake_core:/home/user/microros_ws/firmware/dev_ws/install/ament_index_cpp:/home/user/microros_ws/firmware/dev_ws/install/ament_uncrustify:/home/user/microros_ws/firmware/dev_ws/install/domain_coordinator:/home/user/microros_ws/firmware/dev_ws/install/ament_xmllint:/home/user/microros_ws/firmware/dev_ws/install/ament_pyflakes:/home/user/microros_ws/firmware/dev_ws/install/ament_pycodestyle:/home/user/microros_ws/firmware/dev_ws/install/ament_pep257:/home/user/microros_ws/firmware/dev_ws/install/ament_pclint:/home/user/microros_ws/firmware/dev_ws/install/ament_package:/home/user/microros_ws/firmware/dev_ws/install/ament_mypy:/home/user/microros_ws/firmware/dev_ws/install/ament_lint_cmake:/home/user/microros_ws/firmware/dev_ws/install/ament_flake8:/home/user/microros_ws/firmware/dev_ws/install/ament_copyright:/home/user/microros_ws/firmware/dev_ws/install/ament_lint:/home/user/microros_ws/firmware/dev_ws/install/ament_index_python:/home/user/microros_ws/firmware/dev_ws/install/ament_cpplint:/home/user/microros_ws/firmware/dev_ws/install/ament_cppcheck:/home/user/microros_ws/firmware/dev_ws/install/ament_clang_tidy:/home/user/microros_ws/firmware/dev_ws/install/ament_clang_format LD_LIBRARY_PATH=/home/user/microros_ws/firmware/mcu_ws/install/lib:${LD_LIBRARY_PATH} PATH=/home/user/microros_ws/firmware/mcu_ws/install/bin:${PATH} PYTHONPATH=/home/user/microros_ws/firmware/mcu_ws/install/lib/python3.10/site-packages:${PYTHONPATH} _=/usr/bin/env /usr/bin/cmake --build /home/user/microros_ws/firmware/mcu_ws/build/unique_identifier_msgs -- -j8 -l8
[1.505s] Invoking command in '/home/user/microros_ws/firmware/mcu_ws/build/unique_identifier_msgs': AMENT_PREFIX_PATH=/home/user/microros_ws/firmware/mcu_ws/install:${AMENT_PREFIX_PATH} CMAKE_PREFIX_PATH=/home/user/microros_ws/firmware/mcu_ws/install:/home/user/microros_ws/firmware/dev_ws/install/ament_lint_common:/home/user/microros_ws/firmware/dev_ws/install/ament_cmake_uncrustify:/home/user/microros_ws/firmware/dev_ws/install/uncrustify_vendor:/home/user/microros_ws/firmware/dev_ws/install/ament_cmake_ros:/home/user/microros_ws/firmware/dev_ws/install/ament_cmake_auto:/home/user/microros_ws/firmware/dev_ws/install/ament_cmake_gmock:/home/user/microros_ws/firmware/dev_ws/install/gmock_vendor:/home/user/microros_ws/firmware/dev_ws/install/ament_cmake_gtest:/home/user/microros_ws/firmware/dev_ws/install/gtest_vendor:/home/user/microros_ws/firmware/dev_ws/install/ament_cmake_xmllint:/home/user/microros_ws/firmware/dev_ws/install/ament_cmake_pyflakes:/home/user/microros_ws/firmware/dev_ws/install/ament_cmake_pycodestyle:/home/user/microros_ws/firmware/dev_ws/install/ament_cmake_pep257:/home/user/microros_ws/firmware/dev_ws/install/ament_cmake_pclint:/home/user/microros_ws/firmware/dev_ws/install/ament_lint_auto:/home/user/microros_ws/firmware/dev_ws/install/ament_cmake:/home/user/microros_ws/firmware/dev_ws/install/ament_cmake_version:/home/user/microros_ws/firmware/dev_ws/install/ament_cmake_vendor_package:/home/user/microros_ws/firmware/dev_ws/install/ament_cmake_pytest:/home/user/microros_ws/firmware/dev_ws/install/ament_cmake_nose:/home/user/microros_ws/firmware/dev_ws/install/ament_cmake_mypy:/home/user/microros_ws/firmware/dev_ws/install/ament_cmake_lint_cmake:/home/user/microros_ws/firmware/dev_ws/install/ament_cmake_google_benchmark:/home/user/microros_ws/firmware/dev_ws/install/ament_cmake_flake8:/home/user/microros_ws/firmware/dev_ws/install/ament_cmake_cpplint:/home/user/microros_ws/firmware/dev_ws/install/ament_cmake_cppcheck:/home/user/microros_ws/firmware/dev_ws/install/ament_cmake_copyright:/home/user/microros_ws/firmware/dev_ws/install/ament_cmake_clang_tidy:/home/user/microros_ws/firmware/dev_ws/install/ament_cmake_clang_format:/home/user/microros_ws/firmware/dev_ws/install/ament_cmake_test:/home/user/microros_ws/firmware/dev_ws/install/ament_cmake_target_dependencies:/home/user/microros_ws/firmware/dev_ws/install/ament_cmake_python:/home/user/microros_ws/firmware/dev_ws/install/ament_cmake_export_dependencies:/home/user/microros_ws/firmware/dev_ws/install/ament_cmake_libraries:/home/user/microros_ws/firmware/dev_ws/install/ament_cmake_include_directories:/home/user/microros_ws/firmware/dev_ws/install/ament_cmake_gen_version_h:/home/user/microros_ws/firmware/dev_ws/install/ament_cmake_export_targets:/home/user/microros_ws/firmware/dev_ws/install/ament_cmake_export_link_flags:/home/user/microros_ws/firmware/dev_ws/install/ament_cmake_export_interfaces:/home/user/microros_ws/firmware/dev_ws/install/ament_cmake_export_libraries:/home/user/microros_ws/firmware/dev_ws/install/ament_cmake_export_include_directories:/home/user/microros_ws/firmware/dev_ws/install/ament_cmake_export_definitions:/home/user/microros_ws/firmware/dev_ws/install/ament_cmake_core:/home/user/microros_ws/firmware/dev_ws/install/ament_index_cpp:/home/user/microros_ws/firmware/dev_ws/install/ament_uncrustify:/home/user/microros_ws/firmware/dev_ws/install/domain_coordinator:/home/user/microros_ws/firmware/dev_ws/install/ament_xmllint:/home/user/microros_ws/firmware/dev_ws/install/ament_pyflakes:/home/user/microros_ws/firmware/dev_ws/install/ament_pycodestyle:/home/user/microros_ws/firmware/dev_ws/install/ament_pep257:/home/user/microros_ws/firmware/dev_ws/install/ament_pclint:/home/user/microros_ws/firmware/dev_ws/install/ament_package:/home/user/microros_ws/firmware/dev_ws/install/ament_mypy:/home/user/microros_ws/firmware/dev_ws/install/ament_lint_cmake:/home/user/microros_ws/firmware/dev_ws/install/ament_flake8:/home/user/microros_ws/firmware/dev_ws/install/ament_copyright:/home/user/microros_ws/firmware/dev_ws/install/ament_lint:/home/user/microros_ws/firmware/dev_ws/install/ament_index_python:/home/user/microros_ws/firmware/dev_ws/install/ament_cpplint:/home/user/microros_ws/firmware/dev_ws/install/ament_cppcheck:/home/user/microros_ws/firmware/dev_ws/install/ament_clang_tidy:/home/user/microros_ws/firmware/dev_ws/install/ament_clang_format LD_LIBRARY_PATH=/home/user/microros_ws/firmware/mcu_ws/install/lib:${LD_LIBRARY_PATH} PATH=/home/user/microros_ws/firmware/mcu_ws/install/bin:${PATH} PYTHONPATH=/home/user/microros_ws/firmware/mcu_ws/install/lib/python3.10/site-packages:${PYTHONPATH} _=/usr/bin/env /usr/bin/cmake --install /home/user/microros_ws/firmware/mcu_ws/build/unique_identifier_msgs
[1.532s] -- Install configuration: "Debug"
[1.532s] -- Up-to-date: /home/user/microros_ws/firmware/mcu_ws/install/share/ament_index/resource_index/rosidl_interfaces/unique_identifier_msgs
[1.532s] -- Up-to-date: /home/user/microros_ws/firmware/mcu_ws/install/include/unique_identifier_msgs/unique_identifier_msgs
[1.532s] -- Up-to-date: /home/user/microros_ws/firmware/mcu_ws/install/include/unique_identifier_msgs/unique_identifier_msgs/msg
[1.537s] -- Up-to-date: /home/user/microros_ws/firmware/mcu_ws/install/include/unique_identifier_msgs/unique_identifier_msgs/msg/detail
[1.537s] -- Up-to-date: /home/user/microros_ws/firmware/mcu_ws/install/include/unique_identifier_msgs/unique_identifier_msgs/msg/detail/uuid__functions.h
[1.537s] -- Up-to-date: /home/user/microros_ws/firmware/mcu_ws/install/include/unique_identifier_msgs/unique_identifier_msgs/msg/detail/uuid__functions.c
[1.537s] -- Up-to-date: /home/user/microros_ws/firmware/mcu_ws/install/include/unique_identifier_msgs/unique_identifier_msgs/msg/detail/uuid__struct.h
[1.537s] -- Up-to-date: /home/user/microros_ws/firmware/mcu_ws/install/include/unique_identifier_msgs/unique_identifier_msgs/msg/detail/uuid__type_support.h
[1.537s] -- Up-to-date: /home/user/microros_ws/firmware/mcu_ws/install/include/unique_identifier_msgs/unique_identifier_msgs/msg/rosidl_generator_c__visibility_control.h
[1.538s] -- Up-to-date: /home/user/microros_ws/firmware/mcu_ws/install/include/unique_identifier_msgs/unique_identifier_msgs/msg/uuid.h
[1.538s] -- Up-to-date: /home/user/microros_ws/firmware/mcu_ws/install/share/unique_identifier_msgs/environment/library_path.sh
[1.538s] -- Installing: /home/user/microros_ws/firmware/mcu_ws/install/share/unique_identifier_msgs/environment/library_path.dsv
[1.538s] -- Installing: /home/user/microros_ws/firmware/mcu_ws/install/lib/libunique_identifier_msgs__rosidl_generator_c.a
[1.538s] -- Up-to-date: /home/user/microros_ws/firmware/mcu_ws/install/include/unique_identifier_msgs/unique_identifier_msgs
[1.538s] -- Up-to-date: /home/user/microros_ws/firmware/mcu_ws/install/include/unique_identifier_msgs/unique_identifier_msgs/msg
[1.538s] -- Up-to-date: /home/user/microros_ws/firmware/mcu_ws/install/include/unique_identifier_msgs/unique_identifier_msgs/msg/detail
[1.538s] -- Up-to-date: /home/user/microros_ws/firmware/mcu_ws/install/include/unique_identifier_msgs/unique_identifier_msgs/msg/detail/uuid__type_support.c
[1.539s] -- Up-to-date: /home/user/microros_ws/firmware/mcu_ws/install/include/unique_identifier_msgs/unique_identifier_msgs/msg/detail/uuid__rosidl_typesupport_introspection_c.h
[1.539s] -- Up-to-date: /home/user/microros_ws/firmware/mcu_ws/install/include/unique_identifier_msgs/unique_identifier_msgs/msg/rosidl_typesupport_introspection_c__visibility_control.h
[1.539s] -- Up-to-date: /home/user/microros_ws/firmware/mcu_ws/install/lib/libunique_identifier_msgs__rosidl_typesupport_introspection_c.a
[1.539s] -- Up-to-date: /home/user/microros_ws/firmware/mcu_ws/install/include/unique_identifier_msgs
[1.539s] -- Up-to-date: /home/user/microros_ws/firmware/mcu_ws/install/include/unique_identifier_msgs/msg
[1.539s] -- Up-to-date: /home/user/microros_ws/firmware/mcu_ws/install/include/unique_identifier_msgs/msg/detail
[1.539s] -- Up-to-date: /home/user/microros_ws/firmware/mcu_ws/install/include/unique_identifier_msgs/msg/detail/microxrcedds
[1.539s] -- Up-to-date: /home/user/microros_ws/firmware/mcu_ws/install/include/unique_identifier_msgs/msg/detail/uuid__rosidl_typesupport_microxrcedds_c.h
[1.539s] -- Up-to-date: /home/user/microros_ws/firmware/mcu_ws/install/include/unique_identifier_msgs/msg/rosidl_typesupport_microxrcedds_c__visibility_control.h
[1.540s] -- Up-to-date: /home/user/microros_ws/firmware/mcu_ws/install/lib/libunique_identifier_msgs__rosidl_typesupport_microxrcedds_c.a
[1.540s] -- Up-to-date: /home/user/microros_ws/firmware/mcu_ws/install/lib/libunique_identifier_msgs__rosidl_typesupport_c.a
[1.540s] -- Up-to-date: /home/user/microros_ws/firmware/mcu_ws/install/share/unique_identifier_msgs/msg/UUID.idl
[1.540s] -- Up-to-date: /home/user/microros_ws/firmware/mcu_ws/install/share/unique_identifier_msgs/msg/UUID.msg
[1.541s] -- Up-to-date: /home/user/microros_ws/firmware/mcu_ws/install/share/ament_index/resource_index/package_run_dependencies/unique_identifier_msgs
[1.541s] -- Up-to-date: /home/user/microros_ws/firmware/mcu_ws/install/share/ament_index/resource_index/parent_prefix_path/unique_identifier_msgs
[1.541s] -- Up-to-date: /home/user/microros_ws/firmware/mcu_ws/install/share/unique_identifier_msgs/environment/ament_prefix_path.sh
[1.541s] -- Installing: /home/user/microros_ws/firmware/mcu_ws/install/share/unique_identifier_msgs/environment/ament_prefix_path.dsv
[1.541s] -- Up-to-date: /home/user/microros_ws/firmware/mcu_ws/install/share/unique_identifier_msgs/environment/path.sh
[1.541s] -- Installing: /home/user/microros_ws/firmware/mcu_ws/install/share/unique_identifier_msgs/environment/path.dsv
[1.541s] -- Up-to-date: /home/user/microros_ws/firmware/mcu_ws/install/share/unique_identifier_msgs/local_setup.bash
[1.541s] -- Up-to-date: /home/user/microros_ws/firmware/mcu_ws/install/share/unique_identifier_msgs/local_setup.sh
[1.541s] -- Up-to-date: /home/user/microros_ws/firmware/mcu_ws/install/share/unique_identifier_msgs/local_setup.zsh
[1.541s] -- Installing: /home/user/microros_ws/firmware/mcu_ws/install/share/unique_identifier_msgs/local_setup.dsv
[1.542s] -- Installing: /home/user/microros_ws/firmware/mcu_ws/install/share/unique_identifier_msgs/package.dsv
[1.543s] -- Up-to-date: /home/user/microros_ws/firmware/mcu_ws/install/share/ament_index/resource_index/packages/unique_identifier_msgs
[1.543s] -- Up-to-date: /home/user/microros_ws/firmware/mcu_ws/install/share/unique_identifier_msgs/cmake/export_unique_identifier_msgs__rosidl_generator_cExport.cmake
[1.543s] -- Up-to-date: /home/user/microros_ws/firmware/mcu_ws/install/share/unique_identifier_msgs/cmake/export_unique_identifier_msgs__rosidl_generator_cExport-debug.cmake
[1.544s] -- Up-to-date: /home/user/microros_ws/firmware/mcu_ws/install/share/unique_identifier_msgs/cmake/unique_identifier_msgs__rosidl_typesupport_introspection_cExport.cmake
[1.544s] -- Up-to-date: /home/user/microros_ws/firmware/mcu_ws/install/share/unique_identifier_msgs/cmake/unique_identifier_msgs__rosidl_typesupport_introspection_cExport-debug.cmake
[1.545s] -- Up-to-date: /home/user/microros_ws/firmware/mcu_ws/install/share/unique_identifier_msgs/cmake/unique_identifier_msgs__rosidl_typesupport_cExport.cmake
[1.546s] -- Up-to-date: /home/user/microros_ws/firmware/mcu_ws/install/share/unique_identifier_msgs/cmake/unique_identifier_msgs__rosidl_typesupport_cExport-debug.cmake
[1.547s] -- Up-to-date: /home/user/microros_ws/firmware/mcu_ws/install/share/unique_identifier_msgs/cmake/rosidl_cmake-extras.cmake
[1.547s] -- Up-to-date: /home/user/microros_ws/firmware/mcu_ws/install/share/unique_identifier_msgs/cmake/ament_cmake_export_include_directories-extras.cmake
[1.547s] -- Up-to-date: /home/user/microros_ws/firmware/mcu_ws/install/share/unique_identifier_msgs/cmake/ament_cmake_export_libraries-extras.cmake
[1.550s] -- Up-to-date: /home/user/microros_ws/firmware/mcu_ws/install/share/unique_identifier_msgs/cmake/ament_cmake_export_targets-extras.cmake
[1.551s] -- Up-to-date: /home/user/microros_ws/firmware/mcu_ws/install/share/unique_identifier_msgs/cmake/rosidl_cmake_export_typesupport_targets-extras.cmake
[1.551s] -- Up-to-date: /home/user/microros_ws/firmware/mcu_ws/install/share/unique_identifier_msgs/cmake/ament_cmake_export_dependencies-extras.cmake
[1.552s] -- Up-to-date: /home/user/microros_ws/firmware/mcu_ws/install/share/unique_identifier_msgs/cmake/rosidl_cmake_export_typesupport_libraries-extras.cmake
[1.552s] -- Up-to-date: /home/user/microros_ws/firmware/mcu_ws/install/share/unique_identifier_msgs/cmake/unique_identifier_msgsConfig.cmake
[1.552s] -- Up-to-date: /home/user/microros_ws/firmware/mcu_ws/install/share/unique_identifier_msgs/cmake/unique_identifier_msgsConfig-version.cmake
[1.553s] -- Up-to-date: /home/user/microros_ws/firmware/mcu_ws/install/share/unique_identifier_msgs/package.xml
[1.553s] -- Up-to-date: /home/user/microros_ws/firmware/mcu_ws/install/share/unique_identifier_msgs/mapping_rules.yaml
[1.623s] Invoked command in '/home/user/microros_ws/firmware/mcu_ws/build/unique_identifier_msgs' returned '0': AMENT_PREFIX_PATH=/home/user/microros_ws/firmware/mcu_ws/install:${AMENT_PREFIX_PATH} CMAKE_PREFIX_PATH=/home/user/microros_ws/firmware/mcu_ws/install:/home/user/microros_ws/firmware/dev_ws/install/ament_lint_common:/home/user/microros_ws/firmware/dev_ws/install/ament_cmake_uncrustify:/home/user/microros_ws/firmware/dev_ws/install/uncrustify_vendor:/home/user/microros_ws/firmware/dev_ws/install/ament_cmake_ros:/home/user/microros_ws/firmware/dev_ws/install/ament_cmake_auto:/home/user/microros_ws/firmware/dev_ws/install/ament_cmake_gmock:/home/user/microros_ws/firmware/dev_ws/install/gmock_vendor:/home/user/microros_ws/firmware/dev_ws/install/ament_cmake_gtest:/home/user/microros_ws/firmware/dev_ws/install/gtest_vendor:/home/user/microros_ws/firmware/dev_ws/install/ament_cmake_xmllint:/home/user/microros_ws/firmware/dev_ws/install/ament_cmake_pyflakes:/home/user/microros_ws/firmware/dev_ws/install/ament_cmake_pycodestyle:/home/user/microros_ws/firmware/dev_ws/install/ament_cmake_pep257:/home/user/microros_ws/firmware/dev_ws/install/ament_cmake_pclint:/home/user/microros_ws/firmware/dev_ws/install/ament_lint_auto:/home/user/microros_ws/firmware/dev_ws/install/ament_cmake:/home/user/microros_ws/firmware/dev_ws/install/ament_cmake_version:/home/user/microros_ws/firmware/dev_ws/install/ament_cmake_vendor_package:/home/user/microros_ws/firmware/dev_ws/install/ament_cmake_pytest:/home/user/microros_ws/firmware/dev_ws/install/ament_cmake_nose:/home/user/microros_ws/firmware/dev_ws/install/ament_cmake_mypy:/home/user/microros_ws/firmware/dev_ws/install/ament_cmake_lint_cmake:/home/user/microros_ws/firmware/dev_ws/install/ament_cmake_google_benchmark:/home/user/microros_ws/firmware/dev_ws/install/ament_cmake_flake8:/home/user/microros_ws/firmware/dev_ws/install/ament_cmake_cpplint:/home/user/microros_ws/firmware/dev_ws/install/ament_cmake_cppcheck:/home/user/microros_ws/firmware/dev_ws/install/ament_cmake_copyright:/home/user/microros_ws/firmware/dev_ws/install/ament_cmake_clang_tidy:/home/user/microros_ws/firmware/dev_ws/install/ament_cmake_clang_format:/home/user/microros_ws/firmware/dev_ws/install/ament_cmake_test:/home/user/microros_ws/firmware/dev_ws/install/ament_cmake_target_dependencies:/home/user/microros_ws/firmware/dev_ws/install/ament_cmake_python:/home/user/microros_ws/firmware/dev_ws/install/ament_cmake_export_dependencies:/home/user/microros_ws/firmware/dev_ws/install/ament_cmake_libraries:/home/user/microros_ws/firmware/dev_ws/install/ament_cmake_include_directories:/home/user/microros_ws/firmware/dev_ws/install/ament_cmake_gen_version_h:/home/user/microros_ws/firmware/dev_ws/install/ament_cmake_export_targets:/home/user/microros_ws/firmware/dev_ws/install/ament_cmake_export_link_flags:/home/user/microros_ws/firmware/dev_ws/install/ament_cmake_export_interfaces:/home/user/microros_ws/firmware/dev_ws/install/ament_cmake_export_libraries:/home/user/microros_ws/firmware/dev_ws/install/ament_cmake_export_include_directories:/home/user/microros_ws/firmware/dev_ws/install/ament_cmake_export_definitions:/home/user/microros_ws/firmware/dev_ws/install/ament_cmake_core:/home/user/microros_ws/firmware/dev_ws/install/ament_index_cpp:/home/user/microros_ws/firmware/dev_ws/install/ament_uncrustify:/home/user/microros_ws/firmware/dev_ws/install/domain_coordinator:/home/user/microros_ws/firmware/dev_ws/install/ament_xmllint:/home/user/microros_ws/firmware/dev_ws/install/ament_pyflakes:/home/user/microros_ws/firmware/dev_ws/install/ament_pycodestyle:/home/user/microros_ws/firmware/dev_ws/install/ament_pep257:/home/user/microros_ws/firmware/dev_ws/install/ament_pclint:/home/user/microros_ws/firmware/dev_ws/install/ament_package:/home/user/microros_ws/firmware/dev_ws/install/ament_mypy:/home/user/microros_ws/firmware/dev_ws/install/ament_lint_cmake:/home/user/microros_ws/firmware/dev_ws/install/ament_flake8:/home/user/microros_ws/firmware/dev_ws/install/ament_copyright:/home/user/microros_ws/firmware/dev_ws/install/ament_lint:/home/user/microros_ws/firmware/dev_ws/install/ament_index_python:/home/user/microros_ws/firmware/dev_ws/install/ament_cpplint:/home/user/microros_ws/firmware/dev_ws/install/ament_cppcheck:/home/user/microros_ws/firmware/dev_ws/install/ament_clang_tidy:/home/user/microros_ws/firmware/dev_ws/install/ament_clang_format LD_LIBRARY_PATH=/home/user/microros_ws/firmware/mcu_ws/install/lib:${LD_LIBRARY_PATH} PATH=/home/user/microros_ws/firmware/mcu_ws/install/bin:${PATH} PYTHONPATH=/home/user/microros_ws/firmware/mcu_ws/install/lib/python3.10/site-packages:${PYTHONPATH} _=/usr/bin/env /usr/bin/cmake --install /home/user/microros_ws/firmware/mcu_ws/build/unique_identifier_msgs
