[0.874s] Invoking command in '/home/user/ros2_ws/src/pong_reply_node': PYTHONPATH=/home/user/ros2_ws/build/pong_reply_node/prefix_override:/usr/lib/python3/dist-packages/colcon_core/task/python/colcon_distutils_commands:/home/user/ros2_ws/install/pong_reply_node/lib/python3.10/site-packages:${PYTHONPATH} _=/usr/bin/env /usr/bin/python3 -W ignore:setup.py install is deprecated -W ignore:easy_install command is deprecated setup.py egg_info --egg-base ../../build/pong_reply_node build --build-base /home/user/ros2_ws/build/pong_reply_node/build install --record /home/user/ros2_ws/build/pong_reply_node/install.log --single-version-externally-managed install_data
[1.061s] /usr/local/lib/python3.10/dist-packages/setuptools/_distutils/dist.py:289: UserWarning: Unknown distribution option: 'tests_require'
[1.061s]   warnings.warn(msg)
[1.173s] running egg_info
[1.192s] writing ../../build/pong_reply_node/pong_reply_node.egg-info/PKG-INFO
[1.192s] writing dependency_links to ../../build/pong_reply_node/pong_reply_node.egg-info/dependency_links.txt
[1.192s] writing entry points to ../../build/pong_reply_node/pong_reply_node.egg-info/entry_points.txt
[1.193s] writing requirements to ../../build/pong_reply_node/pong_reply_node.egg-info/requires.txt
[1.193s] writing top-level names to ../../build/pong_reply_node/pong_reply_node.egg-info/top_level.txt
[1.231s] reading manifest file '../../build/pong_reply_node/pong_reply_node.egg-info/SOURCES.txt'
[1.233s] writing manifest file '../../build/pong_reply_node/pong_reply_node.egg-info/SOURCES.txt'
[1.233s] running build
[1.233s] running build_py
[1.233s] copying pong_reply_node/__init__.py -> /home/user/ros2_ws/build/pong_reply_node/build/lib/pong_reply_node
[1.233s] copying pong_reply_node/pong.py -> /home/user/ros2_ws/build/pong_reply_node/build/lib/pong_reply_node
[1.233s] running install
[1.238s] running install_lib
[1.256s] copying /home/user/ros2_ws/build/pong_reply_node/build/lib/pong_reply_node/pong.py -> /home/user/ros2_ws/install/pong_reply_node/lib/python3.10/site-packages/pong_reply_node
[1.257s] byte-compiling /home/user/ros2_ws/install/pong_reply_node/lib/python3.10/site-packages/pong_reply_node/pong.py to pong.cpython-310.pyc
[1.258s] running install_data
[1.258s] copying resource/pong_reply_node -> /home/user/ros2_ws/install/pong_reply_node/share/ament_index/resource_index/packages
[1.258s] copying package.xml -> /home/user/ros2_ws/install/pong_reply_node/share/pong_reply_node
[1.258s] running install_egg_info
[1.278s] removing '/home/user/ros2_ws/install/pong_reply_node/lib/python3.10/site-packages/pong_reply_node-0.0.0-py3.10.egg-info' (and everything under it)
[1.278s] Copying ../../build/pong_reply_node/pong_reply_node.egg-info to /home/user/ros2_ws/install/pong_reply_node/lib/python3.10/site-packages/pong_reply_node-0.0.0-py3.10.egg-info
[1.279s] running install_scripts
[1.451s] Installing pong script to /home/user/ros2_ws/install/pong_reply_node/lib/pong_reply_node
[1.451s] writing list of installed files to '/home/user/ros2_ws/build/pong_reply_node/install.log'
[1.479s] Invoked command in '/home/user/ros2_ws/src/pong_reply_node' returned '0': PYTHONPATH=/home/user/ros2_ws/build/pong_reply_node/prefix_override:/usr/lib/python3/dist-packages/colcon_core/task/python/colcon_distutils_commands:/home/user/ros2_ws/install/pong_reply_node/lib/python3.10/site-packages:${PYTHONPATH} _=/usr/bin/env /usr/bin/python3 -W ignore:setup.py install is deprecated -W ignore:easy_install command is deprecated setup.py egg_info --egg-base ../../build/pong_reply_node build --build-base /home/user/ros2_ws/build/pong_reply_node/build install --record /home/user/ros2_ws/build/pong_reply_node/install.log --single-version-externally-managed install_data
