[17.740s] Invoking command in '/home/user/ros2_ws/src/pong_reply_node': PYTHONPATH=/home/user/ros2_ws/build/pong_reply_node/prefix_override:/usr/lib/python3/dist-packages/colcon_core/task/python/colcon_distutils_commands:/home/user/ros2_ws/install/pong_reply_node/lib/python3.10/site-packages:${PYTHONPATH} _=/usr/bin/env /usr/bin/python3 -W ignore:setup.py install is deprecated -W ignore:easy_install command is deprecated setup.py egg_info --egg-base ../../build/pong_reply_node build --build-base /home/user/ros2_ws/build/pong_reply_node/build install --record /home/user/ros2_ws/build/pong_reply_node/install.log --single-version-externally-managed install_data
[17.937s] /usr/local/lib/python3.10/dist-packages/setuptools/_distutils/dist.py:289: UserWarning: Unknown distribution option: 'tests_require'
[17.938s]   warnings.warn(msg)
[18.049s] running egg_info
[18.066s] writing ../../build/pong_reply_node/pong_reply_node.egg-info/PKG-INFO
[18.067s] writing dependency_links to ../../build/pong_reply_node/pong_reply_node.egg-info/dependency_links.txt
[18.068s] writing entry points to ../../build/pong_reply_node/pong_reply_node.egg-info/entry_points.txt
[18.068s] writing requirements to ../../build/pong_reply_node/pong_reply_node.egg-info/requires.txt
[18.069s] writing top-level names to ../../build/pong_reply_node/pong_reply_node.egg-info/top_level.txt
[18.107s] reading manifest file '../../build/pong_reply_node/pong_reply_node.egg-info/SOURCES.txt'
[18.109s] writing manifest file '../../build/pong_reply_node/pong_reply_node.egg-info/SOURCES.txt'
[18.109s] running build
[18.109s] running build_py
[18.109s] copying pong_reply_node/pong.py -> /home/user/ros2_ws/build/pong_reply_node/build/lib/pong_reply_node
[18.109s] running install
[18.114s] running install_lib
[18.132s] copying /home/user/ros2_ws/build/pong_reply_node/build/lib/pong_reply_node/pong.py -> /home/user/ros2_ws/install/pong_reply_node/lib/python3.10/site-packages/pong_reply_node
[18.133s] byte-compiling /home/user/ros2_ws/install/pong_reply_node/lib/python3.10/site-packages/pong_reply_node/pong.py to pong.cpython-310.pyc
[18.133s] running install_data
[18.134s] running install_egg_info
[18.154s] removing '/home/user/ros2_ws/install/pong_reply_node/lib/python3.10/site-packages/pong_reply_node-0.0.0-py3.10.egg-info' (and everything under it)
[18.154s] Copying ../../build/pong_reply_node/pong_reply_node.egg-info to /home/user/ros2_ws/install/pong_reply_node/lib/python3.10/site-packages/pong_reply_node-0.0.0-py3.10.egg-info
[18.155s] running install_scripts
[18.336s] Installing pong script to /home/user/ros2_ws/install/pong_reply_node/lib/pong_reply_node
[18.336s] writing list of installed files to '/home/user/ros2_ws/build/pong_reply_node/install.log'
[18.364s] Invoked command in '/home/user/ros2_ws/src/pong_reply_node' returned '0': PYTHONPATH=/home/user/ros2_ws/build/pong_reply_node/prefix_override:/usr/lib/python3/dist-packages/colcon_core/task/python/colcon_distutils_commands:/home/user/ros2_ws/install/pong_reply_node/lib/python3.10/site-packages:${PYTHONPATH} _=/usr/bin/env /usr/bin/python3 -W ignore:setup.py install is deprecated -W ignore:easy_install command is deprecated setup.py egg_info --egg-base ../../build/pong_reply_node build --build-base /home/user/ros2_ws/build/pong_reply_node/build install --record /home/user/ros2_ws/build/pong_reply_node/install.log --single-version-externally-managed install_data
