[0.119s] DEBUG:colcon:Command line arguments: ['/usr/bin/colcon', 'build']
[0.119s] DEBUG:colcon:Parsed command line arguments: Namespace(log_base=None, log_level=None, verb_name='build', build_base='build', install_base='install', merge_install=False, symlink_install=False, test_result_base=None, continue_on_error=False, executor='parallel', parallel_workers=8, event_handlers=None, ignore_user_meta=False, metas=['./colcon.meta'], base_paths=['.'], packages_ignore=None, packages_ignore_regex=None, paths=None, packages_up_to=None, packages_up_to_regex=None, packages_above=None, packages_above_and_dependencies=None, packages_above_depth=None, packages_select_by_dep=None, packages_skip_by_dep=None, packages_skip_up_to=None, packages_select_build_failed=False, packages_skip_build_finished=False, packages_select_test_failures=False, packages_skip_test_passed=False, packages_select=None, packages_skip=None, packages_select_regex=None, packages_skip_regex=None, packages_start=None, packages_end=None, lookup_in_workspace=False, cargo_args=None, clean_build=False, cmake_args=None, cmake_target=None, cmake_target_skip_unavailable=False, cmake_clean_cache=False, cmake_clean_first=False, cmake_force_configure=False, ament_cmake_args=None, catkin_cmake_args=None, catkin_skip_building_tests=False, mixin_files=None, mixin=None, verb_parser=<colcon_mixin.mixin.mixin_argument.MixinArgumentDecorator object at 0x7fa79d389750>, verb_extension=<colcon_core.verb.build.BuildVerb object at 0x7fa79d389150>, main=<bound method BuildVerb.main of <colcon_core.verb.build.BuildVerb object at 0x7fa79d389150>>, mixin_verb=('build',))
[0.161s] Level 1:colcon.colcon_core.package_discovery:discover_packages(colcon_meta) check parameters
[0.161s] Level 1:colcon.colcon_core.package_discovery:discover_packages(recursive) check parameters
[0.161s] Level 1:colcon.colcon_core.package_discovery:discover_packages(ignore) check parameters
[0.161s] Level 1:colcon.colcon_core.package_discovery:discover_packages(path) check parameters
[0.161s] Level 1:colcon.colcon_core.package_discovery:discover_packages(colcon_meta) discover
[0.161s] Level 1:colcon.colcon_core.package_discovery:discover_packages(recursive) discover
[0.161s] INFO:colcon.colcon_core.package_discovery:Crawling recursively for packages in '/home/user/microros_ws'
[0.162s] Level 1:colcon.colcon_core.package_identification:_identify(.) by extensions ['ignore', 'ignore_ament_install']
[0.162s] Level 1:colcon.colcon_core.package_identification:_identify(.) by extension 'ignore'
[0.162s] Level 1:colcon.colcon_core.package_identification:_identify(.) by extension 'ignore_ament_install'
[0.162s] Level 1:colcon.colcon_core.package_identification:_identify(.) by extensions ['colcon_pkg']
[0.162s] Level 1:colcon.colcon_core.package_identification:_identify(.) by extension 'colcon_pkg'
[0.162s] Level 1:colcon.colcon_core.package_identification:_identify(.) by extensions ['colcon_meta']
[0.162s] Level 1:colcon.colcon_core.package_identification:_identify(.) by extension 'colcon_meta'
[0.162s] Level 1:colcon.colcon_core.package_identification:_identify(.) by extensions ['ament_cargo']
[0.162s] Level 1:colcon.colcon_core.package_identification:_identify(.) by extension 'ament_cargo'
[0.162s] Level 1:colcon.colcon_core.package_identification:_identify(.) by extensions ['ros']
[0.162s] Level 1:colcon.colcon_core.package_identification:_identify(.) by extension 'ros'
[0.177s] Level 1:colcon.colcon_core.package_identification:_identify(.) by extensions ['cargo', 'cmake', 'python']
[0.177s] Level 1:colcon.colcon_core.package_identification:_identify(.) by extension 'cargo'
[0.177s] Level 1:colcon.colcon_core.package_identification:_identify(.) by extension 'cmake'
[0.177s] Level 1:colcon.colcon_core.package_identification:_identify(.) by extension 'python'
[0.177s] Level 1:colcon.colcon_core.package_identification:_identify(.) by extensions ['python_setup_py']
[0.177s] Level 1:colcon.colcon_core.package_identification:_identify(.) by extension 'python_setup_py'
[0.177s] Level 1:colcon.colcon_core.package_identification:_identify(build) by extensions ['ignore', 'ignore_ament_install']
[0.177s] Level 1:colcon.colcon_core.package_identification:_identify(build) by extension 'ignore'
[0.177s] Level 1:colcon.colcon_core.package_identification:_identify(build) ignored
[0.177s] Level 1:colcon.colcon_core.package_identification:_identify(install) by extensions ['ignore', 'ignore_ament_install']
[0.177s] Level 1:colcon.colcon_core.package_identification:_identify(install) by extension 'ignore'
[0.177s] Level 1:colcon.colcon_core.package_identification:_identify(install) ignored
[0.177s] Level 1:colcon.colcon_core.package_identification:_identify(log) by extensions ['ignore', 'ignore_ament_install']
[0.177s] Level 1:colcon.colcon_core.package_identification:_identify(log) by extension 'ignore'
[0.178s] Level 1:colcon.colcon_core.package_identification:_identify(log) ignored
[0.178s] Level 1:colcon.colcon_core.package_identification:_identify(src) by extensions ['ignore', 'ignore_ament_install']
[0.178s] Level 1:colcon.colcon_core.package_identification:_identify(src) by extension 'ignore'
[0.178s] Level 1:colcon.colcon_core.package_identification:_identify(src) by extension 'ignore_ament_install'
[0.178s] Level 1:colcon.colcon_core.package_identification:_identify(src) by extensions ['colcon_pkg']
[0.178s] Level 1:colcon.colcon_core.package_identification:_identify(src) by extension 'colcon_pkg'
[0.178s] Level 1:colcon.colcon_core.package_identification:_identify(src) by extensions ['colcon_meta']
[0.178s] Level 1:colcon.colcon_core.package_identification:_identify(src) by extension 'colcon_meta'
[0.178s] Level 1:colcon.colcon_core.package_identification:_identify(src) by extensions ['ament_cargo']
[0.178s] Level 1:colcon.colcon_core.package_identification:_identify(src) by extension 'ament_cargo'
[0.178s] Level 1:colcon.colcon_core.package_identification:_identify(src) by extensions ['ros']
[0.178s] Level 1:colcon.colcon_core.package_identification:_identify(src) by extension 'ros'
[0.178s] Level 1:colcon.colcon_core.package_identification:_identify(src) by extensions ['cargo', 'cmake', 'python']
[0.178s] Level 1:colcon.colcon_core.package_identification:_identify(src) by extension 'cargo'
[0.178s] Level 1:colcon.colcon_core.package_identification:_identify(src) by extension 'cmake'
[0.178s] Level 1:colcon.colcon_core.package_identification:_identify(src) by extension 'python'
[0.178s] Level 1:colcon.colcon_core.package_identification:_identify(src) by extensions ['python_setup_py']
[0.178s] Level 1:colcon.colcon_core.package_identification:_identify(src) by extension 'python_setup_py'
[0.178s] Level 1:colcon.colcon_core.package_identification:_identify(src/micro_ros_setup) by extensions ['ignore', 'ignore_ament_install']
[0.178s] Level 1:colcon.colcon_core.package_identification:_identify(src/micro_ros_setup) by extension 'ignore'
[0.178s] Level 1:colcon.colcon_core.package_identification:_identify(src/micro_ros_setup) by extension 'ignore_ament_install'
[0.179s] Level 1:colcon.colcon_core.package_identification:_identify(src/micro_ros_setup) by extensions ['colcon_pkg']
[0.179s] Level 1:colcon.colcon_core.package_identification:_identify(src/micro_ros_setup) by extension 'colcon_pkg'
[0.179s] Level 1:colcon.colcon_core.package_identification:_identify(src/micro_ros_setup) by extensions ['colcon_meta']
[0.179s] Level 1:colcon.colcon_core.package_identification:_identify(src/micro_ros_setup) by extension 'colcon_meta'
[0.179s] Level 1:colcon.colcon_core.package_identification:_identify(src/micro_ros_setup) by extensions ['ament_cargo']
[0.179s] Level 1:colcon.colcon_core.package_identification:_identify(src/micro_ros_setup) by extension 'ament_cargo'
[0.179s] Level 1:colcon.colcon_core.package_identification:_identify(src/micro_ros_setup) by extensions ['ros']
[0.179s] Level 1:colcon.colcon_core.package_identification:_identify(src/micro_ros_setup) by extension 'ros'
[0.182s] DEBUG:colcon.colcon_core.package_identification:Package 'src/micro_ros_setup' with type 'ros.ament_cmake' and name 'micro_ros_setup'
[0.182s] Level 1:colcon.colcon_core.package_discovery:discover_packages(recursive) using defaults
[0.182s] Level 1:colcon.colcon_core.package_discovery:discover_packages(ignore) discover
[0.182s] Level 1:colcon.colcon_core.package_discovery:discover_packages(ignore) using defaults
[0.182s] Level 1:colcon.colcon_core.package_discovery:discover_packages(path) discover
[0.182s] Level 1:colcon.colcon_core.package_discovery:discover_packages(path) using defaults
[0.201s] Level 5:colcon.colcon_core.verb:set package 'micro_ros_setup' build argument 'lookup_in_workspace' from command line to 'False'
[0.201s] Level 5:colcon.colcon_core.verb:set package 'micro_ros_setup' build argument 'cargo_args' from command line to 'None'
[0.201s] Level 5:colcon.colcon_core.verb:set package 'micro_ros_setup' build argument 'clean_build' from command line to 'False'
[0.201s] Level 5:colcon.colcon_core.verb:set package 'micro_ros_setup' build argument 'cmake_args' from command line to 'None'
[0.201s] Level 5:colcon.colcon_core.verb:set package 'micro_ros_setup' build argument 'cmake_target' from command line to 'None'
[0.201s] Level 5:colcon.colcon_core.verb:set package 'micro_ros_setup' build argument 'cmake_target_skip_unavailable' from command line to 'False'
[0.201s] Level 5:colcon.colcon_core.verb:set package 'micro_ros_setup' build argument 'cmake_clean_cache' from command line to 'False'
[0.202s] Level 5:colcon.colcon_core.verb:set package 'micro_ros_setup' build argument 'cmake_clean_first' from command line to 'False'
[0.202s] Level 5:colcon.colcon_core.verb:set package 'micro_ros_setup' build argument 'cmake_force_configure' from command line to 'False'
[0.202s] Level 5:colcon.colcon_core.verb:set package 'micro_ros_setup' build argument 'ament_cmake_args' from command line to 'None'
[0.202s] Level 5:colcon.colcon_core.verb:set package 'micro_ros_setup' build argument 'catkin_cmake_args' from command line to 'None'
[0.202s] Level 5:colcon.colcon_core.verb:set package 'micro_ros_setup' build argument 'catkin_skip_building_tests' from command line to 'False'
[0.202s] DEBUG:colcon.colcon_core.verb:Building package 'micro_ros_setup' with the following arguments: {'ament_cmake_args': None, 'build_base': '/home/user/microros_ws/build/micro_ros_setup', 'cargo_args': None, 'catkin_cmake_args': None, 'catkin_skip_building_tests': False, 'clean_build': False, 'cmake_args': None, 'cmake_clean_cache': False, 'cmake_clean_first': False, 'cmake_force_configure': False, 'cmake_target': None, 'cmake_target_skip_unavailable': False, 'install_base': '/home/user/microros_ws/install/micro_ros_setup', 'lookup_in_workspace': False, 'merge_install': False, 'path': '/home/user/microros_ws/src/micro_ros_setup', 'symlink_install': False, 'test_result_base': None}
[0.202s] INFO:colcon.colcon_core.executor:Executing jobs using 'parallel' executor
[0.203s] DEBUG:colcon.colcon_parallel_executor.executor.parallel:run_until_complete
[0.203s] INFO:colcon.colcon_ros.task.ament_cmake.build:Building ROS package in '/home/user/microros_ws/src/micro_ros_setup' with build type 'ament_cmake'
[0.203s] INFO:colcon.colcon_cmake.task.cmake.build:Building CMake package in '/home/user/microros_ws/src/micro_ros_setup'
[0.206s] INFO:colcon.colcon_core.plugin_system:Skipping extension 'colcon_core.shell.bat': Not used on non-Windows systems
[0.206s] INFO:colcon.colcon_core.shell:Skip shell extension 'powershell' for command environment: Not usable outside of PowerShell
[0.206s] DEBUG:colcon.colcon_core.shell:Skip shell extension 'dsv' for command environment
[0.217s] DEBUG:colcon.colcon_core.event_handler.log_command:Invoking command in '/home/user/microros_ws/build/micro_ros_setup': CMAKE_PREFIX_PATH=${CMAKE_PREFIX_PATH}:/home/user/ros2_ws/install/pong_reply_node _=/usr/bin/env /usr/bin/cmake /home/user/microros_ws/src/micro_ros_setup -DCMAKE_INSTALL_PREFIX=/home/user/microros_ws/install/micro_ros_setup
[1.215s] DEBUG:colcon.colcon_core.event_handler.log_command:Invoked command in '/home/user/microros_ws/build/micro_ros_setup' returned '0': CMAKE_PREFIX_PATH=${CMAKE_PREFIX_PATH}:/home/user/ros2_ws/install/pong_reply_node _=/usr/bin/env /usr/bin/cmake /home/user/microros_ws/src/micro_ros_setup -DCMAKE_INSTALL_PREFIX=/home/user/microros_ws/install/micro_ros_setup
[1.216s] DEBUG:colcon.colcon_core.event_handler.log_command:Invoking command in '/home/user/microros_ws/build/micro_ros_setup': CMAKE_PREFIX_PATH=${CMAKE_PREFIX_PATH}:/home/user/ros2_ws/install/pong_reply_node _=/usr/bin/env /usr/bin/cmake --build /home/user/microros_ws/build/micro_ros_setup -- -j8 -l8
[1.249s] DEBUG:colcon.colcon_core.event_handler.log_command:Invoked command in '/home/user/microros_ws/build/micro_ros_setup' returned '0': CMAKE_PREFIX_PATH=${CMAKE_PREFIX_PATH}:/home/user/ros2_ws/install/pong_reply_node _=/usr/bin/env /usr/bin/cmake --build /home/user/microros_ws/build/micro_ros_setup -- -j8 -l8
[1.258s] DEBUG:colcon.colcon_core.event_handler.log_command:Invoking command in '/home/user/microros_ws/build/micro_ros_setup': CMAKE_PREFIX_PATH=${CMAKE_PREFIX_PATH}:/home/user/ros2_ws/install/pong_reply_node _=/usr/bin/env /usr/bin/cmake --install /home/user/microros_ws/build/micro_ros_setup
[1.286s] Level 1:colcon.colcon_core.environment:create_environment_scripts_only(micro_ros_setup)
[1.287s] DEBUG:colcon.colcon_core.event_handler.log_command:Invoked command in '/home/user/microros_ws/build/micro_ros_setup' returned '0': CMAKE_PREFIX_PATH=${CMAKE_PREFIX_PATH}:/home/user/ros2_ws/install/pong_reply_node _=/usr/bin/env /usr/bin/cmake --install /home/user/microros_ws/build/micro_ros_setup
[1.289s] Level 1:colcon.colcon_core.environment:checking '/home/user/microros_ws/install/micro_ros_setup' for CMake module files
[1.289s] Level 1:colcon.colcon_core.environment:checking '/home/user/microros_ws/install/micro_ros_setup' for CMake config files
[1.290s] Level 1:colcon.colcon_core.shell:create_environment_hook('micro_ros_setup', 'cmake_prefix_path')
[1.290s] INFO:colcon.colcon_core.shell:Creating environment hook '/home/user/microros_ws/install/micro_ros_setup/share/micro_ros_setup/hook/cmake_prefix_path.ps1'
[1.291s] INFO:colcon.colcon_core.shell:Creating environment descriptor '/home/user/microros_ws/install/micro_ros_setup/share/micro_ros_setup/hook/cmake_prefix_path.dsv'
[1.291s] INFO:colcon.colcon_core.shell:Creating environment hook '/home/user/microros_ws/install/micro_ros_setup/share/micro_ros_setup/hook/cmake_prefix_path.sh'
[1.292s] Level 1:colcon.colcon_core.environment:checking '/home/user/microros_ws/install/micro_ros_setup/lib'
[1.292s] Level 1:colcon.colcon_core.environment:checking '/home/user/microros_ws/install/micro_ros_setup/bin'
[1.292s] Level 1:colcon.colcon_core.environment:checking '/home/user/microros_ws/install/micro_ros_setup/lib/pkgconfig/micro_ros_setup.pc'
[1.293s] Level 1:colcon.colcon_core.environment:checking '/home/user/microros_ws/install/micro_ros_setup/lib/python3.10/site-packages'
[1.293s] Level 1:colcon.colcon_core.environment:checking '/home/user/microros_ws/install/micro_ros_setup/bin'
[1.294s] INFO:colcon.colcon_core.shell:Creating package script '/home/user/microros_ws/install/micro_ros_setup/share/micro_ros_setup/package.ps1'
[1.294s] INFO:colcon.colcon_core.shell:Creating package descriptor '/home/user/microros_ws/install/micro_ros_setup/share/micro_ros_setup/package.dsv'
[1.295s] INFO:colcon.colcon_core.shell:Creating package script '/home/user/microros_ws/install/micro_ros_setup/share/micro_ros_setup/package.sh'
[1.296s] INFO:colcon.colcon_core.shell:Creating package script '/home/user/microros_ws/install/micro_ros_setup/share/micro_ros_setup/package.bash'
[1.296s] INFO:colcon.colcon_core.shell:Creating package script '/home/user/microros_ws/install/micro_ros_setup/share/micro_ros_setup/package.zsh'
[1.297s] Level 1:colcon.colcon_core.environment:create_file_with_runtime_dependencies(/home/user/microros_ws/install/micro_ros_setup/share/colcon-core/packages/micro_ros_setup)
[1.298s] Level 1:colcon.colcon_core.environment:create_environment_scripts_only(micro_ros_setup)
[1.298s] Level 1:colcon.colcon_core.environment:checking '/home/user/microros_ws/install/micro_ros_setup' for CMake module files
[1.298s] Level 1:colcon.colcon_core.environment:checking '/home/user/microros_ws/install/micro_ros_setup' for CMake config files
[1.299s] Level 1:colcon.colcon_core.shell:create_environment_hook('micro_ros_setup', 'cmake_prefix_path')
[1.299s] INFO:colcon.colcon_core.shell:Creating environment hook '/home/user/microros_ws/install/micro_ros_setup/share/micro_ros_setup/hook/cmake_prefix_path.ps1'
[1.300s] INFO:colcon.colcon_core.shell:Creating environment descriptor '/home/user/microros_ws/install/micro_ros_setup/share/micro_ros_setup/hook/cmake_prefix_path.dsv'
[1.300s] INFO:colcon.colcon_core.shell:Creating environment hook '/home/user/microros_ws/install/micro_ros_setup/share/micro_ros_setup/hook/cmake_prefix_path.sh'
[1.301s] Level 1:colcon.colcon_core.environment:checking '/home/user/microros_ws/install/micro_ros_setup/lib'
[1.301s] Level 1:colcon.colcon_core.environment:checking '/home/user/microros_ws/install/micro_ros_setup/bin'
[1.301s] Level 1:colcon.colcon_core.environment:checking '/home/user/microros_ws/install/micro_ros_setup/lib/pkgconfig/micro_ros_setup.pc'
[1.301s] Level 1:colcon.colcon_core.environment:checking '/home/user/microros_ws/install/micro_ros_setup/lib/python3.10/site-packages'
[1.301s] Level 1:colcon.colcon_core.environment:checking '/home/user/microros_ws/install/micro_ros_setup/bin'
[1.301s] INFO:colcon.colcon_core.shell:Creating package script '/home/user/microros_ws/install/micro_ros_setup/share/micro_ros_setup/package.ps1'
[1.302s] INFO:colcon.colcon_core.shell:Creating package descriptor '/home/user/microros_ws/install/micro_ros_setup/share/micro_ros_setup/package.dsv'
[1.302s] INFO:colcon.colcon_core.shell:Creating package script '/home/user/microros_ws/install/micro_ros_setup/share/micro_ros_setup/package.sh'
[1.303s] INFO:colcon.colcon_core.shell:Creating package script '/home/user/microros_ws/install/micro_ros_setup/share/micro_ros_setup/package.bash'
[1.303s] INFO:colcon.colcon_core.shell:Creating package script '/home/user/microros_ws/install/micro_ros_setup/share/micro_ros_setup/package.zsh'
[1.304s] Level 1:colcon.colcon_core.environment:create_file_with_runtime_dependencies(/home/user/microros_ws/install/micro_ros_setup/share/colcon-core/packages/micro_ros_setup)
[1.304s] DEBUG:colcon.colcon_parallel_executor.executor.parallel:closing loop
[1.304s] DEBUG:colcon.colcon_parallel_executor.executor.parallel:loop closed
[1.304s] DEBUG:colcon.colcon_parallel_executor.executor.parallel:run_until_complete finished with '0'
[1.305s] DEBUG:colcon.colcon_core.event_reactor:joining thread
[1.310s] INFO:colcon.colcon_core.plugin_system:Skipping extension 'colcon_notification.desktop_notification.notify_send': Could not find 'notify-send'
[1.310s] INFO:colcon.colcon_core.plugin_system:Skipping extension 'colcon_notification.desktop_notification.terminal_notifier': Not used on non-Darwin systems
[1.310s] INFO:colcon.colcon_core.plugin_system:Skipping extension 'colcon_notification.desktop_notification.win32': Not used on non-Windows systems
[1.310s] INFO:colcon.colcon_notification.desktop_notification:Sending desktop notification using 'notify2'
[1.311s] DEBUG:colcon.colcon_notification.desktop_notification.notify2:Failed to initialize notify2: org.freedesktop.DBus.Error.Spawn.ExecFailed: /usr/bin/dbus-launch terminated abnormally without any error message
[1.312s] DEBUG:colcon.colcon_core.event_reactor:joined thread
[1.312s] INFO:colcon.colcon_core.shell:Creating prefix script '/home/user/microros_ws/install/local_setup.ps1'
[1.313s] INFO:colcon.colcon_core.shell:Creating prefix util module '/home/user/microros_ws/install/_local_setup_util_ps1.py'
[1.316s] INFO:colcon.colcon_core.shell:Creating prefix chain script '/home/user/microros_ws/install/setup.ps1'
[1.317s] INFO:colcon.colcon_core.shell:Creating prefix script '/home/user/microros_ws/install/local_setup.sh'
[1.317s] INFO:colcon.colcon_core.shell:Creating prefix util module '/home/user/microros_ws/install/_local_setup_util_sh.py'
[1.318s] INFO:colcon.colcon_core.shell:Creating prefix chain script '/home/user/microros_ws/install/setup.sh'
[1.319s] INFO:colcon.colcon_core.shell:Creating prefix script '/home/user/microros_ws/install/local_setup.bash'
[1.319s] INFO:colcon.colcon_core.shell:Creating prefix chain script '/home/user/microros_ws/install/setup.bash'
[1.320s] INFO:colcon.colcon_core.shell:Creating prefix script '/home/user/microros_ws/install/local_setup.zsh'
[1.321s] INFO:colcon.colcon_core.shell:Creating prefix chain script '/home/user/microros_ws/install/setup.zsh'
