[1.684s] Invoking command in '/home/user/ros2_ws/src/teleop_control_node': PYTHONPATH=/home/user/ros2_ws/build/teleop_control_node/prefix_override:/usr/lib/python3/dist-packages/colcon_core/task/python/colcon_distutils_commands:/home/user/ros2_ws/install/teleop_control_node/lib/python3.10/site-packages:${PYTHONPATH} _=/usr/bin/env /usr/bin/python3 -W ignore:setup.py install is deprecated -W ignore:easy_install command is deprecated setup.py egg_info --egg-base ../../build/teleop_control_node build --build-base /home/user/ros2_ws/build/teleop_control_node/build install --record /home/user/ros2_ws/build/teleop_control_node/install.log --single-version-externally-managed install_data
[1.891s] /usr/local/lib/python3.10/dist-packages/setuptools/_distutils/dist.py:289: UserWarning: Unknown distribution option: 'tests_require'
[1.891s]   warnings.warn(msg)
[2.005s] running egg_info
[2.023s] writing ../../build/teleop_control_node/teleop_control_node.egg-info/PKG-INFO
[2.023s] writing dependency_links to ../../build/teleop_control_node/teleop_control_node.egg-info/dependency_links.txt
[2.023s] writing entry points to ../../build/teleop_control_node/teleop_control_node.egg-info/entry_points.txt
[2.024s] writing requirements to ../../build/teleop_control_node/teleop_control_node.egg-info/requires.txt
[2.024s] writing top-level names to ../../build/teleop_control_node/teleop_control_node.egg-info/top_level.txt
[2.063s] reading manifest file '../../build/teleop_control_node/teleop_control_node.egg-info/SOURCES.txt'
[2.064s] writing manifest file '../../build/teleop_control_node/teleop_control_node.egg-info/SOURCES.txt'
[2.064s] running build
[2.064s] running build_py
[2.065s] running install
[2.070s] running install_lib
[2.089s] running install_data
[2.090s] running install_egg_info
[2.111s] removing '/home/user/ros2_ws/install/teleop_control_node/lib/python3.10/site-packages/teleop_control_node-0.0.0-py3.10.egg-info' (and everything under it)
[2.111s] Copying ../../build/teleop_control_node/teleop_control_node.egg-info to /home/user/ros2_ws/install/teleop_control_node/lib/python3.10/site-packages/teleop_control_node-0.0.0-py3.10.egg-info
[2.112s] running install_scripts
[2.282s] Installing teleop_control script to /home/user/ros2_ws/install/teleop_control_node/lib/teleop_control_node
[2.282s] writing list of installed files to '/home/user/ros2_ws/build/teleop_control_node/install.log'
[2.325s] Invoked command in '/home/user/ros2_ws/src/teleop_control_node' returned '0': PYTHONPATH=/home/user/ros2_ws/build/teleop_control_node/prefix_override:/usr/lib/python3/dist-packages/colcon_core/task/python/colcon_distutils_commands:/home/user/ros2_ws/install/teleop_control_node/lib/python3.10/site-packages:${PYTHONPATH} _=/usr/bin/env /usr/bin/python3 -W ignore:setup.py install is deprecated -W ignore:easy_install command is deprecated setup.py egg_info --egg-base ../../build/teleop_control_node build --build-base /home/user/ros2_ws/build/teleop_control_node/build install --record /home/user/ros2_ws/build/teleop_control_node/install.log --single-version-externally-managed install_data
